{"level":"info","message":"GET getProgramas from database","timestamp":"2024-06-26 09:38:02"}
{"level":"info","message":"GET getEstacionesPrograma from database","timestamp":"2024-06-26 09:38:04"}
{"level":"info","message":"GET getParameters from database","timestamp":"2024-06-26 09:38:06"}
{"level":"info","message":"GET getProgramas from database","timestamp":"2024-06-26 10:02:20"}
{"level":"info","message":"GET getEstaciones from database","timestamp":"2024-06-26 10:02:23"}
{"level":"info","message":"GET getProgramas from database","timestamp":"2024-06-26 10:02:27"}
{"level":"info","message":"GET getParameters from database","timestamp":"2024-06-26 10:02:31"}
{"level":"info","message":"GET getProgramas from database","timestamp":"2024-06-26 10:12:36"}
{"level":"info","message":"GET getParameters from database","timestamp":"2024-06-26 10:12:38"}
{"level":"info","message":"GET getProgramas from database","timestamp":"2024-06-26 10:35:05"}
{"level":"info","message":"GET getParameters from database","timestamp":"2024-06-26 10:35:06"}
{"level":"info","message":"GET getTipoPuntoEstacion from database","timestamp":"2024-06-26 10:35:07"}
{"level":"info","message":"GET getProgramas from database","timestamp":"2024-06-26 10:41:24"}
{"level":"info","message":"GET getParameters from database","timestamp":"2024-06-26 10:41:26"}
{"level":"info","message":"GET getTipoPuntoEstacion from database","timestamp":"2024-06-26 10:41:26"}
{"level":"info","message":"GET getProgramas from database","timestamp":"2024-06-26 10:42:03"}
{"level":"info","message":"GET getParameters from database","timestamp":"2024-06-26 10:42:04"}
{"level":"info","message":"GET getTipoPuntoEstacion from database","timestamp":"2024-06-26 10:42:06"}
{"level":"info","message":"GET getMatrices from database","timestamp":"2024-06-26 10:42:06"}
{"level":"info","message":"GET getProgramas from database","timestamp":"2024-06-26 10:48:25"}
{"level":"info","message":"GET getParameters from database","timestamp":"2024-06-26 10:48:26"}
{"level":"info","message":"GET getTipoPuntoEstacion from database","timestamp":"2024-06-26 10:48:27"}
{"level":"info","message":"GET getMatrices from database","timestamp":"2024-06-26 10:48:27"}
{"level":"info","message":"GET getProgramas from database","timestamp":"2024-06-26 10:51:01"}
{"level":"info","message":"GET getParameters from database","timestamp":"2024-06-26 10:51:02"}
{"level":"info","message":"GET getTipoPuntoEstacion from database","timestamp":"2024-06-26 10:51:04"}
{"level":"info","message":"GET getMatrices from database","timestamp":"2024-06-26 10:51:04"}
{"level":"info","message":"GET getProgramas from database","timestamp":"2024-06-26 10:51:27"}
{"level":"info","message":"GET getParameters from database","timestamp":"2024-06-26 10:51:28"}
{"level":"info","message":"GET getTipoPuntoEstacion from database","timestamp":"2024-06-26 10:51:29"}
{"level":"info","message":"GET getMatrices from database","timestamp":"2024-06-26 10:51:29"}
