{"level":"info","message":"GET getEstaciones from database","timestamp":"2024-07-01 09:28:26"}
{"level":"info","message":"GET getProgramas from database","timestamp":"2024-07-01 09:28:29"}
{"level":"info","message":"GET getParameters from database","timestamp":"2024-07-01 09:28:31"}
{"level":"info","message":"GET getTipoPuntoEstacion from database","timestamp":"2024-07-01 09:28:37"}
{"level":"info","message":"GET getMatrices from database","timestamp":"2024-07-01 09:28:37"}
{"level":"info","message":"GET getDepartamentos from database","timestamp":"2024-07-01 09:28:37"}
{"level":"info","message":"GET getEstaciones from database","timestamp":"2024-07-01 09:37:55"}
{"level":"info","message":"GET getProgramas from database","timestamp":"2024-07-01 09:37:56"}
{"level":"info","message":"GET getParameters from database","timestamp":"2024-07-01 09:37:57"}
{"level":"info","message":"GET getTipoPuntoEstacion from database","timestamp":"2024-07-01 09:37:59"}
{"level":"info","message":"GET getMatrices from database","timestamp":"2024-07-01 09:37:59"}
{"level":"info","message":"GET getDepartamentos from database","timestamp":"2024-07-01 09:37:59"}
{"level":"info","message":"GET getProgramas from database","timestamp":"2024-07-01 09:49:53"}
{"level":"info","message":"GET getParameters from database","timestamp":"2024-07-01 09:49:54"}
{"level":"info","message":"GET getTipoPuntoEstacion from database","timestamp":"2024-07-01 09:49:55"}
{"level":"info","message":"GET getMatrices from database","timestamp":"2024-07-01 09:49:55"}
{"level":"info","message":"GET getDepartamentos from database","timestamp":"2024-07-01 09:49:55"}
{"level":"info","message":"GET getProgramas from database","timestamp":"2024-07-01 10:06:17"}
{"level":"info","message":"GET getParameters from database","timestamp":"2024-07-01 10:06:18"}
{"level":"info","message":"GET getDepartamentos from database","timestamp":"2024-07-01 10:06:19"}
{"level":"info","message":"GET getTipoPuntoEstacion from database","timestamp":"2024-07-01 10:06:19"}
{"level":"info","message":"GET getMatrices from database","timestamp":"2024-07-01 10:06:19"}
{"level":"info","message":"GET getProgramas from database","timestamp":"2024-07-01 10:09:18"}
{"level":"info","message":"GET getParameters from database","timestamp":"2024-07-01 10:09:19"}
{"level":"info","message":"GET getTipoPuntoEstacion from database","timestamp":"2024-07-01 10:09:21"}
{"level":"info","message":"GET getMatrices from database","timestamp":"2024-07-01 10:09:21"}
{"level":"info","message":"GET getDepartamentos from database","timestamp":"2024-07-01 10:09:21"}
{"level":"error","message":"Error getSubcuencaByLatLong/SqlError: (conn=2050458, no: 1054, SQLState: 42S22) Unknown column 'subcuenca' in 'field list'\nsql: \n          SELECT subcuenca \n          FROM sub_cuenca \n          WHERE ST_Contains(geom, POINT(?, ?))\n       - parameters:[' -34.905501','-56.185114']","timestamp":"2024-07-01 10:09:33"}
{"level":"info","message":"GET getProgramas from database","timestamp":"2024-07-01 10:12:06"}
{"level":"info","message":"GET getParameters from database","timestamp":"2024-07-01 10:12:07"}
{"level":"info","message":"GET getTipoPuntoEstacion from database","timestamp":"2024-07-01 10:12:08"}
{"level":"info","message":"GET getMatrices from database","timestamp":"2024-07-01 10:12:08"}
{"level":"info","message":"GET getDepartamentos from database","timestamp":"2024-07-01 10:12:08"}
{"level":"error","message":"Error getSubcuencaByLatLong/SqlError: (conn=2050523, no: 1054, SQLState: 42S22) Unknown column 'geom' in 'where clause'\nsql: \n          SELECT *\n          FROM sub_cuenca \n          WHERE ST_Contains(geom, POINT(?, ?))\n       - parameters:['-34.905501','-56.185114']","timestamp":"2024-07-01 10:12:17"}
{"level":"info","message":"GET getEstaciones from database","timestamp":"2024-07-01 10:13:39"}
{"level":"info","message":"GET getProgramas from database","timestamp":"2024-07-01 10:13:42"}
{"level":"info","message":"GET getParameters from database","timestamp":"2024-07-01 10:13:43"}
{"level":"info","message":"GET getTipoPuntoEstacion from database","timestamp":"2024-07-01 10:13:44"}
{"level":"info","message":"GET getDepartamentos from database","timestamp":"2024-07-01 10:13:44"}
{"level":"info","message":"GET getMatrices from database","timestamp":"2024-07-01 10:13:44"}
{"level":"info","message":"GET subcuenca by LatLong from database","timestamp":"2024-07-01 10:13:58"}
{"level":"info","message":"GET subcuenca by LatLong from database","timestamp":"2024-07-01 10:14:58"}
{"level":"info","message":"GET getProgramas from database","timestamp":"2024-07-01 10:19:17"}
{"level":"info","message":"GET getParameters from database","timestamp":"2024-07-01 10:19:18"}
{"level":"info","message":"GET getTipoPuntoEstacion from database","timestamp":"2024-07-01 10:19:20"}
{"level":"info","message":"GET getMatrices from database","timestamp":"2024-07-01 10:19:20"}
{"level":"info","message":"GET getDepartamentos from database","timestamp":"2024-07-01 10:19:20"}
{"level":"info","message":"GET subcuenca by LatLong from database","timestamp":"2024-07-01 10:19:43"}
{"level":"info","message":"GET subcuenca by LatLong from database","timestamp":"2024-07-01 10:20:28"}
{"level":"info","message":"GET getTipoPuntoEstacion from database","timestamp":"2024-07-01 10:20:41"}
{"level":"info","message":"GET getMatrices from database","timestamp":"2024-07-01 10:20:41"}
{"level":"info","message":"GET getDepartamentos from database","timestamp":"2024-07-01 10:20:41"}
{"level":"info","message":"GET getProgramas from database","timestamp":"2024-07-01 11:28:40"}
{"level":"info","message":"GET getParameters from database","timestamp":"2024-07-01 11:28:41"}
{"level":"info","message":"GET getMatrices from database","timestamp":"2024-07-01 11:28:43"}
{"level":"info","message":"GET getDepartamentos from database","timestamp":"2024-07-01 11:28:43"}
{"level":"info","message":"GET getTipoPuntoEstacion from database","timestamp":"2024-07-01 11:28:43"}
