{"level":"info","message":"GET getProgramas from database","timestamp":"2024-08-05 10:32:15"}
{"level":"info","message":"GET getParameters from database","timestamp":"2024-08-05 10:32:16"}
{"level":"info","message":"GET getTipoPuntoEstacion from database","timestamp":"2024-08-05 10:32:16"}
{"level":"info","message":"GET getMatrices from database","timestamp":"2024-08-05 10:32:16"}
{"level":"info","message":"GET getDepartamentos from database","timestamp":"2024-08-05 10:32:16"}
{"level":"info","message":"GET getParameters from database","timestamp":"2024-08-05 10:32:37"}
{"level":"info","message":"GET getMatrices from database","timestamp":"2024-08-05 10:32:37"}
{"level":"info","message":"GET getTipoPuntoEstacion from database","timestamp":"2024-08-05 10:32:37"}
{"level":"info","message":"GET getDepartamentos from database","timestamp":"2024-08-05 10:32:37"}
{"level":"info","message":"GET getProgramas from database","timestamp":"2024-08-05 10:34:43"}
{"level":"info","message":"GET getParameters from database","timestamp":"2024-08-05 10:34:44"}
{"level":"info","message":"GET getTipoPuntoEstacion from database","timestamp":"2024-08-05 10:34:44"}
{"level":"info","message":"GET getDepartamentos from database","timestamp":"2024-08-05 10:34:44"}
{"level":"info","message":"GET getMatrices from database","timestamp":"2024-08-05 10:34:44"}
{"level":"info","message":"GET getEstacionesPrograma from database","timestamp":"2024-08-05 10:34:50"}
{"level":"error","message":"Error addProgram/ReferenceError: validator is not defined/","timestamp":"2024-08-05 10:34:50"}
{"level":"info","message":"GET getProgramas from database","timestamp":"2024-08-05 10:37:00"}
{"level":"info","message":"GET getParameters from database","timestamp":"2024-08-05 10:37:01"}
{"level":"info","message":"GET getTipoPuntoEstacion from database","timestamp":"2024-08-05 10:37:01"}
{"level":"info","message":"GET getMatrices from database","timestamp":"2024-08-05 10:37:01"}
{"level":"info","message":"GET getDepartamentos from database","timestamp":"2024-08-05 10:37:01"}
{"level":"info","message":"GET getEstacionesPrograma from database","timestamp":"2024-08-05 10:37:07"}
{"level":"info","message":"GET getProgramas from database","timestamp":"2024-08-05 10:37:42"}
{"level":"info","message":"GET getParameters from database","timestamp":"2024-08-05 10:37:43"}
{"level":"info","message":"GET getMatrices from database","timestamp":"2024-08-05 10:37:43"}
{"level":"info","message":"GET getDepartamentos from database","timestamp":"2024-08-05 10:37:43"}
{"level":"info","message":"GET getTipoPuntoEstacion from database","timestamp":"2024-08-05 10:37:43"}
{"level":"info","message":"GET getProgramas from database","timestamp":"2024-08-05 10:38:21"}
{"level":"info","message":"GET getParameters from database","timestamp":"2024-08-05 10:38:22"}
{"level":"info","message":"GET getTipoPuntoEstacion from database","timestamp":"2024-08-05 10:38:22"}
{"level":"info","message":"GET getMatrices from database","timestamp":"2024-08-05 10:38:22"}
{"level":"info","message":"GET getDepartamentos from database","timestamp":"2024-08-05 10:38:22"}
{"level":"info","message":"GET getParameters from database","timestamp":"2024-08-05 10:47:26"}
{"level":"info","message":"GET getTipoPuntoEstacion from database","timestamp":"2024-08-05 10:47:26"}
{"level":"info","message":"GET getMatrices from database","timestamp":"2024-08-05 10:47:26"}
{"level":"info","message":"GET getDepartamentos from database","timestamp":"2024-08-05 10:47:26"}
{"level":"info","message":"GET getProgramas from database","timestamp":"2024-08-05 10:47:26"}
{"level":"info","message":"GET getProgramas from database","timestamp":"2024-08-05 10:49:47"}
{"level":"info","message":"GET getParameters from database","timestamp":"2024-08-05 10:49:48"}
{"level":"info","message":"GET getMatrices from database","timestamp":"2024-08-05 10:49:48"}
{"level":"info","message":"GET getDepartamentos from database","timestamp":"2024-08-05 10:49:48"}
{"level":"info","message":"GET getTipoPuntoEstacion from database","timestamp":"2024-08-05 10:49:49"}
{"level":"info","message":"GET getProgramas from database","timestamp":"2024-08-05 10:50:30"}
{"level":"info","message":"GET getParameters from database","timestamp":"2024-08-05 10:50:31"}
{"level":"info","message":"GET getMatrices from database","timestamp":"2024-08-05 10:50:31"}
{"level":"info","message":"GET getTipoPuntoEstacion from database","timestamp":"2024-08-05 10:50:31"}
{"level":"info","message":"GET getDepartamentos from database","timestamp":"2024-08-05 10:50:31"}
{"level":"info","message":"GET getProgramas from database","timestamp":"2024-08-05 10:51:09"}
{"level":"info","message":"GET getParameters from database","timestamp":"2024-08-05 10:51:10"}
{"level":"info","message":"GET getTipoPuntoEstacion from database","timestamp":"2024-08-05 10:51:10"}
{"level":"info","message":"GET getMatrices from database","timestamp":"2024-08-05 10:51:10"}
{"level":"info","message":"GET getDepartamentos from database","timestamp":"2024-08-05 10:51:10"}
{"level":"info","message":"GET getProgramas from database","timestamp":"2024-08-05 10:52:30"}
{"level":"info","message":"GET getParameters from database","timestamp":"2024-08-05 10:52:31"}
{"level":"info","message":"GET getTipoPuntoEstacion from database","timestamp":"2024-08-05 10:52:31"}
{"level":"info","message":"GET getMatrices from database","timestamp":"2024-08-05 10:52:31"}
{"level":"info","message":"GET getDepartamentos from database","timestamp":"2024-08-05 10:52:31"}
{"level":"info","message":"GET getProgramas from database","timestamp":"2024-08-05 10:54:25"}
{"level":"info","message":"GET getTipoPuntoEstacion from database","timestamp":"2024-08-05 10:54:26"}
{"level":"info","message":"GET getDepartamentos from database","timestamp":"2024-08-05 10:54:26"}
{"level":"info","message":"GET getMatrices from database","timestamp":"2024-08-05 10:54:26"}
{"level":"info","message":"GET getParameters from database","timestamp":"2024-08-05 10:54:27"}
{"level":"info","message":"GET getProgramas from database","timestamp":"2024-08-05 10:55:05"}
{"level":"info","message":"GET getParameters from database","timestamp":"2024-08-05 10:55:06"}
{"level":"info","message":"GET getTipoPuntoEstacion from database","timestamp":"2024-08-05 10:55:06"}
{"level":"info","message":"GET getMatrices from database","timestamp":"2024-08-05 10:55:06"}
{"level":"info","message":"GET getDepartamentos from database","timestamp":"2024-08-05 10:55:06"}
{"level":"info","message":"GET getEstacionesPrograma from database","timestamp":"2024-08-05 10:55:08"}
{"level":"info","message":"GET getProgramas from database","timestamp":"2024-08-05 10:55:57"}
{"level":"info","message":"GET getParameters from database","timestamp":"2024-08-05 10:55:58"}
{"level":"info","message":"GET getTipoPuntoEstacion from database","timestamp":"2024-08-05 10:55:58"}
{"level":"info","message":"GET getMatrices from database","timestamp":"2024-08-05 10:55:58"}
{"level":"info","message":"GET getDepartamentos from database","timestamp":"2024-08-05 10:55:58"}
{"level":"info","message":"GET getParameters from database","timestamp":"2024-08-05 10:56:56"}
{"level":"info","message":"GET getTipoPuntoEstacion from database","timestamp":"2024-08-05 10:56:56"}
{"level":"info","message":"GET getMatrices from database","timestamp":"2024-08-05 10:56:56"}
{"level":"info","message":"GET getDepartamentos from database","timestamp":"2024-08-05 10:56:56"}
{"level":"info","message":"GET getProgramas from database","timestamp":"2024-08-05 10:58:14"}
{"level":"info","message":"GET getParameters from database","timestamp":"2024-08-05 10:58:15"}
{"level":"info","message":"GET getTipoPuntoEstacion from database","timestamp":"2024-08-05 10:58:15"}
{"level":"info","message":"GET getMatrices from database","timestamp":"2024-08-05 10:58:15"}
{"level":"info","message":"GET getDepartamentos from database","timestamp":"2024-08-05 10:58:15"}
{"level":"info","message":"GET getProgramas from database","timestamp":"2024-08-05 10:59:59"}
{"level":"info","message":"GET getParameters from database","timestamp":"2024-08-05 10:59:59"}
{"level":"info","message":"GET getTipoPuntoEstacion from database","timestamp":"2024-08-05 10:59:59"}
{"level":"info","message":"GET getMatrices from database","timestamp":"2024-08-05 10:59:59"}
{"level":"info","message":"GET getDepartamentos from database","timestamp":"2024-08-05 10:59:59"}
{"level":"info","message":"GET getProgramas from database","timestamp":"2024-08-05 11:01:18"}
{"level":"info","message":"GET getParameters from database","timestamp":"2024-08-05 11:01:19"}
{"level":"info","message":"GET getTipoPuntoEstacion from database","timestamp":"2024-08-05 11:01:19"}
{"level":"info","message":"GET getMatrices from database","timestamp":"2024-08-05 11:01:19"}
{"level":"info","message":"GET getDepartamentos from database","timestamp":"2024-08-05 11:01:19"}
{"level":"info","message":"GET getEstacionesPrograma from database","timestamp":"2024-08-05 11:01:37"}
{"level":"error","message":"Error addProgram/ReferenceError: validator is not defined/","timestamp":"2024-08-05 11:01:37"}
{"level":"info","message":"GET getProgramas from database","timestamp":"2024-08-05 11:10:53"}
{"level":"info","message":"GET getParameters from database","timestamp":"2024-08-05 11:10:54"}
{"level":"info","message":"GET getMatrices from database","timestamp":"2024-08-05 11:10:54"}
{"level":"info","message":"GET getTipoPuntoEstacion from database","timestamp":"2024-08-05 11:10:54"}
{"level":"info","message":"GET getDepartamentos from database","timestamp":"2024-08-05 11:10:54"}
{"level":"info","message":"GET getEstacionesPrograma from database","timestamp":"2024-08-05 11:11:00"}
{"level":"error","message":"Error addProgram/Error: schema must be object or boolean/","timestamp":"2024-08-05 11:11:00"}
{"level":"info","message":"GET getProgramas from database","timestamp":"2024-08-05 11:11:56"}
{"level":"info","message":"GET getParameters from database","timestamp":"2024-08-05 11:11:57"}
{"level":"info","message":"GET getTipoPuntoEstacion from database","timestamp":"2024-08-05 11:11:57"}
{"level":"info","message":"GET getMatrices from database","timestamp":"2024-08-05 11:11:57"}
{"level":"info","message":"GET getDepartamentos from database","timestamp":"2024-08-05 11:11:57"}
{"level":"info","message":"GET getEstacionesPrograma from database","timestamp":"2024-08-05 11:12:01"}
{"level":"error","message":"Error addProgram/SqlError: (conn=2946063, no: 1054, SQLState: 42S22) Unknown column 'nombre' in 'field list'\nsql: \n          INSERT INTO programa (nombre, codigo, visiblePorExternos)\n          VALUES (?, ?, ?)\n         - parameters:['aaaa','aaaa',undefined]/","timestamp":"2024-08-05 11:12:01"}
{"level":"info","message":"GET getProgramas from database","timestamp":"2024-08-05 11:12:40"}
{"level":"info","message":"GET getParameters from database","timestamp":"2024-08-05 11:12:41"}
{"level":"info","message":"GET getTipoPuntoEstacion from database","timestamp":"2024-08-05 11:12:41"}
{"level":"info","message":"GET getMatrices from database","timestamp":"2024-08-05 11:12:41"}
{"level":"info","message":"GET getDepartamentos from database","timestamp":"2024-08-05 11:12:41"}
{"level":"info","message":"GET getEstacionesPrograma from database","timestamp":"2024-08-05 11:12:45"}
{"level":"error","message":"Error addProgram/SqlError: (conn=2946079, no: 1054, SQLState: 42S22) Unknown column 'nombre' in 'field list'\nsql: \n          INSERT INTO programa (nombre, codigo, visiblePorExternos)\n          VALUES (?, ?, ?)\n         - parameters:['AAAA','AAAA',undefined]/","timestamp":"2024-08-05 11:12:45"}
{"level":"info","message":"GET getProgramas from database","timestamp":"2024-08-05 11:16:44"}
{"level":"info","message":"GET getParameters from database","timestamp":"2024-08-05 11:16:45"}
{"level":"info","message":"GET getTipoPuntoEstacion from database","timestamp":"2024-08-05 11:16:45"}
{"level":"info","message":"GET getMatrices from database","timestamp":"2024-08-05 11:16:45"}
{"level":"info","message":"GET getDepartamentos from database","timestamp":"2024-08-05 11:16:45"}
{"level":"info","message":"GET getEstacionesPrograma from database","timestamp":"2024-08-05 11:16:51"}
{"level":"error","message":"Error addProgram/SqlError: (conn=2946128, no: 1054, SQLState: 42S22) Unknown column 'nombre' in 'field list'\nsql: \n          INSERT INTO programa (nombre, codigo, visiblePorExternos)\n          VALUES (?, ?, ?)\n         - parameters:['aaaa','aaaa',undefined]/","timestamp":"2024-08-05 11:16:51"}
{"level":"info","message":"GET getProgramas from database","timestamp":"2024-08-05 11:20:31"}
{"level":"info","message":"GET getParameters from database","timestamp":"2024-08-05 11:20:32"}
{"level":"info","message":"GET getTipoPuntoEstacion from database","timestamp":"2024-08-05 11:20:32"}
{"level":"info","message":"GET getMatrices from database","timestamp":"2024-08-05 11:20:32"}
{"level":"info","message":"GET getDepartamentos from database","timestamp":"2024-08-05 11:20:32"}
{"level":"info","message":"GET getEstacionesPrograma from database","timestamp":"2024-08-05 11:20:37"}
{"level":"error","message":"Error addProgram/SqlError: (conn=2946182, no: 1146, SQLState: 42S02) Table 'discretos_test.logs_test' doesn't exist\nsql: \n          INSERT INTO programa (nombre_programa, codigo_programa, visible_externos)\n          VALUES (?, ?, ?)\n         - parameters:['AAAA','AAAAA',1]/","timestamp":"2024-08-05 11:20:38"}
{"level":"info","message":"GET getProgramas from database","timestamp":"2024-08-05 11:28:42"}
{"level":"info","message":"GET getParameters from database","timestamp":"2024-08-05 11:28:43"}
{"level":"info","message":"GET getTipoPuntoEstacion from database","timestamp":"2024-08-05 11:28:43"}
{"level":"info","message":"GET getMatrices from database","timestamp":"2024-08-05 11:28:43"}
{"level":"info","message":"GET getDepartamentos from database","timestamp":"2024-08-05 11:28:43"}
{"level":"info","message":"GET getEstacionesPrograma from database","timestamp":"2024-08-05 11:28:47"}
{"level":"info","message":"GET getProgramas from database","timestamp":"2024-08-05 11:30:26"}
{"level":"info","message":"GET getParameters from database","timestamp":"2024-08-05 11:30:27"}
{"level":"info","message":"GET getTipoPuntoEstacion from database","timestamp":"2024-08-05 11:30:27"}
{"level":"info","message":"GET getMatrices from database","timestamp":"2024-08-05 11:30:27"}
{"level":"info","message":"GET getDepartamentos from database","timestamp":"2024-08-05 11:30:27"}
{"level":"info","message":"GET getEstacionesPrograma from database","timestamp":"2024-08-05 11:30:30"}
{"level":"error","message":"Error addProgram/SqlError: (conn=2946304, no: 1146, SQLState: 42S02) Table 'discretos_test.logs_test' doesn't exist\nsql: \n          INSERT INTO programa (nombre_programa, codigo_programa, visible_externos)\n          VALUES (?, ?, ?)\n         - parameters:['aaaa','aaaaa',1]/","timestamp":"2024-08-05 11:30:31"}
{"level":"info","message":"GET getProgramas from database","timestamp":"2024-08-05 11:40:12"}
{"level":"info","message":"GET getParameters from database","timestamp":"2024-08-05 11:40:13"}
{"level":"info","message":"GET getTipoPuntoEstacion from database","timestamp":"2024-08-05 11:40:13"}
{"level":"info","message":"GET getMatrices from database","timestamp":"2024-08-05 11:40:13"}
{"level":"info","message":"GET getDepartamentos from database","timestamp":"2024-08-05 11:40:13"}
{"level":"info","message":"GET getEstacionesPrograma from database","timestamp":"2024-08-05 11:40:17"}
{"level":"error","message":"Error addProgram/SqlError: (conn=2946419, no: 1146, SQLState: 42S02) Table 'discretos_test.logs_test' doesn't exist\nsql: \n          INSERT INTO programa (nombre_programa, codigo_programa, visible_externos)\n          VALUES (?, ?, ?)\n         - parameters:['aaaa','aaa',1]/","timestamp":"2024-08-05 11:40:17"}
{"level":"info","message":"GET getProgramas from database","timestamp":"2024-08-05 11:43:03"}
{"level":"info","message":"GET getParameters from database","timestamp":"2024-08-05 11:43:04"}
{"level":"info","message":"GET getMatrices from database","timestamp":"2024-08-05 11:43:04"}
{"level":"info","message":"GET getTipoPuntoEstacion from database","timestamp":"2024-08-05 11:43:04"}
{"level":"info","message":"GET getDepartamentos from database","timestamp":"2024-08-05 11:43:04"}
{"level":"info","message":"GET getEstacionesPrograma from database","timestamp":"2024-08-05 11:43:07"}
{"level":"error","message":"Error addProgram/SqlError: (conn=2946458, no: 1146, SQLState: 42S02) Table 'discretos_test.logs_test' doesn't exist\nsql: \n          INSERT INTO programa (nombre_programa, codigo_programa, visible_externos)\n          VALUES (?, ?, ?)\n         - parameters:['aaaa','aaaa',0]/","timestamp":"2024-08-05 11:43:08"}
{"level":"info","message":"GET getProgramas from database","timestamp":"2024-08-05 11:43:42"}
{"level":"info","message":"GET getParameters from database","timestamp":"2024-08-05 11:43:44"}
{"level":"info","message":"GET getTipoPuntoEstacion from database","timestamp":"2024-08-05 11:43:44"}
{"level":"info","message":"GET getMatrices from database","timestamp":"2024-08-05 11:43:44"}
{"level":"info","message":"GET getDepartamentos from database","timestamp":"2024-08-05 11:43:44"}
{"level":"info","message":"GET getEstacionesPrograma from database","timestamp":"2024-08-05 11:43:47"}
{"level":"info","message":"GET getProgramas from database","timestamp":"2024-08-05 11:47:59"}
{"level":"info","message":"GET getParameters from database","timestamp":"2024-08-05 11:48:00"}
{"level":"info","message":"GET getMatrices from database","timestamp":"2024-08-05 11:48:00"}
{"level":"info","message":"GET getTipoPuntoEstacion from database","timestamp":"2024-08-05 11:48:00"}
{"level":"info","message":"GET getDepartamentos from database","timestamp":"2024-08-05 11:48:00"}
{"level":"info","message":"GET getEstacionesPrograma from database","timestamp":"2024-08-05 11:48:03"}
{"level":"error","message":"Error addProgram/SqlError: (conn=2946528, no: 1136, SQLState: 21S01) Column count doesn't match value count at row 1\nsql: \n          INSERT INTO programa (id_programa, nombre_programa, codigo_programa, visible_externos, version, _silad, estado )\n          VALUES (?, ?, ?)\n         - parameters:[47,'aaaa','aaaa',0,12,60,1]/","timestamp":"2024-08-05 11:48:03"}
{"level":"info","message":"GET getProgramas from database","timestamp":"2024-08-05 11:48:51"}
{"level":"info","message":"GET getTipoPuntoEstacion from database","timestamp":"2024-08-05 11:48:52"}
{"level":"info","message":"GET getParameters from database","timestamp":"2024-08-05 11:48:52"}
{"level":"info","message":"GET getMatrices from database","timestamp":"2024-08-05 11:48:52"}
{"level":"info","message":"GET getDepartamentos from database","timestamp":"2024-08-05 11:48:52"}
{"level":"info","message":"GET getEstacionesPrograma from database","timestamp":"2024-08-05 11:48:56"}
{"level":"error","message":"Error addProgram/SqlError: (conn=2946539, no: 1136, SQLState: 21S01) Column count doesn't match value count at row 1\nsql: \n          INSERT INTO programa (id_programa, nombre_programa, codigo_programa, visible_externos, version, id_programa_silad, estado )\n          VALUES (?, ?, ?)\n         - parameters:[47,'aaaa','aaaa',0,12,60,1]/","timestamp":"2024-08-05 11:48:56"}
{"level":"info","message":"GET getProgramas from database","timestamp":"2024-08-05 11:49:49"}
{"level":"info","message":"GET getParameters from database","timestamp":"2024-08-05 11:49:50"}
{"level":"info","message":"GET getMatrices from database","timestamp":"2024-08-05 11:49:50"}
{"level":"info","message":"GET getTipoPuntoEstacion from database","timestamp":"2024-08-05 11:49:50"}
{"level":"info","message":"GET getDepartamentos from database","timestamp":"2024-08-05 11:49:50"}
{"level":"info","message":"GET getEstacionesPrograma from database","timestamp":"2024-08-05 11:49:54"}
{"level":"error","message":"Error addProgram/SqlError: (conn=2946550, no: 1146, SQLState: 42S02) Table 'discretos_test.logs_test' doesn't exist\nsql: \n          INSERT INTO programa (id_programa, nombre_programa, codigo_programa, visible_externos, version, id_programa_silad, estado )\n          VALUES (?, ?, ?, ?, ?, ?, ?)\n         - parameters:[47,'aaaa','aaaaa',0,12,60,1]/","timestamp":"2024-08-05 11:49:54"}
{"level":"info","message":"GET getProgramas from database","timestamp":"2024-08-05 12:04:00"}
{"level":"info","message":"GET getParameters from database","timestamp":"2024-08-05 12:04:01"}
{"level":"info","message":"GET getTipoPuntoEstacion from database","timestamp":"2024-08-05 12:04:01"}
{"level":"info","message":"GET getMatrices from database","timestamp":"2024-08-05 12:04:01"}
{"level":"info","message":"GET getDepartamentos from database","timestamp":"2024-08-05 12:04:01"}
{"level":"info","message":"GET getEstacionesPrograma from database","timestamp":"2024-08-05 12:04:05"}
{"level":"info","message":"GET getParameters from database","timestamp":"2024-08-05 12:07:44"}
{"level":"info","message":"GET getTipoPuntoEstacion from database","timestamp":"2024-08-05 12:07:44"}
{"level":"info","message":"GET getDepartamentos from database","timestamp":"2024-08-05 12:07:44"}
{"level":"info","message":"GET getMatrices from database","timestamp":"2024-08-05 12:07:44"}
{"level":"info","message":"GET getEstacionesPrograma from database","timestamp":"2024-08-05 12:07:48"}
{"level":"info","message":"GET getProgramas from database","timestamp":"2024-08-05 12:13:44"}
{"level":"info","message":"GET getParameters from database","timestamp":"2024-08-05 12:13:45"}
{"level":"info","message":"GET getTipoPuntoEstacion from database","timestamp":"2024-08-05 12:13:46"}
{"level":"info","message":"GET getMatrices from database","timestamp":"2024-08-05 12:13:46"}
{"level":"info","message":"GET getDepartamentos from database","timestamp":"2024-08-05 12:13:46"}
{"level":"info","message":"GET getEstacionesPrograma from database","timestamp":"2024-08-05 12:13:48"}
{"level":"info","message":"GET getProgramas from database","timestamp":"2024-08-05 12:17:33"}
{"level":"info","message":"GET getParameters from database","timestamp":"2024-08-05 12:17:40"}
{"level":"info","message":"GET getTipoPuntoEstacion from database","timestamp":"2024-08-05 12:17:40"}
{"level":"info","message":"GET getMatrices from database","timestamp":"2024-08-05 12:17:40"}
{"level":"info","message":"GET getDepartamentos from database","timestamp":"2024-08-05 12:17:40"}
{"level":"info","message":"GET getEstacionesPrograma from database","timestamp":"2024-08-05 12:17:45"}
{"level":"error","message":"Error addProgram/SqlError: (conn=2946754, no: 1146, SQLState: 42S02) Table 'discretos_test.logs_test' doesn't exist\nsql: \n          INSERT INTO programa (id_programa, nombre_programa, codigo_programa, visible_externos, version, id_programa_silad, estado )\n          VALUES (?, ?, ?, ?, ?, ?, ?)\n         - parameters:[47,'aaaa','aaaaa',1,12,60,1]/","timestamp":"2024-08-05 12:17:45"}
{"level":"info","message":"GET getProgramas from database","timestamp":"2024-08-05 12:23:34"}
{"level":"info","message":"GET getParameters from database","timestamp":"2024-08-05 12:23:35"}
{"level":"info","message":"GET getTipoPuntoEstacion from database","timestamp":"2024-08-05 12:23:35"}
{"level":"info","message":"GET getDepartamentos from database","timestamp":"2024-08-05 12:23:35"}
{"level":"info","message":"GET getMatrices from database","timestamp":"2024-08-05 12:23:35"}
{"level":"info","message":"GET getEstacionesPrograma from database","timestamp":"2024-08-05 12:23:38"}
{"level":"error","message":"Error addProgram/SqlError: (conn=2946946, no: 1146, SQLState: 42S02) Table 'discretos_test.logs_test' doesn't exist\nsql: \n          INSERT INTO programa (\n            id_programa, \n            nombre_programa, \n            codigo_programa, \n            visible_externos, \n            version, \n            id_programa_silad, \n            estado\n          ) \n          VALUES (?.../","timestamp":"2024-08-05 12:23:38"}
{"level":"info","message":"GET getProgramas from database","timestamp":"2024-08-05 12:25:16"}
{"level":"info","message":"GET getParameters from database","timestamp":"2024-08-05 12:25:16"}
{"level":"info","message":"GET getTipoPuntoEstacion from database","timestamp":"2024-08-05 12:25:16"}
{"level":"info","message":"GET getMatrices from database","timestamp":"2024-08-05 12:25:16"}
{"level":"info","message":"GET getDepartamentos from database","timestamp":"2024-08-05 12:25:16"}
{"level":"info","message":"GET getEstacionesPrograma from database","timestamp":"2024-08-05 12:25:20"}
{"level":"error","message":"Error addProgram/SqlError: (conn=2946963, no: 1146, SQLState: 42S02) Table 'discretos_test.logs_test' doesn't exist\nsql: \n          INSERT INTO programa (\n            id_programa, \n            nombre_programa, \n            codigo_programa, \n            visible_externos, \n            version, \n            id_programa_silad, \n            estado\n          ) \n          VALUES (?.../","timestamp":"2024-08-05 12:25:20"}
{"level":"info","message":"GET getProgramas from database","timestamp":"2024-08-05 12:39:26"}
{"level":"info","message":"GET getParameters from database","timestamp":"2024-08-05 12:39:28"}
{"level":"info","message":"GET getTipoPuntoEstacion from database","timestamp":"2024-08-05 12:39:28"}
{"level":"info","message":"GET getMatrices from database","timestamp":"2024-08-05 12:39:28"}
{"level":"info","message":"GET getDepartamentos from database","timestamp":"2024-08-05 12:39:28"}
{"level":"info","message":"GET getEstacionesPrograma from database","timestamp":"2024-08-05 12:39:32"}
{"level":"error","message":"Error addProgram/TypeError: Cannot read properties of undefined (reading 'id_programa')/","timestamp":"2024-08-05 12:39:32"}
{"level":"info","message":"GET getProgramas from database","timestamp":"2024-08-05 12:43:07"}
{"level":"info","message":"GET getParameters from database","timestamp":"2024-08-05 12:43:08"}
{"level":"info","message":"GET getTipoPuntoEstacion from database","timestamp":"2024-08-05 12:43:08"}
{"level":"info","message":"GET getMatrices from database","timestamp":"2024-08-05 12:43:08"}
{"level":"info","message":"GET getDepartamentos from database","timestamp":"2024-08-05 12:43:08"}
{"level":"info","message":"GET getEstacionesPrograma from database","timestamp":"2024-08-05 12:43:12"}
{"level":"error","message":"Error addProgram/TypeError: Cannot read properties of undefined (reading 'nombre')/","timestamp":"2024-08-05 12:43:12"}
{"level":"info","message":"GET getProgramas from database","timestamp":"2024-08-05 12:47:01"}
{"level":"info","message":"GET getParameters from database","timestamp":"2024-08-05 12:47:02"}
{"level":"info","message":"GET getMatrices from database","timestamp":"2024-08-05 12:47:02"}
{"level":"info","message":"GET getTipoPuntoEstacion from database","timestamp":"2024-08-05 12:47:02"}
{"level":"info","message":"GET getDepartamentos from database","timestamp":"2024-08-05 12:47:02"}
{"level":"info","message":"GET getEstacionesPrograma from database","timestamp":"2024-08-05 12:47:05"}
{"level":"error","message":"Error addProgram/TypeError: Cannot read properties of undefined (reading 'data')/","timestamp":"2024-08-05 12:47:05"}
{"level":"info","message":"GET getProgramas from database","timestamp":"2024-08-05 12:49:55"}
{"level":"info","message":"GET getParameters from database","timestamp":"2024-08-05 12:49:56"}
{"level":"info","message":"GET getTipoPuntoEstacion from database","timestamp":"2024-08-05 12:49:56"}
{"level":"info","message":"GET getMatrices from database","timestamp":"2024-08-05 12:49:56"}
{"level":"info","message":"GET getDepartamentos from database","timestamp":"2024-08-05 12:49:56"}
{"level":"info","message":"GET getEstacionesPrograma from database","timestamp":"2024-08-05 12:49:59"}
{"level":"error","message":"Error addProgram/SqlError: (conn=2947258, no: 1064, SQLState: 42000) You have an error in your SQL syntax; check the manual that corresponds to your MariaDB server version for the right syntax to use near ')' at line 9\nsql: \n          INSERT INTO programa \n          SET  \n            nombre_programa = ?,\n            codigo_programa = ?, \n            visible_externos = ?, \n            version = ?, \n            id_programa_silad = ?,\n            estado = ?\n          ) \n        .../","timestamp":"2024-08-05 12:49:59"}
{"level":"info","message":"GET getProgramas from database","timestamp":"2024-08-05 12:53:11"}
{"level":"info","message":"GET getParameters from database","timestamp":"2024-08-05 12:53:12"}
{"level":"info","message":"GET getTipoPuntoEstacion from database","timestamp":"2024-08-05 12:53:12"}
{"level":"info","message":"GET getMatrices from database","timestamp":"2024-08-05 12:53:12"}
{"level":"info","message":"GET getDepartamentos from database","timestamp":"2024-08-05 12:53:12"}
{"level":"info","message":"GET getEstacionesPrograma from database","timestamp":"2024-08-05 12:53:17"}
{"level":"error","message":"Error addProgram/SqlError: (conn=2947307, no: 1064, SQLState: 42000) You have an error in your SQL syntax; check the manual that corresponds to your MariaDB server version for the right syntax to use near ')' at line 8\nsql: INSERT INTO programa \n          SET  nombre_programa = ?,\n            codigo_programa = ?, \n            visible_externos = ?, \n            version = ?, \n            id_programa_silad = ?,\n            estado = ?\n          )/","timestamp":"2024-08-05 12:53:17"}
{"level":"info","message":"GET getProgramas from database","timestamp":"2024-08-05 13:00:10"}
{"level":"info","message":"GET getParameters from database","timestamp":"2024-08-05 13:00:11"}
{"level":"info","message":"GET getMatrices from database","timestamp":"2024-08-05 13:00:11"}
{"level":"info","message":"GET getTipoPuntoEstacion from database","timestamp":"2024-08-05 13:00:11"}
{"level":"info","message":"GET getDepartamentos from database","timestamp":"2024-08-05 13:00:11"}
{"level":"info","message":"GET getEstacionesPrograma from database","timestamp":"2024-08-05 13:00:15"}
{"level":"error","message":"Error addProgram/ReferenceError: nombre is not defined/","timestamp":"2024-08-05 13:00:16"}
{"level":"info","message":"GET getParameters from database","timestamp":"2024-08-05 13:00:42"}
{"level":"info","message":"GET getTipoPuntoEstacion from database","timestamp":"2024-08-05 13:00:42"}
{"level":"info","message":"GET getMatrices from database","timestamp":"2024-08-05 13:00:42"}
{"level":"info","message":"GET getDepartamentos from database","timestamp":"2024-08-05 13:00:42"}
{"level":"info","message":"GET getProgramas from database","timestamp":"2024-08-05 13:00:42"}
{"level":"info","message":"GET getEstacionesPrograma from database","timestamp":"2024-08-05 13:00:45"}
{"level":"error","message":"Error addProgram/ReferenceError: idProgramaSilad is not defined/","timestamp":"2024-08-05 13:00:45"}
{"level":"info","message":"GET getProgramas from database","timestamp":"2024-08-05 13:01:18"}
{"level":"info","message":"GET getParameters from database","timestamp":"2024-08-05 13:01:19"}
{"level":"info","message":"GET getMatrices from database","timestamp":"2024-08-05 13:01:19"}
{"level":"info","message":"GET getTipoPuntoEstacion from database","timestamp":"2024-08-05 13:01:19"}
{"level":"info","message":"GET getDepartamentos from database","timestamp":"2024-08-05 13:01:19"}
{"level":"info","message":"GET getEstacionesPrograma from database","timestamp":"2024-08-05 13:01:23"}
{"level":"error","message":"Error addProgram/SqlError: (conn=2947394, no: 1146, SQLState: 42S02) Table 'discretos_test.logs_test' doesn't exist\nsql: \n        INSERT INTO programa (\n          nombre_programa, \n          codigo_programa, \n          visible_externos, \n          version, \n          id_programa_silad, \n          estado\n        ) \n        VALUES (?, ?, ?, ?, ?, ?)\n       - parameters:['aaa',...]/","timestamp":"2024-08-05 13:01:23"}
{"level":"info","message":"GET getProgramas from database","timestamp":"2024-08-05 13:04:24"}
{"level":"info","message":"GET getParameters from database","timestamp":"2024-08-05 13:04:25"}
{"level":"info","message":"GET getDepartamentos from database","timestamp":"2024-08-05 13:04:25"}
{"level":"info","message":"GET getMatrices from database","timestamp":"2024-08-05 13:04:25"}
{"level":"info","message":"GET getTipoPuntoEstacion from database","timestamp":"2024-08-05 13:04:25"}
{"level":"info","message":"GET getEstacionesPrograma from database","timestamp":"2024-08-05 13:04:28"}
{"level":"error","message":"Error addProgram/SqlError: (conn=2947447, no: 1064, SQLState: 42000) You have an error in your SQL syntax; check the manual that corresponds to your MariaDB server version for the right syntax to use near ')' at line 8\nsql: INSERT INTO programa \n          SET  nombre_programa = ?,\n            codigo_programa = ?, \n            visible_externos = ?, \n            version = ?, \n            id_programa_silad = ?,\n            estado = ?\n          )/","timestamp":"2024-08-05 13:04:28"}
{"level":"info","message":"GET getProgramas from database","timestamp":"2024-08-05 13:06:03"}
{"level":"info","message":"GET getParameters from database","timestamp":"2024-08-05 13:06:04"}
{"level":"info","message":"GET getTipoPuntoEstacion from database","timestamp":"2024-08-05 13:06:04"}
{"level":"info","message":"GET getMatrices from database","timestamp":"2024-08-05 13:06:04"}
{"level":"info","message":"GET getDepartamentos from database","timestamp":"2024-08-05 13:06:04"}
{"level":"info","message":"GET getEstacionesPrograma from database","timestamp":"2024-08-05 13:06:08"}
{"level":"error","message":"Error addProgram/SqlError: (conn=2947459, no: 1146, SQLState: 42S02) Table 'discretos_test.logs_test' doesn't exist\nsql: INSERT INTO programa \n          SET  nombre_programa = ?,\n            codigo_programa = ?, \n            visible_externos = ?, \n            version = ?, \n            id_programa_silad = ?,\n            estado = ?\n           - parameters:['aaa','aaaa',0,60,60...]/","timestamp":"2024-08-05 13:06:08"}
{"level":"info","message":"GET getProgramas from database","timestamp":"2024-08-05 13:08:52"}
{"level":"info","message":"GET getParameters from database","timestamp":"2024-08-05 13:08:53"}
{"level":"info","message":"GET getTipoPuntoEstacion from database","timestamp":"2024-08-05 13:08:53"}
{"level":"info","message":"GET getMatrices from database","timestamp":"2024-08-05 13:08:53"}
{"level":"info","message":"GET getDepartamentos from database","timestamp":"2024-08-05 13:08:53"}
{"level":"info","message":"GET getEstacionesPrograma from database","timestamp":"2024-08-05 13:08:56"}
{"level":"info","message":"GET getEstacionesPrograma from database","timestamp":"2024-08-05 13:09:11"}
{"level":"info","message":"GET getEstacionesPrograma from database","timestamp":"2024-08-05 13:09:21"}
{"level":"error","message":"Error addProgram/SqlError: (conn=2947507, no: 1146, SQLState: 42S02) Table 'discretos_test.logs_test' doesn't exist\nsql: INSERT INTO programa \n          SET  nombre_programa = ?,\n            codigo_programa = ?, \n            visible_externos = ?, \n            version = ?, \n            id_programa_silad = ?,\n            estado = ?\n           - parameters:['Playa','P',0,60,60,...]/","timestamp":"2024-08-05 13:09:21"}
