{"level":"info","message":"GET getProgramas from database","timestamp":"2024-06-13 08:51:59"}
{"level":"info","message":"GET getProgramas from database","timestamp":"2024-06-13 08:56:27"}
{"level":"info","message":"GET getProgramas from database","timestamp":"2024-06-13 08:57:11"}
{"level":"info","message":"GET getProgramas from database","timestamp":"2024-06-13 08:59:06"}
{"level":"info","message":"GET getProgramas from database","timestamp":"2024-06-13 09:00:17"}
{"level":"info","message":"GET getProgramas from database","timestamp":"2024-06-13 09:00:45"}
{"level":"info","message":"GET getProgramas from database","timestamp":"2024-06-13 09:01:24"}
{"level":"info","message":"GET getEstacionesPrograma from database","timestamp":"2024-06-13 09:01:27"}
{"level":"info","message":"GET getProgramas from database","timestamp":"2024-06-13 09:02:46"}
{"level":"info","message":"GET getProgramas from database","timestamp":"2024-06-13 09:03:09"}
{"level":"info","message":"GET getProgramas from database","timestamp":"2024-06-13 09:03:33"}
{"level":"info","message":"GET getProgramas from database","timestamp":"2024-06-13 09:04:33"}
{"level":"info","message":"GET getProgramas from database","timestamp":"2024-06-13 09:05:08"}
{"level":"info","message":"GET getEstacionesPrograma from database","timestamp":"2024-06-13 09:05:15"}
{"level":"info","message":"GET getEstacionesPrograma from database","timestamp":"2024-06-13 09:05:18"}
{"level":"info","message":"GET getEstacionesPrograma from database","timestamp":"2024-06-13 09:05:21"}
{"level":"info","message":"GET getProgramas from database","timestamp":"2024-06-13 09:07:26"}
{"level":"info","message":"GET getProgramas from database","timestamp":"2024-06-13 09:08:23"}
{"level":"info","message":"GET getEstacionesPrograma from database","timestamp":"2024-06-13 09:08:26"}
{"level":"info","message":"GET getProgramas from database","timestamp":"2024-06-13 09:09:00"}
{"level":"info","message":"GET getProgramas from database","timestamp":"2024-06-13 09:09:12"}
{"level":"info","message":"GET getProgramas from database","timestamp":"2024-06-13 09:09:30"}
{"level":"info","message":"GET getProgramas from database","timestamp":"2024-06-13 09:09:48"}
{"level":"info","message":"GET getProgramas from database","timestamp":"2024-06-13 09:12:35"}
{"level":"info","message":"GET getProgramas from database","timestamp":"2024-06-13 09:13:10"}
{"level":"info","message":"GET getEstacionesPrograma from database","timestamp":"2024-06-13 09:13:50"}
{"level":"info","message":"GET getParameters from database","timestamp":"2024-06-13 09:14:08"}
{"level":"info","message":"GET getProgramas from database","timestamp":"2024-06-13 09:17:21"}
{"level":"info","message":"GET getProgramas from database","timestamp":"2024-06-13 09:18:55"}
{"level":"info","message":"GET getProgramas from database","timestamp":"2024-06-13 09:19:45"}
{"level":"info","message":"GET getProgramas from database","timestamp":"2024-06-13 09:20:50"}
{"level":"info","message":"GET getProgramas from database","timestamp":"2024-06-13 09:21:37"}
{"level":"info","message":"GET getProgramas from database","timestamp":"2024-06-13 09:22:06"}
{"level":"info","message":"GET getProgramas from database","timestamp":"2024-06-13 09:28:10"}
{"level":"error","message":"Error deleteProgram/ReferenceError: stationAireRepository is not defined/","timestamp":"2024-06-13 09:28:12"}
{"level":"info","message":"GET getProgramas from database","timestamp":"2024-06-13 09:30:45"}
{"level":"error","message":"Error deleteProgram/ReferenceError: stationAireRepository is not defined/","timestamp":"2024-06-13 09:30:47"}
{"level":"info","message":"GET getProgramas from database","timestamp":"2024-06-13 09:31:47"}
{"level":"error","message":"Error deleteProgram/SqlError: Parameter at position 2 is not set\nsql: \n            UPDATE programa\n            SET estado = ?\n            WHERE id_programa = ?\n         - parameters:['Inactivo']/","timestamp":"2024-06-13 09:31:50"}
{"level":"info","message":"GET getProgramas from database","timestamp":"2024-06-13 09:39:14"}
{"level":"error","message":"Error deleteProgram/SqlError: (conn=1753416, no: 1142, SQLState: 42000) TRIGGER command denied to user 'jmbarreneche'@'172.28.111.%' for table 'programa'\nsql: \n            UPDATE programa\n            SET estado = 'Inactivo'\n            WHERE id_programa = ?\n         - parameters:[1]/","timestamp":"2024-06-13 09:39:17"}
{"level":"info","message":"GET getProgramas from database","timestamp":"2024-06-13 09:49:40"}
{"level":"error","message":"Error deleteProgram/SqlError: (conn=1753523, no: 1142, SQLState: 42000) TRIGGER command denied to user 'jmbarreneche'@'172.28.111.%' for table 'programa'\nsql: \n            UPDATE programa\n            SET estado = 'Inactivo'\n            WHERE id_programa = ?\n         - parameters:[1]/","timestamp":"2024-06-13 09:49:42"}
{"level":"info","message":"GET getProgramas from database","timestamp":"2024-06-13 10:24:18"}
{"level":"info","message":"UPDATE deleteDataStation/idProgram/1","timestamp":"2024-06-13 10:24:24"}
{"level":"info","message":"GET getProgramas from database","timestamp":"2024-06-13 10:24:59"}
{"level":"info","message":"GET getEstacionesPrograma from database","timestamp":"2024-06-13 10:28:55"}
{"level":"info","message":"GET getEstacionesPrograma from database","timestamp":"2024-06-13 10:28:59"}
{"level":"info","message":"UPDATE deleteDataStation/idProgram/2","timestamp":"2024-06-13 10:29:58"}
{"level":"info","message":"UPDATE deleteDataStation/idProgram/6","timestamp":"2024-06-13 10:30:54"}
{"level":"info","message":"GET getProgramas from database","timestamp":"2024-06-13 10:47:21"}
{"level":"info","message":"UPDATE updateProgramStatus/idProgram/1","timestamp":"2024-06-13 10:47:26"}
{"level":"info","message":"GET getProgramas from database","timestamp":"2024-06-13 10:49:11"}
{"level":"info","message":"UPDATE updateProgramStatus/idProgram/3","timestamp":"2024-06-13 10:49:17"}
{"level":"info","message":"GET getProgramas from database","timestamp":"2024-06-13 10:50:51"}
{"level":"info","message":"GET getProgramas from database","timestamp":"2024-06-13 10:52:51"}
{"level":"info","message":"GET getEstacionesPrograma from database","timestamp":"2024-06-13 10:52:53"}
{"level":"info","message":"GET getProgramas from database","timestamp":"2024-06-13 10:53:22"}
{"level":"info","message":"GET getProgramas from database","timestamp":"2024-06-13 11:09:38"}
{"level":"info","message":"GET getEstacionesPrograma from database","timestamp":"2024-06-13 11:12:29"}
{"level":"info","message":"GET getEstacionesPrograma from database","timestamp":"2024-06-13 11:12:32"}
{"level":"info","message":"GET getProgramas from database","timestamp":"2024-06-13 11:24:38"}
{"level":"info","message":"UPDATE updateProgramStatus/idProgram/2","timestamp":"2024-06-13 11:24:43"}
{"level":"info","message":"GET getProgramas from database","timestamp":"2024-06-13 11:26:35"}
{"level":"info","message":"GET getParameters from database","timestamp":"2024-06-13 11:26:37"}
{"level":"info","message":"UPDATE updateProgramStatus/idProgram/4","timestamp":"2024-06-13 11:26:39"}
{"level":"info","message":"GET getProgramas from database","timestamp":"2024-06-13 11:31:52"}
{"level":"info","message":"UPDATE updateProgramStatus/idProgram/6","timestamp":"2024-06-13 11:31:56"}
{"level":"info","message":"GET getProgramas from database","timestamp":"2024-06-13 11:32:57"}
{"level":"info","message":"GET getParameters from database","timestamp":"2024-06-13 11:32:59"}
{"level":"info","message":"GET getProgramas from database","timestamp":"2024-06-13 11:43:12"}
{"level":"info","message":"GET getParameters from database","timestamp":"2024-06-13 11:43:14"}
{"level":"info","message":"UPDATE updateProgramStatus/idProgram/9","timestamp":"2024-06-13 11:43:17"}
{"level":"info","message":"GET getProgramas from database","timestamp":"2024-06-13 11:43:42"}
{"level":"info","message":"UPDATE updateProgramStatus/idProgram/8","timestamp":"2024-06-13 11:43:46"}
{"level":"info","message":"GET getProgramas from database","timestamp":"2024-06-13 11:50:32"}
{"level":"info","message":"UPDATE updateProgramStatus/idProgram/7","timestamp":"2024-06-13 11:50:37"}
{"level":"info","message":"GET getProgramas from database","timestamp":"2024-06-13 11:54:27"}
{"level":"info","message":"UPDATE updateProgramStatus/idProgram/5","timestamp":"2024-06-13 11:54:31"}
{"level":"info","message":"GET getProgramas from database","timestamp":"2024-06-13 11:54:32"}
{"level":"info","message":"UPDATE updateProgramStatus/idProgram/10","timestamp":"2024-06-13 11:55:13"}
{"level":"info","message":"GET getProgramas from database","timestamp":"2024-06-13 11:55:14"}
{"level":"info","message":"GET getProgramas from database","timestamp":"2024-06-13 11:58:52"}
{"level":"info","message":"GET getParameters from database","timestamp":"2024-06-13 11:58:57"}
{"level":"info","message":"UPDATE updateProgramStatus/idProgram/32","timestamp":"2024-06-13 11:58:59"}
{"level":"info","message":"GET getProgramas from database","timestamp":"2024-06-13 11:59:01"}
{"level":"info","message":"GET getProgramas from database","timestamp":"2024-06-13 12:00:53"}
{"level":"info","message":"UPDATE updateProgramStatus/idProgram/21","timestamp":"2024-06-13 12:00:59"}
{"level":"info","message":"GET getProgramas from database","timestamp":"2024-06-13 12:01:00"}
{"level":"info","message":"GET getEstacionesPrograma from database","timestamp":"2024-06-13 12:01:15"}
{"level":"info","message":"GET getProgramas from database","timestamp":"2024-06-13 12:01:58"}
{"level":"info","message":"GET getProgramas from database","timestamp":"2024-06-13 12:03:10"}
{"level":"info","message":"UPDATE updateProgramStatus/idProgram/1","timestamp":"2024-06-13 12:03:17"}
{"level":"info","message":"GET getProgramas from database","timestamp":"2024-06-13 12:03:18"}
