{"level":"info","message":"levanto los parametros de agua","timestamp":"2024-07-08 13:45:37"}
{"level":"info","message":"levanto los parametros de agua","timestamp":"2024-07-08 14:00:47"}
{"level":"info","message":"levanto los parametros de agua","timestamp":"2024-07-08 14:13:25"}
{"level":"info","message":"levanto los parametros de agua","timestamp":"2024-07-08 14:34:42"}
{"level":"info","message":"levanto los parametros de agua","timestamp":"2024-07-08 14:42:15"}
{"level":"info","message":"levanto los parametros de agua","timestamp":"2024-07-08 14:45:06"}
{"level":"info","message":"levanto los parametros de agua","timestamp":"2024-07-08 14:46:58"}
{"level":"info","message":"levanto los parametros de agua","timestamp":"2024-07-08 14:55:40"}
{"level":"info","message":"levanto los parametros de agua","timestamp":"2024-07-08 14:56:25"}
{"level":"info","message":"levanto los parametros de agua","timestamp":"2024-07-08 14:57:52"}
{"level":"info","message":"levanto los parametros de agua","timestamp":"2024-07-08 14:59:41"}
{"level":"info","message":"GET getProgramas from database","timestamp":"2024-07-08 15:00:43"}
{"level":"info","message":"levanto los parametros de agua","timestamp":"2024-07-08 15:03:05"}
{"level":"info","message":"levanto los parametros de agua","timestamp":"2024-07-08 15:08:50"}
{"level":"info","message":"levanto los parametros de agua","timestamp":"2024-07-08 15:09:26"}
{"level":"info","message":"levanto los parametros de agua","timestamp":"2024-07-08 15:09:58"}
{"level":"info","message":"levanto los parametros de agua","timestamp":"2024-07-08 15:12:43"}
{"level":"info","message":"levanto los parametros de agua","timestamp":"2024-07-08 15:18:19"}
{"level":"info","message":"levanto los parametros de agua","timestamp":"2024-07-08 15:18:50"}
{"level":"info","message":"levanto los parametros de agua","timestamp":"2024-07-08 15:19:12"}
{"level":"info","message":"levanto los parametros de agua","timestamp":"2024-07-08 15:23:09"}
{"level":"info","message":"levanto los parametros de agua","timestamp":"2024-07-08 15:23:52"}
{"level":"info","message":"levanto los parametros de agua","timestamp":"2024-07-08 15:25:52"}
{"level":"info","message":"levanto los parametros de agua","timestamp":"2024-07-08 15:28:05"}
{"level":"info","message":"GET getEstaciones from database","timestamp":"2024-07-08 15:28:26"}
{"level":"info","message":"levanto los parametros de agua","timestamp":"2024-07-08 15:30:42"}
{"level":"info","message":"levanto los parametros de agua","timestamp":"2024-07-08 15:31:10"}
{"level":"info","message":"levanto los parametros de agua","timestamp":"2024-07-08 15:32:47"}
{"level":"info","message":"levanto los parametros de agua","timestamp":"2024-07-08 15:33:05"}
{"level":"info","message":"levanto los parametros de agua","timestamp":"2024-07-08 15:33:31"}
{"level":"info","message":"levanto los parametros de agua","timestamp":"2024-07-08 15:38:56"}
{"level":"info","message":"levanto los parametros de agua","timestamp":"2024-07-08 15:40:03"}
{"level":"info","message":"GET getProgramas from database","timestamp":"2024-07-08 15:43:30"}
{"level":"info","message":"GET getParameters from database","timestamp":"2024-07-08 15:43:35"}
{"level":"info","message":"GET getEstaciones from database","timestamp":"2024-07-08 15:43:58"}
{"level":"info","message":"GET getProgramas from database","timestamp":"2024-07-08 15:44:44"}
{"level":"info","message":"GET getMatrices from database","timestamp":"2024-07-08 15:44:44"}
