{"level":"info","message":"GET getProgramas from database","timestamp":"2024-08-06 09:06:40"}
{"level":"info","message":"GET getParameters from database","timestamp":"2024-08-06 09:06:41"}
{"level":"info","message":"GET getDepartamentos from database","timestamp":"2024-08-06 09:06:41"}
{"level":"info","message":"GET getTipoPuntoEstacion from database","timestamp":"2024-08-06 09:06:41"}
{"level":"info","message":"GET getMatrices from database","timestamp":"2024-08-06 09:06:41"}
{"level":"info","message":"GET getEstacionesPrograma from database","timestamp":"2024-08-06 09:06:45"}
{"level":"error","message":"Error addProgram/SqlError: (conn=2961752, no: 1146, SQLState: 42S02) Table 'discretos_test.logs_test' doesn't exist\nsql: INSERT INTO programa \n          SET  nombre_programa = ?,\n            codigo_programa = ?, \n            visible_externos = ?, \n            version = ?, \n            id_programa_silad = ?,\n            estado = ?\n           - parameters:['aaa','aaaa',0,60,60...]/","timestamp":"2024-08-06 09:06:45"}
{"level":"info","message":"GET getProgramas from database","timestamp":"2024-08-06 09:16:06"}
{"level":"info","message":"GET getParameters from database","timestamp":"2024-08-06 09:16:07"}
{"level":"info","message":"GET getDepartamentos from database","timestamp":"2024-08-06 09:16:07"}
{"level":"info","message":"GET getMatrices from database","timestamp":"2024-08-06 09:16:07"}
{"level":"info","message":"GET getTipoPuntoEstacion from database","timestamp":"2024-08-06 09:16:07"}
{"level":"info","message":"GET getEstacionesPrograma from database","timestamp":"2024-08-06 09:16:12"}
{"level":"error","message":"Error addProgram/SqlError: (conn=2961936, no: 1054, SQLState: 42S22) Unknown column 'operation' in 'field list'\nsql: INSERT INTO programa \n          SET  nombre_programa = ?,\n            codigo_programa = ?, \n            visible_externos = ?, \n            version = ?, \n            id_programa_silad = ?,\n            estado = ?\n           - parameters:['aaaa','aaaa',0,60,6...]/","timestamp":"2024-08-06 09:16:12"}
{"level":"info","message":"GET getProgramas from database","timestamp":"2024-08-06 09:18:06"}
{"level":"info","message":"GET getParameters from database","timestamp":"2024-08-06 09:18:07"}
{"level":"info","message":"GET getTipoPuntoEstacion from database","timestamp":"2024-08-06 09:18:07"}
{"level":"info","message":"GET getMatrices from database","timestamp":"2024-08-06 09:18:07"}
{"level":"info","message":"GET getDepartamentos from database","timestamp":"2024-08-06 09:18:07"}
{"level":"info","message":"GET getEstacionesPrograma from database","timestamp":"2024-08-06 09:18:10"}
{"level":"error","message":"Error addProgram/SqlError: (conn=2961980, no: 1054, SQLState: 42S22) Unknown column 'operation' in 'field list'\nsql: INSERT INTO programa \n          SET  nombre_programa = ?,\n            codigo_programa = ?, \n            visible_externos = ?, \n            version = ?, \n            id_programa_silad = ?,\n            estado = ?\n           - parameters:['aaaa','aaaa',0,60,6...]/","timestamp":"2024-08-06 09:18:10"}
{"level":"info","message":"GET getProgramas from database","timestamp":"2024-08-06 09:26:31"}
{"level":"info","message":"GET getParameters from database","timestamp":"2024-08-06 09:26:34"}
{"level":"info","message":"GET getTipoPuntoEstacion from database","timestamp":"2024-08-06 09:26:34"}
{"level":"info","message":"GET getMatrices from database","timestamp":"2024-08-06 09:26:34"}
{"level":"info","message":"GET getDepartamentos from database","timestamp":"2024-08-06 09:26:34"}
{"level":"info","message":"GET getEstacionesPrograma from database","timestamp":"2024-08-06 09:26:37"}
{"level":"info","message":"POST addProgram/nombre/AAAAA/codigo/AAAAA","timestamp":"2024-08-06 09:26:37"}
{"level":"info","message":"GET getParameters from database","timestamp":"2024-08-06 09:27:39"}
{"level":"info","message":"GET getTipoPuntoEstacion from database","timestamp":"2024-08-06 09:27:39"}
{"level":"info","message":"GET getMatrices from database","timestamp":"2024-08-06 09:27:39"}
{"level":"info","message":"GET getDepartamentos from database","timestamp":"2024-08-06 09:27:39"}
{"level":"info","message":"GET getEstacionesPrograma from database","timestamp":"2024-08-06 09:28:23"}
{"level":"info","message":"POST addProgram/nombre/BBBBB/codigo/BBB","timestamp":"2024-08-06 09:28:24"}
{"level":"info","message":"GET getProgramas from database","timestamp":"2024-08-06 09:56:30"}
{"level":"info","message":"GET getParameters from database","timestamp":"2024-08-06 09:56:31"}
{"level":"info","message":"GET getTipoPuntoEstacion from database","timestamp":"2024-08-06 09:56:31"}
{"level":"info","message":"GET getMatrices from database","timestamp":"2024-08-06 09:56:31"}
{"level":"info","message":"GET getDepartamentos from database","timestamp":"2024-08-06 09:56:31"}
{"level":"info","message":"GET getEstacionesPrograma from database","timestamp":"2024-08-06 09:56:35"}
{"level":"error","message":"Error addProgram/ReferenceError: version is not defined/","timestamp":"2024-08-06 09:56:35"}
{"level":"info","message":"GET getProgramas from database","timestamp":"2024-08-06 09:57:07"}
{"level":"info","message":"GET getParameters from database","timestamp":"2024-08-06 09:57:08"}
{"level":"info","message":"GET getTipoPuntoEstacion from database","timestamp":"2024-08-06 09:57:08"}
{"level":"info","message":"GET getMatrices from database","timestamp":"2024-08-06 09:57:08"}
{"level":"info","message":"GET getDepartamentos from database","timestamp":"2024-08-06 09:57:08"}
{"level":"info","message":"GET getEstacionesPrograma from database","timestamp":"2024-08-06 09:57:13"}
{"level":"info","message":"POST addProgram/nombre/aaaaaaaaa/codigo/aaaaaaaaaaa","timestamp":"2024-08-06 09:57:13"}
{"level":"info","message":"GET getProgramas from database","timestamp":"2024-08-06 10:00:25"}
{"level":"info","message":"GET getParameters from database","timestamp":"2024-08-06 10:00:26"}
{"level":"info","message":"GET getTipoPuntoEstacion from database","timestamp":"2024-08-06 10:00:26"}
{"level":"info","message":"GET getDepartamentos from database","timestamp":"2024-08-06 10:00:26"}
{"level":"info","message":"GET getMatrices from database","timestamp":"2024-08-06 10:00:26"}
{"level":"info","message":"GET getEstacionesPrograma from database","timestamp":"2024-08-06 10:00:33"}
{"level":"info","message":"POST addProgram/nombre/gggggggggg/codigo/gggggggggggg","timestamp":"2024-08-06 10:00:33"}
{"level":"info","message":"GET getProgramas from database","timestamp":"2024-08-06 10:08:44"}
{"level":"info","message":"GET getParameters from database","timestamp":"2024-08-06 10:08:45"}
{"level":"info","message":"GET getDepartamentos from database","timestamp":"2024-08-06 10:08:45"}
{"level":"info","message":"GET getTipoPuntoEstacion from database","timestamp":"2024-08-06 10:08:45"}
{"level":"info","message":"GET getMatrices from database","timestamp":"2024-08-06 10:08:45"}
{"level":"info","message":"GET getEstacionesPrograma from database","timestamp":"2024-08-06 10:08:47"}
{"level":"info","message":"POST addProgram/nombre/fhgdfh/codigo/dghdgh","timestamp":"2024-08-06 10:08:47"}
{"level":"info","message":"GET getProgramas from database","timestamp":"2024-08-06 10:09:20"}
{"level":"info","message":"GET getParameters from database","timestamp":"2024-08-06 10:09:21"}
{"level":"info","message":"GET getMatrices from database","timestamp":"2024-08-06 10:09:21"}
{"level":"info","message":"GET getTipoPuntoEstacion from database","timestamp":"2024-08-06 10:09:21"}
{"level":"info","message":"GET getDepartamentos from database","timestamp":"2024-08-06 10:09:21"}
{"level":"info","message":"GET getEstacionesPrograma from database","timestamp":"2024-08-06 10:09:24"}
{"level":"info","message":"POST addProgram/nombre/vvvvv/codigo/vvvv","timestamp":"2024-08-06 10:09:24"}
{"level":"info","message":"GET getProgramas from database","timestamp":"2024-08-06 10:10:05"}
{"level":"info","message":"GET getParameters from database","timestamp":"2024-08-06 10:10:07"}
{"level":"info","message":"GET getTipoPuntoEstacion from database","timestamp":"2024-08-06 10:10:07"}
{"level":"info","message":"GET getMatrices from database","timestamp":"2024-08-06 10:10:07"}
{"level":"info","message":"GET getDepartamentos from database","timestamp":"2024-08-06 10:10:07"}
{"level":"info","message":"GET getEstacionesPrograma from database","timestamp":"2024-08-06 10:10:10"}
{"level":"info","message":"POST addProgram/nombre/nnnn/codigo/nnnn","timestamp":"2024-08-06 10:10:11"}
{"level":"info","message":"GET getEstacionesPrograma from database","timestamp":"2024-08-06 10:10:11"}
{"level":"error","message":"Error addProgram/SqlError: (conn=2962466, no: 1062, SQLState: 23000) Duplicate entry 'nnnn' for key 'programa_codigo_programa_key'\nsql: INSERT INTO programa \n          SET  nombre_programa = ?,\n            codigo_programa = ?, \n            visible_externos = ?, \n            version = ?, \n            id_programa_silad = ?,\n            estado = ?\n           - parameters:['nnnn','nnnn',0,0,0,...]/","timestamp":"2024-08-06 10:10:11"}
{"level":"info","message":"GET getProgramas from database","timestamp":"2024-08-06 10:10:25"}
{"level":"info","message":"GET getParameters from database","timestamp":"2024-08-06 10:10:26"}
{"level":"info","message":"GET getTipoPuntoEstacion from database","timestamp":"2024-08-06 10:10:26"}
{"level":"info","message":"GET getDepartamentos from database","timestamp":"2024-08-06 10:10:26"}
{"level":"info","message":"GET getMatrices from database","timestamp":"2024-08-06 10:10:26"}
{"level":"info","message":"GET getEstacionesPrograma from database","timestamp":"2024-08-06 10:10:29"}
{"level":"error","message":"Error addProgram/SqlError: (conn=2962466, no: 1062, SQLState: 23000) Duplicate entry 'nnnn' for key 'programa_codigo_programa_key'\nsql: INSERT INTO programa \n          SET  nombre_programa = ?,\n            codigo_programa = ?, \n            visible_externos = ?, \n            version = ?, \n            id_programa_silad = ?,\n            estado = ?\n           - parameters:['nnn','nnnn',0,0,0,1...]/","timestamp":"2024-08-06 10:10:30"}
{"level":"info","message":"GET getProgramas from database","timestamp":"2024-08-06 10:11:21"}
{"level":"info","message":"GET getParameters from database","timestamp":"2024-08-06 10:11:22"}
{"level":"info","message":"GET getTipoPuntoEstacion from database","timestamp":"2024-08-06 10:11:22"}
{"level":"info","message":"GET getMatrices from database","timestamp":"2024-08-06 10:11:22"}
{"level":"info","message":"GET getDepartamentos from database","timestamp":"2024-08-06 10:11:22"}
{"level":"info","message":"GET getEstacionesPrograma from database","timestamp":"2024-08-06 10:11:29"}
{"level":"info","message":"POST addProgram/nombre/kkkk/codigo/kkk","timestamp":"2024-08-06 10:11:29"}
{"level":"info","message":"GET getProgramas from database","timestamp":"2024-08-06 10:14:57"}
{"level":"info","message":"GET getParameters from database","timestamp":"2024-08-06 10:14:58"}
{"level":"info","message":"GET getTipoPuntoEstacion from database","timestamp":"2024-08-06 10:14:58"}
{"level":"info","message":"GET getMatrices from database","timestamp":"2024-08-06 10:14:58"}
{"level":"info","message":"GET getDepartamentos from database","timestamp":"2024-08-06 10:14:58"}
{"level":"info","message":"GET getEstacionesPrograma from database","timestamp":"2024-08-06 10:15:02"}
{"level":"error","message":"Error addProgram/SqlError: (conn=2962466, no: 1062, SQLState: 23000) Duplicate entry 'AAAAA' for key 'programa_codigo_programa_key'\nsql: INSERT INTO programa \n          SET  nombre_programa = ?,\n            codigo_programa = ?, \n            visible_externos = ?, \n            version = ?, \n            id_programa_silad = ?,\n            estado = ?\n           - parameters:['AAAAA','AAAAA',0,0,...]/","timestamp":"2024-08-06 10:15:02"}
{"level":"info","message":"GET getProgramas from database","timestamp":"2024-08-06 10:15:38"}
{"level":"info","message":"GET getParameters from database","timestamp":"2024-08-06 10:15:39"}
{"level":"info","message":"GET getMatrices from database","timestamp":"2024-08-06 10:15:39"}
{"level":"info","message":"GET getTipoPuntoEstacion from database","timestamp":"2024-08-06 10:15:39"}
{"level":"info","message":"GET getDepartamentos from database","timestamp":"2024-08-06 10:15:39"}
{"level":"info","message":"GET getEstacionesPrograma from database","timestamp":"2024-08-06 10:15:41"}
{"level":"info","message":"GET getEstacionesPrograma from database","timestamp":"2024-08-06 10:15:45"}
{"level":"info","message":"GET getProgramas from database","timestamp":"2024-08-06 10:17:34"}
{"level":"info","message":"GET getParameters from database","timestamp":"2024-08-06 10:17:35"}
{"level":"info","message":"GET getTipoPuntoEstacion from database","timestamp":"2024-08-06 10:17:35"}
{"level":"info","message":"GET getMatrices from database","timestamp":"2024-08-06 10:17:35"}
{"level":"info","message":"GET getDepartamentos from database","timestamp":"2024-08-06 10:17:35"}
{"level":"info","message":"GET getEstacionesPrograma from database","timestamp":"2024-08-06 10:17:38"}
{"level":"info","message":"GET getEstacionesPrograma from database","timestamp":"2024-08-06 10:17:40"}
{"level":"info","message":"GET getEstacionesPrograma from database","timestamp":"2024-08-06 10:17:42"}
{"level":"info","message":"GET getProgramas from database","timestamp":"2024-08-06 10:18:29"}
{"level":"info","message":"GET getParameters from database","timestamp":"2024-08-06 10:18:30"}
{"level":"info","message":"GET getDepartamentos from database","timestamp":"2024-08-06 10:18:30"}
{"level":"info","message":"GET getTipoPuntoEstacion from database","timestamp":"2024-08-06 10:18:30"}
{"level":"info","message":"GET getMatrices from database","timestamp":"2024-08-06 10:18:30"}
{"level":"info","message":"GET getEstacionesPrograma from database","timestamp":"2024-08-06 10:18:34"}
{"level":"info","message":"GET getProgramas from database","timestamp":"2024-08-06 10:19:42"}
{"level":"info","message":"GET getParameters from database","timestamp":"2024-08-06 10:19:43"}
{"level":"info","message":"GET getTipoPuntoEstacion from database","timestamp":"2024-08-06 10:19:43"}
{"level":"info","message":"GET getDepartamentos from database","timestamp":"2024-08-06 10:19:43"}
{"level":"info","message":"GET getMatrices from database","timestamp":"2024-08-06 10:19:43"}
{"level":"info","message":"GET getEstacionesPrograma from database","timestamp":"2024-08-06 10:19:45"}
{"level":"info","message":"GET getProgramas from database","timestamp":"2024-08-06 10:20:22"}
{"level":"info","message":"GET getParameters from database","timestamp":"2024-08-06 10:20:23"}
{"level":"info","message":"GET getMatrices from database","timestamp":"2024-08-06 10:20:23"}
{"level":"info","message":"GET getTipoPuntoEstacion from database","timestamp":"2024-08-06 10:20:23"}
{"level":"info","message":"GET getDepartamentos from database","timestamp":"2024-08-06 10:20:23"}
{"level":"info","message":"GET getProgramas from database","timestamp":"2024-08-06 10:21:48"}
{"level":"info","message":"GET getParameters from database","timestamp":"2024-08-06 10:21:49"}
{"level":"info","message":"GET getTipoPuntoEstacion from database","timestamp":"2024-08-06 10:21:49"}
{"level":"info","message":"GET getDepartamentos from database","timestamp":"2024-08-06 10:21:49"}
{"level":"info","message":"GET getMatrices from database","timestamp":"2024-08-06 10:21:49"}
{"level":"info","message":"GET getEstacionesPrograma from database","timestamp":"2024-08-06 10:21:57"}
{"level":"info","message":"GET getProgramas from database","timestamp":"2024-08-06 10:22:17"}
{"level":"info","message":"GET getParameters from database","timestamp":"2024-08-06 10:22:18"}
{"level":"info","message":"GET getDepartamentos from database","timestamp":"2024-08-06 10:22:18"}
{"level":"info","message":"GET getMatrices from database","timestamp":"2024-08-06 10:22:18"}
{"level":"info","message":"GET getTipoPuntoEstacion from database","timestamp":"2024-08-06 10:22:18"}
{"level":"info","message":"GET getProgramas from database","timestamp":"2024-08-06 10:22:57"}
{"level":"info","message":"GET getParameters from database","timestamp":"2024-08-06 10:22:58"}
{"level":"info","message":"GET getTipoPuntoEstacion from database","timestamp":"2024-08-06 10:22:58"}
{"level":"info","message":"GET getDepartamentos from database","timestamp":"2024-08-06 10:22:58"}
{"level":"info","message":"GET getMatrices from database","timestamp":"2024-08-06 10:22:58"}
{"level":"info","message":"GET getEstacionesPrograma from database","timestamp":"2024-08-06 10:23:00"}
{"level":"info","message":"GET getProgramas from database","timestamp":"2024-08-06 10:23:39"}
{"level":"info","message":"GET getParameters from database","timestamp":"2024-08-06 10:23:40"}
{"level":"info","message":"GET getTipoPuntoEstacion from database","timestamp":"2024-08-06 10:23:40"}
{"level":"info","message":"GET getMatrices from database","timestamp":"2024-08-06 10:23:40"}
{"level":"info","message":"GET getDepartamentos from database","timestamp":"2024-08-06 10:23:40"}
{"level":"info","message":"GET getEstacionesPrograma from database","timestamp":"2024-08-06 10:23:41"}
{"level":"info","message":"GET getEstacionesPrograma from database","timestamp":"2024-08-06 10:23:47"}
{"level":"info","message":"GET getEstacionesPrograma from database","timestamp":"2024-08-06 10:23:51"}
{"level":"info","message":"GET getEstacionesPrograma from database","timestamp":"2024-08-06 10:23:55"}
{"level":"info","message":"GET getProgramas from database","timestamp":"2024-08-06 10:24:22"}
{"level":"info","message":"GET getParameters from database","timestamp":"2024-08-06 10:24:23"}
{"level":"info","message":"GET getMatrices from database","timestamp":"2024-08-06 10:24:23"}
{"level":"info","message":"GET getDepartamentos from database","timestamp":"2024-08-06 10:24:23"}
{"level":"info","message":"GET getTipoPuntoEstacion from database","timestamp":"2024-08-06 10:24:23"}
{"level":"info","message":"GET getEstacionesPrograma from database","timestamp":"2024-08-06 10:24:25"}
{"level":"info","message":"GET getProgramas from database","timestamp":"2024-08-06 10:25:44"}
{"level":"info","message":"GET getParameters from database","timestamp":"2024-08-06 10:25:46"}
{"level":"info","message":"GET getTipoPuntoEstacion from database","timestamp":"2024-08-06 10:25:46"}
{"level":"info","message":"GET getMatrices from database","timestamp":"2024-08-06 10:25:46"}
{"level":"info","message":"GET getDepartamentos from database","timestamp":"2024-08-06 10:25:46"}
{"level":"info","message":"GET getEstacionesPrograma from database","timestamp":"2024-08-06 10:25:51"}
{"level":"info","message":"GET getEstacionesPrograma from database","timestamp":"2024-08-06 10:25:53"}
{"level":"info","message":"GET getProgramas from database","timestamp":"2024-08-06 10:28:56"}
{"level":"info","message":"GET getParameters from database","timestamp":"2024-08-06 10:28:58"}
{"level":"info","message":"GET getMatrices from database","timestamp":"2024-08-06 10:28:58"}
{"level":"info","message":"GET getTipoPuntoEstacion from database","timestamp":"2024-08-06 10:28:58"}
{"level":"info","message":"GET getDepartamentos from database","timestamp":"2024-08-06 10:28:58"}
{"level":"info","message":"GET getEstacionesPrograma from database","timestamp":"2024-08-06 10:29:36"}
{"level":"info","message":"GET getProgramas from database","timestamp":"2024-08-06 10:30:41"}
{"level":"info","message":"GET getParameters from database","timestamp":"2024-08-06 10:30:43"}
{"level":"info","message":"GET getTipoPuntoEstacion from database","timestamp":"2024-08-06 10:30:43"}
{"level":"info","message":"GET getDepartamentos from database","timestamp":"2024-08-06 10:30:43"}
{"level":"info","message":"GET getMatrices from database","timestamp":"2024-08-06 10:30:43"}
{"level":"info","message":"GET getProgramas from database","timestamp":"2024-08-06 10:33:29"}
{"level":"info","message":"GET getParameters from database","timestamp":"2024-08-06 10:33:30"}
{"level":"info","message":"GET getTipoPuntoEstacion from database","timestamp":"2024-08-06 10:33:30"}
{"level":"info","message":"GET getMatrices from database","timestamp":"2024-08-06 10:33:30"}
{"level":"info","message":"GET getDepartamentos from database","timestamp":"2024-08-06 10:33:30"}
{"level":"info","message":"GET getEstacionesPrograma from database","timestamp":"2024-08-06 10:36:33"}
{"level":"info","message":"GET getEstacionesPrograma from database","timestamp":"2024-08-06 10:36:34"}
{"level":"info","message":"GET getProgramas from database","timestamp":"2024-08-06 10:37:46"}
{"level":"info","message":"GET getParameters from database","timestamp":"2024-08-06 10:37:47"}
{"level":"info","message":"GET getTipoPuntoEstacion from database","timestamp":"2024-08-06 10:37:47"}
{"level":"info","message":"GET getDepartamentos from database","timestamp":"2024-08-06 10:37:47"}
{"level":"info","message":"GET getMatrices from database","timestamp":"2024-08-06 10:37:47"}
{"level":"info","message":"GET getEstacionesPrograma from database","timestamp":"2024-08-06 10:37:49"}
{"level":"info","message":"GET getEstacionesPrograma from database","timestamp":"2024-08-06 10:37:52"}
{"level":"info","message":"GET getEstacionesPrograma from database","timestamp":"2024-08-06 10:37:53"}
{"level":"info","message":"GET getProgramas from database","timestamp":"2024-08-06 10:38:48"}
{"level":"info","message":"GET getParameters from database","timestamp":"2024-08-06 10:38:49"}
{"level":"info","message":"GET getTipoPuntoEstacion from database","timestamp":"2024-08-06 10:38:49"}
{"level":"info","message":"GET getMatrices from database","timestamp":"2024-08-06 10:38:49"}
{"level":"info","message":"GET getDepartamentos from database","timestamp":"2024-08-06 10:38:49"}
{"level":"info","message":"GET getEstacionesPrograma from database","timestamp":"2024-08-06 10:39:19"}
{"level":"info","message":"GET getProgramas from database","timestamp":"2024-08-06 10:39:45"}
{"level":"info","message":"GET getParameters from database","timestamp":"2024-08-06 10:39:46"}
{"level":"info","message":"GET getTipoPuntoEstacion from database","timestamp":"2024-08-06 10:39:46"}
{"level":"info","message":"GET getMatrices from database","timestamp":"2024-08-06 10:39:46"}
{"level":"info","message":"GET getDepartamentos from database","timestamp":"2024-08-06 10:39:46"}
{"level":"info","message":"GET getEstacionesPrograma from database","timestamp":"2024-08-06 10:39:47"}
{"level":"info","message":"GET getEstacionesPrograma from database","timestamp":"2024-08-06 10:39:50"}
{"level":"info","message":"GET getProgramas from database","timestamp":"2024-08-06 10:40:12"}
{"level":"info","message":"GET getParameters from database","timestamp":"2024-08-06 10:40:13"}
{"level":"info","message":"GET getMatrices from database","timestamp":"2024-08-06 10:40:13"}
{"level":"info","message":"GET getTipoPuntoEstacion from database","timestamp":"2024-08-06 10:40:13"}
{"level":"info","message":"GET getDepartamentos from database","timestamp":"2024-08-06 10:40:14"}
{"level":"info","message":"GET getProgramas from database","timestamp":"2024-08-06 10:42:44"}
{"level":"info","message":"GET getParameters from database","timestamp":"2024-08-06 10:42:44"}
{"level":"info","message":"GET getMatrices from database","timestamp":"2024-08-06 10:42:44"}
{"level":"info","message":"GET getTipoPuntoEstacion from database","timestamp":"2024-08-06 10:42:44"}
{"level":"info","message":"GET getDepartamentos from database","timestamp":"2024-08-06 10:42:44"}
{"level":"info","message":"GET getEstacionesPrograma from database","timestamp":"2024-08-06 10:42:45"}
{"level":"info","message":"GET getProgramas from database","timestamp":"2024-08-06 10:43:02"}
{"level":"info","message":"GET getParameters from database","timestamp":"2024-08-06 10:43:03"}
{"level":"info","message":"GET getDepartamentos from database","timestamp":"2024-08-06 10:43:03"}
{"level":"info","message":"GET getTipoPuntoEstacion from database","timestamp":"2024-08-06 10:43:03"}
{"level":"info","message":"GET getMatrices from database","timestamp":"2024-08-06 10:43:04"}
{"level":"info","message":"GET getEstacionesPrograma from database","timestamp":"2024-08-06 10:43:05"}
{"level":"info","message":"GET getEstacionesPrograma from database","timestamp":"2024-08-06 10:43:06"}
{"level":"info","message":"GET getProgramas from database","timestamp":"2024-08-06 10:44:45"}
{"level":"info","message":"GET getParameters from database","timestamp":"2024-08-06 10:44:46"}
{"level":"info","message":"GET getTipoPuntoEstacion from database","timestamp":"2024-08-06 10:44:46"}
{"level":"info","message":"GET getMatrices from database","timestamp":"2024-08-06 10:44:46"}
{"level":"info","message":"GET getDepartamentos from database","timestamp":"2024-08-06 10:44:46"}
{"level":"info","message":"GET getEstacionesPrograma from database","timestamp":"2024-08-06 10:44:48"}
{"level":"info","message":"GET getEstacionesPrograma from database","timestamp":"2024-08-06 10:44:51"}
{"level":"info","message":"GET getProgramas from database","timestamp":"2024-08-06 10:45:47"}
{"level":"info","message":"GET getParameters from database","timestamp":"2024-08-06 10:45:48"}
{"level":"info","message":"GET getTipoPuntoEstacion from database","timestamp":"2024-08-06 10:45:48"}
{"level":"info","message":"GET getDepartamentos from database","timestamp":"2024-08-06 10:45:48"}
{"level":"info","message":"GET getMatrices from database","timestamp":"2024-08-06 10:45:48"}
{"level":"info","message":"GET getEstacionesPrograma from database","timestamp":"2024-08-06 10:45:49"}
{"level":"info","message":"GET getEstacionesPrograma from database","timestamp":"2024-08-06 10:45:50"}
{"level":"info","message":"GET getProgramas from database","timestamp":"2024-08-06 10:46:19"}
{"level":"info","message":"GET getParameters from database","timestamp":"2024-08-06 10:46:20"}
{"level":"info","message":"GET getMatrices from database","timestamp":"2024-08-06 10:46:20"}
{"level":"info","message":"GET getTipoPuntoEstacion from database","timestamp":"2024-08-06 10:46:20"}
{"level":"info","message":"GET getDepartamentos from database","timestamp":"2024-08-06 10:46:20"}
{"level":"info","message":"GET getEstacionesPrograma from database","timestamp":"2024-08-06 10:46:21"}
{"level":"info","message":"GET getProgramas from database","timestamp":"2024-08-06 10:46:57"}
{"level":"info","message":"GET getParameters from database","timestamp":"2024-08-06 10:46:58"}
{"level":"info","message":"GET getMatrices from database","timestamp":"2024-08-06 10:46:58"}
{"level":"info","message":"GET getTipoPuntoEstacion from database","timestamp":"2024-08-06 10:46:58"}
{"level":"info","message":"GET getDepartamentos from database","timestamp":"2024-08-06 10:46:58"}
{"level":"info","message":"GET getEstacionesPrograma from database","timestamp":"2024-08-06 10:46:59"}
{"level":"info","message":"GET getEstacionesPrograma from database","timestamp":"2024-08-06 10:47:00"}
{"level":"info","message":"GET getEstacionesPrograma from database","timestamp":"2024-08-06 10:47:03"}
{"level":"info","message":"GET getProgramas from database","timestamp":"2024-08-06 10:47:38"}
{"level":"info","message":"GET getParameters from database","timestamp":"2024-08-06 10:47:39"}
{"level":"info","message":"GET getMatrices from database","timestamp":"2024-08-06 10:47:39"}
{"level":"info","message":"GET getTipoPuntoEstacion from database","timestamp":"2024-08-06 10:47:39"}
{"level":"info","message":"GET getDepartamentos from database","timestamp":"2024-08-06 10:47:39"}
{"level":"info","message":"GET getEstacionesPrograma from database","timestamp":"2024-08-06 10:47:40"}
{"level":"info","message":"GET getProgramas from database","timestamp":"2024-08-06 10:48:00"}
{"level":"info","message":"GET getParameters from database","timestamp":"2024-08-06 10:48:02"}
{"level":"info","message":"GET getTipoPuntoEstacion from database","timestamp":"2024-08-06 10:48:02"}
{"level":"info","message":"GET getMatrices from database","timestamp":"2024-08-06 10:48:02"}
{"level":"info","message":"GET getDepartamentos from database","timestamp":"2024-08-06 10:48:02"}
{"level":"info","message":"GET getEstacionesPrograma from database","timestamp":"2024-08-06 10:48:02"}
{"level":"info","message":"GET getProgramas from database","timestamp":"2024-08-06 10:49:56"}
{"level":"info","message":"GET getParameters from database","timestamp":"2024-08-06 10:49:58"}
{"level":"info","message":"GET getTipoPuntoEstacion from database","timestamp":"2024-08-06 10:49:58"}
{"level":"info","message":"GET getDepartamentos from database","timestamp":"2024-08-06 10:49:58"}
{"level":"info","message":"GET getMatrices from database","timestamp":"2024-08-06 10:49:58"}
{"level":"info","message":"GET getEstacionesPrograma from database","timestamp":"2024-08-06 10:49:59"}
{"level":"info","message":"GET getEstacionesPrograma from database","timestamp":"2024-08-06 10:50:03"}
{"level":"info","message":"GET getEstacionesPrograma from database","timestamp":"2024-08-06 10:50:05"}
{"level":"info","message":"GET getEstacionesPrograma from database","timestamp":"2024-08-06 10:50:06"}
{"level":"info","message":"GET getEstacionesPrograma from database","timestamp":"2024-08-06 10:50:11"}
{"level":"info","message":"GET getProgramas from database","timestamp":"2024-08-06 10:50:45"}
{"level":"info","message":"GET getParameters from database","timestamp":"2024-08-06 10:50:47"}
{"level":"info","message":"GET getTipoPuntoEstacion from database","timestamp":"2024-08-06 10:50:47"}
{"level":"info","message":"GET getMatrices from database","timestamp":"2024-08-06 10:50:47"}
{"level":"info","message":"GET getDepartamentos from database","timestamp":"2024-08-06 10:50:47"}
{"level":"info","message":"GET getEstacionesPrograma from database","timestamp":"2024-08-06 10:50:48"}
{"level":"info","message":"GET getEstacionesPrograma from database","timestamp":"2024-08-06 10:50:51"}
{"level":"info","message":"GET getProgramas from database","timestamp":"2024-08-06 10:51:08"}
{"level":"info","message":"GET getParameters from database","timestamp":"2024-08-06 10:51:09"}
{"level":"info","message":"GET getMatrices from database","timestamp":"2024-08-06 10:51:09"}
{"level":"info","message":"GET getTipoPuntoEstacion from database","timestamp":"2024-08-06 10:51:09"}
{"level":"info","message":"GET getDepartamentos from database","timestamp":"2024-08-06 10:51:09"}
{"level":"info","message":"GET getEstacionesPrograma from database","timestamp":"2024-08-06 10:51:10"}
{"level":"info","message":"GET getEstacionesPrograma from database","timestamp":"2024-08-06 10:51:11"}
{"level":"info","message":"GET getEstacionesPrograma from database","timestamp":"2024-08-06 10:51:12"}
{"level":"info","message":"GET getProgramas from database","timestamp":"2024-08-06 10:51:32"}
{"level":"info","message":"GET getParameters from database","timestamp":"2024-08-06 10:51:33"}
{"level":"info","message":"GET getTipoPuntoEstacion from database","timestamp":"2024-08-06 10:51:33"}
{"level":"info","message":"GET getMatrices from database","timestamp":"2024-08-06 10:51:33"}
{"level":"info","message":"GET getDepartamentos from database","timestamp":"2024-08-06 10:51:33"}
{"level":"info","message":"GET getEstacionesPrograma from database","timestamp":"2024-08-06 10:51:34"}
{"level":"info","message":"GET getProgramas from database","timestamp":"2024-08-06 10:52:33"}
{"level":"info","message":"GET getParameters from database","timestamp":"2024-08-06 10:52:34"}
{"level":"info","message":"GET getDepartamentos from database","timestamp":"2024-08-06 10:52:34"}
{"level":"info","message":"GET getTipoPuntoEstacion from database","timestamp":"2024-08-06 10:52:34"}
{"level":"info","message":"GET getMatrices from database","timestamp":"2024-08-06 10:52:34"}
{"level":"info","message":"GET getEstacionesPrograma from database","timestamp":"2024-08-06 10:52:35"}
{"level":"info","message":"GET getEstacionesPrograma from database","timestamp":"2024-08-06 10:52:36"}
{"level":"info","message":"GET getEstacionesPrograma from database","timestamp":"2024-08-06 10:52:47"}
{"level":"info","message":"GET getEstacionesPrograma from database","timestamp":"2024-08-06 10:52:48"}
{"level":"info","message":"GET getEstacionesPrograma from database","timestamp":"2024-08-06 10:52:49"}
{"level":"info","message":"GET getEstacionesPrograma from database","timestamp":"2024-08-06 10:53:07"}
{"level":"info","message":"GET getEstacionesPrograma from database","timestamp":"2024-08-06 10:53:08"}
{"level":"info","message":"GET getProgramas from database","timestamp":"2024-08-06 10:54:28"}
{"level":"info","message":"GET getParameters from database","timestamp":"2024-08-06 10:54:29"}
{"level":"info","message":"GET getTipoPuntoEstacion from database","timestamp":"2024-08-06 10:54:29"}
{"level":"info","message":"GET getMatrices from database","timestamp":"2024-08-06 10:54:29"}
{"level":"info","message":"GET getDepartamentos from database","timestamp":"2024-08-06 10:54:29"}
{"level":"info","message":"GET getEstacionesPrograma from database","timestamp":"2024-08-06 10:54:30"}
{"level":"info","message":"GET getEstacionesPrograma from database","timestamp":"2024-08-06 10:54:36"}
{"level":"info","message":"GET getProgramas from database","timestamp":"2024-08-06 10:55:11"}
{"level":"info","message":"GET getParameters from database","timestamp":"2024-08-06 10:55:12"}
{"level":"info","message":"GET getTipoPuntoEstacion from database","timestamp":"2024-08-06 10:55:12"}
{"level":"info","message":"GET getMatrices from database","timestamp":"2024-08-06 10:55:12"}
{"level":"info","message":"GET getDepartamentos from database","timestamp":"2024-08-06 10:55:12"}
{"level":"info","message":"GET getEstacionesPrograma from database","timestamp":"2024-08-06 10:55:13"}
{"level":"info","message":"GET getProgramas from database","timestamp":"2024-08-06 10:57:37"}
{"level":"info","message":"GET getParameters from database","timestamp":"2024-08-06 10:57:38"}
{"level":"info","message":"GET getTipoPuntoEstacion from database","timestamp":"2024-08-06 10:57:38"}
{"level":"info","message":"GET getDepartamentos from database","timestamp":"2024-08-06 10:57:38"}
{"level":"info","message":"GET getMatrices from database","timestamp":"2024-08-06 10:57:38"}
{"level":"info","message":"GET getEstacionesPrograma from database","timestamp":"2024-08-06 10:57:39"}
{"level":"info","message":"GET getEstacionesPrograma from database","timestamp":"2024-08-06 10:57:40"}
{"level":"info","message":"GET getEstacionesPrograma from database","timestamp":"2024-08-06 10:57:42"}
{"level":"info","message":"GET getProgramas from database","timestamp":"2024-08-06 11:01:39"}
{"level":"info","message":"GET getParameters from database","timestamp":"2024-08-06 11:01:40"}
{"level":"info","message":"GET getTipoPuntoEstacion from database","timestamp":"2024-08-06 11:01:40"}
{"level":"info","message":"GET getMatrices from database","timestamp":"2024-08-06 11:01:40"}
{"level":"info","message":"GET getDepartamentos from database","timestamp":"2024-08-06 11:01:40"}
{"level":"info","message":"GET getEstacionesPrograma from database","timestamp":"2024-08-06 11:01:42"}
{"level":"info","message":"GET getProgramas from database","timestamp":"2024-08-06 11:02:12"}
{"level":"info","message":"GET getParameters from database","timestamp":"2024-08-06 11:02:13"}
{"level":"info","message":"GET getTipoPuntoEstacion from database","timestamp":"2024-08-06 11:02:13"}
{"level":"info","message":"GET getMatrices from database","timestamp":"2024-08-06 11:02:13"}
{"level":"info","message":"GET getDepartamentos from database","timestamp":"2024-08-06 11:02:13"}
{"level":"info","message":"GET getEstacionesPrograma from database","timestamp":"2024-08-06 11:02:15"}
{"level":"info","message":"GET getEstacionesPrograma from database","timestamp":"2024-08-06 11:02:16"}
{"level":"info","message":"GET getProgramas from database","timestamp":"2024-08-06 11:02:58"}
{"level":"info","message":"GET getParameters from database","timestamp":"2024-08-06 11:03:00"}
{"level":"info","message":"GET getMatrices from database","timestamp":"2024-08-06 11:03:00"}
{"level":"info","message":"GET getTipoPuntoEstacion from database","timestamp":"2024-08-06 11:03:00"}
{"level":"info","message":"GET getDepartamentos from database","timestamp":"2024-08-06 11:03:00"}
{"level":"info","message":"GET getEstacionesPrograma from database","timestamp":"2024-08-06 11:03:01"}
{"level":"info","message":"GET getProgramas from database","timestamp":"2024-08-06 11:10:36"}
{"level":"info","message":"GET getParameters from database","timestamp":"2024-08-06 11:10:37"}
{"level":"info","message":"GET getMatrices from database","timestamp":"2024-08-06 11:10:37"}
{"level":"info","message":"GET getDepartamentos from database","timestamp":"2024-08-06 11:10:37"}
{"level":"info","message":"GET getTipoPuntoEstacion from database","timestamp":"2024-08-06 11:10:37"}
{"level":"info","message":"GET getEstacionesPrograma from database","timestamp":"2024-08-06 11:10:38"}
{"level":"info","message":"GET getEstacionesPrograma from database","timestamp":"2024-08-06 11:10:39"}
{"level":"info","message":"GET getEstacionesPrograma from database","timestamp":"2024-08-06 11:10:40"}
{"level":"info","message":"GET getEstacionesPrograma from database","timestamp":"2024-08-06 11:10:48"}
{"level":"info","message":"GET getEstacionesPrograma from database","timestamp":"2024-08-06 11:10:49"}
{"level":"info","message":"GET getProgramas from database","timestamp":"2024-08-06 11:11:47"}
{"level":"info","message":"GET getParameters from database","timestamp":"2024-08-06 11:11:48"}
{"level":"info","message":"GET getTipoPuntoEstacion from database","timestamp":"2024-08-06 11:11:48"}
{"level":"info","message":"GET getMatrices from database","timestamp":"2024-08-06 11:11:48"}
{"level":"info","message":"GET getDepartamentos from database","timestamp":"2024-08-06 11:11:48"}
{"level":"info","message":"GET getEstacionesPrograma from database","timestamp":"2024-08-06 11:11:49"}
{"level":"info","message":"GET getEstacionesPrograma from database","timestamp":"2024-08-06 11:11:50"}
{"level":"info","message":"GET getEstacionesPrograma from database","timestamp":"2024-08-06 11:11:52"}
{"level":"info","message":"GET getEstacionesPrograma from database","timestamp":"2024-08-06 11:11:57"}
{"level":"info","message":"GET getEstacionesPrograma from database","timestamp":"2024-08-06 11:15:23"}
{"level":"info","message":"GET getProgramas from database","timestamp":"2024-08-06 11:16:56"}
{"level":"info","message":"GET getParameters from database","timestamp":"2024-08-06 11:16:58"}
{"level":"info","message":"GET getDepartamentos from database","timestamp":"2024-08-06 11:16:58"}
{"level":"info","message":"GET getTipoPuntoEstacion from database","timestamp":"2024-08-06 11:16:58"}
{"level":"info","message":"GET getMatrices from database","timestamp":"2024-08-06 11:16:58"}
{"level":"info","message":"GET getProgramas from database","timestamp":"2024-08-06 11:17:29"}
{"level":"info","message":"GET getParameters from database","timestamp":"2024-08-06 11:17:30"}
{"level":"info","message":"GET getDepartamentos from database","timestamp":"2024-08-06 11:17:30"}
{"level":"info","message":"GET getMatrices from database","timestamp":"2024-08-06 11:17:30"}
{"level":"info","message":"GET getTipoPuntoEstacion from database","timestamp":"2024-08-06 11:17:30"}
{"level":"info","message":"GET getProgramas from database","timestamp":"2024-08-06 11:19:21"}
{"level":"info","message":"GET getMatrices from database","timestamp":"2024-08-06 11:19:22"}
{"level":"info","message":"GET getTipoPuntoEstacion from database","timestamp":"2024-08-06 11:19:22"}
{"level":"info","message":"GET getParameters from database","timestamp":"2024-08-06 11:19:22"}
{"level":"info","message":"GET getDepartamentos from database","timestamp":"2024-08-06 11:19:22"}
{"level":"info","message":"GET getProgramas from database","timestamp":"2024-08-06 11:19:37"}
{"level":"info","message":"GET getParameters from database","timestamp":"2024-08-06 11:19:38"}
{"level":"info","message":"GET getMatrices from database","timestamp":"2024-08-06 11:19:38"}
{"level":"info","message":"GET getTipoPuntoEstacion from database","timestamp":"2024-08-06 11:19:38"}
{"level":"info","message":"GET getDepartamentos from database","timestamp":"2024-08-06 11:19:38"}
{"level":"info","message":"GET getEstacionesPrograma from database","timestamp":"2024-08-06 11:19:49"}
{"level":"info","message":"GET getEstacionesPrograma from database","timestamp":"2024-08-06 11:22:26"}
{"level":"info","message":"POST addProgram/nombre/dfsf/codigo/sdf","timestamp":"2024-08-06 11:22:26"}
{"level":"info","message":"GET getEstacionesPrograma from database","timestamp":"2024-08-06 11:22:58"}
{"level":"error","message":"Error addProgram/SqlError: (conn=2962466, no: 1062, SQLState: 23000) Duplicate entry 'sdf' for key 'programa_codigo_programa_key'\nsql: INSERT INTO programa \n          SET  nombre_programa = ?,\n            codigo_programa = ?, \n            visible_externos = ?, \n            version = ?, \n            id_programa_silad = ?,\n            estado = ?\n           - parameters:['dfsf','sdf',0,0,0,1...]/","timestamp":"2024-08-06 11:22:58"}
{"level":"info","message":"GET getProgramas from database","timestamp":"2024-08-06 11:25:58"}
{"level":"info","message":"GET getParameters from database","timestamp":"2024-08-06 11:25:58"}
{"level":"info","message":"GET getMatrices from database","timestamp":"2024-08-06 11:25:58"}
{"level":"info","message":"GET getTipoPuntoEstacion from database","timestamp":"2024-08-06 11:25:58"}
{"level":"info","message":"GET getDepartamentos from database","timestamp":"2024-08-06 11:25:58"}
{"level":"info","message":"GET getEstacionesPrograma from database","timestamp":"2024-08-06 11:26:00"}
{"level":"info","message":"GET getEstacionesPrograma from database","timestamp":"2024-08-06 11:26:01"}
{"level":"info","message":"GET getEstacionesPrograma from database","timestamp":"2024-08-06 11:26:03"}
{"level":"info","message":"GET getProgramas from database","timestamp":"2024-08-06 11:26:32"}
{"level":"info","message":"GET getParameters from database","timestamp":"2024-08-06 11:26:33"}
{"level":"info","message":"GET getTipoPuntoEstacion from database","timestamp":"2024-08-06 11:26:33"}
{"level":"info","message":"GET getDepartamentos from database","timestamp":"2024-08-06 11:26:33"}
{"level":"info","message":"GET getMatrices from database","timestamp":"2024-08-06 11:26:33"}
{"level":"info","message":"GET getEstacionesPrograma from database","timestamp":"2024-08-06 11:26:34"}
{"level":"info","message":"GET getEstacionesPrograma from database","timestamp":"2024-08-06 11:26:35"}
{"level":"info","message":"GET getEstacionesPrograma from database","timestamp":"2024-08-06 11:26:36"}
{"level":"info","message":"GET getEstacionesPrograma from database","timestamp":"2024-08-06 11:26:40"}
{"level":"info","message":"GET getProgramas from database","timestamp":"2024-08-06 11:29:04"}
{"level":"info","message":"GET getParameters from database","timestamp":"2024-08-06 11:29:05"}
{"level":"info","message":"GET getDepartamentos from database","timestamp":"2024-08-06 11:29:05"}
{"level":"info","message":"GET getMatrices from database","timestamp":"2024-08-06 11:29:05"}
{"level":"info","message":"GET getTipoPuntoEstacion from database","timestamp":"2024-08-06 11:29:05"}
{"level":"info","message":"GET getEstacionesPrograma from database","timestamp":"2024-08-06 11:29:07"}
{"level":"info","message":"GET getEstacionesPrograma from database","timestamp":"2024-08-06 11:29:08"}
{"level":"info","message":"GET getProgramas from database","timestamp":"2024-08-06 11:29:59"}
{"level":"info","message":"GET getParameters from database","timestamp":"2024-08-06 11:30:00"}
{"level":"info","message":"GET getTipoPuntoEstacion from database","timestamp":"2024-08-06 11:30:00"}
{"level":"info","message":"GET getMatrices from database","timestamp":"2024-08-06 11:30:00"}
{"level":"info","message":"GET getDepartamentos from database","timestamp":"2024-08-06 11:30:00"}
{"level":"info","message":"GET getEstacionesPrograma from database","timestamp":"2024-08-06 11:30:03"}
{"level":"info","message":"GET getEstacionesPrograma from database","timestamp":"2024-08-06 11:30:11"}
{"level":"info","message":"GET getProgramas from database","timestamp":"2024-08-06 11:30:56"}
{"level":"info","message":"GET getParameters from database","timestamp":"2024-08-06 11:30:57"}
{"level":"info","message":"GET getTipoPuntoEstacion from database","timestamp":"2024-08-06 11:30:57"}
{"level":"info","message":"GET getMatrices from database","timestamp":"2024-08-06 11:30:57"}
{"level":"info","message":"GET getDepartamentos from database","timestamp":"2024-08-06 11:30:57"}
{"level":"info","message":"GET getEstacionesPrograma from database","timestamp":"2024-08-06 11:31:00"}
{"level":"info","message":"GET getProgramas from database","timestamp":"2024-08-06 11:33:00"}
{"level":"info","message":"GET getParameters from database","timestamp":"2024-08-06 11:33:01"}
{"level":"info","message":"GET getTipoPuntoEstacion from database","timestamp":"2024-08-06 11:33:01"}
{"level":"info","message":"GET getMatrices from database","timestamp":"2024-08-06 11:33:01"}
{"level":"info","message":"GET getDepartamentos from database","timestamp":"2024-08-06 11:33:01"}
{"level":"info","message":"GET getEstacionesPrograma from database","timestamp":"2024-08-06 11:37:13"}
{"level":"info","message":"GET getProgramas from database","timestamp":"2024-08-06 11:44:50"}
{"level":"info","message":"GET getParameters from database","timestamp":"2024-08-06 11:44:51"}
{"level":"info","message":"GET getTipoPuntoEstacion from database","timestamp":"2024-08-06 11:44:51"}
{"level":"info","message":"GET getMatrices from database","timestamp":"2024-08-06 11:44:51"}
{"level":"info","message":"GET getDepartamentos from database","timestamp":"2024-08-06 11:44:51"}
{"level":"info","message":"GET getProgramas from database","timestamp":"2024-08-06 11:46:30"}
{"level":"info","message":"GET getParameters from database","timestamp":"2024-08-06 11:46:31"}
{"level":"info","message":"GET getTipoPuntoEstacion from database","timestamp":"2024-08-06 11:46:31"}
{"level":"info","message":"GET getDepartamentos from database","timestamp":"2024-08-06 11:46:31"}
{"level":"info","message":"GET getMatrices from database","timestamp":"2024-08-06 11:46:31"}
{"level":"info","message":"GET getProgramas from database","timestamp":"2024-08-06 11:48:00"}
{"level":"info","message":"GET getParameters from database","timestamp":"2024-08-06 11:48:01"}
{"level":"info","message":"GET getTipoPuntoEstacion from database","timestamp":"2024-08-06 11:48:01"}
{"level":"info","message":"GET getDepartamentos from database","timestamp":"2024-08-06 11:48:02"}
{"level":"info","message":"GET getMatrices from database","timestamp":"2024-08-06 11:48:02"}
{"level":"info","message":"GET getProgramas from database","timestamp":"2024-08-06 11:50:12"}
{"level":"info","message":"GET getParameters from database","timestamp":"2024-08-06 11:50:13"}
{"level":"info","message":"GET getMatrices from database","timestamp":"2024-08-06 11:50:13"}
{"level":"info","message":"GET getDepartamentos from database","timestamp":"2024-08-06 11:50:13"}
{"level":"info","message":"GET getTipoPuntoEstacion from database","timestamp":"2024-08-06 11:50:13"}
{"level":"info","message":"GET getEstacionesPrograma from database","timestamp":"2024-08-06 11:50:20"}
{"level":"info","message":"GET getEstacionesPrograma from database","timestamp":"2024-08-06 11:50:21"}
{"level":"info","message":"GET getProgramas from database","timestamp":"2024-08-06 11:53:50"}
{"level":"info","message":"GET getParameters from database","timestamp":"2024-08-06 11:53:51"}
{"level":"info","message":"GET getDepartamentos from database","timestamp":"2024-08-06 11:53:51"}
{"level":"info","message":"GET getMatrices from database","timestamp":"2024-08-06 11:53:51"}
{"level":"info","message":"GET getTipoPuntoEstacion from database","timestamp":"2024-08-06 11:53:51"}
{"level":"info","message":"GET getEstacionesPrograma from database","timestamp":"2024-08-06 11:54:05"}
{"level":"info","message":"GET getEstacionesPrograma from database","timestamp":"2024-08-06 11:54:06"}
{"level":"info","message":"GET getProgramas from database","timestamp":"2024-08-06 12:10:45"}
{"level":"info","message":"GET getParameters from database","timestamp":"2024-08-06 12:10:46"}
{"level":"info","message":"GET getTipoPuntoEstacion from database","timestamp":"2024-08-06 12:10:46"}
{"level":"info","message":"GET getMatrices from database","timestamp":"2024-08-06 12:10:46"}
{"level":"info","message":"GET getDepartamentos from database","timestamp":"2024-08-06 12:10:46"}
{"level":"info","message":"GET getProgramas from database","timestamp":"2024-08-06 12:12:01"}
{"level":"info","message":"GET getParameters from database","timestamp":"2024-08-06 12:12:02"}
{"level":"info","message":"GET getTipoPuntoEstacion from database","timestamp":"2024-08-06 12:12:02"}
{"level":"info","message":"GET getMatrices from database","timestamp":"2024-08-06 12:12:02"}
{"level":"info","message":"GET getDepartamentos from database","timestamp":"2024-08-06 12:12:02"}
{"level":"info","message":"GET getProgramas from database","timestamp":"2024-08-06 13:20:14"}
{"level":"info","message":"GET getParameters from database","timestamp":"2024-08-06 13:20:15"}
{"level":"info","message":"GET getDepartamentos from database","timestamp":"2024-08-06 13:20:15"}
{"level":"info","message":"GET getTipoPuntoEstacion from database","timestamp":"2024-08-06 13:20:15"}
{"level":"info","message":"GET getMatrices from database","timestamp":"2024-08-06 13:20:15"}
{"level":"info","message":"GET getProgramas from database","timestamp":"2024-08-06 13:21:09"}
{"level":"info","message":"GET getParameters from database","timestamp":"2024-08-06 13:21:10"}
{"level":"info","message":"GET getTipoPuntoEstacion from database","timestamp":"2024-08-06 13:21:10"}
{"level":"info","message":"GET getMatrices from database","timestamp":"2024-08-06 13:21:10"}
{"level":"info","message":"GET getDepartamentos from database","timestamp":"2024-08-06 13:21:10"}
{"level":"info","message":"GET getProgramas from database","timestamp":"2024-08-06 13:21:46"}
{"level":"info","message":"GET getParameters from database","timestamp":"2024-08-06 13:21:47"}
{"level":"info","message":"GET getMatrices from database","timestamp":"2024-08-06 13:21:47"}
{"level":"info","message":"GET getTipoPuntoEstacion from database","timestamp":"2024-08-06 13:21:47"}
{"level":"info","message":"GET getDepartamentos from database","timestamp":"2024-08-06 13:21:47"}
{"level":"info","message":"GET getProgramas from database","timestamp":"2024-08-06 13:22:20"}
{"level":"info","message":"GET getParameters from database","timestamp":"2024-08-06 13:22:21"}
{"level":"info","message":"GET getMatrices from database","timestamp":"2024-08-06 13:22:21"}
{"level":"info","message":"GET getDepartamentos from database","timestamp":"2024-08-06 13:22:21"}
{"level":"info","message":"GET getTipoPuntoEstacion from database","timestamp":"2024-08-06 13:22:21"}
{"level":"info","message":"GET getProgramas from database","timestamp":"2024-08-06 13:22:46"}
{"level":"info","message":"GET getParameters from database","timestamp":"2024-08-06 13:22:47"}
{"level":"info","message":"GET getTipoPuntoEstacion from database","timestamp":"2024-08-06 13:22:47"}
{"level":"info","message":"GET getMatrices from database","timestamp":"2024-08-06 13:22:47"}
{"level":"info","message":"GET getDepartamentos from database","timestamp":"2024-08-06 13:22:47"}
{"level":"info","message":"GET getProgramas from database","timestamp":"2024-08-06 13:23:12"}
{"level":"info","message":"GET getParameters from database","timestamp":"2024-08-06 13:23:13"}
{"level":"info","message":"GET getTipoPuntoEstacion from database","timestamp":"2024-08-06 13:23:13"}
{"level":"info","message":"GET getMatrices from database","timestamp":"2024-08-06 13:23:13"}
{"level":"info","message":"GET getDepartamentos from database","timestamp":"2024-08-06 13:23:13"}
{"level":"info","message":"GET getProgramas from database","timestamp":"2024-08-06 13:24:01"}
{"level":"info","message":"GET getParameters from database","timestamp":"2024-08-06 13:24:03"}
{"level":"info","message":"GET getDepartamentos from database","timestamp":"2024-08-06 13:24:03"}
{"level":"info","message":"GET getMatrices from database","timestamp":"2024-08-06 13:24:03"}
{"level":"info","message":"GET getTipoPuntoEstacion from database","timestamp":"2024-08-06 13:24:03"}
{"level":"info","message":"GET getProgramas from database","timestamp":"2024-08-06 13:24:47"}
{"level":"info","message":"GET getParameters from database","timestamp":"2024-08-06 13:24:48"}
{"level":"info","message":"GET getDepartamentos from database","timestamp":"2024-08-06 13:24:48"}
{"level":"info","message":"GET getMatrices from database","timestamp":"2024-08-06 13:24:48"}
{"level":"info","message":"GET getTipoPuntoEstacion from database","timestamp":"2024-08-06 13:24:48"}
{"level":"info","message":"GET getProgramas from database","timestamp":"2024-08-06 13:25:23"}
{"level":"info","message":"GET getParameters from database","timestamp":"2024-08-06 13:25:24"}
{"level":"info","message":"GET getTipoPuntoEstacion from database","timestamp":"2024-08-06 13:25:24"}
{"level":"info","message":"GET getMatrices from database","timestamp":"2024-08-06 13:25:24"}
{"level":"info","message":"GET getDepartamentos from database","timestamp":"2024-08-06 13:25:24"}
{"level":"info","message":"GET getProgramas from database","timestamp":"2024-08-06 13:25:45"}
{"level":"info","message":"GET getParameters from database","timestamp":"2024-08-06 13:25:46"}
{"level":"info","message":"GET getTipoPuntoEstacion from database","timestamp":"2024-08-06 13:25:46"}
{"level":"info","message":"GET getMatrices from database","timestamp":"2024-08-06 13:25:46"}
{"level":"info","message":"GET getDepartamentos from database","timestamp":"2024-08-06 13:25:46"}
{"level":"info","message":"GET getEstacionesPrograma from database","timestamp":"2024-08-06 13:26:00"}
{"level":"info","message":"GET getProgramas from database","timestamp":"2024-08-06 13:28:59"}
{"level":"info","message":"GET getParameters from database","timestamp":"2024-08-06 13:28:59"}
{"level":"info","message":"GET getTipoPuntoEstacion from database","timestamp":"2024-08-06 13:28:59"}
{"level":"info","message":"GET getDepartamentos from database","timestamp":"2024-08-06 13:28:59"}
{"level":"info","message":"GET getMatrices from database","timestamp":"2024-08-06 13:28:59"}
{"level":"info","message":"GET getProgramas from database","timestamp":"2024-08-06 13:31:14"}
{"level":"info","message":"GET getParameters from database","timestamp":"2024-08-06 13:31:16"}
{"level":"info","message":"GET getTipoPuntoEstacion from database","timestamp":"2024-08-06 13:31:16"}
{"level":"info","message":"GET getMatrices from database","timestamp":"2024-08-06 13:31:16"}
{"level":"info","message":"GET getDepartamentos from database","timestamp":"2024-08-06 13:31:16"}
{"level":"info","message":"GET getEstacionesPrograma from database","timestamp":"2024-08-06 13:35:23"}
{"level":"info","message":"GET getEstacionesPrograma from database","timestamp":"2024-08-06 13:35:26"}
{"level":"info","message":"GET getProgramas from database","timestamp":"2024-08-06 13:39:03"}
{"level":"info","message":"GET getParameters from database","timestamp":"2024-08-06 13:39:04"}
{"level":"info","message":"GET getTipoPuntoEstacion from database","timestamp":"2024-08-06 13:39:05"}
{"level":"info","message":"GET getMatrices from database","timestamp":"2024-08-06 13:39:05"}
{"level":"info","message":"GET getDepartamentos from database","timestamp":"2024-08-06 13:39:05"}
{"level":"info","message":"GET getEstacionesPrograma from database","timestamp":"2024-08-06 13:39:07"}
{"level":"info","message":"GET getProgramas from database","timestamp":"2024-08-06 13:39:25"}
{"level":"info","message":"GET getParameters from database","timestamp":"2024-08-06 13:39:29"}
{"level":"info","message":"GET getTipoPuntoEstacion from database","timestamp":"2024-08-06 13:39:29"}
{"level":"info","message":"GET getDepartamentos from database","timestamp":"2024-08-06 13:39:29"}
{"level":"info","message":"GET getMatrices from database","timestamp":"2024-08-06 13:39:29"}
{"level":"info","message":"GET getEstacionesPrograma from database","timestamp":"2024-08-06 13:39:30"}
{"level":"info","message":"GET getProgramas from database","timestamp":"2024-08-06 13:40:00"}
{"level":"info","message":"GET getParameters from database","timestamp":"2024-08-06 13:40:01"}
{"level":"info","message":"GET getTipoPuntoEstacion from database","timestamp":"2024-08-06 13:40:01"}
{"level":"info","message":"GET getDepartamentos from database","timestamp":"2024-08-06 13:40:01"}
{"level":"info","message":"GET getMatrices from database","timestamp":"2024-08-06 13:40:01"}
{"level":"info","message":"GET getEstacionesPrograma from database","timestamp":"2024-08-06 13:40:02"}
{"level":"info","message":"GET getProgramas from database","timestamp":"2024-08-06 13:42:28"}
{"level":"info","message":"GET getParameters from database","timestamp":"2024-08-06 13:42:29"}
{"level":"info","message":"GET getMatrices from database","timestamp":"2024-08-06 13:42:29"}
{"level":"info","message":"GET getTipoPuntoEstacion from database","timestamp":"2024-08-06 13:42:29"}
{"level":"info","message":"GET getDepartamentos from database","timestamp":"2024-08-06 13:42:29"}
{"level":"info","message":"GET getParameters from database","timestamp":"2024-08-06 13:43:15"}
{"level":"info","message":"GET getTipoPuntoEstacion from database","timestamp":"2024-08-06 13:43:15"}
{"level":"info","message":"GET getMatrices from database","timestamp":"2024-08-06 13:43:15"}
{"level":"info","message":"GET getDepartamentos from database","timestamp":"2024-08-06 13:43:15"}
