
{"level":"info","message":"GET getProgramas from database","timestamp":"2024-08-02 08:50:26"}
{"level":"info","message":"GET getProgramas from database","timestamp":"2024-08-02 09:07:27"}
{"level":"info","message":"GET getParameters from database","timestamp":"2024-08-02 09:07:32"}
{"level":"info","message":"GET getProgramas from database","timestamp":"2024-08-02 09:14:09"}
{"level":"info","message":"GET getParameters from database","timestamp":"2024-08-02 09:14:10"}
{"level":"info","message":"GET getDepartamentos from database","timestamp":"2024-08-02 09:14:10"}
{"level":"info","message":"GET getTipoPuntoEstacion from database","timestamp":"2024-08-02 09:14:10"}
{"level":"info","message":"GET getMatrices from database","timestamp":"2024-08-02 09:14:10"}
{"level":"info","message":"GET getParameters from database","timestamp":"2024-08-02 09:15:46"}
{"level":"info","message":"GET getTipoPuntoEstacion from database","timestamp":"2024-08-02 09:15:46"}
{"level":"info","message":"GET getMatrices from database","timestamp":"2024-08-02 09:15:46"}
{"level":"info","message":"GET getDepartamentos from database","timestamp":"2024-08-02 09:15:46"}
{"level":"info","message":"GET getProgramas from database","timestamp":"2024-08-02 09:16:48"}
{"level":"info","message":"GET getParameters from database","timestamp":"2024-08-02 09:16:49"}
{"level":"info","message":"GET getTipoPuntoEstacion from database","timestamp":"2024-08-02 09:16:49"}
{"level":"info","message":"GET getMatrices from database","timestamp":"2024-08-02 09:16:49"}
{"level":"info","message":"GET getDepartamentos from database","timestamp":"2024-08-02 09:16:49"}
{"level":"info","message":"GET getProgramas from database","timestamp":"2024-08-02 09:18:02"}
{"level":"info","message":"GET getParameters from database","timestamp":"2024-08-02 09:18:03"}
{"level":"info","message":"GET getTipoPuntoEstacion from database","timestamp":"2024-08-02 09:18:03"}
{"level":"info","message":"GET getMatrices from database","timestamp":"2024-08-02 09:18:03"}
{"level":"info","message":"GET getDepartamentos from database","timestamp":"2024-08-02 09:18:03"}
{"level":"info","message":"GET getProgramas from database","timestamp":"2024-08-02 09:20:57"}
{"level":"info","message":"GET getParameters from database","timestamp":"2024-08-02 09:20:58"}
{"level":"info","message":"GET getTipoPuntoEstacion from database","timestamp":"2024-08-02 09:20:58"}
{"level":"info","message":"GET getMatrices from database","timestamp":"2024-08-02 09:20:58"}
{"level":"info","message":"GET getDepartamentos from database","timestamp":"2024-08-02 09:20:58"}
{"level":"info","message":"GET getProgramas from database","timestamp":"2024-08-02 09:24:32"}
{"level":"info","message":"GET getParameters from database","timestamp":"2024-08-02 09:24:33"}
{"level":"info","message":"GET getTipoPuntoEstacion from database","timestamp":"2024-08-02 09:24:33"}
{"level":"info","message":"GET getMatrices from database","timestamp":"2024-08-02 09:24:33"}
{"level":"info","message":"GET getDepartamentos from database","timestamp":"2024-08-02 09:24:33"}
{"level":"info","message":"GET getProgramas from database","timestamp":"2024-08-02 09:25:20"}
{"level":"info","message":"GET getParameters from database","timestamp":"2024-08-02 09:25:21"}
{"level":"info","message":"GET getTipoPuntoEstacion from database","timestamp":"2024-08-02 09:25:21"}
{"level":"info","message":"GET getMatrices from database","timestamp":"2024-08-02 09:25:21"}
{"level":"info","message":"GET getDepartamentos from database","timestamp":"2024-08-02 09:25:21"}
{"level":"info","message":"GET getProgramas from database","timestamp":"2024-08-02 09:27:13"}
{"level":"info","message":"GET getParameters from database","timestamp":"2024-08-02 09:27:14"}
{"level":"info","message":"GET getMatrices from database","timestamp":"2024-08-02 09:27:14"}
{"level":"info","message":"GET getTipoPuntoEstacion from database","timestamp":"2024-08-02 09:27:14"}
{"level":"info","message":"GET getDepartamentos from database","timestamp":"2024-08-02 09:27:14"}
{"level":"info","message":"GET getProgramas from database","timestamp":"2024-08-02 09:29:06"}
{"level":"info","message":"GET getParameters from database","timestamp":"2024-08-02 09:29:07"}
{"level":"info","message":"GET getTipoPuntoEstacion from database","timestamp":"2024-08-02 09:29:07"}
{"level":"info","message":"GET getMatrices from database","timestamp":"2024-08-02 09:29:07"}
{"level":"info","message":"GET getDepartamentos from database","timestamp":"2024-08-02 09:29:07"}
{"level":"info","message":"GET getProgramas from database","timestamp":"2024-08-02 09:29:42"}
{"level":"info","message":"GET getParameters from database","timestamp":"2024-08-02 09:29:43"}
{"level":"info","message":"GET getTipoPuntoEstacion from database","timestamp":"2024-08-02 09:29:43"}
{"level":"info","message":"GET getMatrices from database","timestamp":"2024-08-02 09:29:43"}
{"level":"info","message":"GET getDepartamentos from database","timestamp":"2024-08-02 09:29:43"}
{"level":"info","message":"GET getProgramas from database","timestamp":"2024-08-02 09:30:31"}
{"level":"info","message":"GET getParameters from database","timestamp":"2024-08-02 09:30:32"}
{"level":"info","message":"GET getTipoPuntoEstacion from database","timestamp":"2024-08-02 09:30:32"}
{"level":"info","message":"GET getMatrices from database","timestamp":"2024-08-02 09:30:32"}
{"level":"info","message":"GET getDepartamentos from database","timestamp":"2024-08-02 09:30:32"}
{"level":"info","message":"GET getProgramas from database","timestamp":"2024-08-02 09:31:27"}
{"level":"info","message":"GET getParameters from database","timestamp":"2024-08-02 09:31:28"}
{"level":"info","message":"GET getTipoPuntoEstacion from database","timestamp":"2024-08-02 09:31:28"}
{"level":"info","message":"GET getDepartamentos from database","timestamp":"2024-08-02 09:31:28"}
{"level":"info","message":"GET getMatrices from database","timestamp":"2024-08-02 09:31:28"}
{"level":"info","message":"GET getProgramas from database","timestamp":"2024-08-02 09:34:59"}
{"level":"info","message":"GET getParameters from database","timestamp":"2024-08-02 09:35:00"}
{"level":"info","message":"GET getTipoPuntoEstacion from database","timestamp":"2024-08-02 09:35:00"}
{"level":"info","message":"GET getMatrices from database","timestamp":"2024-08-02 09:35:00"}
{"level":"info","message":"GET getDepartamentos from database","timestamp":"2024-08-02 09:35:00"}
{"level":"info","message":"GET getProgramas from database","timestamp":"2024-08-02 09:35:55"}
{"level":"info","message":"GET getParameters from database","timestamp":"2024-08-02 09:35:56"}
{"level":"info","message":"GET getTipoPuntoEstacion from database","timestamp":"2024-08-02 09:35:56"}
{"level":"info","message":"GET getMatrices from database","timestamp":"2024-08-02 09:35:56"}
{"level":"info","message":"GET getDepartamentos from database","timestamp":"2024-08-02 09:35:56"}
{"level":"info","message":"GET getProgramas from database","timestamp":"2024-08-02 09:37:38"}
{"level":"info","message":"GET getParameters from database","timestamp":"2024-08-02 09:37:39"}
{"level":"info","message":"GET getTipoPuntoEstacion from database","timestamp":"2024-08-02 09:37:39"}
{"level":"info","message":"GET getMatrices from database","timestamp":"2024-08-02 09:37:39"}
{"level":"info","message":"GET getDepartamentos from database","timestamp":"2024-08-02 09:37:39"}
{"level":"info","message":"GET getProgramas from database","timestamp":"2024-08-02 09:38:55"}
{"level":"info","message":"GET getParameters from database","timestamp":"2024-08-02 09:38:56"}
{"level":"info","message":"GET getTipoPuntoEstacion from database","timestamp":"2024-08-02 09:38:56"}
{"level":"info","message":"GET getMatrices from database","timestamp":"2024-08-02 09:38:56"}
{"level":"info","message":"GET getDepartamentos from database","timestamp":"2024-08-02 09:38:56"}
{"level":"info","message":"GET getProgramas from database","timestamp":"2024-08-02 09:39:35"}
{"level":"info","message":"GET getParameters from database","timestamp":"2024-08-02 09:39:36"}
{"level":"info","message":"GET getTipoPuntoEstacion from database","timestamp":"2024-08-02 09:39:36"}
{"level":"info","message":"GET getMatrices from database","timestamp":"2024-08-02 09:39:36"}
{"level":"info","message":"GET getDepartamentos from database","timestamp":"2024-08-02 09:39:36"}
{"level":"info","message":"GET getProgramas from database","timestamp":"2024-08-02 09:44:36"}
{"level":"info","message":"GET getParameters from database","timestamp":"2024-08-02 09:44:37"}
{"level":"info","message":"GET getTipoPuntoEstacion from database","timestamp":"2024-08-02 09:44:37"}
{"level":"info","message":"GET getMatrices from database","timestamp":"2024-08-02 09:44:37"}
{"level":"info","message":"GET getDepartamentos from database","timestamp":"2024-08-02 09:44:37"}
{"level":"info","message":"GET getProgramas from database","timestamp":"2024-08-02 09:45:29"}
{"level":"info","message":"GET getParameters from database","timestamp":"2024-08-02 09:45:31"}
{"level":"info","message":"GET getTipoPuntoEstacion from database","timestamp":"2024-08-02 09:45:31"}
{"level":"info","message":"GET getMatrices from database","timestamp":"2024-08-02 09:45:31"}
{"level":"info","message":"GET getDepartamentos from database","timestamp":"2024-08-02 09:45:31"}
{"level":"info","message":"GET getProgramas from database","timestamp":"2024-08-02 09:46:23"}
{"level":"info","message":"GET getParameters from database","timestamp":"2024-08-02 09:46:25"}
{"level":"info","message":"GET getDepartamentos from database","timestamp":"2024-08-02 09:46:25"}
{"level":"info","message":"GET getTipoPuntoEstacion from database","timestamp":"2024-08-02 09:46:25"}
{"level":"info","message":"GET getMatrices from database","timestamp":"2024-08-02 09:46:25"}
{"level":"info","message":"GET getProgramas from database","timestamp":"2024-08-02 10:11:10"}
{"level":"info","message":"GET getParameters from database","timestamp":"2024-08-02 10:11:12"}
{"level":"info","message":"GET getTipoPuntoEstacion from database","timestamp":"2024-08-02 10:11:12"}
{"level":"info","message":"GET getMatrices from database","timestamp":"2024-08-02 10:11:12"}
{"level":"info","message":"GET getDepartamentos from database","timestamp":"2024-08-02 10:11:12"}
{"level":"info","message":"GET getProgramas from database","timestamp":"2024-08-02 10:12:34"}
{"level":"info","message":"GET getParameters from database","timestamp":"2024-08-02 10:12:35"}
{"level":"info","message":"GET getMatrices from database","timestamp":"2024-08-02 10:12:35"}
{"level":"info","message":"GET getTipoPuntoEstacion from database","timestamp":"2024-08-02 10:12:35"}
{"level":"info","message":"GET getDepartamentos from database","timestamp":"2024-08-02 10:12:35"}
{"level":"info","message":"GET getProgramas from database","timestamp":"2024-08-02 13:48:06"}
{"level":"info","message":"GET getParameters from database","timestamp":"2024-08-02 13:48:08"}
{"level":"info","message":"GET getTipoPuntoEstacion from database","timestamp":"2024-08-02 13:48:08"}
{"level":"info","message":"GET getMatrices from database","timestamp":"2024-08-02 13:48:08"}
{"level":"info","message":"GET getDepartamentos from database","timestamp":"2024-08-02 13:48:08"}
