{"level":"info","message":"GET getProgramas from database","timestamp":"2024-07-03 11:24:44"}
{"level":"info","message":"GET getParameters from database","timestamp":"2024-07-03 11:24:56"}
{"level":"info","message":"GET getMatrices from database","timestamp":"2024-07-03 11:25:00"}
{"level":"info","message":"GET getTipoPuntoEstacion from database","timestamp":"2024-07-03 11:25:00"}
{"level":"info","message":"GET getDepartamentos from database","timestamp":"2024-07-03 11:25:00"}
{"level":"info","message":"GET getProgramas from database","timestamp":"2024-07-03 12:07:04"}
{"level":"info","message":"GET getParameters from database","timestamp":"2024-07-03 12:07:05"}
{"level":"info","message":"GET getMatrices from database","timestamp":"2024-07-03 12:07:06"}
{"level":"info","message":"GET getTipoPuntoEstacion from database","timestamp":"2024-07-03 12:07:06"}
{"level":"info","message":"GET getDepartamentos from database","timestamp":"2024-07-03 12:07:06"}
{"level":"info","message":"GET subcuenca by LatLong from database","timestamp":"2024-07-03 12:07:43"}
{"level":"info","message":"GET getProgramas from database","timestamp":"2024-07-03 12:14:37"}
{"level":"info","message":"GET getParameters from database","timestamp":"2024-07-03 12:14:38"}
{"level":"info","message":"GET getTipoPuntoEstacion from database","timestamp":"2024-07-03 12:14:39"}
{"level":"info","message":"GET getMatrices from database","timestamp":"2024-07-03 12:14:39"}
{"level":"info","message":"GET getDepartamentos from database","timestamp":"2024-07-03 12:14:39"}
{"level":"info","message":"GET subcuenca by LatLong from database","timestamp":"2024-07-03 12:15:18"}
{"level":"info","message":"GET getProgramas from database","timestamp":"2024-07-03 13:24:13"}
{"level":"info","message":"GET getParameters from database","timestamp":"2024-07-03 13:24:14"}
{"level":"info","message":"GET getTipoPuntoEstacion from database","timestamp":"2024-07-03 13:24:16"}
{"level":"info","message":"GET getMatrices from database","timestamp":"2024-07-03 13:24:16"}
{"level":"info","message":"GET getDepartamentos from database","timestamp":"2024-07-03 13:24:16"}
{"level":"info","message":"GET subcuenca by LatLong from database","timestamp":"2024-07-03 13:24:34"}
{"level":"info","message":"GET getProgramas from database","timestamp":"2024-07-03 13:25:33"}
{"level":"info","message":"GET getParameters from database","timestamp":"2024-07-03 13:25:34"}
{"level":"info","message":"GET getTipoPuntoEstacion from database","timestamp":"2024-07-03 13:25:35"}
{"level":"info","message":"GET getMatrices from database","timestamp":"2024-07-03 13:25:35"}
{"level":"info","message":"GET getDepartamentos from database","timestamp":"2024-07-03 13:25:35"}
{"level":"info","message":"GET subcuenca by LatLong from database","timestamp":"2024-07-03 13:25:47"}
{"level":"info","message":"GET getProgramas from database","timestamp":"2024-07-03 13:38:00"}
{"level":"info","message":"GET getParameters from database","timestamp":"2024-07-03 13:38:01"}
{"level":"info","message":"GET getTipoPuntoEstacion from database","timestamp":"2024-07-03 13:38:02"}
{"level":"info","message":"GET getMatrices from database","timestamp":"2024-07-03 13:38:02"}
{"level":"info","message":"GET getDepartamentos from database","timestamp":"2024-07-03 13:38:02"}
{"level":"info","message":"GET subcuenca by LatLong from database","timestamp":"2024-07-03 13:38:27"}
{"level":"info","message":"GET getCuencaId from database","timestamp":"2024-07-03 13:38:27"}
{"level":"info","message":"GET subcuenca by LatLong from database","timestamp":"2024-07-03 13:40:36"}
{"level":"info","message":"GET getCuencaId from database","timestamp":"2024-07-03 13:40:36"}
{"level":"info","message":"GET subcuenca by LatLong from database","timestamp":"2024-07-03 13:40:41"}
{"level":"info","message":"GET getCuencaId from database","timestamp":"2024-07-03 13:40:41"}
{"level":"info","message":"GET subcuenca by LatLong from database","timestamp":"2024-07-03 13:40:59"}
{"level":"info","message":"GET getCuencaId from database","timestamp":"2024-07-03 13:40:59"}
{"level":"info","message":"GET subcuenca by LatLong from database","timestamp":"2024-07-03 13:41:00"}
{"level":"info","message":"GET getCuencaId from database","timestamp":"2024-07-03 13:41:00"}
{"level":"info","message":"GET subcuenca by LatLong from database","timestamp":"2024-07-03 13:41:01"}
{"level":"info","message":"GET getCuencaId from database","timestamp":"2024-07-03 13:41:01"}
{"level":"info","message":"GET subcuenca by LatLong from database","timestamp":"2024-07-03 13:41:01"}
{"level":"info","message":"GET getCuencaId from database","timestamp":"2024-07-03 13:41:01"}
{"level":"info","message":"GET subcuenca by LatLong from database","timestamp":"2024-07-03 13:41:01"}
{"level":"info","message":"GET getCuencaId from database","timestamp":"2024-07-03 13:41:01"}
{"level":"info","message":"GET subcuenca by LatLong from database","timestamp":"2024-07-03 13:41:02"}
{"level":"info","message":"GET getCuencaId from database","timestamp":"2024-07-03 13:41:02"}
{"level":"info","message":"GET subcuenca by LatLong from database","timestamp":"2024-07-03 13:41:02"}
{"level":"info","message":"GET getCuencaId from database","timestamp":"2024-07-03 13:41:02"}
{"level":"info","message":"GET subcuenca by LatLong from database","timestamp":"2024-07-03 13:41:02"}
{"level":"info","message":"GET getCuencaId from database","timestamp":"2024-07-03 13:41:02"}
{"level":"info","message":"GET subcuenca by LatLong from database","timestamp":"2024-07-03 13:41:02"}
{"level":"info","message":"GET getCuencaId from database","timestamp":"2024-07-03 13:41:02"}
{"level":"info","message":"GET subcuenca by LatLong from database","timestamp":"2024-07-03 13:41:02"}
{"level":"info","message":"GET getCuencaId from database","timestamp":"2024-07-03 13:41:02"}
{"level":"info","message":"GET subcuenca by LatLong from database","timestamp":"2024-07-03 13:41:02"}
{"level":"info","message":"GET getCuencaId from database","timestamp":"2024-07-03 13:41:02"}
{"level":"info","message":"GET getProgramas from database","timestamp":"2024-07-03 13:41:33"}
{"level":"info","message":"GET getParameters from database","timestamp":"2024-07-03 13:41:42"}
{"level":"info","message":"GET getDepartamentos from database","timestamp":"2024-07-03 13:41:44"}
{"level":"info","message":"GET getTipoPuntoEstacion from database","timestamp":"2024-07-03 13:41:44"}
{"level":"info","message":"GET getMatrices from database","timestamp":"2024-07-03 13:41:44"}
{"level":"info","message":"GET subcuenca by LatLong from database","timestamp":"2024-07-03 13:42:00"}
{"level":"info","message":"GET getCuencaId from database","timestamp":"2024-07-03 13:42:00"}
{"level":"info","message":"GET getProgramas from database","timestamp":"2024-07-03 13:47:16"}
{"level":"info","message":"GET getParameters from database","timestamp":"2024-07-03 13:47:17"}
{"level":"info","message":"GET getTipoPuntoEstacion from database","timestamp":"2024-07-03 13:47:19"}
{"level":"info","message":"GET getMatrices from database","timestamp":"2024-07-03 13:47:19"}
{"level":"info","message":"GET getDepartamentos from database","timestamp":"2024-07-03 13:47:19"}
{"level":"info","message":"GET subcuenca by LatLong from database","timestamp":"2024-07-03 13:47:40"}
{"level":"info","message":"GET getCuencaId from database","timestamp":"2024-07-03 13:47:40"}
{"level":"info","message":"GET subcuenca by LatLong from database","timestamp":"2024-07-03 13:48:15"}
{"level":"info","message":"GET getCuencaId from database","timestamp":"2024-07-03 13:48:15"}
{"level":"info","message":"GET getProgramas from database","timestamp":"2024-07-03 13:48:33"}
{"level":"info","message":"GET getParameters from database","timestamp":"2024-07-03 13:48:34"}
{"level":"info","message":"GET getMatrices from database","timestamp":"2024-07-03 13:48:35"}
{"level":"info","message":"GET getDepartamentos from database","timestamp":"2024-07-03 13:48:35"}
{"level":"info","message":"GET getTipoPuntoEstacion from database","timestamp":"2024-07-03 13:48:35"}
{"level":"info","message":"GET subcuenca by LatLong from database","timestamp":"2024-07-03 13:48:54"}
{"level":"info","message":"GET getCuencaId from database","timestamp":"2024-07-03 13:48:54"}
{"level":"info","message":"GET getProgramas from database","timestamp":"2024-07-03 13:49:53"}
{"level":"info","message":"GET getParameters from database","timestamp":"2024-07-03 13:49:54"}
{"level":"info","message":"GET getTipoPuntoEstacion from database","timestamp":"2024-07-03 13:49:55"}
{"level":"info","message":"GET getMatrices from database","timestamp":"2024-07-03 13:49:55"}
{"level":"info","message":"GET getDepartamentos from database","timestamp":"2024-07-03 13:49:55"}
{"level":"info","message":"GET subcuenca by LatLong from database","timestamp":"2024-07-03 13:50:10"}
{"level":"info","message":"GET getCuencaId from database","timestamp":"2024-07-03 13:50:10"}
