{"level":"info","message":"GET getProgramas from database","timestamp":"2024-09-02 09:26:30"}
{"level":"info","message":"GET getParameters from database","timestamp":"2024-09-02 09:26:32"}
{"level":"info","message":"GET getDepartamentos from database","timestamp":"2024-09-02 09:26:32"}
{"level":"info","message":"GET getTipoPuntoEstacion from database","timestamp":"2024-09-02 09:26:32"}
{"level":"info","message":"GET getMatrices from database","timestamp":"2024-09-02 09:26:32"}
{"level":"info","message":"GET getProgramas from database","timestamp":"2024-09-02 09:26:36"}
{"level":"info","message":"GET getEstacionesPrograma from database","timestamp":"2024-09-02 09:26:38"}
{"level":"info","message":"GET getParameters from database","timestamp":"2024-09-02 09:26:40"}
{"level":"info","message":"GET getTipoPuntoEstacion from database","timestamp":"2024-09-02 09:26:40"}
{"level":"info","message":"GET getMatrices from database","timestamp":"2024-09-02 09:26:40"}
{"level":"info","message":"GET getDepartamentos from database","timestamp":"2024-09-02 09:26:40"}
{"level":"info","message":"GET getProgramas from database","timestamp":"2024-09-02 10:00:22"}
{"level":"info","message":"GET getParameters from database","timestamp":"2024-09-02 10:00:23"}
{"level":"info","message":"GET getProgramas from database","timestamp":"2024-09-02 10:00:29"}
{"level":"info","message":"GET getProgramas from database","timestamp":"2024-09-02 10:02:48"}
{"level":"info","message":"GET getParameters from database","timestamp":"2024-09-02 10:02:50"}
{"level":"info","message":"GET getTipoPuntoEstacion from database","timestamp":"2024-09-02 10:02:50"}
{"level":"info","message":"GET getMatrices from database","timestamp":"2024-09-02 10:02:50"}
{"level":"info","message":"GET getDepartamentos from database","timestamp":"2024-09-02 10:02:50"}
{"level":"info","message":"GET getProgramas from database","timestamp":"2024-09-02 10:02:51"}
{"level":"info","message":"GET getProgramas from database","timestamp":"2024-09-02 10:03:11"}
{"level":"info","message":"GET getParameters from database","timestamp":"2024-09-02 10:03:16"}
{"level":"info","message":"GET getProgramas from database","timestamp":"2024-09-02 10:03:36"}
{"level":"info","message":"GET getParameters from database","timestamp":"2024-09-02 10:03:39"}
{"level":"info","message":"GET getProgramas from database","timestamp":"2024-09-02 10:03:46"}
{"level":"info","message":"GET getProgramas from database","timestamp":"2024-09-02 10:03:59"}
{"level":"info","message":"GET getParameters from database","timestamp":"2024-09-02 10:04:04"}
{"level":"info","message":"GET getProgramas from database","timestamp":"2024-09-02 10:04:08"}
{"level":"info","message":"GET getProgramas from database","timestamp":"2024-09-02 10:04:17"}
{"level":"info","message":"GET getParameters from database","timestamp":"2024-09-02 10:04:23"}
{"level":"info","message":"GET getProgramas from database","timestamp":"2024-09-02 10:12:11"}
{"level":"info","message":"GET getParameters from database","timestamp":"2024-09-02 10:12:13"}
{"level":"info","message":"GET getProgramas from database","timestamp":"2024-09-02 10:12:14"}
{"level":"info","message":"GET getEstaciones from database","timestamp":"2024-09-02 10:12:18"}
{"level":"info","message":"GET getMatrices from database","timestamp":"2024-09-02 10:12:20"}
{"level":"info","message":"levanto los parametros de agua","timestamp":"2024-09-02 10:12:20"}
{"level":"info","message":"GET getInstituciones from database","timestamp":"2024-09-02 10:12:22"}
{"level":"info","message":"GET getMatrices from database","timestamp":"2024-09-02 10:12:31"}
{"level":"info","message":"levanto los parametros de agua","timestamp":"2024-09-02 10:12:31"}
{"level":"info","message":"GET getEstaciones from database","timestamp":"2024-09-02 10:12:32"}
{"level":"info","message":"GET getProgramas from database","timestamp":"2024-09-02 10:12:33"}
{"level":"info","message":"GET getParameters from database","timestamp":"2024-09-02 10:12:35"}
{"level":"info","message":"GET getProgramas from database","timestamp":"2024-09-02 10:12:39"}
{"level":"info","message":"GET getProgramas from database","timestamp":"2024-09-02 10:13:07"}
{"level":"info","message":"GET getParameters from database","timestamp":"2024-09-02 10:13:08"}
{"level":"info","message":"GET getProgramas from database","timestamp":"2024-09-02 10:14:24"}
{"level":"info","message":"GET getParameters from database","timestamp":"2024-09-02 10:14:25"}
{"level":"info","message":"GET getProgramas from database","timestamp":"2024-09-02 10:15:33"}
{"level":"info","message":"GET getParameters from database","timestamp":"2024-09-02 10:15:35"}
{"level":"info","message":"GET getParameters from database","timestamp":"2024-09-02 10:15:44"}
{"level":"info","message":"GET getParameters from database","timestamp":"2024-09-02 10:15:48"}
{"level":"info","message":"GET getMatrices from database","timestamp":"2024-09-02 10:15:49"}
{"level":"info","message":"GET getTipoPuntoEstacion from database","timestamp":"2024-09-02 10:15:49"}
{"level":"info","message":"GET getDepartamentos from database","timestamp":"2024-09-02 10:15:49"}
{"level":"info","message":"GET getProgramas from database","timestamp":"2024-09-02 10:15:50"}
{"level":"info","message":"GET getParameters from database","timestamp":"2024-09-02 10:15:51"}
{"level":"info","message":"GET getProgramas from database","timestamp":"2024-09-02 10:19:38"}
{"level":"info","message":"GET getParameters from database","timestamp":"2024-09-02 10:19:41"}
{"level":"info","message":"GET getProgramas from database","timestamp":"2024-09-02 10:20:38"}
{"level":"info","message":"GET getProgramas from database","timestamp":"2024-09-02 10:21:24"}
{"level":"info","message":"GET getParameters from database","timestamp":"2024-09-02 10:21:26"}
{"level":"info","message":"GET getProgramas from database","timestamp":"2024-09-02 10:22:33"}
{"level":"info","message":"GET getParameters from database","timestamp":"2024-09-02 10:22:35"}
{"level":"info","message":"GET getProgramas from database","timestamp":"2024-09-02 10:23:22"}
{"level":"info","message":"GET getParameters from database","timestamp":"2024-09-02 10:23:24"}
{"level":"info","message":"GET getParameters from database","timestamp":"2024-09-02 10:23:40"}
{"level":"info","message":"GET getProgramas from database","timestamp":"2024-09-02 10:23:44"}
{"level":"info","message":"GET getParameters from database","timestamp":"2024-09-02 10:23:46"}
{"level":"info","message":"GET getProgramas from database","timestamp":"2024-09-02 10:28:10"}
{"level":"info","message":"GET getParameters from database","timestamp":"2024-09-02 10:28:11"}
{"level":"info","message":"GET getProgramas from database","timestamp":"2024-09-02 10:30:18"}
{"level":"info","message":"GET getParameters from database","timestamp":"2024-09-02 10:30:20"}
{"level":"info","message":"GET getProgramas from database","timestamp":"2024-09-02 10:30:33"}
{"level":"info","message":"GET getParameters from database","timestamp":"2024-09-02 10:30:34"}
{"level":"info","message":"GET getProgramas from database","timestamp":"2024-09-02 10:30:37"}
{"level":"info","message":"GET getProgramas from database","timestamp":"2024-09-02 10:30:47"}
{"level":"info","message":"GET getParameters from database","timestamp":"2024-09-02 10:30:49"}
{"level":"info","message":"GET getProgramas from database","timestamp":"2024-09-02 10:30:52"}
{"level":"info","message":"GET getMatrices from database","timestamp":"2024-09-02 10:30:59"}
{"level":"info","message":"levanto los parametros de agua","timestamp":"2024-09-02 10:30:59"}
{"level":"info","message":"GET getProgramas from database","timestamp":"2024-09-02 10:31:40"}
{"level":"info","message":"GET getParameters from database","timestamp":"2024-09-02 10:31:41"}
{"level":"info","message":"GET getProgramas from database","timestamp":"2024-09-02 10:34:50"}
{"level":"info","message":"GET getProgramas from database","timestamp":"2024-09-02 10:38:12"}
{"level":"info","message":"GET getProgramas from database","timestamp":"2024-09-02 10:38:19"}
{"level":"info","message":"GET getProgramas from database","timestamp":"2024-09-02 10:39:41"}
{"level":"info","message":"GET getProgramas from database","timestamp":"2024-09-02 10:39:48"}
{"level":"info","message":"GET getProgramas from database","timestamp":"2024-09-02 10:45:56"}
{"level":"info","message":"GET getProgramas from database","timestamp":"2024-09-02 10:46:31"}
{"level":"info","message":"GET getProgramas from database","timestamp":"2024-09-02 10:50:31"}
{"level":"info","message":"GET getProgramas from database","timestamp":"2024-09-02 10:53:24"}
{"level":"info","message":"GET getProgramas from database","timestamp":"2024-09-02 10:54:15"}
{"level":"info","message":"GET getParameters from database","timestamp":"2024-09-02 10:54:17"}
{"level":"info","message":"GET getProgramas from database","timestamp":"2024-09-02 11:16:45"}
{"level":"info","message":"GET getParameters from database","timestamp":"2024-09-02 11:16:47"}
{"level":"info","message":"GET getProgramas from database","timestamp":"2024-09-02 11:18:31"}
{"level":"info","message":"GET getParameters from database","timestamp":"2024-09-02 11:18:33"}
{"level":"info","message":"GET getProgramas from database","timestamp":"2024-09-02 11:20:50"}
{"level":"info","message":"GET getParameters from database","timestamp":"2024-09-02 11:20:52"}
{"level":"info","message":"GET getProgramas from database","timestamp":"2024-09-02 11:22:16"}
{"level":"info","message":"GET getParameters from database","timestamp":"2024-09-02 11:22:17"}
{"level":"info","message":"GET getProgramas from database","timestamp":"2024-09-02 11:22:37"}
{"level":"info","message":"GET getParameters from database","timestamp":"2024-09-02 11:22:38"}
{"level":"info","message":"GET getProgramas from database","timestamp":"2024-09-02 11:26:12"}
{"level":"info","message":"GET getEstacionesPrograma from database","timestamp":"2024-09-02 11:26:14"}
{"level":"info","message":"GET getProgramas from database","timestamp":"2024-09-02 11:29:43"}
{"level":"info","message":"GET getEstacionesPrograma from database","timestamp":"2024-09-02 11:29:45"}
{"level":"info","message":"GET getProgramas from database","timestamp":"2024-09-02 11:30:15"}
{"level":"info","message":"GET getEstacionesPrograma from database","timestamp":"2024-09-02 11:30:17"}
{"level":"info","message":"GET getProgramas from database","timestamp":"2024-09-02 11:30:18"}
{"level":"info","message":"GET getProgramas from database","timestamp":"2024-09-02 11:43:32"}
{"level":"info","message":"GET getEstacionesPrograma from database","timestamp":"2024-09-02 11:43:34"}
