
{"level":"info","message":"GET getProgramas from database","timestamp":"2024-07-29 09:53:06"}
{"level":"info","message":"GET getParameters from database","timestamp":"2024-07-29 09:53:08"}
{"level":"info","message":"GET getTipoPuntoEstacion from database","timestamp":"2024-07-29 09:53:25"}
{"level":"info","message":"GET getMatrices from database","timestamp":"2024-07-29 09:53:25"}
{"level":"info","message":"GET getDepartamentos from database","timestamp":"2024-07-29 09:53:25"}
{"level":"info","message":"GET existeEstacion from database","timestamp":"2024-07-29 09:56:49"}
{"level":"info","message":"GET existeEstacion from database","timestamp":"2024-07-29 09:56:54"}
{"level":"info","message":"GET existeEstacion from database","timestamp":"2024-07-29 09:57:02"}
{"level":"info","message":"GET existeEstacion from database","timestamp":"2024-07-29 09:57:10"}
{"level":"info","message":"GET existeEstacion from database","timestamp":"2024-07-29 09:57:38"}
{"level":"info","message":"GET existeEstacion from database","timestamp":"2024-07-29 09:57:44"}
{"level":"info","message":"GET getMatrices from database","timestamp":"2024-07-29 09:57:58"}
{"level":"info","message":"GET getDepartamentos from database","timestamp":"2024-07-29 09:57:58"}
{"level":"info","message":"GET getTipoPuntoEstacion from database","timestamp":"2024-07-29 09:57:58"}
{"level":"info","message":"GET existeEstacion from database","timestamp":"2024-07-29 09:57:58"}
{"level":"info","message":"GET getProgramas from database","timestamp":"2024-07-29 10:00:31"}
{"level":"info","message":"GET getParameters from database","timestamp":"2024-07-29 10:00:34"}
{"level":"info","message":"GET getTipoPuntoEstacion from database","timestamp":"2024-07-29 10:00:36"}
{"level":"info","message":"GET getMatrices from database","timestamp":"2024-07-29 10:00:36"}
{"level":"info","message":"GET getDepartamentos from database","timestamp":"2024-07-29 10:00:36"}
{"level":"info","message":"GET existeEstacion from database","timestamp":"2024-07-29 10:00:38"}
{"level":"info","message":"GET getEstaciones from database","timestamp":"2024-07-29 10:10:54"}
{"level":"info","message":"GET getProgramas from database","timestamp":"2024-07-29 10:10:56"}
{"level":"info","message":"GET getParameters from database","timestamp":"2024-07-29 10:10:58"}
{"level":"info","message":"GET getTipoPuntoEstacion from database","timestamp":"2024-07-29 10:10:59"}
{"level":"info","message":"GET getMatrices from database","timestamp":"2024-07-29 10:10:59"}
{"level":"info","message":"GET getDepartamentos from database","timestamp":"2024-07-29 10:10:59"}
{"level":"info","message":"GET existeEstacion from database","timestamp":"2024-07-29 10:11:02"}
{"level":"info","message":"GET getProgramas from database","timestamp":"2024-07-29 10:12:21"}
{"level":"info","message":"GET getParameters from database","timestamp":"2024-07-29 10:12:22"}
{"level":"info","message":"GET getTipoPuntoEstacion from database","timestamp":"2024-07-29 10:12:24"}
{"level":"info","message":"GET getMatrices from database","timestamp":"2024-07-29 10:12:24"}
{"level":"info","message":"GET getDepartamentos from database","timestamp":"2024-07-29 10:12:25"}
{"level":"info","message":"GET existeEstacion from database","timestamp":"2024-07-29 10:12:25"}
{"level":"info","message":"GET existeEstacion from database","timestamp":"2024-07-29 10:13:05"}
{"level":"info","message":"GET getProgramas from database","timestamp":"2024-07-29 10:14:01"}
{"level":"info","message":"GET getParameters from database","timestamp":"2024-07-29 10:14:02"}
{"level":"info","message":"GET getTipoPuntoEstacion from database","timestamp":"2024-07-29 10:14:04"}
{"level":"info","message":"GET getMatrices from database","timestamp":"2024-07-29 10:14:04"}
{"level":"info","message":"GET getDepartamentos from database","timestamp":"2024-07-29 10:14:04"}
{"level":"info","message":"GET existeEstacion from database","timestamp":"2024-07-29 10:14:05"}
{"level":"info","message":"GET existeEstacion from database","timestamp":"2024-07-29 10:14:12"}
{"level":"info","message":"GET existeEstacion from database","timestamp":"2024-07-29 10:14:17"}
{"level":"info","message":"GET getProgramas from database","timestamp":"2024-07-29 10:14:37"}
{"level":"info","message":"GET getParameters from database","timestamp":"2024-07-29 10:14:38"}
{"level":"info","message":"GET getTipoPuntoEstacion from database","timestamp":"2024-07-29 10:14:40"}
{"level":"info","message":"GET getMatrices from database","timestamp":"2024-07-29 10:14:40"}
{"level":"info","message":"GET getDepartamentos from database","timestamp":"2024-07-29 10:14:40"}
{"level":"info","message":"GET existeEstacion from database","timestamp":"2024-07-29 10:14:43"}
{"level":"info","message":"GET getProgramas from database","timestamp":"2024-07-29 10:15:55"}
{"level":"info","message":"GET getParameters from database","timestamp":"2024-07-29 10:15:56"}
{"level":"info","message":"GET getTipoPuntoEstacion from database","timestamp":"2024-07-29 10:15:59"}
{"level":"info","message":"GET getDepartamentos from database","timestamp":"2024-07-29 10:15:59"}
{"level":"info","message":"GET getMatrices from database","timestamp":"2024-07-29 10:15:59"}
{"level":"info","message":"GET existeEstacion from database","timestamp":"2024-07-29 10:16:02"}
{"level":"info","message":"GET getProgramas from database","timestamp":"2024-07-29 10:18:43"}
{"level":"info","message":"GET getParameters from database","timestamp":"2024-07-29 10:18:45"}
{"level":"info","message":"GET getTipoPuntoEstacion from database","timestamp":"2024-07-29 10:18:46"}
{"level":"info","message":"GET getMatrices from database","timestamp":"2024-07-29 10:18:46"}
{"level":"info","message":"GET getDepartamentos from database","timestamp":"2024-07-29 10:18:46"}
{"level":"info","message":"GET subcuenca by LatLong from database","timestamp":"2024-07-29 10:19:41"}
{"level":"info","message":"GET getParameters from database","timestamp":"2024-07-29 10:20:22"}
{"level":"info","message":"GET getTipoPuntoEstacion from database","timestamp":"2024-07-29 10:20:23"}
{"level":"info","message":"GET getMatrices from database","timestamp":"2024-07-29 10:20:23"}
{"level":"info","message":"GET getDepartamentos from database","timestamp":"2024-07-29 10:20:23"}
{"level":"info","message":"GET getProgramas from database","timestamp":"2024-07-29 10:24:39"}
{"level":"info","message":"GET getParameters from database","timestamp":"2024-07-29 10:24:40"}
{"level":"info","message":"GET getTipoPuntoEstacion from database","timestamp":"2024-07-29 10:24:42"}
{"level":"info","message":"GET getMatrices from database","timestamp":"2024-07-29 10:24:42"}
{"level":"info","message":"GET getDepartamentos from database","timestamp":"2024-07-29 10:24:42"}
{"level":"info","message":"GET getProgramas from database","timestamp":"2024-07-29 10:27:19"}
{"level":"info","message":"GET getParameters from database","timestamp":"2024-07-29 10:27:20"}
{"level":"info","message":"GET getTipoPuntoEstacion from database","timestamp":"2024-07-29 10:27:21"}
{"level":"info","message":"GET getDepartamentos from database","timestamp":"2024-07-29 10:27:21"}
{"level":"info","message":"GET getMatrices from database","timestamp":"2024-07-29 10:27:21"}
{"level":"info","message":"GET existeEstacion from database","timestamp":"2024-07-29 10:27:22"}
{"level":"info","message":"GET existeEstacion from database","timestamp":"2024-07-29 10:27:31"}
{"level":"info","message":"GET existeEstacion from database","timestamp":"2024-07-29 10:30:08"}
{"level":"info","message":"GET existeEstacion from database","timestamp":"2024-07-29 10:31:03"}
{"level":"info","message":"GET getParameters from database","timestamp":"2024-07-29 10:31:16"}
{"level":"info","message":"GET getTipoPuntoEstacion from database","timestamp":"2024-07-29 10:31:18"}
{"level":"info","message":"GET getMatrices from database","timestamp":"2024-07-29 10:31:18"}
{"level":"info","message":"GET getDepartamentos from database","timestamp":"2024-07-29 10:31:18"}
{"level":"info","message":"GET existeEstacion from database","timestamp":"2024-07-29 10:32:28"}
{"level":"info","message":"GET getProgramas from database","timestamp":"2024-07-29 10:38:58"}
{"level":"info","message":"GET getParameters from database","timestamp":"2024-07-29 10:38:59"}
{"level":"info","message":"GET getTipoPuntoEstacion from database","timestamp":"2024-07-29 10:39:00"}
{"level":"info","message":"GET getMatrices from database","timestamp":"2024-07-29 10:39:00"}
{"level":"info","message":"GET getDepartamentos from database","timestamp":"2024-07-29 10:39:00"}
{"level":"info","message":"GET getProgramas from database","timestamp":"2024-07-29 10:41:25"}
{"level":"info","message":"GET getParameters from database","timestamp":"2024-07-29 10:41:26"}
{"level":"info","message":"GET getTipoPuntoEstacion from database","timestamp":"2024-07-29 10:41:28"}
{"level":"info","message":"GET getDepartamentos from database","timestamp":"2024-07-29 10:41:28"}
{"level":"info","message":"GET getMatrices from database","timestamp":"2024-07-29 10:41:28"}
{"level":"info","message":"GET existeEstacion by codigo and nombre from database","timestamp":"2024-07-29 10:41:37"}
{"level":"info","message":"GET existeEstacion by codigo and nombre from database","timestamp":"2024-07-29 10:42:58"}
{"level":"info","message":"GET existeEstacion by codigo and nombre from database","timestamp":"2024-07-29 10:43:11"}
{"level":"info","message":"GET getDepartamentos from database","timestamp":"2024-07-29 10:43:15"}
{"level":"info","message":"GET getMatrices from database","timestamp":"2024-07-29 10:43:15"}
{"level":"info","message":"GET getTipoPuntoEstacion from database","timestamp":"2024-07-29 10:43:15"}
{"level":"info","message":"GET existeEstacion by codigo and nombre from database","timestamp":"2024-07-29 10:43:20"}
{"level":"info","message":"GET existeEstacion by codigo and nombre from database","timestamp":"2024-07-29 10:43:35"}
{"level":"info","message":"GET getEstacionesPrograma from database","timestamp":"2024-07-29 10:46:16"}
{"level":"info","message":"GET getEstacionesPrograma from database","timestamp":"2024-07-29 10:46:18"}
{"level":"info","message":"GET getParameters from database","timestamp":"2024-07-29 10:46:23"}
{"level":"info","message":"GET getTipoPuntoEstacion from database","timestamp":"2024-07-29 10:46:24"}
{"level":"info","message":"GET getMatrices from database","timestamp":"2024-07-29 10:46:24"}
{"level":"info","message":"GET getDepartamentos from database","timestamp":"2024-07-29 10:46:24"}
{"level":"error","message":"Error existeEstacion/ReferenceError: result is not defined","timestamp":"2024-07-29 10:46:33"}
{"level":"info","message":"GET getProgramas from database","timestamp":"2024-07-29 10:49:31"}
{"level":"info","message":"GET getParameters from database","timestamp":"2024-07-29 10:49:32"}
{"level":"info","message":"GET getTipoPuntoEstacion from database","timestamp":"2024-07-29 10:49:33"}
{"level":"info","message":"GET getDepartamentos from database","timestamp":"2024-07-29 10:49:33"}
{"level":"info","message":"GET getMatrices from database","timestamp":"2024-07-29 10:49:33"}
{"level":"info","message":"GET getParameters from database","timestamp":"2024-07-29 10:51:06"}
{"level":"info","message":"GET getTipoPuntoEstacion from database","timestamp":"2024-07-29 10:51:07"}
{"level":"info","message":"GET getMatrices from database","timestamp":"2024-07-29 10:51:07"}
{"level":"info","message":"GET getDepartamentos from database","timestamp":"2024-07-29 10:51:07"}
{"level":"info","message":"GET getProgramas from database","timestamp":"2024-07-29 10:52:07"}
{"level":"info","message":"GET getParameters from database","timestamp":"2024-07-29 10:52:08"}
{"level":"info","message":"GET getTipoPuntoEstacion from database","timestamp":"2024-07-29 10:52:09"}
{"level":"info","message":"GET getMatrices from database","timestamp":"2024-07-29 10:52:09"}
{"level":"info","message":"GET getDepartamentos from database","timestamp":"2024-07-29 10:52:09"}
{"level":"info","message":"GET getParameters from database","timestamp":"2024-07-29 10:56:12"}
{"level":"info","message":"GET getTipoPuntoEstacion from database","timestamp":"2024-07-29 10:56:17"}
{"level":"info","message":"GET getDepartamentos from database","timestamp":"2024-07-29 10:56:17"}
{"level":"info","message":"GET getMatrices from database","timestamp":"2024-07-29 10:56:17"}
{"level":"info","message":"GET getParameters from database","timestamp":"2024-07-29 10:57:26"}
{"level":"info","message":"GET getTipoPuntoEstacion from database","timestamp":"2024-07-29 10:57:32"}
{"level":"info","message":"GET getMatrices from database","timestamp":"2024-07-29 10:57:32"}
{"level":"info","message":"GET getDepartamentos from database","timestamp":"2024-07-29 10:57:32"}
{"level":"info","message":"GET getProgramas from database","timestamp":"2024-07-29 10:59:23"}
{"level":"info","message":"GET getParameters from database","timestamp":"2024-07-29 10:59:25"}
{"level":"info","message":"GET getTipoPuntoEstacion from database","timestamp":"2024-07-29 10:59:26"}
{"level":"info","message":"GET getDepartamentos from database","timestamp":"2024-07-29 10:59:26"}
{"level":"info","message":"GET getMatrices from database","timestamp":"2024-07-29 10:59:26"}
{"level":"info","message":"GET getProgramas from database","timestamp":"2024-07-29 10:59:49"}
{"level":"info","message":"GET getParameters from database","timestamp":"2024-07-29 10:59:50"}
{"level":"info","message":"GET getTipoPuntoEstacion from database","timestamp":"2024-07-29 10:59:51"}
{"level":"info","message":"GET getMatrices from database","timestamp":"2024-07-29 10:59:51"}
{"level":"info","message":"GET getDepartamentos from database","timestamp":"2024-07-29 10:59:51"}
{"level":"info","message":"GET getTipoPuntoEstacion from database","timestamp":"2024-07-29 11:02:00"}
{"level":"info","message":"GET getMatrices from database","timestamp":"2024-07-29 11:02:00"}
{"level":"info","message":"GET getDepartamentos from database","timestamp":"2024-07-29 11:02:00"}
{"level":"info","message":"GET getProgramas from database","timestamp":"2024-07-29 11:03:05"}
{"level":"info","message":"GET getParameters from database","timestamp":"2024-07-29 11:03:06"}
{"level":"info","message":"GET getTipoPuntoEstacion from database","timestamp":"2024-07-29 11:03:07"}
{"level":"info","message":"GET getMatrices from database","timestamp":"2024-07-29 11:03:07"}
{"level":"info","message":"GET getDepartamentos from database","timestamp":"2024-07-29 11:03:07"}
{"level":"info","message":"GET getMatrices from database","timestamp":"2024-07-29 11:03:59"}
{"level":"info","message":"GET getTipoPuntoEstacion from database","timestamp":"2024-07-29 11:03:59"}
{"level":"info","message":"GET getDepartamentos from database","timestamp":"2024-07-29 11:03:59"}
{"level":"info","message":"GET getTipoPuntoEstacion from database","timestamp":"2024-07-29 11:04:05"}
{"level":"info","message":"GET getDepartamentos from database","timestamp":"2024-07-29 11:04:05"}
{"level":"info","message":"GET getMatrices from database","timestamp":"2024-07-29 11:04:05"}
{"level":"info","message":"GET getProgramas from database","timestamp":"2024-07-29 11:05:38"}
{"level":"info","message":"GET getParameters from database","timestamp":"2024-07-29 11:05:39"}
{"level":"info","message":"GET getTipoPuntoEstacion from database","timestamp":"2024-07-29 11:05:40"}
{"level":"info","message":"GET getDepartamentos from database","timestamp":"2024-07-29 11:05:40"}
{"level":"info","message":"GET getMatrices from database","timestamp":"2024-07-29 11:05:40"}
{"level":"info","message":"GET getProgramas from database","timestamp":"2024-07-29 11:17:52"}
{"level":"info","message":"GET getParameters from database","timestamp":"2024-07-29 11:17:54"}
{"level":"info","message":"GET getTipoPuntoEstacion from database","timestamp":"2024-07-29 11:17:56"}
{"level":"info","message":"GET getMatrices from database","timestamp":"2024-07-29 11:17:56"}
{"level":"info","message":"GET getDepartamentos from database","timestamp":"2024-07-29 11:17:56"}
{"level":"info","message":"GET getTipoPuntoEstacion from database","timestamp":"2024-07-29 11:21:11"}
{"level":"info","message":"GET getMatrices from database","timestamp":"2024-07-29 11:21:11"}
{"level":"info","message":"GET getDepartamentos from database","timestamp":"2024-07-29 11:21:11"}
{"level":"info","message":"GET getProgramas from database","timestamp":"2024-07-29 11:24:37"}
{"level":"info","message":"GET getProgramas from database","timestamp":"2024-07-29 11:37:09"}
{"level":"info","message":"GET getParameters from database","timestamp":"2024-07-29 11:37:10"}
{"level":"info","message":"GET getMatrices from database","timestamp":"2024-07-29 11:37:25"}
{"level":"info","message":"GET getTipoPuntoEstacion from database","timestamp":"2024-07-29 11:37:25"}
{"level":"info","message":"GET getDepartamentos from database","timestamp":"2024-07-29 11:37:25"}
{"level":"info","message":"GET getProgramas from database","timestamp":"2024-07-29 11:38:32"}
{"level":"info","message":"GET getParameters from database","timestamp":"2024-07-29 11:38:33"}
{"level":"info","message":"GET getTipoPuntoEstacion from database","timestamp":"2024-07-29 11:38:35"}
{"level":"info","message":"GET getMatrices from database","timestamp":"2024-07-29 11:38:35"}
{"level":"info","message":"GET getDepartamentos from database","timestamp":"2024-07-29 11:38:35"}
{"level":"info","message":"GET getProgramas from database","timestamp":"2024-07-29 11:40:03"}
{"level":"info","message":"GET getParameters from database","timestamp":"2024-07-29 11:40:04"}
{"level":"info","message":"GET getTipoPuntoEstacion from database","timestamp":"2024-07-29 11:40:05"}
{"level":"info","message":"GET getMatrices from database","timestamp":"2024-07-29 11:40:05"}
{"level":"info","message":"GET getDepartamentos from database","timestamp":"2024-07-29 11:40:05"}
{"level":"info","message":"GET getProgramas from database","timestamp":"2024-07-29 11:41:02"}
{"level":"info","message":"GET getParameters from database","timestamp":"2024-07-29 11:41:04"}
{"level":"info","message":"GET getTipoPuntoEstacion from database","timestamp":"2024-07-29 11:41:05"}
{"level":"info","message":"GET getMatrices from database","timestamp":"2024-07-29 11:41:05"}
{"level":"info","message":"GET getDepartamentos from database","timestamp":"2024-07-29 11:41:05"}
{"level":"error","message":"Error addEstacionAgua","timestamp":"2024-07-29 11:41:16"}
{"level":"info","message":"GET getProgramas from database","timestamp":"2024-07-29 11:43:06"}
{"level":"info","message":"GET getParameters from database","timestamp":"2024-07-29 11:43:06"}
{"level":"info","message":"GET getMatrices from database","timestamp":"2024-07-29 11:43:08"}
{"level":"info","message":"GET getTipoPuntoEstacion from database","timestamp":"2024-07-29 11:43:08"}
{"level":"info","message":"GET getDepartamentos from database","timestamp":"2024-07-29 11:43:08"}
{"level":"error","message":"Error addEstacionAgua","timestamp":"2024-07-29 11:43:18"}
{"level":"info","message":"GET getProgramas from database","timestamp":"2024-07-29 12:57:25"}
{"level":"info","message":"GET getParameters from database","timestamp":"2024-07-29 12:57:26"}
{"level":"info","message":"GET getMatrices from database","timestamp":"2024-07-29 12:57:28"}
{"level":"info","message":"GET getTipoPuntoEstacion from database","timestamp":"2024-07-29 12:57:28"}
{"level":"info","message":"GET getDepartamentos from database","timestamp":"2024-07-29 12:57:28"}
{"level":"info","message":"GET subcuenca by LatLong from database","timestamp":"2024-07-29 12:58:32"}
{"level":"info","message":"GET getCuencaId from database","timestamp":"2024-07-29 12:58:32"}
{"level":"error","message":"Error addEstacionAgua","timestamp":"2024-07-29 12:58:39"}
{"level":"info","message":"GET getProgramas from database","timestamp":"2024-07-29 13:02:57"}
{"level":"info","message":"GET getParameters from database","timestamp":"2024-07-29 13:03:00"}
{"level":"info","message":"GET getTipoPuntoEstacion from database","timestamp":"2024-07-29 13:03:01"}
{"level":"info","message":"GET getMatrices from database","timestamp":"2024-07-29 13:03:01"}
{"level":"info","message":"GET getDepartamentos from database","timestamp":"2024-07-29 13:03:01"}
{"level":"info","message":"GET subcuenca by LatLong from database","timestamp":"2024-07-29 13:03:29"}
{"level":"info","message":"GET getCuencaId from database","timestamp":"2024-07-29 13:03:30"}
{"level":"error","message":"Error addWaterStationData","timestamp":"2024-07-29 13:03:31"}

