{"level":"info","message":"GET getProgramas from database","timestamp":"2024-08-07 08:57:10"}
{"level":"info","message":"GET getParameters from database","timestamp":"2024-08-07 08:57:11"}
{"level":"info","message":"GET getTipoPuntoEstacion from database","timestamp":"2024-08-07 08:57:11"}
{"level":"info","message":"GET getMatrices from database","timestamp":"2024-08-07 08:57:11"}
{"level":"info","message":"GET getDepartamentos from database","timestamp":"2024-08-07 08:57:11"}
{"level":"info","message":"GET getProgramas from database","timestamp":"2024-08-07 08:58:42"}
{"level":"info","message":"GET getParameters from database","timestamp":"2024-08-07 08:58:43"}
{"level":"info","message":"GET getTipoPuntoEstacion from database","timestamp":"2024-08-07 08:58:43"}
{"level":"info","message":"GET getDepartamentos from database","timestamp":"2024-08-07 08:58:43"}
{"level":"info","message":"GET getMatrices from database","timestamp":"2024-08-07 08:58:43"}
{"level":"info","message":"GET getProgramas from database","timestamp":"2024-08-07 08:59:25"}
{"level":"info","message":"GET getParameters from database","timestamp":"2024-08-07 08:59:26"}
{"level":"info","message":"GET getTipoPuntoEstacion from database","timestamp":"2024-08-07 08:59:26"}
{"level":"info","message":"GET getDepartamentos from database","timestamp":"2024-08-07 08:59:26"}
{"level":"info","message":"GET getMatrices from database","timestamp":"2024-08-07 08:59:26"}
{"level":"info","message":"GET getProgramas from database","timestamp":"2024-08-07 09:03:40"}
{"level":"info","message":"GET getParameters from database","timestamp":"2024-08-07 09:03:41"}
{"level":"info","message":"GET getTipoPuntoEstacion from database","timestamp":"2024-08-07 09:03:41"}
{"level":"info","message":"GET getMatrices from database","timestamp":"2024-08-07 09:03:41"}
{"level":"info","message":"GET getDepartamentos from database","timestamp":"2024-08-07 09:03:41"}
{"level":"info","message":"GET getProgramas from database","timestamp":"2024-08-07 09:07:09"}
{"level":"info","message":"GET getParameters from database","timestamp":"2024-08-07 09:07:10"}
{"level":"info","message":"GET getDepartamentos from database","timestamp":"2024-08-07 09:07:10"}
{"level":"info","message":"GET getMatrices from database","timestamp":"2024-08-07 09:07:10"}
{"level":"info","message":"GET getTipoPuntoEstacion from database","timestamp":"2024-08-07 09:07:10"}
{"level":"info","message":"GET getProgramas from database","timestamp":"2024-08-07 09:08:24"}
{"level":"info","message":"GET getParameters from database","timestamp":"2024-08-07 09:08:25"}
{"level":"info","message":"GET getTipoPuntoEstacion from database","timestamp":"2024-08-07 09:08:25"}
{"level":"info","message":"GET getDepartamentos from database","timestamp":"2024-08-07 09:08:25"}
{"level":"info","message":"GET getMatrices from database","timestamp":"2024-08-07 09:08:25"}
{"level":"info","message":"GET getProgramas from database","timestamp":"2024-08-07 09:09:27"}
{"level":"info","message":"GET getParameters from database","timestamp":"2024-08-07 09:09:28"}
{"level":"info","message":"GET getDepartamentos from database","timestamp":"2024-08-07 09:09:28"}
{"level":"info","message":"GET getTipoPuntoEstacion from database","timestamp":"2024-08-07 09:09:28"}
{"level":"info","message":"GET getMatrices from database","timestamp":"2024-08-07 09:09:28"}
{"level":"info","message":"GET getProgramas from database","timestamp":"2024-08-07 09:10:03"}
{"level":"info","message":"GET getParameters from database","timestamp":"2024-08-07 09:10:04"}
{"level":"info","message":"GET getTipoPuntoEstacion from database","timestamp":"2024-08-07 09:10:04"}
{"level":"info","message":"GET getMatrices from database","timestamp":"2024-08-07 09:10:04"}
{"level":"info","message":"GET getDepartamentos from database","timestamp":"2024-08-07 09:10:04"}
{"level":"info","message":"GET getProgramas from database","timestamp":"2024-08-07 09:11:07"}
{"level":"info","message":"GET getParameters from database","timestamp":"2024-08-07 09:11:08"}
{"level":"info","message":"GET getTipoPuntoEstacion from database","timestamp":"2024-08-07 09:11:08"}
{"level":"info","message":"GET getDepartamentos from database","timestamp":"2024-08-07 09:11:08"}
{"level":"info","message":"GET getMatrices from database","timestamp":"2024-08-07 09:11:08"}
{"level":"info","message":"GET getProgramas from database","timestamp":"2024-08-07 09:12:44"}
{"level":"info","message":"GET getParameters from database","timestamp":"2024-08-07 09:12:45"}
{"level":"info","message":"GET getTipoPuntoEstacion from database","timestamp":"2024-08-07 09:12:45"}
{"level":"info","message":"GET getDepartamentos from database","timestamp":"2024-08-07 09:12:45"}
{"level":"info","message":"GET getMatrices from database","timestamp":"2024-08-07 09:12:45"}
{"level":"info","message":"GET getProgramas from database","timestamp":"2024-08-07 09:14:39"}
{"level":"info","message":"GET getParameters from database","timestamp":"2024-08-07 09:14:40"}
{"level":"info","message":"GET getTipoPuntoEstacion from database","timestamp":"2024-08-07 09:14:40"}
{"level":"info","message":"GET getDepartamentos from database","timestamp":"2024-08-07 09:14:40"}
{"level":"info","message":"GET getMatrices from database","timestamp":"2024-08-07 09:14:40"}
{"level":"info","message":"GET getProgramas from database","timestamp":"2024-08-07 09:15:22"}
{"level":"info","message":"GET getParameters from database","timestamp":"2024-08-07 09:15:23"}
{"level":"info","message":"GET getTipoPuntoEstacion from database","timestamp":"2024-08-07 09:15:23"}
{"level":"info","message":"GET getMatrices from database","timestamp":"2024-08-07 09:15:23"}
{"level":"info","message":"GET getDepartamentos from database","timestamp":"2024-08-07 09:15:23"}
{"level":"info","message":"GET getEstacionesPrograma from database","timestamp":"2024-08-07 09:21:25"}
{"level":"info","message":"GET getEstaciones from database","timestamp":"2024-08-07 09:32:58"}
{"level":"info","message":"GET getProgramas from database","timestamp":"2024-08-07 09:33:14"}
{"level":"info","message":"GET getEstacionesPrograma from database","timestamp":"2024-08-07 09:33:18"}
{"level":"info","message":"GET getParameters from database","timestamp":"2024-08-07 09:33:24"}
{"level":"info","message":"GET getMatrices from database","timestamp":"2024-08-07 09:33:24"}
{"level":"info","message":"GET getTipoPuntoEstacion from database","timestamp":"2024-08-07 09:33:24"}
{"level":"info","message":"GET getDepartamentos from database","timestamp":"2024-08-07 09:33:24"}
{"level":"info","message":"GET getProgramas from database","timestamp":"2024-08-07 09:38:30"}
{"level":"info","message":"GET getParameters from database","timestamp":"2024-08-07 09:38:31"}
{"level":"info","message":"GET getMatrices from database","timestamp":"2024-08-07 09:38:31"}
{"level":"info","message":"GET getTipoPuntoEstacion from database","timestamp":"2024-08-07 09:38:31"}
{"level":"info","message":"GET getDepartamentos from database","timestamp":"2024-08-07 09:38:31"}
{"level":"info","message":"GET getEstacionesPrograma from database","timestamp":"2024-08-07 09:38:45"}
{"level":"info","message":"GET getProgramas from database","timestamp":"2024-08-07 09:55:22"}
{"level":"info","message":"GET getParameters from database","timestamp":"2024-08-07 09:55:23"}
{"level":"info","message":"GET getTipoPuntoEstacion from database","timestamp":"2024-08-07 09:55:23"}
{"level":"info","message":"GET getMatrices from database","timestamp":"2024-08-07 09:55:23"}
{"level":"info","message":"GET getDepartamentos from database","timestamp":"2024-08-07 09:55:23"}
{"level":"info","message":"GET getEstacionesPrograma from database","timestamp":"2024-08-07 09:55:32"}
{"level":"info","message":"POST addProgram/nombre/fgh/codigo/dgfhdg","timestamp":"2024-08-07 09:55:32"}
{"level":"info","message":"GET getProgramas from database","timestamp":"2024-08-07 09:56:08"}
{"level":"info","message":"GET getParameters from database","timestamp":"2024-08-07 09:56:09"}
{"level":"info","message":"GET getDepartamentos from database","timestamp":"2024-08-07 09:56:09"}
{"level":"info","message":"GET getTipoPuntoEstacion from database","timestamp":"2024-08-07 09:56:09"}
{"level":"info","message":"GET getMatrices from database","timestamp":"2024-08-07 09:56:09"}
{"level":"info","message":"GET getEstacionesPrograma from database","timestamp":"2024-08-07 09:56:15"}
{"level":"info","message":"GET getProgramas from database","timestamp":"2024-08-07 11:49:47"}
{"level":"info","message":"GET getParameters from database","timestamp":"2024-08-07 11:49:49"}
{"level":"info","message":"GET getTipoPuntoEstacion from database","timestamp":"2024-08-07 11:49:49"}
{"level":"info","message":"GET getDepartamentos from database","timestamp":"2024-08-07 11:49:49"}
{"level":"info","message":"GET getMatrices from database","timestamp":"2024-08-07 11:49:49"}
{"level":"info","message":"GET getProgramas from database","timestamp":"2024-08-07 12:09:19"}
{"level":"info","message":"GET getParameters from database","timestamp":"2024-08-07 12:09:20"}
{"level":"info","message":"GET getTipoPuntoEstacion from database","timestamp":"2024-08-07 12:09:20"}
{"level":"info","message":"GET getDepartamentos from database","timestamp":"2024-08-07 12:09:20"}
{"level":"info","message":"GET getMatrices from database","timestamp":"2024-08-07 12:09:20"}
{"level":"info","message":"GET getEstacionesPrograma from database","timestamp":"2024-08-07 12:09:26"}
{"level":"info","message":"GET getProgramas from database","timestamp":"2024-08-07 12:10:30"}
{"level":"info","message":"GET getParameters from database","timestamp":"2024-08-07 12:10:31"}
{"level":"info","message":"GET getTipoPuntoEstacion from database","timestamp":"2024-08-07 12:10:31"}
{"level":"info","message":"GET getMatrices from database","timestamp":"2024-08-07 12:10:31"}
{"level":"info","message":"GET getDepartamentos from database","timestamp":"2024-08-07 12:10:31"}
{"level":"info","message":"GET getEstacionesPrograma from database","timestamp":"2024-08-07 12:10:35"}
{"level":"info","message":"GET getProgramas from database","timestamp":"2024-08-07 13:38:52"}
{"level":"info","message":"GET getParameters from database","timestamp":"2024-08-07 13:38:53"}
{"level":"info","message":"GET getMatrices from database","timestamp":"2024-08-07 13:38:53"}
{"level":"info","message":"GET getTipoPuntoEstacion from database","timestamp":"2024-08-07 13:38:53"}
{"level":"info","message":"GET getDepartamentos from database","timestamp":"2024-08-07 13:38:53"}
{"level":"info","message":"GET getEstacionesPrograma from database","timestamp":"2024-08-07 13:39:10"}
{"level":"error","message":"Error addProgram/TypeError: Cannot read properties of undefined (reading 'insertId')/","timestamp":"2024-08-07 13:39:10"}
{"level":"info","message":"GET getProgramas from database","timestamp":"2024-08-07 13:40:36"}
{"level":"info","message":"GET getParameters from database","timestamp":"2024-08-07 13:40:37"}
{"level":"info","message":"GET getTipoPuntoEstacion from database","timestamp":"2024-08-07 13:40:37"}
{"level":"info","message":"GET getMatrices from database","timestamp":"2024-08-07 13:40:37"}
{"level":"info","message":"GET getDepartamentos from database","timestamp":"2024-08-07 13:40:37"}
{"level":"info","message":"GET getEstacionesPrograma from database","timestamp":"2024-08-07 13:40:48"}
{"level":"error","message":"Error addProgram/TypeError: Cannot read properties of undefined (reading 'id_programa')/","timestamp":"2024-08-07 13:40:48"}
{"level":"info","message":"GET getProgramas from database","timestamp":"2024-08-07 13:43:09"}
{"level":"info","message":"GET getParameters from database","timestamp":"2024-08-07 13:43:11"}
{"level":"info","message":"GET getTipoPuntoEstacion from database","timestamp":"2024-08-07 13:43:11"}
{"level":"info","message":"GET getMatrices from database","timestamp":"2024-08-07 13:43:11"}
{"level":"info","message":"GET getDepartamentos from database","timestamp":"2024-08-07 13:43:11"}
{"level":"info","message":"GET getEstacionesPrograma from database","timestamp":"2024-08-07 13:43:14"}
{"level":"info","message":"GET getEstacionesPrograma from database","timestamp":"2024-08-07 13:43:20"}
{"level":"error","message":"Error addProgram/TypeError: Cannot read properties of undefined (reading 'id_programa')/","timestamp":"2024-08-07 13:43:20"}
{"level":"info","message":"GET getProgramas from database","timestamp":"2024-08-07 13:46:15"}
{"level":"info","message":"GET getParameters from database","timestamp":"2024-08-07 13:46:16"}
{"level":"info","message":"GET getTipoPuntoEstacion from database","timestamp":"2024-08-07 13:46:16"}
{"level":"info","message":"GET getMatrices from database","timestamp":"2024-08-07 13:46:16"}
{"level":"info","message":"GET getDepartamentos from database","timestamp":"2024-08-07 13:46:16"}
{"level":"info","message":"GET getEstacionesPrograma from database","timestamp":"2024-08-07 13:46:29"}
{"level":"error","message":"Error addProgram/TypeError: (intermediate value) is not iterable/","timestamp":"2024-08-07 13:46:29"}
{"level":"info","message":"GET getProgramas from database","timestamp":"2024-08-07 13:54:31"}
{"level":"info","message":"GET getParameters from database","timestamp":"2024-08-07 13:54:32"}
{"level":"info","message":"GET getTipoPuntoEstacion from database","timestamp":"2024-08-07 13:54:32"}
{"level":"info","message":"GET getMatrices from database","timestamp":"2024-08-07 13:54:32"}
{"level":"info","message":"GET getDepartamentos from database","timestamp":"2024-08-07 13:54:32"}
{"level":"info","message":"GET getEstacionesPrograma from database","timestamp":"2024-08-07 13:54:39"}
{"level":"error","message":"Error addProgram/TypeError: Cannot read properties of undefined (reading 'insertId')/","timestamp":"2024-08-07 13:54:40"}
