{"level":"info","message":"GET getProgramas from database","timestamp":"2024-07-31 08:48:08"}
{"level":"info","message":"GET getParameters from database","timestamp":"2024-07-31 08:48:09"}
{"level":"info","message":"GET getProgramas from database","timestamp":"2024-07-31 08:51:06"}
{"level":"info","message":"GET getParameters from database","timestamp":"2024-07-31 08:51:10"}
{"level":"info","message":"GET getProgramas from database","timestamp":"2024-07-31 08:55:34"}
{"level":"info","message":"GET getParameters from database","timestamp":"2024-07-31 08:55:36"}
{"level":"info","message":"GET getProgramas from database","timestamp":"2024-07-31 09:00:47"}
{"level":"info","message":"GET getParameters from database","timestamp":"2024-07-31 09:00:48"}
{"level":"info","message":"GET getProgramas from database","timestamp":"2024-07-31 09:05:13"}
{"level":"info","message":"GET getParameters from database","timestamp":"2024-07-31 09:05:14"}
{"level":"info","message":"GET getProgramas from database","timestamp":"2024-07-31 09:05:34"}
{"level":"info","message":"GET getParameters from database","timestamp":"2024-07-31 09:05:34"}
{"level":"info","message":"GET getProgramas from database","timestamp":"2024-07-31 09:05:49"}
{"level":"info","message":"GET getParameters from database","timestamp":"2024-07-31 09:05:50"}
{"level":"info","message":"GET getProgramas from database","timestamp":"2024-07-31 09:06:42"}
{"level":"info","message":"GET getParameters from database","timestamp":"2024-07-31 09:06:43"}
{"level":"info","message":"GET getProgramas from database","timestamp":"2024-07-31 09:07:10"}
{"level":"info","message":"GET getParameters from database","timestamp":"2024-07-31 09:07:11"}
{"level":"info","message":"GET getProgramas from database","timestamp":"2024-07-31 09:08:36"}
{"level":"info","message":"GET getParameters from database","timestamp":"2024-07-31 09:08:37"}
{"level":"info","message":"GET getProgramas from database","timestamp":"2024-07-31 09:09:09"}
{"level":"info","message":"GET getParameters from database","timestamp":"2024-07-31 09:09:10"}
{"level":"info","message":"GET getProgramas from database","timestamp":"2024-07-31 09:09:26"}
{"level":"info","message":"GET getParameters from database","timestamp":"2024-07-31 09:09:27"}
{"level":"info","message":"GET getProgramas from database","timestamp":"2024-07-31 09:10:24"}
{"level":"info","message":"GET getParameters from database","timestamp":"2024-07-31 09:10:26"}
{"level":"info","message":"GET getProgramas from database","timestamp":"2024-07-31 09:11:54"}
{"level":"info","message":"GET getParameters from database","timestamp":"2024-07-31 09:11:56"}
{"level":"info","message":"GET getProgramas from database","timestamp":"2024-07-31 09:12:27"}
{"level":"info","message":"GET getParameters from database","timestamp":"2024-07-31 09:12:28"}
{"level":"info","message":"GET getParameters from database","timestamp":"2024-07-31 09:12:49"}
{"level":"info","message":"GET getProgramas from database","timestamp":"2024-07-31 09:14:19"}
{"level":"info","message":"GET getParameters from database","timestamp":"2024-07-31 09:14:20"}
{"level":"info","message":"GET getTipoPuntoEstacion from database","timestamp":"2024-07-31 09:18:05"}
{"level":"info","message":"GET getDepartamentos from database","timestamp":"2024-07-31 09:18:05"}
{"level":"info","message":"GET getMatrices from database","timestamp":"2024-07-31 09:18:05"}
{"level":"info","message":"GET getProgramas from database","timestamp":"2024-07-31 09:20:31"}
{"level":"info","message":"GET getParameters from database","timestamp":"2024-07-31 09:20:31"}
{"level":"info","message":"GET getDepartamentos from database","timestamp":"2024-07-31 09:20:32"}
{"level":"info","message":"GET getTipoPuntoEstacion from database","timestamp":"2024-07-31 09:20:32"}
{"level":"info","message":"GET getMatrices from database","timestamp":"2024-07-31 09:20:32"}
{"level":"info","message":"GET subcuenca by LatLong from database","timestamp":"2024-07-31 09:21:00"}
{"level":"info","message":"GET getCuencaId from database","timestamp":"2024-07-31 09:21:00"}
{"level":"error","message":"Error addEstacionAgua","timestamp":"2024-07-31 09:21:11"}
{"level":"info","message":"GET getProgramas from database","timestamp":"2024-07-31 10:18:35"}
{"level":"info","message":"GET getParameters from database","timestamp":"2024-07-31 10:18:39"}
{"level":"info","message":"GET getTipoPuntoEstacion from database","timestamp":"2024-07-31 10:18:42"}
{"level":"info","message":"GET getMatrices from database","timestamp":"2024-07-31 10:18:42"}
{"level":"info","message":"GET getDepartamentos from database","timestamp":"2024-07-31 10:18:42"}
{"level":"info","message":"GET getMatrices from database","timestamp":"2024-07-31 10:19:06"}
{"level":"info","message":"GET getTipoPuntoEstacion from database","timestamp":"2024-07-31 10:19:06"}
{"level":"info","message":"GET getDepartamentos from database","timestamp":"2024-07-31 10:19:06"}
{"level":"info","message":"GET getEstacionesPrograma from database","timestamp":"2024-07-31 10:19:33"}
{"level":"info","message":"GET getProgramas from database","timestamp":"2024-07-31 10:53:06"}
{"level":"info","message":"GET getParameters from database","timestamp":"2024-07-31 10:53:12"}
{"level":"info","message":"GET getTipoPuntoEstacion from database","timestamp":"2024-07-31 10:53:14"}
{"level":"info","message":"GET getMatrices from database","timestamp":"2024-07-31 10:53:14"}
{"level":"info","message":"GET getDepartamentos from database","timestamp":"2024-07-31 10:53:14"}
{"level":"info","message":"GET subcuenca by LatLong from database","timestamp":"2024-07-31 10:53:36"}
{"level":"info","message":"GET getCuencaId from database","timestamp":"2024-07-31 10:53:36"}
{"level":"error","message":"Error addEstacionAgua","timestamp":"2024-07-31 10:53:37"}
