{"level":"info","message":"GET getProgramas from database","timestamp":"2024-07-17 10:01:45"}
{"level":"info","message":"GET getEstacionesPrograma from database","timestamp":"2024-07-17 10:01:47"}
{"level":"info","message":"GET getEstacionesPrograma from database","timestamp":"2024-07-17 10:01:59"}
{"level":"info","message":"GET getParameters from database","timestamp":"2024-07-17 10:02:01"}
{"level":"info","message":"GET getParameters from database","timestamp":"2024-07-17 10:02:12"}
{"level":"info","message":"GET getTipoPuntoEstacion from database","timestamp":"2024-07-17 10:02:13"}
{"level":"info","message":"GET getMatrices from database","timestamp":"2024-07-17 10:02:13"}
{"level":"info","message":"GET getDepartamentos from database","timestamp":"2024-07-17 10:02:13"}
{"level":"info","message":"GET getTipoPuntoEstacion from database","timestamp":"2024-07-17 10:02:25"}
{"level":"info","message":"GET getMatrices from database","timestamp":"2024-07-17 10:02:25"}
{"level":"info","message":"GET getDepartamentos from database","timestamp":"2024-07-17 10:02:25"}
{"level":"info","message":"GET getProgramas from database","timestamp":"2024-07-17 10:02:59"}
{"level":"info","message":"GET getEstacionesPrograma from database","timestamp":"2024-07-17 10:03:02"}
{"level":"info","message":"GET getParameters from database","timestamp":"2024-07-17 10:03:08"}
{"level":"info","message":"GET getMatrices from database","timestamp":"2024-07-17 10:03:12"}
{"level":"info","message":"GET getTipoPuntoEstacion from database","timestamp":"2024-07-17 10:03:12"}
{"level":"info","message":"GET getDepartamentos from database","timestamp":"2024-07-17 10:03:12"}
{"level":"info","message":"GET getProgramas from database","timestamp":"2024-07-17 10:36:53"}
{"level":"info","message":"GET getParameters from database","timestamp":"2024-07-17 10:36:57"}
{"level":"info","message":"GET getTipoPuntoEstacion from database","timestamp":"2024-07-17 10:37:44"}
{"level":"info","message":"GET getDepartamentos from database","timestamp":"2024-07-17 10:37:44"}
{"level":"info","message":"GET getMatrices from database","timestamp":"2024-07-17 10:37:44"}
{"level":"info","message":"GET getProgramas from database","timestamp":"2024-07-17 11:32:53"}
{"level":"info","message":"GET getParameters from database","timestamp":"2024-07-17 11:32:54"}
{"level":"info","message":"GET getTipoPuntoEstacion from database","timestamp":"2024-07-17 11:33:03"}
{"level":"info","message":"GET getDepartamentos from database","timestamp":"2024-07-17 11:33:03"}
{"level":"info","message":"GET getMatrices from database","timestamp":"2024-07-17 11:33:03"}
{"level":"info","message":"GET subcuenca by LatLong from database","timestamp":"2024-07-17 11:33:59"}
{"level":"info","message":"GET getCuencaId from database","timestamp":"2024-07-17 11:33:59"}
{"level":"info","message":"GET getProgramas from database","timestamp":"2024-07-17 11:40:31"}
{"level":"info","message":"GET getParameters from database","timestamp":"2024-07-17 11:40:32"}
{"level":"info","message":"GET getTipoPuntoEstacion from database","timestamp":"2024-07-17 11:40:33"}
{"level":"info","message":"GET getMatrices from database","timestamp":"2024-07-17 11:40:33"}
{"level":"info","message":"GET getDepartamentos from database","timestamp":"2024-07-17 11:40:33"}
{"level":"info","message":"GET subcuenca by LatLong from database","timestamp":"2024-07-17 11:41:00"}
{"level":"info","message":"GET getCuencaId from database","timestamp":"2024-07-17 11:41:00"}
{"level":"error","message":"Error existeEstacion/ReferenceError: nroCuenca is not defined","timestamp":"2024-07-17 11:41:01"}
{"level":"info","message":"GET getProgramas from database","timestamp":"2024-07-17 11:42:33"}
{"level":"info","message":"GET getParameters from database","timestamp":"2024-07-17 11:42:34"}
{"level":"info","message":"GET getMatrices from database","timestamp":"2024-07-17 11:42:35"}
{"level":"info","message":"GET getDepartamentos from database","timestamp":"2024-07-17 11:42:35"}
{"level":"info","message":"GET getTipoPuntoEstacion from database","timestamp":"2024-07-17 11:42:35"}
{"level":"info","message":"GET subcuenca by LatLong from database","timestamp":"2024-07-17 11:42:50"}
{"level":"info","message":"GET getCuencaId from database","timestamp":"2024-07-17 11:42:50"}
{"level":"error","message":"Error existeEstacion/SqlError: (conn=2339623, no: 1054, SQLState: 42S22) Unknown column 'codigo' in 'where clause'\nsql: \n        SELECT \n          1\n        FROM \n          estacion \n        WHERE \n          codigo = ? AND\n          descripcion = ?\n        LIMIT 1\n       - parameters:['hdhgdfh','dfhh']","timestamp":"2024-07-17 11:42:52"}
{"level":"info","message":"GET getProgramas from database","timestamp":"2024-07-17 11:44:30"}
{"level":"info","message":"GET getParameters from database","timestamp":"2024-07-17 11:44:31"}
{"level":"info","message":"GET getTipoPuntoEstacion from database","timestamp":"2024-07-17 11:44:32"}
{"level":"info","message":"GET getDepartamentos from database","timestamp":"2024-07-17 11:44:32"}
{"level":"info","message":"GET getMatrices from database","timestamp":"2024-07-17 11:44:32"}
{"level":"info","message":"GET subcuenca by LatLong from database","timestamp":"2024-07-17 11:44:45"}
{"level":"info","message":"GET getCuencaId from database","timestamp":"2024-07-17 11:44:45"}
{"level":"error","message":"Error existeEstacion/SqlError: (conn=2339665, no: 1054, SQLState: 42S22) Unknown column 'codigo' in 'where clause'\nsql: \n        SELECT \n          1\n        FROM \n          estacion \n        WHERE \n          codigo = ? AND\n          descripcion = ?\n        LIMIT 1\n       - parameters:['gkj','hjk']","timestamp":"2024-07-17 11:44:47"}
{"level":"info","message":"GET getEstaciones from database","timestamp":"2024-07-17 11:46:39"}
{"level":"info","message":"GET getProgramas from database","timestamp":"2024-07-17 11:46:41"}
{"level":"info","message":"GET getParameters from database","timestamp":"2024-07-17 11:46:44"}
{"level":"info","message":"GET getTipoPuntoEstacion from database","timestamp":"2024-07-17 11:46:45"}
{"level":"info","message":"GET getMatrices from database","timestamp":"2024-07-17 11:46:45"}
{"level":"info","message":"GET getDepartamentos from database","timestamp":"2024-07-17 11:46:45"}
{"level":"info","message":"GET subcuenca by LatLong from database","timestamp":"2024-07-17 11:46:58"}
{"level":"info","message":"GET getCuencaId from database","timestamp":"2024-07-17 11:46:58"}
{"level":"error","message":"Error existeEstacion/TypeError: Cannot read properties of undefined (reading 'length')","timestamp":"2024-07-17 11:47:01"}
{"level":"info","message":"GET getProgramas from database","timestamp":"2024-07-17 11:51:34"}
{"level":"info","message":"GET getParameters from database","timestamp":"2024-07-17 11:51:35"}
{"level":"info","message":"GET getTipoPuntoEstacion from database","timestamp":"2024-07-17 11:51:36"}
{"level":"info","message":"GET getMatrices from database","timestamp":"2024-07-17 11:51:36"}
{"level":"info","message":"GET getDepartamentos from database","timestamp":"2024-07-17 11:51:36"}
{"level":"info","message":"GET subcuenca by LatLong from database","timestamp":"2024-07-17 11:51:48"}
{"level":"info","message":"GET existeEstacion from database","timestamp":"2024-07-17 11:51:51"}
{"level":"info","message":"GET getParameters from database","timestamp":"2024-07-17 11:52:08"}
{"level":"info","message":"GET getDepartamentos from database","timestamp":"2024-07-17 11:52:12"}
{"level":"info","message":"GET getTipoPuntoEstacion from database","timestamp":"2024-07-17 11:52:12"}
{"level":"info","message":"GET getMatrices from database","timestamp":"2024-07-17 11:52:12"}
{"level":"info","message":"GET subcuenca by LatLong from database","timestamp":"2024-07-17 11:52:36"}
{"level":"info","message":"GET getCuencaId from database","timestamp":"2024-07-17 11:52:36"}
{"level":"info","message":"GET existeEstacion from database","timestamp":"2024-07-17 11:52:37"}
{"level":"info","message":"GET getProgramas from database","timestamp":"2024-07-17 11:55:15"}
{"level":"info","message":"GET getParameters from database","timestamp":"2024-07-17 11:55:16"}
{"level":"info","message":"GET getTipoPuntoEstacion from database","timestamp":"2024-07-17 11:55:17"}
{"level":"info","message":"GET getMatrices from database","timestamp":"2024-07-17 11:55:17"}
{"level":"info","message":"GET getDepartamentos from database","timestamp":"2024-07-17 11:55:17"}
{"level":"info","message":"GET subcuenca by LatLong from database","timestamp":"2024-07-17 11:55:38"}
{"level":"info","message":"GET getCuencaId from database","timestamp":"2024-07-17 11:55:38"}
{"level":"info","message":"GET existeEstacion from database","timestamp":"2024-07-17 11:55:39"}
{"level":"info","message":"GET getProgramas from database","timestamp":"2024-07-17 11:58:15"}
{"level":"info","message":"GET getParameters from database","timestamp":"2024-07-17 11:58:16"}
{"level":"info","message":"GET getTipoPuntoEstacion from database","timestamp":"2024-07-17 11:58:17"}
{"level":"info","message":"GET getMatrices from database","timestamp":"2024-07-17 11:58:17"}
{"level":"info","message":"GET getDepartamentos from database","timestamp":"2024-07-17 11:58:17"}
{"level":"info","message":"GET subcuenca by LatLong from database","timestamp":"2024-07-17 11:58:37"}
{"level":"info","message":"GET getCuencaId from database","timestamp":"2024-07-17 11:58:37"}
{"level":"info","message":"GET existeEstacion from database","timestamp":"2024-07-17 11:58:37"}
{"level":"info","message":"GET existeEstacion from database","timestamp":"2024-07-17 11:58:55"}
{"level":"info","message":"GET subcuenca by LatLong from database","timestamp":"2024-07-17 11:59:00"}
{"level":"info","message":"GET getCuencaId from database","timestamp":"2024-07-17 11:59:00"}
{"level":"info","message":"GET existeEstacion from database","timestamp":"2024-07-17 11:59:01"}
{"level":"info","message":"GET getProgramas from database","timestamp":"2024-07-17 11:59:46"}
{"level":"info","message":"GET getParameters from database","timestamp":"2024-07-17 11:59:48"}
{"level":"info","message":"GET getTipoPuntoEstacion from database","timestamp":"2024-07-17 11:59:50"}
{"level":"info","message":"GET getDepartamentos from database","timestamp":"2024-07-17 11:59:50"}
{"level":"info","message":"GET getMatrices from database","timestamp":"2024-07-17 11:59:50"}
{"level":"info","message":"GET existeEstacion from database","timestamp":"2024-07-17 11:59:56"}
{"level":"info","message":"GET existeEstacion from database","timestamp":"2024-07-17 12:00:04"}
{"level":"info","message":"GET subcuenca by LatLong from database","timestamp":"2024-07-17 12:00:08"}
{"level":"info","message":"GET getCuencaId from database","timestamp":"2024-07-17 12:00:08"}
{"level":"info","message":"GET existeEstacion from database","timestamp":"2024-07-17 12:00:09"}
{"level":"info","message":"GET existeEstacion from database","timestamp":"2024-07-17 12:00:10"}
{"level":"info","message":"GET existeEstacion from database","timestamp":"2024-07-17 12:00:11"}
{"level":"info","message":"GET existeEstacion from database","timestamp":"2024-07-17 12:00:12"}
{"level":"info","message":"GET existeEstacion from database","timestamp":"2024-07-17 12:00:12"}
{"level":"info","message":"GET existeEstacion from database","timestamp":"2024-07-17 12:00:12"}
{"level":"info","message":"GET existeEstacion from database","timestamp":"2024-07-17 12:00:12"}
{"level":"info","message":"GET existeEstacion from database","timestamp":"2024-07-17 12:00:12"}
{"level":"info","message":"GET existeEstacion from database","timestamp":"2024-07-17 12:00:12"}
{"level":"info","message":"GET existeEstacion from database","timestamp":"2024-07-17 12:00:13"}
{"level":"info","message":"GET existeEstacion from database","timestamp":"2024-07-17 12:00:13"}
{"level":"info","message":"GET existeEstacion from database","timestamp":"2024-07-17 12:00:13"}
{"level":"info","message":"GET existeEstacion from database","timestamp":"2024-07-17 12:00:13"}
{"level":"info","message":"GET existeEstacion from database","timestamp":"2024-07-17 12:00:13"}
{"level":"info","message":"GET existeEstacion from database","timestamp":"2024-07-17 12:00:13"}
{"level":"info","message":"GET existeEstacion from database","timestamp":"2024-07-17 12:00:14"}
{"level":"info","message":"GET existeEstacion from database","timestamp":"2024-07-17 12:00:14"}
{"level":"info","message":"GET existeEstacion from database","timestamp":"2024-07-17 12:00:30"}
{"level":"info","message":"GET existeEstacion from database","timestamp":"2024-07-17 12:00:31"}
{"level":"info","message":"GET existeEstacion from database","timestamp":"2024-07-17 12:00:32"}
{"level":"info","message":"GET existeEstacion from database","timestamp":"2024-07-17 12:00:32"}
{"level":"info","message":"GET existeEstacion from database","timestamp":"2024-07-17 12:00:32"}
{"level":"info","message":"GET existeEstacion from database","timestamp":"2024-07-17 12:00:32"}
{"level":"info","message":"GET existeEstacion from database","timestamp":"2024-07-17 12:00:36"}
{"level":"info","message":"GET getTipoPuntoEstacion from database","timestamp":"2024-07-17 12:00:38"}
{"level":"info","message":"GET getMatrices from database","timestamp":"2024-07-17 12:00:38"}
{"level":"info","message":"GET getDepartamentos from database","timestamp":"2024-07-17 12:00:38"}
{"level":"info","message":"GET existeEstacion from database","timestamp":"2024-07-17 12:00:43"}
{"level":"info","message":"GET existeEstacion from database","timestamp":"2024-07-17 12:00:50"}
{"level":"info","message":"GET subcuenca by LatLong from database","timestamp":"2024-07-17 12:00:57"}
{"level":"info","message":"GET getCuencaId from database","timestamp":"2024-07-17 12:00:57"}
{"level":"info","message":"GET existeEstacion from database","timestamp":"2024-07-17 12:00:58"}
{"level":"info","message":"GET existeEstacion from database","timestamp":"2024-07-17 12:01:05"}
{"level":"info","message":"GET existeEstacion from database","timestamp":"2024-07-17 12:01:06"}
{"level":"info","message":"GET existeEstacion from database","timestamp":"2024-07-17 12:01:06"}
{"level":"info","message":"GET existeEstacion from database","timestamp":"2024-07-17 12:01:06"}
{"level":"info","message":"GET getProgramas from database","timestamp":"2024-07-17 12:01:57"}
{"level":"info","message":"GET getParameters from database","timestamp":"2024-07-17 12:01:58"}
{"level":"info","message":"GET getTipoPuntoEstacion from database","timestamp":"2024-07-17 12:01:59"}
{"level":"info","message":"GET getMatrices from database","timestamp":"2024-07-17 12:01:59"}
{"level":"info","message":"GET getDepartamentos from database","timestamp":"2024-07-17 12:01:59"}
{"level":"info","message":"GET existeEstacion from database","timestamp":"2024-07-17 12:02:06"}
{"level":"info","message":"GET existeEstacion from database","timestamp":"2024-07-17 12:02:17"}
{"level":"info","message":"GET subcuenca by LatLong from database","timestamp":"2024-07-17 12:02:18"}
{"level":"info","message":"GET getCuencaId from database","timestamp":"2024-07-17 12:02:18"}
{"level":"info","message":"GET existeEstacion from database","timestamp":"2024-07-17 12:02:19"}
{"level":"info","message":"GET existeEstacion from database","timestamp":"2024-07-17 12:02:26"}
{"level":"info","message":"GET existeEstacion from database","timestamp":"2024-07-17 12:02:27"}
{"level":"info","message":"GET existeEstacion from database","timestamp":"2024-07-17 12:02:27"}
{"level":"info","message":"GET existeEstacion from database","timestamp":"2024-07-17 12:02:27"}
{"level":"info","message":"GET existeEstacion from database","timestamp":"2024-07-17 12:02:27"}
{"level":"info","message":"GET existeEstacion from database","timestamp":"2024-07-17 12:02:27"}
{"level":"info","message":"GET existeEstacion from database","timestamp":"2024-07-17 12:02:28"}
{"level":"info","message":"GET existeEstacion from database","timestamp":"2024-07-17 12:02:28"}
{"level":"info","message":"GET getProgramas from database","timestamp":"2024-07-17 12:04:03"}
{"level":"info","message":"GET getParameters from database","timestamp":"2024-07-17 12:04:05"}
{"level":"info","message":"GET getDepartamentos from database","timestamp":"2024-07-17 12:04:06"}
{"level":"info","message":"GET getTipoPuntoEstacion from database","timestamp":"2024-07-17 12:04:06"}
{"level":"info","message":"GET getMatrices from database","timestamp":"2024-07-17 12:04:06"}
{"level":"info","message":"GET subcuenca by LatLong from database","timestamp":"2024-07-17 12:04:34"}
{"level":"info","message":"GET getCuencaId from database","timestamp":"2024-07-17 12:04:34"}
{"level":"info","message":"GET existeEstacion from database","timestamp":"2024-07-17 12:04:36"}
{"level":"info","message":"GET getEstaciones from database","timestamp":"2024-07-17 13:43:30"}
{"level":"info","message":"GET getProgramas from database","timestamp":"2024-07-17 13:43:34"}
{"level":"info","message":"GET getParameters from database","timestamp":"2024-07-17 13:43:35"}
{"level":"info","message":"GET getTipoPuntoEstacion from database","timestamp":"2024-07-17 13:43:36"}
{"level":"info","message":"GET getMatrices from database","timestamp":"2024-07-17 13:43:36"}
{"level":"info","message":"GET getDepartamentos from database","timestamp":"2024-07-17 13:43:36"}
{"level":"error","message":"Error existeEstacion/TypeError: Cannot read properties of undefined (reading 'length')","timestamp":"2024-07-17 13:43:43"}
{"level":"info","message":"GET getProgramas from database","timestamp":"2024-07-17 13:46:56"}
{"level":"info","message":"GET getParameters from database","timestamp":"2024-07-17 13:46:58"}
{"level":"info","message":"GET getTipoPuntoEstacion from database","timestamp":"2024-07-17 13:46:59"}
{"level":"info","message":"GET getMatrices from database","timestamp":"2024-07-17 13:46:59"}
{"level":"info","message":"GET getDepartamentos from database","timestamp":"2024-07-17 13:46:59"}
{"level":"info","message":"GET getMatrices from database","timestamp":"2024-07-17 13:47:16"}
{"level":"info","message":"GET getTipoPuntoEstacion from database","timestamp":"2024-07-17 13:47:16"}
{"level":"info","message":"GET getDepartamentos from database","timestamp":"2024-07-17 13:47:16"}
{"level":"info","message":"GET existeEstacion from database","timestamp":"2024-07-17 13:47:24"}
{"level":"info","message":"GET existeEstacion from database","timestamp":"2024-07-17 13:47:34"}
{"level":"info","message":"GET getProgramas from database","timestamp":"2024-07-17 13:50:08"}
{"level":"info","message":"GET getParameters from database","timestamp":"2024-07-17 13:50:08"}
{"level":"info","message":"GET getTipoPuntoEstacion from database","timestamp":"2024-07-17 13:50:09"}
{"level":"info","message":"GET getDepartamentos from database","timestamp":"2024-07-17 13:50:09"}
{"level":"info","message":"GET getMatrices from database","timestamp":"2024-07-17 13:50:09"}
{"level":"info","message":"GET existeEstacion from database","timestamp":"2024-07-17 13:50:14"}
{"level":"info","message":"GET getProgramas from database","timestamp":"2024-07-17 13:51:56"}
{"level":"info","message":"GET getParameters from database","timestamp":"2024-07-17 13:51:57"}
{"level":"info","message":"GET getMatrices from database","timestamp":"2024-07-17 13:51:59"}
{"level":"info","message":"GET getTipoPuntoEstacion from database","timestamp":"2024-07-17 13:51:59"}
{"level":"info","message":"GET getDepartamentos from database","timestamp":"2024-07-17 13:51:59"}
{"level":"info","message":"GET existeEstacion from database","timestamp":"2024-07-17 13:52:11"}
{"level":"info","message":"GET existeEstacion from database","timestamp":"2024-07-17 13:52:20"}
{"level":"info","message":"GET getProgramas from database","timestamp":"2024-07-17 13:55:26"}
{"level":"info","message":"GET getParameters from database","timestamp":"2024-07-17 13:55:27"}
{"level":"info","message":"GET getTipoPuntoEstacion from database","timestamp":"2024-07-17 13:55:30"}
{"level":"info","message":"GET getDepartamentos from database","timestamp":"2024-07-17 13:55:30"}
{"level":"info","message":"GET getMatrices from database","timestamp":"2024-07-17 13:55:30"}
{"level":"info","message":"GET existeEstacion from database","timestamp":"2024-07-17 13:55:41"}
{"level":"info","message":"GET getProgramas from database","timestamp":"2024-07-17 14:01:35"}
{"level":"info","message":"GET getParameters from database","timestamp":"2024-07-17 14:01:36"}
{"level":"info","message":"GET getTipoPuntoEstacion from database","timestamp":"2024-07-17 14:01:37"}
{"level":"info","message":"GET getMatrices from database","timestamp":"2024-07-17 14:01:37"}
{"level":"info","message":"GET getDepartamentos from database","timestamp":"2024-07-17 14:01:37"}
{"level":"info","message":"GET existeEstacion from database","timestamp":"2024-07-17 14:01:39"}
{"level":"info","message":"GET existeEstacion from database","timestamp":"2024-07-17 14:01:46"}
{"level":"info","message":"GET existeEstacion from database","timestamp":"2024-07-17 14:02:18"}
{"level":"info","message":"GET existeEstacion from database","timestamp":"2024-07-17 14:02:20"}
{"level":"info","message":"GET existeEstacion from database","timestamp":"2024-07-17 14:02:20"}
{"level":"info","message":"GET existeEstacion from database","timestamp":"2024-07-17 14:02:20"}
{"level":"info","message":"GET existeEstacion from database","timestamp":"2024-07-17 14:02:58"}
{"level":"info","message":"GET getProgramas from database","timestamp":"2024-07-17 14:04:18"}
{"level":"info","message":"GET getParameters from database","timestamp":"2024-07-17 14:04:20"}
{"level":"info","message":"GET getTipoPuntoEstacion from database","timestamp":"2024-07-17 14:04:21"}
{"level":"info","message":"GET getMatrices from database","timestamp":"2024-07-17 14:04:21"}
{"level":"info","message":"GET getDepartamentos from database","timestamp":"2024-07-17 14:04:21"}
{"level":"info","message":"GET existeEstacion from database","timestamp":"2024-07-17 14:04:32"}
{"level":"info","message":"GET getProgramas from database","timestamp":"2024-07-17 14:07:54"}
{"level":"info","message":"GET getParameters from database","timestamp":"2024-07-17 14:07:55"}
{"level":"info","message":"GET getMatrices from database","timestamp":"2024-07-17 14:07:57"}
{"level":"info","message":"GET getTipoPuntoEstacion from database","timestamp":"2024-07-17 14:07:57"}
{"level":"info","message":"GET getDepartamentos from database","timestamp":"2024-07-17 14:07:57"}
{"level":"info","message":"GET existeEstacion from database","timestamp":"2024-07-17 14:08:10"}
{"level":"info","message":"GET existeEstacion from database","timestamp":"2024-07-17 14:08:52"}
{"level":"info","message":"GET getProgramas from database","timestamp":"2024-07-17 14:10:26"}
{"level":"info","message":"GET getParameters from database","timestamp":"2024-07-17 14:10:27"}
{"level":"info","message":"GET getMatrices from database","timestamp":"2024-07-17 14:10:29"}
{"level":"info","message":"GET getTipoPuntoEstacion from database","timestamp":"2024-07-17 14:10:29"}
{"level":"info","message":"GET getDepartamentos from database","timestamp":"2024-07-17 14:10:29"}
{"level":"info","message":"GET existeEstacion from database","timestamp":"2024-07-17 14:10:38"}
{"level":"info","message":"GET existeEstacion from database","timestamp":"2024-07-17 14:10:44"}
{"level":"info","message":"GET existeEstacion from database","timestamp":"2024-07-17 14:10:46"}
{"level":"info","message":"GET getTipoPuntoEstacion from database","timestamp":"2024-07-17 14:10:49"}
{"level":"info","message":"GET getMatrices from database","timestamp":"2024-07-17 14:10:49"}
{"level":"info","message":"GET getDepartamentos from database","timestamp":"2024-07-17 14:10:49"}
{"level":"info","message":"GET existeEstacion from database","timestamp":"2024-07-17 14:10:54"}
