{"level":"info","message":"GET getProgramas from database","timestamp":"2024-06-04 09:20:41"}
{"level":"info","message":"GET getParameters from database","timestamp":"2024-06-04 09:27:33"}
{"level":"info","message":"GET getProgramas from database","timestamp":"2024-06-04 09:31:24"}
{"level":"info","message":"GET getParameters from database","timestamp":"2024-06-04 09:31:29"}
{"level":"info","message":"GET getProgramas from database","timestamp":"2024-06-04 09:31:57"}
{"level":"info","message":"GET getParameters from database","timestamp":"2024-06-04 09:32:02"}
{"level":"info","message":"GET getProgramas from database","timestamp":"2024-06-04 09:36:33"}
{"level":"info","message":"GET getParameters from database","timestamp":"2024-06-04 09:37:17"}
{"level":"info","message":"GET getProgramas from database","timestamp":"2024-06-04 09:37:44"}
{"level":"info","message":"GET getProgramas from database","timestamp":"2024-06-04 09:38:20"}
{"level":"info","message":"GET getParameters from database","timestamp":"2024-06-04 09:38:24"}
{"level":"info","message":"GET getProgramas from database","timestamp":"2024-06-04 09:38:45"}
{"level":"info","message":"GET getProgramas from database","timestamp":"2024-06-04 09:39:24"}
{"level":"info","message":"GET getParameters from database","timestamp":"2024-06-04 09:40:17"}
{"level":"info","message":"GET getProgramas from database","timestamp":"2024-06-04 10:13:32"}
{"level":"info","message":"GET getParameters from database","timestamp":"2024-06-04 10:13:33"}
{"level":"info","message":"GET getProgramas from database","timestamp":"2024-06-04 10:15:31"}
{"level":"info","message":"GET getParameters from database","timestamp":"2024-06-04 10:15:32"}
{"level":"info","message":"GET getProgramas from database","timestamp":"2024-06-04 10:20:20"}
{"level":"info","message":"GET getProgramas from database","timestamp":"2024-06-04 10:20:22"}
{"level":"info","message":"GET getProgramas from database","timestamp":"2024-06-04 10:20:25"}
{"level":"info","message":"GET getProgramas from database","timestamp":"2024-06-04 10:20:27"}
{"level":"info","message":"GET getProgramas from database","timestamp":"2024-06-04 10:20:29"}
{"level":"info","message":"GET getProgramas from database","timestamp":"2024-06-04 10:27:41"}
{"level":"info","message":"GET getProgramas from database","timestamp":"2024-06-04 10:27:43"}
{"level":"info","message":"GET getProgramas from database","timestamp":"2024-06-04 10:29:40"}
{"level":"info","message":"GET getProgramas from database","timestamp":"2024-06-04 10:31:40"}
{"level":"info","message":"GET getProgramas from database","timestamp":"2024-06-04 10:31:42"}
{"level":"info","message":"GET getProgramas from database","timestamp":"2024-06-04 10:34:04"}
{"level":"info","message":"GET getProgramas from database","timestamp":"2024-06-04 10:34:05"}
{"level":"info","message":"GET getProgramas from database","timestamp":"2024-06-04 10:35:17"}
{"level":"info","message":"GET getProgramas from database","timestamp":"2024-06-04 10:35:26"}
{"level":"info","message":"GET getProgramas from database","timestamp":"2024-06-04 10:40:39"}
{"level":"info","message":"GET getProgramas from database","timestamp":"2024-06-04 10:40:40"}
{"level":"info","message":"GET getProgramas from database","timestamp":"2024-06-04 10:41:22"}
{"level":"info","message":"GET getProgramas from database","timestamp":"2024-06-04 10:41:23"}
{"level":"info","message":"GET getProgramas from database","timestamp":"2024-06-04 10:41:57"}
{"level":"info","message":"GET getProgramas from database","timestamp":"2024-06-04 10:41:59"}
{"level":"info","message":"GET getProgramas from database","timestamp":"2024-06-04 10:42:57"}
{"level":"info","message":"GET getProgramas from database","timestamp":"2024-06-04 10:42:58"}
{"level":"info","message":"GET getProgramas from database","timestamp":"2024-06-04 10:43:30"}
{"level":"info","message":"GET getProgramas from database","timestamp":"2024-06-04 10:43:32"}
{"level":"info","message":"GET getProgramas from database","timestamp":"2024-06-04 10:45:01"}
{"level":"info","message":"GET getProgramas from database","timestamp":"2024-06-04 10:45:02"}
{"level":"info","message":"GET getProgramas from database","timestamp":"2024-06-04 10:46:51"}
{"level":"info","message":"GET getProgramas from database","timestamp":"2024-06-04 10:46:52"}
{"level":"info","message":"GET getProgramas from database","timestamp":"2024-06-04 10:47:35"}
{"level":"info","message":"GET getProgramas from database","timestamp":"2024-06-04 10:47:37"}
{"level":"info","message":"GET getProgramas from database","timestamp":"2024-06-04 10:50:58"}
{"level":"info","message":"GET getProgramas from database","timestamp":"2024-06-04 10:52:59"}
{"level":"info","message":"GET getProgramas from database","timestamp":"2024-06-04 10:54:06"}
{"level":"info","message":"GET getProgramas from database","timestamp":"2024-06-04 10:55:31"}
{"level":"info","message":"GET getProgramas from database","timestamp":"2024-06-04 10:59:00"}
{"level":"info","message":"GET getEstacionesPrograma from database","timestamp":"2024-06-04 10:59:01"}
{"level":"info","message":"GET getEstacionesPrograma from database","timestamp":"2024-06-04 10:59:11"}
{"level":"info","message":"GET getProgramas from database","timestamp":"2024-06-04 11:07:35"}
{"level":"info","message":"GET getEstacionesPrograma from database","timestamp":"2024-06-04 11:07:36"}
{"level":"info","message":"GET getProgramas from database","timestamp":"2024-06-04 11:09:03"}
{"level":"info","message":"GET getEstacionesPrograma from database","timestamp":"2024-06-04 11:09:04"}
{"level":"info","message":"GET getProgramas from database","timestamp":"2024-06-04 11:09:31"}
{"level":"info","message":"GET getEstacionesPrograma from database","timestamp":"2024-06-04 11:09:32"}
{"level":"info","message":"GET getProgramas from database","timestamp":"2024-06-04 11:11:33"}
{"level":"error","message":"Error getEstacionesPrograma/SqlError: Error in results, duplicate field name `id_programa`.\n(see option `checkDuplicate`)\nsql: \n        SELECT *\n        FROM estacion e\n        JOIN programa p ON e.id_programa = p.id_programa\n        WHERE e.id_programa = ?\n       - parameters:[{\"idPrograma\":\"1\"}]","timestamp":"2024-06-04 11:11:34"}
{"level":"info","message":"GET getProgramas from database","timestamp":"2024-06-04 11:12:25"}
{"level":"error","message":"Error getEstacionesPrograma/SqlError: Error in results, duplicate field name `id_programa`.\n(see option `checkDuplicate`)\nsql: \n        SELECT  e.*, p.*\n        FROM estacion e\n        JOIN programa p ON e.id_programa = p.id_programa\n        WHERE e.id_programa = ?\n       - parameters:[{\"idPrograma\":\"1\"}]","timestamp":"2024-06-04 11:12:30"}
{"level":"info","message":"GET getProgramas from database","timestamp":"2024-06-04 11:13:58"}
{"level":"error","message":"Error getEstacionesPrograma/SqlError: (conn=1613251, no: 1054, SQLState: 42S22) Unknown column 'e.otra_columna' in 'field list'\nsql: \n      SELECT \n      e.id_programa as estacion_id_programa, \n      e.otra_columna as estacion_otra_columna, \n      p.id_programa as programa_id_programa, \n      p.otra_columna as programa_otra_columna\n    FROM estacion e\n    JOIN programa p ON e.id_program...","timestamp":"2024-06-04 11:13:59"}
{"level":"info","message":"GET getProgramas from database","timestamp":"2024-06-04 11:14:52"}
{"level":"info","message":"GET getEstacionesPrograma from database","timestamp":"2024-06-04 11:14:53"}
{"level":"info","message":"GET getProgramas from database","timestamp":"2024-06-04 11:21:19"}
{"level":"info","message":"GET getEstacionesPrograma from database","timestamp":"2024-06-04 11:21:21"}
{"level":"info","message":"GET getProgramas from database","timestamp":"2024-06-04 11:22:24"}
{"level":"info","message":"GET getEstacionesPrograma from database","timestamp":"2024-06-04 11:22:26"}
{"level":"info","message":"GET getProgramas from database","timestamp":"2024-06-04 11:24:16"}
{"level":"info","message":"GET getEstacionesPrograma from database","timestamp":"2024-06-04 11:24:17"}
{"level":"info","message":"GET getProgramas from database","timestamp":"2024-06-04 11:28:34"}
{"level":"info","message":"GET getEstacionesPrograma from database","timestamp":"2024-06-04 11:28:36"}
{"level":"info","message":"GET getEstacionesPrograma from database","timestamp":"2024-06-04 11:28:41"}
{"level":"info","message":"GET getEstacionesPrograma from database","timestamp":"2024-06-04 11:28:43"}
{"level":"info","message":"GET getEstacionesPrograma from database","timestamp":"2024-06-04 11:28:45"}
{"level":"info","message":"GET getEstacionesPrograma from database","timestamp":"2024-06-04 11:28:50"}
{"level":"info","message":"GET getEstacionesPrograma from database","timestamp":"2024-06-04 11:28:52"}
{"level":"info","message":"GET getEstacionesPrograma from database","timestamp":"2024-06-04 11:28:59"}
{"level":"info","message":"GET getEstacionesPrograma from database","timestamp":"2024-06-04 11:29:02"}
{"level":"info","message":"GET getEstacionesPrograma from database","timestamp":"2024-06-04 11:39:33"}
{"level":"info","message":"GET getEstacionesPrograma from database","timestamp":"2024-06-04 11:39:43"}
{"level":"info","message":"GET getEstacionesPrograma from database","timestamp":"2024-06-04 11:42:24"}
{"level":"info","message":"GET getParameters from database","timestamp":"2024-06-04 11:42:48"}
{"level":"info","message":"GET getParameters from database","timestamp":"2024-06-04 11:44:30"}
{"level":"info","message":"GET getEstacionesPrograma from database","timestamp":"2024-06-04 11:44:41"}
{"level":"info","message":"GET getParameters from database","timestamp":"2024-06-04 11:44:44"}
{"level":"info","message":"GET getEstacionesPrograma from database","timestamp":"2024-06-04 11:46:12"}
{"level":"info","message":"GET getParameters from database","timestamp":"2024-06-04 11:46:58"}
{"level":"info","message":"GET getProgramas from database","timestamp":"2024-06-04 11:47:43"}
{"level":"info","message":"GET getEstacionesPrograma from database","timestamp":"2024-06-04 11:47:45"}
{"level":"info","message":"GET getProgramas from database","timestamp":"2024-06-04 11:48:03"}
{"level":"info","message":"GET getEstacionesPrograma from database","timestamp":"2024-06-04 11:48:05"}
{"level":"info","message":"GET getProgramas from database","timestamp":"2024-06-04 11:48:24"}
{"level":"info","message":"GET getEstacionesPrograma from database","timestamp":"2024-06-04 11:48:26"}
{"level":"info","message":"GET getProgramas from database","timestamp":"2024-06-04 11:49:24"}
{"level":"info","message":"GET getEstacionesPrograma from database","timestamp":"2024-06-04 11:49:26"}
{"level":"info","message":"GET getParameters from database","timestamp":"2024-06-04 11:50:47"}
{"level":"info","message":"GET getProgramas from database","timestamp":"2024-06-04 11:51:15"}
{"level":"info","message":"GET getEstacionesPrograma from database","timestamp":"2024-06-04 11:51:17"}
{"level":"info","message":"GET getProgramas from database","timestamp":"2024-06-04 11:53:45"}
{"level":"info","message":"GET getEstacionesPrograma from database","timestamp":"2024-06-04 11:53:48"}
{"level":"info","message":"GET getEstacionesPrograma from database","timestamp":"2024-06-04 11:53:52"}
{"level":"info","message":"GET getProgramas from database","timestamp":"2024-06-04 11:54:35"}
{"level":"info","message":"GET getEstacionesPrograma from database","timestamp":"2024-06-04 11:54:36"}
{"level":"info","message":"GET getProgramas from database","timestamp":"2024-06-04 11:55:38"}
{"level":"info","message":"GET getEstacionesPrograma from database","timestamp":"2024-06-04 11:56:23"}
{"level":"info","message":"GET getEstacionesPrograma from database","timestamp":"2024-06-04 11:57:28"}
{"level":"info","message":"GET getEstacionesPrograma from database","timestamp":"2024-06-04 11:57:36"}
{"level":"info","message":"GET getEstacionesPrograma from database","timestamp":"2024-06-04 11:57:41"}
{"level":"info","message":"GET getEstacionesPrograma from database","timestamp":"2024-06-04 11:59:55"}
{"level":"info","message":"GET getParameters from database","timestamp":"2024-06-04 12:00:09"}
{"level":"info","message":"GET getEstacionesPrograma from database","timestamp":"2024-06-04 12:01:21"}
{"level":"info","message":"GET getEstacionesPrograma from database","timestamp":"2024-06-04 12:01:24"}
{"level":"info","message":"GET getProgramas from database","timestamp":"2024-06-04 12:08:48"}
{"level":"info","message":"GET getEstacionesPrograma from database","timestamp":"2024-06-04 12:08:54"}
