{"level":"info","message":"GET getProgramas from database","timestamp":"2024-07-10 11:02:42"}
{"level":"info","message":"GET getEstacionesPrograma from database","timestamp":"2024-07-10 11:02:45"}
{"level":"info","message":"GET getParameters from database","timestamp":"2024-07-10 11:02:54"}
{"level":"info","message":"GET getMatrices from database","timestamp":"2024-07-10 11:02:56"}
{"level":"info","message":"GET getDepartamentos from database","timestamp":"2024-07-10 11:02:56"}
{"level":"info","message":"GET getTipoPuntoEstacion from database","timestamp":"2024-07-10 11:02:56"}
{"level":"info","message":"GET subcuenca by LatLong from database","timestamp":"2024-07-10 11:06:38"}
{"level":"info","message":"GET getCuencaId from database","timestamp":"2024-07-10 11:06:38"}
{"level":"info","message":"GET getProgramas from database","timestamp":"2024-07-10 11:13:21"}
{"level":"info","message":"GET getParameters from database","timestamp":"2024-07-10 11:13:22"}
{"level":"info","message":"GET getTipoPuntoEstacion from database","timestamp":"2024-07-10 11:13:23"}
{"level":"info","message":"GET getMatrices from database","timestamp":"2024-07-10 11:13:23"}
{"level":"info","message":"GET getDepartamentos from database","timestamp":"2024-07-10 11:13:23"}
{"level":"info","message":"GET subcuenca by LatLong from database","timestamp":"2024-07-10 11:13:47"}
{"level":"info","message":"GET subcuenca by LatLong from database","timestamp":"2024-07-10 11:14:10"}
{"level":"info","message":"GET getProgramas from database","timestamp":"2024-07-10 11:15:40"}
{"level":"info","message":"GET getParameters from database","timestamp":"2024-07-10 11:15:42"}
{"level":"info","message":"GET getMatrices from database","timestamp":"2024-07-10 11:15:44"}
{"level":"info","message":"GET getDepartamentos from database","timestamp":"2024-07-10 11:15:44"}
{"level":"info","message":"GET getTipoPuntoEstacion from database","timestamp":"2024-07-10 11:15:44"}
{"level":"info","message":"GET subcuenca by LatLong from database","timestamp":"2024-07-10 11:16:12"}
{"level":"info","message":"GET getCuencaId from database","timestamp":"2024-07-10 11:16:13"}
{"level":"info","message":"GET subcuenca by LatLong from database","timestamp":"2024-07-10 11:19:35"}
{"level":"info","message":"GET getCuencaId from database","timestamp":"2024-07-10 11:19:35"}
{"level":"info","message":"GET getParameters from database","timestamp":"2024-07-10 11:20:03"}
{"level":"info","message":"GET getTipoPuntoEstacion from database","timestamp":"2024-07-10 11:20:04"}
{"level":"info","message":"GET getMatrices from database","timestamp":"2024-07-10 11:20:04"}
{"level":"info","message":"GET getDepartamentos from database","timestamp":"2024-07-10 11:20:04"}
{"level":"info","message":"GET subcuenca by LatLong from database","timestamp":"2024-07-10 11:20:23"}
{"level":"info","message":"GET getCuencaId from database","timestamp":"2024-07-10 11:20:23"}
{"level":"info","message":"GET subcuenca by LatLong from database","timestamp":"2024-07-10 11:21:25"}
{"level":"info","message":"GET getCuencaId from database","timestamp":"2024-07-10 11:21:25"}
