{"level":"info","message":"GET getCompanies from database/username: admin","timestamp":"2024-02-20 10:12:51"}
{"level":"info","message":"GET getParameters from database/username: admin","timestamp":"2024-02-20 10:12:51"}
{"level":"info","message":"GET getUnits from database/username: admin","timestamp":"2024-02-20 10:12:51"}
{"level":"info","message":"GET getNroEnlaces for a company name /username: admin","timestamp":"2024-02-20 10:12:53"}
{"level":"info","message":"GET getNroEnlaces for a company name /username: admin","timestamp":"2024-02-20 10:12:57"}
{"level":"info","message":"GET getNroEnlaces for a company name /username: admin","timestamp":"2024-02-20 10:12:58"}
{"level":"info","message":"GET getPlant for número enlace: 2019089 /username: admin","timestamp":"2024-02-20 10:12:58"}
{"level":"info","message":"GET getCompanies from database/username: admin","timestamp":"2024-02-20 10:21:49"}
{"level":"info","message":"GET getParameters from database/username: admin","timestamp":"2024-02-20 10:21:49"}
{"level":"info","message":"GET getUnits from database/username: admin","timestamp":"2024-02-20 10:21:49"}
{"level":"info","message":"GET getNroEnlaces for a company name /username: admin","timestamp":"2024-02-20 10:21:51"}
{"level":"info","message":"GET getNroEnlaces for a company name /username: admin","timestamp":"2024-02-20 10:21:54"}
{"level":"info","message":"GET getNroEnlaces for a company name /username: admin","timestamp":"2024-02-20 10:21:54"}
{"level":"info","message":"GET getPlant for número enlace: 2019089 /username: admin","timestamp":"2024-02-20 10:21:55"}
{"level":"info","message":"GET getCompanies from database/username: admin","timestamp":"2024-02-20 10:24:28"}
{"level":"info","message":"GET getParameters from database/username: admin","timestamp":"2024-02-20 10:24:28"}
{"level":"info","message":"GET getUnits from database/username: admin","timestamp":"2024-02-20 10:24:28"}
{"level":"info","message":"GET getNroEnlaces for a company name /username: admin","timestamp":"2024-02-20 10:24:30"}
{"level":"info","message":"GET getNroEnlaces for a company name /username: admin","timestamp":"2024-02-20 10:24:34"}
{"level":"info","message":"GET getPlant for número enlace: 2019089 /username: admin","timestamp":"2024-02-20 10:24:35"}
{"level":"info","message":"GET getCompanies from database/username: admin","timestamp":"2024-02-20 10:27:15"}
{"level":"info","message":"GET getParameters from database/username: admin","timestamp":"2024-02-20 10:27:15"}
{"level":"info","message":"GET getUnits from database/username: admin","timestamp":"2024-02-20 10:27:15"}
{"level":"info","message":"GET getNroEnlaces for a company name /username: admin","timestamp":"2024-02-20 10:27:16"}
{"level":"info","message":"GET getNroEnlaces for a company name /username: admin","timestamp":"2024-02-20 10:27:19"}
{"level":"info","message":"GET getPlant for número enlace: 2019089 /username: admin","timestamp":"2024-02-20 10:27:20"}
{"level":"info","message":"GET getCompanies from database/username: admin","timestamp":"2024-02-20 10:28:03"}
{"level":"info","message":"GET getParameters from database/username: admin","timestamp":"2024-02-20 10:28:03"}
{"level":"info","message":"GET getUnits from database/username: admin","timestamp":"2024-02-20 10:28:03"}
{"level":"info","message":"GET getNroEnlaces for a company name /username: admin","timestamp":"2024-02-20 10:28:04"}
{"level":"info","message":"GET getNroEnlaces for a company name /username: admin","timestamp":"2024-02-20 10:28:08"}
{"level":"info","message":"GET getNroEnlaces for a company name /username: admin","timestamp":"2024-02-20 10:28:08"}
{"level":"info","message":"GET getPlant for número enlace: 2019089 /username: admin","timestamp":"2024-02-20 10:28:09"}
{"level":"info","message":"GET getCompanies from database/username: admin","timestamp":"2024-02-20 10:29:43"}
{"level":"info","message":"GET getUnits from database/username: admin","timestamp":"2024-02-20 10:29:43"}
{"level":"info","message":"GET getParameters from database/username: admin","timestamp":"2024-02-20 10:29:43"}
{"level":"info","message":"GET getNroEnlaces for a company name /username: admin","timestamp":"2024-02-20 10:29:44"}
{"level":"info","message":"GET getNroEnlaces for a company name /username: admin","timestamp":"2024-02-20 10:29:47"}
{"level":"info","message":"GET getNroEnlaces for a company name /username: admin","timestamp":"2024-02-20 10:29:48"}
{"level":"info","message":"GET getNroEnlaces for a company name /username: admin","timestamp":"2024-02-20 10:29:51"}
{"level":"info","message":"GET getNroEnlaces for a company name /username: admin","timestamp":"2024-02-20 10:29:51"}
{"level":"info","message":"GET getPlant for número enlace: 2019089 /username: admin","timestamp":"2024-02-20 10:29:52"}
{"level":"info","message":"GET getCompanies from database/username: admin","timestamp":"2024-02-20 10:32:33"}
{"level":"info","message":"GET getParameters from database/username: admin","timestamp":"2024-02-20 10:32:33"}
{"level":"info","message":"GET getUnits from database/username: admin","timestamp":"2024-02-20 10:32:33"}
{"level":"info","message":"GET getNroEnlaces for a company name /username: admin","timestamp":"2024-02-20 10:32:34"}
{"level":"info","message":"GET getNroEnlaces for a company name /username: admin","timestamp":"2024-02-20 10:32:39"}
{"level":"info","message":"GET getNroEnlaces for a company name /username: admin","timestamp":"2024-02-20 10:32:40"}
{"level":"info","message":"GET getPlant for número enlace: 2019089 /username: admin","timestamp":"2024-02-20 10:32:41"}
{"level":"info","message":"GET getCompanies from database/username: admin","timestamp":"2024-02-20 10:34:39"}
{"level":"info","message":"GET getParameters from database/username: admin","timestamp":"2024-02-20 10:34:39"}
{"level":"info","message":"GET getUnits from database/username: admin","timestamp":"2024-02-20 10:34:39"}
{"level":"info","message":"GET getNroEnlaces for a company name /username: admin","timestamp":"2024-02-20 10:34:41"}
{"level":"info","message":"GET getNroEnlaces for a company name /username: admin","timestamp":"2024-02-20 10:34:44"}
{"level":"info","message":"GET getNroEnlaces for a company name /username: admin","timestamp":"2024-02-20 10:34:44"}
{"level":"info","message":"GET getPlant for número enlace: 2019089 /username: admin","timestamp":"2024-02-20 10:34:45"}
{"level":"info","message":"GET getCompanies from database/username: admin","timestamp":"2024-02-20 10:35:35"}
{"level":"info","message":"GET getParameters from database/username: admin","timestamp":"2024-02-20 10:35:35"}
{"level":"info","message":"GET getUnits from database/username: admin","timestamp":"2024-02-20 10:35:35"}
{"level":"info","message":"GET getNroEnlaces for a company name /username: admin","timestamp":"2024-02-20 10:35:36"}
{"level":"info","message":"GET getNroEnlaces for a company name /username: admin","timestamp":"2024-02-20 10:35:39"}
{"level":"info","message":"GET getPlant for número enlace: 2010023 /username: admin","timestamp":"2024-02-20 10:35:40"}
{"level":"info","message":"GET getCompanies from database/username: admin","timestamp":"2024-02-20 10:36:06"}
{"level":"info","message":"GET getCompanies from database/username: admin","timestamp":"2024-02-20 10:36:07"}
{"level":"info","message":"GET getParameters from database/username: admin","timestamp":"2024-02-20 10:36:07"}
{"level":"info","message":"GET getUnits from database/username: admin","timestamp":"2024-02-20 10:36:07"}
{"level":"info","message":"GET getNroEnlaces for a company name /username: admin","timestamp":"2024-02-20 10:36:08"}
{"level":"info","message":"GET getNroEnlaces for a company name /username: admin","timestamp":"2024-02-20 10:36:18"}
{"level":"info","message":"GET getNroEnlaces for a company name /username: admin","timestamp":"2024-02-20 10:36:18"}
{"level":"info","message":"GET getPlant for número enlace: 2005029 /username: admin","timestamp":"2024-02-20 10:36:19"}
{"level":"info","message":"GET getStations from database/username: admin","timestamp":"2024-02-20 10:36:28"}
{"level":"info","message":"GET getCompanies from database/username: admin","timestamp":"2024-02-20 10:36:29"}
{"level":"info","message":"GET getUnits from database/username: admin","timestamp":"2024-02-20 10:36:29"}
{"level":"info","message":"GET getParameters from database/username: admin","timestamp":"2024-02-20 10:36:29"}
{"level":"info","message":"GET getNroEnlaces for a company name /username: admin","timestamp":"2024-02-20 10:36:30"}
{"level":"info","message":"GET getNroEnlaces for a company name /username: admin","timestamp":"2024-02-20 10:36:34"}
{"level":"info","message":"GET getNroEnlaces for a company name /username: admin","timestamp":"2024-02-20 10:36:34"}
{"level":"info","message":"GET getPlant for número enlace: 2013015 /username: admin","timestamp":"2024-02-20 10:36:35"}
{"level":"info","message":"GET getStations from database/username: admin","timestamp":"2024-02-20 10:36:41"}
{"level":"info","message":"GET getCompanies from database/username: admin","timestamp":"2024-02-20 10:36:41"}
{"level":"info","message":"GET getUnits from database/username: admin","timestamp":"2024-02-20 10:36:41"}
{"level":"info","message":"GET getParameters from database/username: admin","timestamp":"2024-02-20 10:36:42"}
{"level":"info","message":"GET getNroEnlaces for a company name /username: admin","timestamp":"2024-02-20 10:36:43"}
{"level":"info","message":"GET getNroEnlaces for a company name /username: admin","timestamp":"2024-02-20 10:36:48"}
{"level":"info","message":"GET getNroEnlaces for a company name /username: admin","timestamp":"2024-02-20 10:36:49"}
{"level":"info","message":"GET getPlant for número enlace: 202121 /username: admin","timestamp":"2024-02-20 10:36:50"}
{"level":"info","message":"GET getCompanies from database/username: admin","timestamp":"2024-02-20 10:41:20"}
{"level":"info","message":"GET getParameters from database/username: admin","timestamp":"2024-02-20 10:41:20"}
{"level":"info","message":"GET getUnits from database/username: admin","timestamp":"2024-02-20 10:41:20"}
{"level":"info","message":"GET getNroEnlaces for a company name /username: admin","timestamp":"2024-02-20 10:41:22"}
{"level":"info","message":"GET getNroEnlaces for a company name /username: admin","timestamp":"2024-02-20 10:41:24"}
{"level":"info","message":"GET getNroEnlaces for a company name /username: admin","timestamp":"2024-02-20 10:41:25"}
{"level":"info","message":"GET getPlant for número enlace: 2019089 /username: admin","timestamp":"2024-02-20 10:41:26"}
{"level":"info","message":"GET getCompanies from database/username: admin","timestamp":"2024-02-20 10:42:20"}
{"level":"info","message":"GET getParameters from database/username: admin","timestamp":"2024-02-20 10:42:20"}
{"level":"info","message":"GET getUnits from database/username: admin","timestamp":"2024-02-20 10:42:20"}
{"level":"info","message":"GET getCompanies from database/username: admin","timestamp":"2024-02-20 10:42:37"}
{"level":"info","message":"GET getParameters from database/username: admin","timestamp":"2024-02-20 10:42:37"}
{"level":"info","message":"GET getUnits from database/username: admin","timestamp":"2024-02-20 10:42:37"}
{"level":"info","message":"GET getCompanies from database/username: admin","timestamp":"2024-02-20 10:42:50"}
{"level":"info","message":"GET getParameters from database/username: admin","timestamp":"2024-02-20 10:42:50"}
{"level":"info","message":"GET getUnits from database/username: admin","timestamp":"2024-02-20 10:42:50"}
{"level":"info","message":"GET getCompanies from database/username: admin","timestamp":"2024-02-20 10:46:29"}
{"level":"info","message":"GET getParameters from database/username: admin","timestamp":"2024-02-20 10:46:29"}
{"level":"info","message":"GET getUnits from database/username: admin","timestamp":"2024-02-20 10:46:30"}
{"level":"info","message":"GET getCompanies from database/username: admin","timestamp":"2024-02-20 10:46:51"}
{"level":"info","message":"GET getUnits from database/username: admin","timestamp":"2024-02-20 10:46:51"}
{"level":"info","message":"GET getParameters from database/username: admin","timestamp":"2024-02-20 10:46:51"}
{"level":"info","message":"GET getNroEnlaces for a company name /username: admin","timestamp":"2024-02-20 10:46:52"}
{"level":"info","message":"GET getNroEnlaces for a company name /username: admin","timestamp":"2024-02-20 10:46:55"}
{"level":"info","message":"GET getNroEnlaces for a company name /username: admin","timestamp":"2024-02-20 10:46:55"}
{"level":"info","message":"GET getPlant for número enlace: 2019089 /username: admin","timestamp":"2024-02-20 10:46:56"}
{"level":"info","message":"GET getCompanies from database/username: admin","timestamp":"2024-02-20 10:48:01"}
{"level":"info","message":"GET getUnits from database/username: admin","timestamp":"2024-02-20 10:48:01"}
{"level":"info","message":"GET getParameters from database/username: admin","timestamp":"2024-02-20 10:48:01"}
{"level":"info","message":"GET getNroEnlaces for a company name /username: admin","timestamp":"2024-02-20 10:48:02"}
{"level":"info","message":"GET getNroEnlaces for a company name /username: admin","timestamp":"2024-02-20 10:48:04"}
{"level":"info","message":"GET getNroEnlaces for a company name /username: admin","timestamp":"2024-02-20 10:48:05"}
{"level":"info","message":"GET getPlant for número enlace: 2019089 /username: admin","timestamp":"2024-02-20 10:48:05"}
{"level":"info","message":"GET getCompanies from database/username: admin","timestamp":"2024-02-20 10:48:24"}
{"level":"info","message":"GET getParameters from database/username: admin","timestamp":"2024-02-20 10:48:24"}
{"level":"info","message":"GET getUnits from database/username: admin","timestamp":"2024-02-20 10:48:24"}
{"level":"info","message":"GET getNroEnlaces for a company name /username: admin","timestamp":"2024-02-20 10:48:26"}
{"level":"info","message":"GET getNroEnlaces for a company name /username: admin","timestamp":"2024-02-20 10:48:30"}
{"level":"info","message":"GET getNroEnlaces for a company name /username: admin","timestamp":"2024-02-20 10:48:30"}
{"level":"info","message":"GET getPlant for número enlace: 2019089 /username: admin","timestamp":"2024-02-20 10:48:31"}
{"level":"info","message":"GET getCompanies from database/username: admin","timestamp":"2024-02-20 10:49:09"}
{"level":"info","message":"GET getCompanies from database/username: admin","timestamp":"2024-02-20 10:49:10"}
{"level":"info","message":"GET getParameters from database/username: admin","timestamp":"2024-02-20 10:49:10"}
{"level":"info","message":"GET getUnits from database/username: admin","timestamp":"2024-02-20 10:49:10"}
{"level":"info","message":"GET getNroEnlaces for a company name /username: admin","timestamp":"2024-02-20 10:49:11"}
{"level":"info","message":"GET getNroEnlaces for a company name /username: admin","timestamp":"2024-02-20 10:49:18"}
{"level":"info","message":"GET getPlant for número enlace: 2010023 /username: admin","timestamp":"2024-02-20 10:49:19"}
{"level":"info","message":"GET getCompanies from database/username: admin","timestamp":"2024-02-20 10:50:35"}
{"level":"info","message":"GET getUnits from database/username: admin","timestamp":"2024-02-20 10:50:35"}
{"level":"info","message":"GET getParameters from database/username: admin","timestamp":"2024-02-20 10:50:35"}
{"level":"info","message":"GET getNroEnlaces for a company name /username: admin","timestamp":"2024-02-20 10:50:36"}
{"level":"info","message":"GET getNroEnlaces for a company name /username: admin","timestamp":"2024-02-20 10:50:40"}
{"level":"info","message":"GET getPlant for número enlace: 2019089 /username: admin","timestamp":"2024-02-20 10:50:42"}
{"level":"info","message":"GET getStations from database/username: admin","timestamp":"2024-02-20 10:51:05"}
{"level":"info","message":"GET getCompanies from database/username: admin","timestamp":"2024-02-20 10:51:06"}
{"level":"info","message":"GET getParameters from database/username: admin","timestamp":"2024-02-20 10:51:06"}
{"level":"info","message":"GET getUnits from database/username: admin","timestamp":"2024-02-20 10:51:06"}
{"level":"info","message":"GET getNroEnlaces for a company name /username: admin","timestamp":"2024-02-20 10:51:12"}
{"level":"info","message":"GET getNroEnlaces for a company name /username: admin","timestamp":"2024-02-20 10:51:14"}
{"level":"info","message":"GET getNroEnlaces for a company name /username: admin","timestamp":"2024-02-20 10:51:14"}
{"level":"info","message":"GET getPlant for número enlace: 2019089 /username: admin","timestamp":"2024-02-20 10:51:15"}
{"level":"info","message":"GET getCompanies from database/username: admin","timestamp":"2024-02-20 10:54:08"}
{"level":"info","message":"GET getParameters from database/username: admin","timestamp":"2024-02-20 10:54:08"}
{"level":"info","message":"GET getUnits from database/username: admin","timestamp":"2024-02-20 10:54:08"}
{"level":"info","message":"GET getNroEnlaces for a company name /username: admin","timestamp":"2024-02-20 10:54:09"}
{"level":"info","message":"GET getNroEnlaces for a company name /username: admin","timestamp":"2024-02-20 10:54:12"}
{"level":"info","message":"GET getNroEnlaces for a company name /username: admin","timestamp":"2024-02-20 10:54:13"}
{"level":"info","message":"GET getPlant for número enlace: 2019089 /username: admin","timestamp":"2024-02-20 10:54:13"}
{"level":"info","message":"GET getCompanies from database/username: admin","timestamp":"2024-02-20 10:54:37"}
{"level":"info","message":"GET getCompanies from database/username: admin","timestamp":"2024-02-20 10:54:39"}
{"level":"info","message":"GET getUnits from database/username: admin","timestamp":"2024-02-20 10:54:39"}
{"level":"info","message":"GET getParameters from database/username: admin","timestamp":"2024-02-20 10:54:39"}
{"level":"info","message":"GET getNroEnlaces for a company name /username: admin","timestamp":"2024-02-20 10:54:40"}
{"level":"info","message":"GET getNroEnlaces for a company name /username: admin","timestamp":"2024-02-20 10:54:43"}
{"level":"info","message":"GET getPlant for número enlace: 2019089 /username: admin","timestamp":"2024-02-20 10:54:44"}
{"level":"info","message":"GET getCompanies from database/username: admin","timestamp":"2024-02-20 11:39:09"}
{"level":"info","message":"GET getParameters from database/username: admin","timestamp":"2024-02-20 11:39:09"}
{"level":"info","message":"GET getUnits from database/username: admin","timestamp":"2024-02-20 11:39:09"}
{"level":"info","message":"GET getCompanies from database/username: admin","timestamp":"2024-02-20 12:37:01"}
{"level":"info","message":"GET getParameters from database/username: admin","timestamp":"2024-02-20 12:37:01"}
{"level":"info","message":"GET getUnits from database/username: admin","timestamp":"2024-02-20 12:37:01"}
{"level":"info","message":"GET getNroEnlaces for a company name /username: admin","timestamp":"2024-02-20 12:40:23"}
{"level":"info","message":"GET getNroEnlaces for a company name /username: admin","timestamp":"2024-02-20 12:40:27"}
{"level":"info","message":"GET getNroEnlaces for a company name /username: admin","timestamp":"2024-02-20 12:40:28"}
{"level":"info","message":"GET getPlant for número enlace: 2019089 /username: admin","timestamp":"2024-02-20 12:40:29"}
{"level":"info","message":"GET getCompanies from database/username: admin","timestamp":"2024-02-20 13:51:06"}
{"level":"info","message":"GET getParameters from database/username: admin","timestamp":"2024-02-20 13:51:06"}
{"level":"info","message":"GET getUnits from database/username: admin","timestamp":"2024-02-20 13:51:06"}
{"level":"info","message":"GET getNroEnlaces for a company name /username: admin","timestamp":"2024-02-20 13:51:12"}
{"level":"info","message":"GET getNroEnlaces for a company name /username: admin","timestamp":"2024-02-20 13:51:17"}
{"level":"info","message":"GET getNroEnlaces for a company name /username: admin","timestamp":"2024-02-20 13:51:17"}
{"level":"info","message":"GET getPlant for número enlace: 2019089 /username: admin","timestamp":"2024-02-20 13:51:18"}
{"level":"info","message":"GET getCompanies from database/username: admin","timestamp":"2024-02-20 13:56:32"}
{"level":"info","message":"GET getParameters from database/username: admin","timestamp":"2024-02-20 13:56:32"}
{"level":"info","message":"GET getUnits from database/username: admin","timestamp":"2024-02-20 13:56:32"}
{"level":"info","message":"GET getNroEnlaces for a company name /username: admin","timestamp":"2024-02-20 13:56:42"}
{"level":"info","message":"GET getNroEnlaces for a company name /username: admin","timestamp":"2024-02-20 13:56:45"}
{"level":"info","message":"GET getPlant for número enlace: 2019089 /username: admin","timestamp":"2024-02-20 13:56:46"}
{"level":"info","message":"GET getCompanies from database/username: admin","timestamp":"2024-02-20 13:59:45"}
{"level":"info","message":"GET getUnits from database/username: admin","timestamp":"2024-02-20 13:59:45"}
{"level":"info","message":"GET getParameters from database/username: admin","timestamp":"2024-02-20 13:59:45"}
{"level":"info","message":"GET getNroEnlaces for a company name /username: admin","timestamp":"2024-02-20 13:59:47"}
{"level":"info","message":"GET getNroEnlaces for a company name /username: admin","timestamp":"2024-02-20 13:59:53"}
{"level":"info","message":"GET getPlant for número enlace: 2019089 /username: admin","timestamp":"2024-02-20 13:59:53"}
{"level":"info","message":"GET getCompanies from database/username: admin","timestamp":"2024-02-20 14:00:59"}
{"level":"info","message":"GET getParameters from database/username: admin","timestamp":"2024-02-20 14:00:59"}
{"level":"info","message":"GET getUnits from database/username: admin","timestamp":"2024-02-20 14:00:59"}
{"level":"info","message":"GET getNroEnlaces for a company name /username: admin","timestamp":"2024-02-20 14:01:00"}
{"level":"info","message":"GET getNroEnlaces for a company name /username: admin","timestamp":"2024-02-20 14:01:02"}
{"level":"info","message":"GET getPlant for número enlace: 2019089 /username: admin","timestamp":"2024-02-20 14:01:03"}
{"level":"info","message":"GET getCompanies from database/username: admin","timestamp":"2024-02-20 14:08:08"}
{"level":"info","message":"GET getParameters from database/username: admin","timestamp":"2024-02-20 14:08:08"}
{"level":"info","message":"GET getUnits from database/username: admin","timestamp":"2024-02-20 14:08:08"}
{"level":"info","message":"GET getNroEnlaces for a company name /username: admin","timestamp":"2024-02-20 14:08:10"}
{"level":"info","message":"GET getNroEnlaces for a company name /username: admin","timestamp":"2024-02-20 14:08:13"}
{"level":"info","message":"GET getNroEnlaces for a company name /username: admin","timestamp":"2024-02-20 14:08:13"}
{"level":"info","message":"GET getPlant for número enlace: 2019089 /username: admin","timestamp":"2024-02-20 14:08:13"}
{"level":"info","message":"GET getCompanies from database/username: admin","timestamp":"2024-02-20 14:10:26"}
{"level":"info","message":"GET getParameters from database/username: admin","timestamp":"2024-02-20 14:10:26"}
{"level":"info","message":"GET getUnits from database/username: admin","timestamp":"2024-02-20 14:10:26"}
{"level":"info","message":"GET getNroEnlaces for a company name /username: admin","timestamp":"2024-02-20 14:10:27"}
{"level":"info","message":"GET getNroEnlaces for a company name /username: admin","timestamp":"2024-02-20 14:10:30"}
{"level":"info","message":"GET getNroEnlaces for a company name /username: admin","timestamp":"2024-02-20 14:10:30"}
{"level":"info","message":"GET getPlant for número enlace: 2019089 /username: admin","timestamp":"2024-02-20 14:10:31"}
{"level":"info","message":"GET getCompanies from database/username: admin","timestamp":"2024-02-20 14:11:36"}
{"level":"info","message":"GET getParameters from database/username: admin","timestamp":"2024-02-20 14:11:37"}
{"level":"info","message":"GET getUnits from database/username: admin","timestamp":"2024-02-20 14:11:37"}
{"level":"info","message":"GET getNroEnlaces for a company name /username: admin","timestamp":"2024-02-20 14:11:38"}
{"level":"info","message":"GET getNroEnlaces for a company name /username: admin","timestamp":"2024-02-20 14:11:46"}
{"level":"info","message":"GET getNroEnlaces for a company name /username: admin","timestamp":"2024-02-20 14:11:46"}
{"level":"info","message":"GET getPlant for número enlace: 2019089 /username: admin","timestamp":"2024-02-20 14:11:47"}
{"level":"info","message":"GET getCompanies from database/username: admin","timestamp":"2024-02-20 14:17:49"}
{"level":"info","message":"GET getParameters from database/username: admin","timestamp":"2024-02-20 14:17:49"}
{"level":"info","message":"GET getUnits from database/username: admin","timestamp":"2024-02-20 14:17:49"}
{"level":"info","message":"GET getNroEnlaces for a company name /username: admin","timestamp":"2024-02-20 14:17:51"}
{"level":"info","message":"GET getNroEnlaces for a company name /username: admin","timestamp":"2024-02-20 14:17:53"}
{"level":"info","message":"GET getNroEnlaces for a company name /username: admin","timestamp":"2024-02-20 14:17:54"}
{"level":"info","message":"GET getPlant for número enlace: 2019089 /username: admin","timestamp":"2024-02-20 14:17:55"}
{"level":"info","message":"GET getCompanies from database/username: admin","timestamp":"2024-02-20 14:24:59"}
{"level":"info","message":"GET getParameters from database/username: admin","timestamp":"2024-02-20 14:24:59"}
{"level":"info","message":"GET getUnits from database/username: admin","timestamp":"2024-02-20 14:24:59"}
{"level":"info","message":"GET getNroEnlaces for a company name /username: admin","timestamp":"2024-02-20 14:25:01"}
{"level":"info","message":"GET getNroEnlaces for a company name /username: admin","timestamp":"2024-02-20 14:25:06"}
{"level":"info","message":"GET getNroEnlaces for a company name /username: admin","timestamp":"2024-02-20 14:25:06"}
{"level":"info","message":"GET getPlant for número enlace: 2019089 /username: admin","timestamp":"2024-02-20 14:25:07"}
{"level":"info","message":"GET getCompanies from database/username: admin","timestamp":"2024-02-20 14:28:24"}
{"level":"info","message":"GET getParameters from database/username: admin","timestamp":"2024-02-20 14:28:24"}
{"level":"info","message":"GET getUnits from database/username: admin","timestamp":"2024-02-20 14:28:24"}
{"level":"info","message":"GET getNroEnlaces for a company name /username: admin","timestamp":"2024-02-20 14:28:25"}
{"level":"info","message":"GET getNroEnlaces for a company name /username: admin","timestamp":"2024-02-20 14:28:29"}
{"level":"info","message":"GET getNroEnlaces for a company name /username: admin","timestamp":"2024-02-20 14:28:30"}
{"level":"info","message":"GET getPlant for número enlace: 2019089 /username: admin","timestamp":"2024-02-20 14:28:30"}
{"level":"info","message":"GET getCompanies from database/username: admin","timestamp":"2024-02-20 14:30:01"}
{"level":"info","message":"GET getCompanies from database/username: admin","timestamp":"2024-02-20 14:30:02"}
{"level":"info","message":"GET getParameters from database/username: admin","timestamp":"2024-02-20 14:30:02"}
{"level":"info","message":"GET getUnits from database/username: admin","timestamp":"2024-02-20 14:30:02"}
{"level":"info","message":"GET getNroEnlaces for a company name /username: admin","timestamp":"2024-02-20 14:30:03"}
{"level":"info","message":"GET getNroEnlaces for a company name /username: admin","timestamp":"2024-02-20 14:30:06"}
{"level":"info","message":"GET getPlant for número enlace: 2019089 /username: admin","timestamp":"2024-02-20 14:30:07"}
{"level":"info","message":"GET getCompanies from database/username: admin","timestamp":"2024-02-20 14:30:44"}
{"level":"info","message":"GET getParameters from database/username: admin","timestamp":"2024-02-20 14:30:44"}
{"level":"info","message":"GET getUnits from database/username: admin","timestamp":"2024-02-20 14:30:44"}
{"level":"info","message":"GET getNroEnlaces for a company name /username: admin","timestamp":"2024-02-20 14:30:45"}
{"level":"info","message":"GET getNroEnlaces for a company name /username: admin","timestamp":"2024-02-20 14:30:49"}
{"level":"info","message":"GET getPlant for número enlace: 2019089 /username: admin","timestamp":"2024-02-20 14:30:50"}
{"level":"info","message":"GET getCompanies from database/username: admin","timestamp":"2024-02-20 14:32:12"}
{"level":"info","message":"GET getParameters from database/username: admin","timestamp":"2024-02-20 14:32:12"}
{"level":"info","message":"GET getUnits from database/username: admin","timestamp":"2024-02-20 14:32:12"}
{"level":"info","message":"GET getNroEnlaces for a company name /username: admin","timestamp":"2024-02-20 14:32:14"}
{"level":"info","message":"GET getNroEnlaces for a company name /username: admin","timestamp":"2024-02-20 14:32:15"}
{"level":"info","message":"GET getNroEnlaces for a company name /username: admin","timestamp":"2024-02-20 14:32:17"}
{"level":"info","message":"GET getNroEnlaces for a company name /username: admin","timestamp":"2024-02-20 14:32:18"}
{"level":"info","message":"GET getPlant for número enlace: 2019089 /username: admin","timestamp":"2024-02-20 14:32:18"}
{"level":"info","message":"GET getCompanies from database/username: admin","timestamp":"2024-02-20 14:33:19"}
{"level":"info","message":"GET getParameters from database/username: admin","timestamp":"2024-02-20 14:33:19"}
{"level":"info","message":"GET getUnits from database/username: admin","timestamp":"2024-02-20 14:33:19"}
{"level":"info","message":"GET getNroEnlaces for a company name /username: admin","timestamp":"2024-02-20 14:33:20"}
{"level":"info","message":"GET getNroEnlaces for a company name /username: admin","timestamp":"2024-02-20 14:33:24"}
{"level":"info","message":"GET getNroEnlaces for a company name /username: admin","timestamp":"2024-02-20 14:33:25"}
{"level":"info","message":"GET getPlant for número enlace: 2019089 /username: admin","timestamp":"2024-02-20 14:33:25"}
{"level":"info","message":"GET getCompanies from database/username: admin","timestamp":"2024-02-20 14:35:30"}
{"level":"info","message":"GET getParameters from database/username: admin","timestamp":"2024-02-20 14:35:30"}
{"level":"info","message":"GET getUnits from database/username: admin","timestamp":"2024-02-20 14:35:31"}
{"level":"info","message":"GET getNroEnlaces for a company name /username: admin","timestamp":"2024-02-20 14:35:32"}
{"level":"info","message":"GET getNroEnlaces for a company name /username: admin","timestamp":"2024-02-20 14:35:36"}
{"level":"info","message":"GET getNroEnlaces for a company name /username: admin","timestamp":"2024-02-20 14:35:36"}
{"level":"info","message":"GET getPlant for número enlace: 2019089 /username: admin","timestamp":"2024-02-20 14:35:37"}
{"level":"info","message":"GET getCompanies from database/username: admin","timestamp":"2024-02-20 14:37:21"}
{"level":"info","message":"GET getParameters from database/username: admin","timestamp":"2024-02-20 14:37:21"}
{"level":"info","message":"GET getUnits from database/username: admin","timestamp":"2024-02-20 14:37:21"}
{"level":"info","message":"GET getNroEnlaces for a company name /username: admin","timestamp":"2024-02-20 14:37:22"}
{"level":"info","message":"GET getNroEnlaces for a company name /username: admin","timestamp":"2024-02-20 14:37:25"}
{"level":"info","message":"GET getNroEnlaces for a company name /username: admin","timestamp":"2024-02-20 14:37:26"}
{"level":"info","message":"GET getPlant for número enlace: 2019089 /username: admin","timestamp":"2024-02-20 14:37:27"}
{"level":"info","message":"GET getCompanies from database/username: admin","timestamp":"2024-02-20 14:38:18"}
{"level":"info","message":"GET getParameters from database/username: admin","timestamp":"2024-02-20 14:38:19"}
{"level":"info","message":"GET getUnits from database/username: admin","timestamp":"2024-02-20 14:38:19"}
{"level":"info","message":"GET getNroEnlaces for a company name /username: admin","timestamp":"2024-02-20 14:38:20"}
{"level":"info","message":"GET getNroEnlaces for a company name /username: admin","timestamp":"2024-02-20 14:38:23"}
{"level":"info","message":"GET getPlant for número enlace: 2019089 /username: admin","timestamp":"2024-02-20 14:38:26"}
{"level":"info","message":"GET getCompanies from database/username: admin","timestamp":"2024-02-20 14:39:58"}
{"level":"info","message":"GET getParameters from database/username: admin","timestamp":"2024-02-20 14:39:58"}
{"level":"info","message":"GET getUnits from database/username: admin","timestamp":"2024-02-20 14:39:58"}
{"level":"info","message":"GET getNroEnlaces for a company name /username: admin","timestamp":"2024-02-20 14:39:59"}
{"level":"info","message":"GET getNroEnlaces for a company name /username: admin","timestamp":"2024-02-20 14:40:03"}
{"level":"info","message":"GET getNroEnlaces for a company name /username: admin","timestamp":"2024-02-20 14:40:03"}
{"level":"info","message":"GET getPlant for número enlace: 2019089 /username: admin","timestamp":"2024-02-20 14:40:03"}
{"level":"info","message":"GET getCompanies from database/username: admin","timestamp":"2024-02-20 14:44:01"}
{"level":"info","message":"GET getParameters from database/username: admin","timestamp":"2024-02-20 14:44:01"}
{"level":"info","message":"GET getUnits from database/username: admin","timestamp":"2024-02-20 14:44:01"}
{"level":"info","message":"GET getNroEnlaces for a company name /username: admin","timestamp":"2024-02-20 14:44:03"}
{"level":"info","message":"GET getNroEnlaces for a company name /username: admin","timestamp":"2024-02-20 14:44:06"}
{"level":"info","message":"GET getPlant for número enlace: 2019089 /username: admin","timestamp":"2024-02-20 14:44:08"}
{"level":"info","message":"GET getCompanies from database/username: admin","timestamp":"2024-02-20 14:48:14"}
{"level":"info","message":"GET getParameters from database/username: admin","timestamp":"2024-02-20 14:48:14"}
{"level":"info","message":"GET getUnits from database/username: admin","timestamp":"2024-02-20 14:48:14"}
{"level":"info","message":"GET getNroEnlaces for a company name /username: admin","timestamp":"2024-02-20 14:48:15"}
{"level":"info","message":"GET getNroEnlaces for a company name /username: admin","timestamp":"2024-02-20 14:48:19"}
{"level":"info","message":"GET getPlant for número enlace: 2019089 /username: admin","timestamp":"2024-02-20 14:48:20"}
{"level":"info","message":"GET getCompanies from database/username: admin","timestamp":"2024-02-20 14:51:47"}
{"level":"info","message":"GET getParameters from database/username: admin","timestamp":"2024-02-20 14:51:47"}
{"level":"info","message":"GET getUnits from database/username: admin","timestamp":"2024-02-20 14:51:47"}
{"level":"info","message":"GET getNroEnlaces for a company name /username: admin","timestamp":"2024-02-20 14:51:50"}
{"level":"info","message":"GET getNroEnlaces for a company name /username: admin","timestamp":"2024-02-20 14:51:53"}
{"level":"info","message":"GET getPlant for número enlace: 2019089 /username: admin","timestamp":"2024-02-20 14:51:54"}
{"level":"info","message":"GET getCompanies from database/username: admin","timestamp":"2024-02-20 14:54:41"}
{"level":"info","message":"GET getParameters from database/username: admin","timestamp":"2024-02-20 14:54:41"}
{"level":"info","message":"GET getUnits from database/username: admin","timestamp":"2024-02-20 14:54:41"}
{"level":"info","message":"GET getNroEnlaces for a company name /username: admin","timestamp":"2024-02-20 14:54:43"}
{"level":"info","message":"GET getNroEnlaces for a company name /username: admin","timestamp":"2024-02-20 14:54:46"}
{"level":"info","message":"GET getPlant for número enlace: 2019089 /username: admin","timestamp":"2024-02-20 14:54:47"}
{"level":"info","message":"GET getCompanies from database/username: admin","timestamp":"2024-02-20 14:57:52"}
{"level":"info","message":"GET getParameters from database/username: admin","timestamp":"2024-02-20 14:57:52"}
{"level":"info","message":"GET getUnits from database/username: admin","timestamp":"2024-02-20 14:57:53"}
{"level":"info","message":"GET getNroEnlaces for a company name /username: admin","timestamp":"2024-02-20 14:57:54"}
{"level":"info","message":"GET getNroEnlaces for a company name /username: admin","timestamp":"2024-02-20 14:58:00"}
{"level":"info","message":"GET getNroEnlaces for a company name /username: admin","timestamp":"2024-02-20 14:58:01"}
{"level":"info","message":"GET getPlant for número enlace: 2019089 /username: admin","timestamp":"2024-02-20 14:58:02"}
{"level":"info","message":"GET getCompanies from database/username: admin","timestamp":"2024-02-20 15:06:16"}
{"level":"info","message":"GET getParameters from database/username: admin","timestamp":"2024-02-20 15:06:16"}
{"level":"info","message":"GET getUnits from database/username: admin","timestamp":"2024-02-20 15:06:16"}
{"level":"info","message":"GET getNroEnlaces for a company name /username: admin","timestamp":"2024-02-20 15:06:18"}
{"level":"info","message":"GET getNroEnlaces for a company name /username: admin","timestamp":"2024-02-20 15:06:21"}
{"level":"info","message":"GET getPlant for número enlace: 2019089 /username: admin","timestamp":"2024-02-20 15:06:22"}
{"level":"info","message":"POST addAireData/idPlant/31382/username: admin","timestamp":"2024-02-20 15:06:44"}
{"level":"info","message":"GET getCompanies from database/username: admin","timestamp":"2024-02-20 15:13:08"}
{"level":"info","message":"GET getParameters from database/username: admin","timestamp":"2024-02-20 15:13:08"}
{"level":"info","message":"GET getUnits from database/username: admin","timestamp":"2024-02-20 15:13:08"}
{"level":"info","message":"GET getNroEnlaces for a company name /username: admin","timestamp":"2024-02-20 15:13:09"}
{"level":"info","message":"GET getNroEnlaces for a company name /username: admin","timestamp":"2024-02-20 15:13:13"}
{"level":"info","message":"GET getPlant for número enlace: 2019089 /username: admin","timestamp":"2024-02-20 15:13:14"}
{"level":"info","message":"POST addAireData/idPlant/31382/username: admin","timestamp":"2024-02-20 15:13:50"}
{"level":"info","message":"GET getCompanies from database/username: admin","timestamp":"2024-02-20 15:15:37"}
{"level":"info","message":"GET getParameters from database/username: admin","timestamp":"2024-02-20 15:15:37"}
{"level":"info","message":"GET getUnits from database/username: admin","timestamp":"2024-02-20 15:15:37"}
{"level":"info","message":"GET getNroEnlaces for a company name /username: admin","timestamp":"2024-02-20 15:15:39"}
{"level":"info","message":"GET getNroEnlaces for a company name /username: admin","timestamp":"2024-02-20 15:15:41"}
{"level":"info","message":"GET getNroEnlaces for a company name /username: admin","timestamp":"2024-02-20 15:15:41"}
{"level":"info","message":"GET getPlant for número enlace: 2019089 /username: admin","timestamp":"2024-02-20 15:15:42"}
{"level":"info","message":"POST addAireData/idPlant/31382/username: admin","timestamp":"2024-02-20 15:16:08"}
{"level":"info","message":"GET getCompanies from database/username: admin","timestamp":"2024-02-20 15:17:21"}
{"level":"info","message":"GET getUnits from database/username: admin","timestamp":"2024-02-20 15:17:21"}
{"level":"info","message":"GET getParameters from database/username: admin","timestamp":"2024-02-20 15:17:21"}
{"level":"info","message":"GET getNroEnlaces for a company name /username: admin","timestamp":"2024-02-20 15:17:23"}
{"level":"info","message":"GET getNroEnlaces for a company name /username: admin","timestamp":"2024-02-20 15:17:27"}
{"level":"info","message":"GET getNroEnlaces for a company name /username: admin","timestamp":"2024-02-20 15:17:28"}
{"level":"info","message":"GET getPlant for número enlace: 2019089 /username: admin","timestamp":"2024-02-20 15:17:29"}
{"level":"info","message":"POST addAireData/idPlant/31382/username: admin","timestamp":"2024-02-20 15:17:50"}
{"level":"info","message":"GET getCompanies from database/username: admin","timestamp":"2024-02-20 15:19:43"}
{"level":"info","message":"GET getParameters from database/username: admin","timestamp":"2024-02-20 15:19:43"}
{"level":"info","message":"GET getUnits from database/username: admin","timestamp":"2024-02-20 15:19:43"}
{"level":"info","message":"GET getNroEnlaces for a company name /username: admin","timestamp":"2024-02-20 15:19:44"}
{"level":"info","message":"GET getNroEnlaces for a company name /username: admin","timestamp":"2024-02-20 15:19:49"}
{"level":"info","message":"GET getNroEnlaces for a company name /username: admin","timestamp":"2024-02-20 15:19:50"}
{"level":"info","message":"GET getPlant for número enlace: 2019089 /username: admin","timestamp":"2024-02-20 15:19:51"}
{"level":"info","message":"GET getCompanies from database/username: admin","timestamp":"2024-02-20 15:26:32"}
{"level":"info","message":"GET getParameters from database/username: admin","timestamp":"2024-02-20 15:26:32"}
{"level":"info","message":"GET getUnits from database/username: admin","timestamp":"2024-02-20 15:26:32"}
{"level":"info","message":"GET getNroEnlaces for a company name /username: admin","timestamp":"2024-02-20 15:26:34"}
{"level":"info","message":"GET getNroEnlaces for a company name /username: admin","timestamp":"2024-02-20 15:26:47"}
{"level":"info","message":"GET getNroEnlaces for a company name /username: admin","timestamp":"2024-02-20 15:26:48"}
{"level":"info","message":"GET getPlant for número enlace: 2019089 /username: admin","timestamp":"2024-02-20 15:26:49"}
{"level":"info","message":"GET getCompanies from database/username: admin","timestamp":"2024-02-20 15:28:11"}
{"level":"info","message":"GET getUnits from database/username: admin","timestamp":"2024-02-20 15:28:11"}
{"level":"info","message":"GET getParameters from database/username: admin","timestamp":"2024-02-20 15:28:11"}
{"level":"info","message":"GET getNroEnlaces for a company name /username: admin","timestamp":"2024-02-20 15:28:13"}
{"level":"info","message":"GET getNroEnlaces for a company name /username: admin","timestamp":"2024-02-20 15:28:16"}
{"level":"info","message":"GET getNroEnlaces for a company name /username: admin","timestamp":"2024-02-20 15:28:17"}
{"level":"info","message":"GET getPlant for número enlace: 2019089 /username: admin","timestamp":"2024-02-20 15:28:17"}
{"level":"info","message":"GET getCompanies from database/username: admin","timestamp":"2024-02-20 15:29:18"}
{"level":"info","message":"GET getParameters from database/username: admin","timestamp":"2024-02-20 15:29:19"}
{"level":"info","message":"GET getUnits from database/username: admin","timestamp":"2024-02-20 15:29:19"}
{"level":"info","message":"GET getNroEnlaces for a company name /username: admin","timestamp":"2024-02-20 15:29:20"}
{"level":"info","message":"GET getNroEnlaces for a company name /username: admin","timestamp":"2024-02-20 15:29:23"}
{"level":"info","message":"GET getNroEnlaces for a company name /username: admin","timestamp":"2024-02-20 15:29:24"}
{"level":"info","message":"GET getPlant for número enlace: 2019089 /username: admin","timestamp":"2024-02-20 15:29:24"}
{"level":"info","message":"GET getCompanies from database/username: admin","timestamp":"2024-02-20 15:31:29"}
{"level":"info","message":"GET getParameters from database/username: admin","timestamp":"2024-02-20 15:31:29"}
{"level":"info","message":"GET getUnits from database/username: admin","timestamp":"2024-02-20 15:31:29"}
{"level":"info","message":"GET getNroEnlaces for a company name /username: admin","timestamp":"2024-02-20 15:31:30"}
{"level":"info","message":"GET getNroEnlaces for a company name /username: admin","timestamp":"2024-02-20 15:31:33"}
{"level":"info","message":"GET getPlant for número enlace: 2019089 /username: admin","timestamp":"2024-02-20 15:31:34"}
{"level":"info","message":"POST addAireData/idPlant/31382/username: admin","timestamp":"2024-02-20 15:32:03"}
