{"level":"info","message":"GET getCompanies from database/username: admin","timestamp":"2024-08-13 09:20:00"}
{"level":"info","message":"GET getParameters from database/username: admin","timestamp":"2024-08-13 09:20:01"}
{"level":"info","message":"GET getUnits from database/username: admin","timestamp":"2024-08-13 09:20:01"}
{"level":"info","message":"GET getCompanies from database/username: admin","timestamp":"2024-08-13 09:20:02"}
{"level":"info","message":"GET getCompanies from database/username: admin","timestamp":"2024-08-13 09:20:03"}
{"level":"info","message":"GET getParameters from database/username: admin","timestamp":"2024-08-13 09:20:03"}
{"level":"info","message":"GET getUnits from database/username: admin","timestamp":"2024-08-13 09:20:03"}
{"level":"info","message":"GET getStations from database/username: admin","timestamp":"2024-08-13 09:20:04"}
{"level":"info","message":"GET getStations from database/username: admin","timestamp":"2024-08-13 09:20:09"}
{"level":"info","message":"GET getStations from database/username: admin","timestamp":"2024-08-13 09:20:10"}
{"level":"info","message":"GET getCompanies from database/username: admin","timestamp":"2024-08-13 09:20:12"}
{"level":"info","message":"GET getCompanies from database/username: admin","timestamp":"2024-08-13 09:20:14"}
{"level":"info","message":"GET getAllNroEnlaces  /username: admin","timestamp":"2024-08-13 09:20:14"}
{"level":"info","message":"GET getPlants from database/username: admin","timestamp":"2024-08-13 09:20:14"}
{"level":"info","message":"GET getStations from database/username: admin","timestamp":"2024-08-13 09:20:22"}
{"level":"info","message":"GET getCompanies from database/username: admin","timestamp":"2024-08-13 09:20:27"}
{"level":"info","message":"GET getCompanies from database/username: admin","timestamp":"2024-08-13 09:20:28"}
{"level":"info","message":"GET getPlants from database/username: admin","timestamp":"2024-08-13 09:20:28"}
{"level":"info","message":"GET getAllNroEnlaces  /username: admin","timestamp":"2024-08-13 09:20:28"}
{"level":"info","message":"GET getStations from database/username: admin","timestamp":"2024-08-13 09:20:38"}
{"level":"info","message":"GET getDepartaments from database/username: admin","timestamp":"2024-08-13 09:20:50"}
{"level":"info","message":"GET getStations from database/username: admin","timestamp":"2024-08-13 09:21:00"}
