{"level":"info","message":"GET getCompanies from database/username: admin","timestamp":"2024-08-01 09:11:59"}
{"level":"info","message":"GET getParameters from database/username: admin","timestamp":"2024-08-01 09:11:59"}
{"level":"info","message":"GET getUnits from database/username: admin","timestamp":"2024-08-01 09:11:59"}
{"level":"info","message":"GET getNroEnlaces for a company name /username: admin","timestamp":"2024-08-01 09:12:02"}
{"level":"info","message":"GET getNroEnlaces for a company name /username: admin","timestamp":"2024-08-01 09:12:08"}
{"level":"info","message":"GET getNroEnlaces for a company name /username: admin","timestamp":"2024-08-01 09:12:08"}
{"level":"info","message":"GET getNroEnlaces for a company name /username: admin","timestamp":"2024-08-01 09:12:09"}
{"level":"info","message":"GET getNroEnlaces for a company name /username: admin","timestamp":"2024-08-01 09:12:11"}
{"level":"info","message":"GET getNroEnlaces for a company name /username: admin","timestamp":"2024-08-01 09:12:12"}
{"level":"info","message":"GET getPlant for número enlace: 123652361 /username: admin","timestamp":"2024-08-01 09:12:13"}
{"level":"info","message":"GET getCompanies from database/username: admin","timestamp":"2024-08-01 09:18:12"}
{"level":"info","message":"GET getParameters from database/username: admin","timestamp":"2024-08-01 09:18:12"}
{"level":"info","message":"GET getUnits from database/username: admin","timestamp":"2024-08-01 09:18:12"}
{"level":"info","message":"GET getCompanies from database/username: admin","timestamp":"2024-08-01 09:19:53"}
{"level":"info","message":"GET getParameters from database/username: admin","timestamp":"2024-08-01 09:19:53"}
{"level":"info","message":"GET getUnits from database/username: admin","timestamp":"2024-08-01 09:19:53"}
{"level":"info","message":"GET getCompanies from database/username: admin","timestamp":"2024-08-01 09:20:27"}
{"level":"info","message":"GET getCompanies from database/username: admin","timestamp":"2024-08-01 09:20:29"}
{"level":"info","message":"GET getParameters from database/username: admin","timestamp":"2024-08-01 09:20:29"}
{"level":"info","message":"GET getUnits from database/username: admin","timestamp":"2024-08-01 09:20:29"}
{"level":"info","message":"GET getNroEnlaces for a company name /username: admin","timestamp":"2024-08-01 09:21:16"}
{"level":"info","message":"GET getNroEnlaces for a company name /username: admin","timestamp":"2024-08-01 09:21:19"}
{"level":"info","message":"GET getNroEnlaces for a company name /username: admin","timestamp":"2024-08-01 09:21:20"}
{"level":"info","message":"GET getNroEnlaces for a company name /username: admin","timestamp":"2024-08-01 09:21:25"}
{"level":"info","message":"GET getNroEnlaces for a company name /username: admin","timestamp":"2024-08-01 09:21:29"}
{"level":"info","message":"GET getNroEnlaces for a company name /username: admin","timestamp":"2024-08-01 09:21:29"}
{"level":"info","message":"GET getPlant for número enlace: 123652361 /username: admin","timestamp":"2024-08-01 09:21:29"}
{"level":"info","message":"GET getCompanies from database/username: admin","timestamp":"2024-08-01 09:24:52"}
{"level":"info","message":"GET getCompanies from database/username: admin","timestamp":"2024-08-01 09:24:54"}
{"level":"info","message":"GET getParameters from database/username: admin","timestamp":"2024-08-01 09:24:54"}
{"level":"info","message":"GET getUnits from database/username: admin","timestamp":"2024-08-01 09:24:54"}
