{"level":"info","message":"GET getStations from database/username: admin","timestamp":"2024-04-12 09:00:17"}
{"level":"info","message":"GET getStations from database/username: admin","timestamp":"2024-04-12 09:00:20"}
{"level":"info","message":"GET getStations from database/username: admin","timestamp":"2024-04-12 09:00:22"}
{"level":"info","message":"GET getStations from database/username: admin","timestamp":"2024-04-12 09:00:23"}
{"level":"info","message":"GET getReportsStation/codigo/I-BA-D-MC-CAVO01/username: admin","timestamp":"2024-04-12 09:00:26"}
{"level":"info","message":"GET getReportsStation/codigo/I-BA-D-MC-CLRB03/username: admin","timestamp":"2024-04-12 09:00:37"}
{"level":"info","message":"GET getStations from database/username: admin","timestamp":"2024-04-12 09:01:14"}
{"level":"info","message":"GET getReportsStation/codigo/I-BA-D-MC-CLRB03/username: admin","timestamp":"2024-04-12 09:01:25"}
{"level":"info","message":"POST addStationReport/codigo/I-BA-D-MC-CLRB03/username: admin","timestamp":"2024-04-12 09:01:35"}
{"level":"info","message":"GET getStations from database/username: admin","timestamp":"2024-04-12 09:01:41"}
{"level":"info","message":"GET getReportsStation/codigo/I-BA-D-MC-CLRB03/username: admin","timestamp":"2024-04-12 09:01:44"}
{"level":"info","message":"GET getStations from database/username: admin","timestamp":"2024-04-12 09:11:17"}
{"level":"info","message":"GET getStations from database/username: admin","timestamp":"2024-04-12 09:11:18"}
{"level":"info","message":"GET getStations from database/username: admin","timestamp":"2024-04-12 09:11:22"}
{"level":"info","message":"GET getReportsStation/codigo/I-BA-D-MC-CLRB03/username: admin","timestamp":"2024-04-12 09:11:31"}
{"level":"error","message":"Error addAireData/ReferenceError: activo is not defined/username: admin","timestamp":"2024-04-12 09:11:37"}
{"level":"info","message":"GET getStations from database/username: admin","timestamp":"2024-04-12 09:13:17"}
{"level":"info","message":"GET getStations from database/username: admin","timestamp":"2024-04-12 09:13:18"}
{"level":"info","message":"GET getReportsStation/codigo/I-BA-D-MC-CLRB03/username: admin","timestamp":"2024-04-12 09:13:28"}
{"level":"info","message":"GET getStations from database/username: admin","timestamp":"2024-04-12 09:13:41"}
{"level":"info","message":"GET getReportsStation/codigo/I-BA-D-MC-CLRB03/username: admin","timestamp":"2024-04-12 09:13:44"}
{"level":"info","message":"GET getReportsStation/codigo/I-BA-D-MC-CAVO01/username: admin","timestamp":"2024-04-12 09:13:55"}
{"level":"info","message":"GET getStations from database/username: admin","timestamp":"2024-04-12 09:14:01"}
{"level":"info","message":"GET getReportsStation/codigo/I-BA-D-MC-CAVO01/username: admin","timestamp":"2024-04-12 09:14:06"}
{"level":"info","message":"POST addStationReport/codigo/I-BA-D-MC-CAVO01/username: admin","timestamp":"2024-04-12 09:14:12"}
{"level":"info","message":"GET getStations from database/username: admin","timestamp":"2024-04-12 09:14:17"}
{"level":"info","message":"GET getReportsStation/codigo/I-BA-D-MC-CAVO01/username: admin","timestamp":"2024-04-12 09:14:20"}
{"level":"info","message":"GET getStations from database/username: admin","timestamp":"2024-04-12 09:16:01"}
{"level":"info","message":"GET getStations from database/username: admin","timestamp":"2024-04-12 09:16:12"}
{"level":"info","message":"GET getStations from database/username: admin","timestamp":"2024-04-12 09:16:14"}
{"level":"info","message":"GET getCompanies from database/username: admin","timestamp":"2024-04-12 09:16:17"}
{"level":"info","message":"GET getParameters from database/username: admin","timestamp":"2024-04-12 09:16:17"}
{"level":"info","message":"GET getUnits from database/username: admin","timestamp":"2024-04-12 09:16:17"}
{"level":"info","message":"GET getCompanies from database/username: admin","timestamp":"2024-04-12 09:16:18"}
{"level":"info","message":"GET getCompanies from database/username: admin","timestamp":"2024-04-12 09:16:21"}
{"level":"info","message":"GET getUnits from database/username: admin","timestamp":"2024-04-12 09:16:21"}
{"level":"info","message":"GET getParameters from database/username: admin","timestamp":"2024-04-12 09:16:21"}
{"level":"info","message":"GET getCompanies from database/username: admin","timestamp":"2024-04-12 09:25:01"}
{"level":"info","message":"GET getParameters from database/username: admin","timestamp":"2024-04-12 09:25:01"}
{"level":"info","message":"GET getUnits from database/username: admin","timestamp":"2024-04-12 09:25:01"}
{"level":"info","message":"GET getCompanies from database/username: admin","timestamp":"2024-04-12 09:25:40"}
{"level":"info","message":"GET getNroEnlaces for a company name /username: admin","timestamp":"2024-04-12 09:25:49"}
{"level":"info","message":"GET getNroEnlaces for a company name /username: admin","timestamp":"2024-04-12 09:25:56"}
{"level":"info","message":"GET getNroEnlaces for a company name /username: admin","timestamp":"2024-04-12 09:25:58"}
{"level":"info","message":"GET getCompanies from database/username: admin","timestamp":"2024-04-12 09:25:59"}
{"level":"info","message":"GET getParameters from database/username: admin","timestamp":"2024-04-12 09:25:59"}
{"level":"info","message":"GET getUnits from database/username: admin","timestamp":"2024-04-12 09:25:59"}
{"level":"info","message":"GET getStations from database/username: admin","timestamp":"2024-04-12 09:26:02"}
{"level":"info","message":"GET getStations from database/username: admin","timestamp":"2024-04-12 09:26:04"}
{"level":"info","message":"GET getStations from database/username: admin","timestamp":"2024-04-12 09:26:06"}
{"level":"info","message":"GET getStations from database/username: admin","timestamp":"2024-04-12 09:26:07"}
{"level":"info","message":"GET getCompanies from database/username: admin","timestamp":"2024-04-12 09:26:21"}
{"level":"info","message":"GET getCompanies from database/username: admin","timestamp":"2024-04-12 09:27:49"}
{"level":"info","message":"GET getParameters from database/username: admin","timestamp":"2024-04-12 09:27:49"}
{"level":"info","message":"GET getUnits from database/username: admin","timestamp":"2024-04-12 09:27:49"}
{"level":"info","message":"GET getNroEnlaces for a company name /username: admin","timestamp":"2024-04-12 09:27:53"}
{"level":"info","message":"GET getNroEnlaces for a company name /username: admin","timestamp":"2024-04-12 09:27:57"}
{"level":"info","message":"GET getNroEnlaces for a company name /username: admin","timestamp":"2024-04-12 09:27:59"}
{"level":"info","message":"GET getPlant for número enlace: 2019089 /username: admin","timestamp":"2024-04-12 09:28:00"}
{"level":"info","message":"GET getCompanies from database/username: admin","timestamp":"2024-04-12 09:29:30"}
{"level":"info","message":"GET getNroEnlaces for a company name /username: admin","timestamp":"2024-04-12 09:29:36"}
{"level":"info","message":"GET getNroEnlaces for a company name /username: admin","timestamp":"2024-04-12 09:29:40"}
{"level":"info","message":"GET getPlant for número enlace: 2019089 /username: admin","timestamp":"2024-04-12 09:29:42"}
{"level":"info","message":"GET getAireReport report/idPlant/31382 from database  /username: admin","timestamp":"2024-04-12 09:29:43"}
{"level":"info","message":"GET getStations from database/username: admin","timestamp":"2024-04-12 09:30:35"}
{"level":"info","message":"GET getStations from database/username: admin","timestamp":"2024-04-12 09:30:36"}
{"level":"info","message":"GET getReportsStation/codigo/I-BA-D-MC-CAVO01/username: admin","timestamp":"2024-04-12 09:30:51"}
{"level":"info","message":"GET getCompanies from database/username: admin","timestamp":"2024-04-12 09:32:18"}
{"level":"info","message":"GET getParameters from database/username: admin","timestamp":"2024-04-12 09:32:18"}
{"level":"info","message":"GET getUnits from database/username: admin","timestamp":"2024-04-12 09:32:18"}
{"level":"info","message":"GET getCompanies from database/username: admin","timestamp":"2024-04-12 09:32:19"}
{"level":"info","message":"GET getNroEnlaces for a company name /username: admin","timestamp":"2024-04-12 09:32:27"}
{"level":"info","message":"GET getNroEnlaces for a company name /username: admin","timestamp":"2024-04-12 09:32:29"}
{"level":"info","message":"GET getNroEnlaces for a company name /username: admin","timestamp":"2024-04-12 09:32:30"}
{"level":"info","message":"GET getPlant for número enlace: 2019089 /username: admin","timestamp":"2024-04-12 09:32:31"}
{"level":"info","message":"GET getAireReport report/idPlant/31382 from database  /username: admin","timestamp":"2024-04-12 09:32:32"}
{"level":"info","message":"GET getStations from database/username: admin","timestamp":"2024-04-12 09:33:22"}
{"level":"info","message":"GET getStations from database/username: admin","timestamp":"2024-04-12 09:33:23"}
{"level":"info","message":"GET getReportsStation/codigo/I-BA-D-MC-CLRB03/username: admin","timestamp":"2024-04-12 09:33:31"}
{"level":"info","message":"POST addStationReport/codigo/I-BA-D-MC-CLRB03/username: admin","timestamp":"2024-04-12 09:33:37"}
{"level":"info","message":"GET getReportsStation/codigo/I-BA-D-MC-CAVO01/username: admin","timestamp":"2024-04-12 09:33:57"}
{"level":"info","message":"GET getStations from database/username: admin","timestamp":"2024-04-12 09:34:27"}
{"level":"info","message":"GET getReportsStation/codigo/I-VI-D-MC-SODO01/username: admin","timestamp":"2024-04-12 09:34:31"}
{"level":"info","message":"GET getStations from database/username: admin","timestamp":"2024-04-12 09:34:50"}
{"level":"info","message":"GET getReportsStation/codigo/I-VI-D-MC-SODO01/username: admin","timestamp":"2024-04-12 09:35:08"}
{"level":"info","message":"GET getStations from database/username: admin","timestamp":"2024-04-12 09:35:35"}
{"level":"info","message":"GET getStations from database/username: admin","timestamp":"2024-04-12 09:36:57"}
{"level":"info","message":"GET getStations from database/username: admin","timestamp":"2024-04-12 09:36:58"}
{"level":"info","message":"GET getReportsStation/codigo/I-VI-D-MC-SODO01/username: admin","timestamp":"2024-04-12 09:37:01"}
{"level":"info","message":"GET getStations from database/username: admin","timestamp":"2024-04-12 09:37:12"}
{"level":"info","message":"GET getStations from database/username: admin","timestamp":"2024-04-12 09:37:42"}
{"level":"info","message":"GET getReportsStation/codigo/I-BA-D-MC-CONP02/username: admin","timestamp":"2024-04-12 09:38:42"}
{"level":"info","message":"UPDATE deleteDataStation/idData/10386/username: admin","timestamp":"2024-04-12 09:43:38"}
{"level":"info","message":"GET getReportsStation/codigo/I-BA-D-MC-CONP02/username: admin","timestamp":"2024-04-12 09:44:21"}
{"level":"info","message":"GET getPeriodsByStation/idReporte/10385/username: admin","timestamp":"2024-04-12 09:46:37"}
{"level":"info","message":"GET getParametersByStation/idReporte/10385/username: admin","timestamp":"2024-04-12 09:46:37"}
{"level":"info","message":"GET getStations from database/username: admin","timestamp":"2024-04-12 09:51:10"}
{"level":"info","message":"GET getReportsStation/codigo/I-BA-D-MC-CAVO01/username: admin","timestamp":"2024-04-12 09:51:20"}
{"level":"info","message":"GET getStations from database/username: admin","timestamp":"2024-04-12 09:51:52"}
{"level":"info","message":"GET getReportsStation/codigo/I-BA-D-MC-CAVO01/username: admin","timestamp":"2024-04-12 09:52:03"}
{"level":"info","message":"GET getPeriodsByStation/idReporte/11574/username: admin","timestamp":"2024-04-12 09:52:10"}
{"level":"info","message":"GET getParametersByStation/idReporte/11574/username: admin","timestamp":"2024-04-12 09:52:10"}
{"level":"info","message":"GET getStations from database/username: admin","timestamp":"2024-04-12 09:55:43"}
{"level":"info","message":"GET getCompanies from database/username: admin","timestamp":"2024-04-12 09:56:22"}
{"level":"info","message":"GET getParameters from database/username: admin","timestamp":"2024-04-12 09:56:23"}
{"level":"info","message":"GET getUnits from database/username: admin","timestamp":"2024-04-12 09:56:23"}
{"level":"info","message":"GET getCompanies from database/username: admin","timestamp":"2024-04-12 09:56:51"}
{"level":"info","message":"GET getCompanies from database/username: admin","timestamp":"2024-04-12 09:56:53"}
{"level":"info","message":"GET getUnits from database/username: admin","timestamp":"2024-04-12 09:56:53"}
{"level":"info","message":"GET getParameters from database/username: admin","timestamp":"2024-04-12 09:56:53"}
{"level":"info","message":"GET getNroEnlaces for a company name /username: admin","timestamp":"2024-04-12 09:56:57"}
{"level":"info","message":"GET getNroEnlaces for a company name /username: admin","timestamp":"2024-04-12 09:57:04"}
{"level":"info","message":"GET getNroEnlaces for a company name /username: admin","timestamp":"2024-04-12 09:57:15"}
{"level":"info","message":"GET getCompanies from database/username: admin","timestamp":"2024-04-12 09:57:48"}
{"level":"info","message":"GET getCompanies from database/username: admin","timestamp":"2024-04-12 09:57:50"}
{"level":"info","message":"GET getAllNroEnlaces  /username: admin","timestamp":"2024-04-12 09:57:50"}
{"level":"info","message":"GET getPlants from database/username: admin","timestamp":"2024-04-12 09:57:50"}
{"level":"info","message":"GET getCompanies from database/username: admin","timestamp":"2024-04-12 09:58:16"}
{"level":"info","message":"GET getCompanies from database/username: admin","timestamp":"2024-04-12 09:58:31"}
{"level":"info","message":"GET getAllNroEnlaces  /username: admin","timestamp":"2024-04-12 09:58:31"}
{"level":"info","message":"GET getPlants from database/username: admin","timestamp":"2024-04-12 09:58:31"}
{"level":"info","message":"GET getAllNroEnlaces  /username: admin","timestamp":"2024-04-12 09:59:40"}
{"level":"info","message":"GET getCompanies from database/username: admin","timestamp":"2024-04-12 09:59:40"}
{"level":"info","message":"GET getDepartaments from database/username: admin","timestamp":"2024-04-12 09:59:40"}
