{"level":"info","message":"GET getStations from database/username: admin","timestamp":"2024-02-27 12:04:57"}
{"level":"info","message":"GET getStations from database/username: admin","timestamp":"2024-02-27 12:04:59"}
{"level":"info","message":"GET getReportsStation/codigo/I-BA-D-MC-CAVO01/username: admin","timestamp":"2024-02-27 12:05:03"}
{"level":"info","message":"GET getCompanies from database/username: admin","timestamp":"2024-02-27 12:05:29"}
{"level":"info","message":"GET getParameters from database/username: admin","timestamp":"2024-02-27 12:05:29"}
{"level":"info","message":"GET getUnits from database/username: admin","timestamp":"2024-02-27 12:05:29"}
{"level":"info","message":"GET getCompanies from database/username: admin","timestamp":"2024-02-27 12:05:31"}
{"level":"info","message":"GET getNroEnlaces for a company name /username: admin","timestamp":"2024-02-27 12:05:32"}
{"level":"info","message":"GET getNroEnlaces for a company name /username: admin","timestamp":"2024-02-27 12:05:36"}
{"level":"info","message":"GET getPlant for número enlace: 123652361 /username: admin","timestamp":"2024-02-27 12:05:39"}
{"level":"info","message":"GET getAireReport report/idPlant/33010 from database  /username: admin","timestamp":"2024-02-27 12:05:40"}
{"level":"info","message":"GET getCompanies from database/username: admin","timestamp":"2024-02-27 12:14:45"}
{"level":"info","message":"GET getParameters from database/username: admin","timestamp":"2024-02-27 12:14:45"}
{"level":"info","message":"GET getUnits from database/username: admin","timestamp":"2024-02-27 12:14:45"}
{"level":"info","message":"GET getNroEnlaces for a company name /username: admin","timestamp":"2024-02-27 12:14:47"}
{"level":"info","message":"GET getCompanies from database/username: admin","timestamp":"2024-02-27 12:14:49"}
{"level":"info","message":"GET getNroEnlaces for a company name /username: admin","timestamp":"2024-02-27 12:14:49"}
{"level":"info","message":"GET getNroEnlaces for a company name /username: admin","timestamp":"2024-02-27 12:14:52"}
{"level":"info","message":"GET getNroEnlaces for a company name /username: admin","timestamp":"2024-02-27 12:14:53"}
{"level":"info","message":"GET getPlant for número enlace: 123652361 /username: admin","timestamp":"2024-02-27 12:14:53"}
{"level":"info","message":"GET getAireReport report/idPlant/33010 from database  /username: admin","timestamp":"2024-02-27 12:14:54"}
{"level":"info","message":"GET getCompanies from database/username: admin","timestamp":"2024-02-27 12:22:00"}
{"level":"info","message":"GET getParameters from database/username: admin","timestamp":"2024-02-27 12:22:00"}
{"level":"info","message":"GET getUnits from database/username: admin","timestamp":"2024-02-27 12:22:00"}
{"level":"info","message":"GET getCompanies from database/username: admin","timestamp":"2024-02-27 12:22:02"}
{"level":"info","message":"GET getNroEnlaces for a company name /username: admin","timestamp":"2024-02-27 12:22:03"}
{"level":"info","message":"GET getNroEnlaces for a company name /username: admin","timestamp":"2024-02-27 12:22:06"}
{"level":"info","message":"GET getNroEnlaces for a company name /username: admin","timestamp":"2024-02-27 12:22:06"}
{"level":"info","message":"GET getPlant for número enlace: 123652361 /username: admin","timestamp":"2024-02-27 12:22:06"}
{"level":"info","message":"GET getAireReport report/idPlant/33010 from database  /username: admin","timestamp":"2024-02-27 12:22:07"}
{"level":"info","message":"GET getCompanies from database/username: admin","timestamp":"2024-02-27 12:22:28"}
{"level":"info","message":"GET getParameters from database/username: admin","timestamp":"2024-02-27 12:22:28"}
{"level":"info","message":"GET getUnits from database/username: admin","timestamp":"2024-02-27 12:22:28"}
{"level":"info","message":"GET getCompanies from database/username: admin","timestamp":"2024-02-27 12:22:29"}
{"level":"info","message":"GET getNroEnlaces for a company name /username: admin","timestamp":"2024-02-27 12:22:30"}
{"level":"info","message":"GET getNroEnlaces for a company name /username: admin","timestamp":"2024-02-27 12:22:35"}
{"level":"info","message":"GET getPlant for número enlace: 123652361 /username: admin","timestamp":"2024-02-27 12:22:36"}
{"level":"info","message":"GET getAireReport report/idPlant/33010 from database  /username: admin","timestamp":"2024-02-27 12:22:37"}
{"level":"info","message":"GET getCompanies from database/username: admin","timestamp":"2024-02-27 12:23:17"}
{"level":"info","message":"GET getParameters from database/username: admin","timestamp":"2024-02-27 12:23:17"}
{"level":"info","message":"GET getUnits from database/username: admin","timestamp":"2024-02-27 12:23:17"}
{"level":"info","message":"GET getCompanies from database/username: admin","timestamp":"2024-02-27 12:23:19"}
{"level":"info","message":"GET getNroEnlaces for a company name /username: admin","timestamp":"2024-02-27 12:23:20"}
{"level":"info","message":"GET getNroEnlaces for a company name /username: admin","timestamp":"2024-02-27 12:23:25"}
{"level":"info","message":"GET getNroEnlaces for a company name /username: admin","timestamp":"2024-02-27 12:23:26"}
{"level":"info","message":"GET getPlant for número enlace: 123652361 /username: admin","timestamp":"2024-02-27 12:23:26"}
{"level":"info","message":"GET getAireReport report/idPlant/33010 from database  /username: admin","timestamp":"2024-02-27 12:23:27"}
{"level":"info","message":"GET getCompanies from database/username: admin","timestamp":"2024-02-27 12:24:04"}
{"level":"info","message":"GET getParameters from database/username: admin","timestamp":"2024-02-27 12:24:04"}
{"level":"info","message":"GET getUnits from database/username: admin","timestamp":"2024-02-27 12:24:04"}
{"level":"info","message":"GET getCompanies from database/username: admin","timestamp":"2024-02-27 12:24:05"}
{"level":"info","message":"GET getNroEnlaces for a company name /username: admin","timestamp":"2024-02-27 12:24:06"}
{"level":"info","message":"GET getNroEnlaces for a company name /username: admin","timestamp":"2024-02-27 12:24:09"}
{"level":"info","message":"GET getNroEnlaces for a company name /username: admin","timestamp":"2024-02-27 12:24:10"}
{"level":"info","message":"GET getPlant for número enlace: 123652361 /username: admin","timestamp":"2024-02-27 12:24:10"}
{"level":"info","message":"GET getAireReport report/idPlant/33010 from database  /username: admin","timestamp":"2024-02-27 12:24:11"}
{"level":"info","message":"GET getCompanies from database/username: admin","timestamp":"2024-02-27 12:24:32"}
{"level":"info","message":"GET getStations from database/username: admin","timestamp":"2024-02-27 12:31:46"}
{"level":"info","message":"GET getStations from database/username: admin","timestamp":"2024-02-27 12:31:49"}
{"level":"info","message":"POST addStationReport/codigo/I-BA-D-MC-CAVO01/username: admin","timestamp":"2024-02-27 12:32:07"}
