{"level":"info","message":"GET getCompanies from database/username: admin","timestamp":"2024-02-07 13:46:11"}
{"level":"info","message":"GET getCompanies from database/username: admin","timestamp":"2024-02-07 13:47:36"}
{"level":"info","message":"GET getParameters from database/username: admin","timestamp":"2024-02-07 13:47:36"}
{"level":"info","message":"GET getUnits from database/username: admin","timestamp":"2024-02-07 13:47:37"}
{"level":"info","message":"GET getStations from database/username: admin","timestamp":"2024-02-07 13:47:41"}
{"level":"info","message":"GET getStations from database/username: admin","timestamp":"2024-02-07 13:48:46"}
{"level":"info","message":"GET getStations from database/username: admin","timestamp":"2024-02-07 13:48:49"}
{"level":"info","message":"GET getStations from database/username: admin","timestamp":"2024-02-07 13:51:25"}
{"level":"info","message":"GET getStations from database/username: admin","timestamp":"2024-02-07 13:52:14"}
{"level":"info","message":"GET getStations from database/username: admin","timestamp":"2024-02-07 13:52:36"}
{"level":"info","message":"GET getCompanies from database/username: admin","timestamp":"2024-02-07 13:52:51"}
{"level":"info","message":"GET getParameters from database/username: admin","timestamp":"2024-02-07 13:52:51"}
{"level":"info","message":"GET getUnits from database/username: admin","timestamp":"2024-02-07 13:52:51"}
{"level":"info","message":"GET getNroEnlaces for a company name /username: admin","timestamp":"2024-02-07 13:52:53"}
{"level":"info","message":"GET getNroEnlaces for a company name /username: admin","timestamp":"2024-02-07 13:52:58"}
{"level":"info","message":"GET getNroEnlaces for a company name /username: admin","timestamp":"2024-02-07 13:52:58"}
{"level":"info","message":"GET getPlant for número enlace: 2019089 /username: admin","timestamp":"2024-02-07 13:52:59"}
{"level":"info","message":"GET getCompanies from database/username: admin","timestamp":"2024-02-07 14:20:36"}
{"level":"info","message":"GET getParameters from database/username: admin","timestamp":"2024-02-07 14:20:36"}
{"level":"info","message":"GET getUnits from database/username: admin","timestamp":"2024-02-07 14:20:36"}
