{"level":"info","message":"GET getAireReport report/idPlant/31490 from database  /username: admin","timestamp":"2023-10-19 11:03:50"}
{"level":"info","message":"GET getAireReport report/idPlant/31490 from database  /username: admin","timestamp":"2023-10-19 11:04:22"}
{"level":"info","message":"GET getAireReport report/idPlant/31490 from database  /username: admin","timestamp":"2023-10-19 11:06:24"}
{"level":"info","message":"GET getAireReport report/idPlant/31490 from database  /username: admin","timestamp":"2023-10-19 11:06:27"}
{"level":"info","message":"GET getAireReport report/idPlant/31490 from database  /username: admin","timestamp":"2023-10-19 11:06:28"}
{"level":"info","message":"GET getAireReportByCity report/city/MONTEVIDEO from database  /username: admin","timestamp":"2023-10-19 11:10:52"}
{"level":"info","message":"GET getAireReportByCity report/city/MONTEVIDEO from database  /username: admin","timestamp":"2023-10-19 11:13:27"}
{"level":"info","message":"GET getAireReportByCity report/city/MONTEVIDEO from database  /username: admin","timestamp":"2023-10-19 11:13:39"}
{"level":"info","message":"GET getAireReportByCity report/city/MONTEVIDEOO from database  /username: admin","timestamp":"2023-10-19 11:13:46"}
{"level":"info","message":"GET getAireReportByCity report/city/MONTEVIDEOO from database  /username: admin","timestamp":"2023-10-19 11:13:48"}
{"level":"info","message":"GET getAireReportByCity report/city/MONTEVIDEOO from database  /username: admin","timestamp":"2023-10-19 11:13:49"}
{"level":"info","message":"GET getAireReportByCity report/city/MONTEVIDEO from database  /username: admin","timestamp":"2023-10-19 11:13:53"}
{"level":"info","message":"GET getAireReportByCity report/city/CANELONES from database  /username: admin","timestamp":"2023-10-19 11:13:59"}
{"level":"info","message":"GET getAireReportByCity report/city/CANELONES from database  /username: admin","timestamp":"2023-10-19 11:14:03"}
{"level":"info","message":"GET getAireReportByCity report/city/PAYSANDU from database  /username: admin","timestamp":"2023-10-19 11:14:10"}
{"level":"info","message":"GET getAireReportByCity report/city/PAYSANDU from database  /username: admin","timestamp":"2023-10-19 11:14:37"}
{"level":"info","message":"GET getAireReportByCity report/city/PAYSANDU from database  /username: admin","timestamp":"2023-10-19 11:14:39"}
{"level":"info","message":"GET getAireReportByCity report/city/PAYSANDU from database  /username: admin","timestamp":"2023-10-19 11:16:57"}
{"level":"info","message":"GET getAireReportByCity report/city/MONTEVIDEO from database  /username: admin","timestamp":"2023-10-19 11:18:31"}
{"level":"info","message":"GET getAireReportByCity report/city/Montevideo from database  /username: admin","timestamp":"2023-10-19 11:18:36"}
{"level":"info","message":"GET getAireReportByCity report/city/Montevideo from database  /username: admin","timestamp":"2023-10-19 11:18:37"}
{"level":"info","message":"POST addAireData/idPlant/31490/username: admin","timestamp":"2023-10-19 11:28:24"}
{"level":"info","message":"POST alreadyExist addAireData/idPlant/31490/username: admin","timestamp":"2023-10-19 11:31:24"}
