{"level":"info","message":"GET getCompanies from database/username: admin","timestamp":"2024-02-22 10:25:47"}
{"level":"info","message":"GET getParameters from database/username: admin","timestamp":"2024-02-22 10:25:47"}
{"level":"info","message":"GET getUnits from database/username: admin","timestamp":"2024-02-22 10:25:47"}
{"level":"info","message":"GET getNroEnlaces for a company name /username: admin","timestamp":"2024-02-22 10:25:48"}
{"level":"info","message":"GET getNroEnlaces for a company name /username: admin","timestamp":"2024-02-22 10:25:51"}
{"level":"info","message":"GET getNroEnlaces for a company name /username: admin","timestamp":"2024-02-22 10:25:52"}
{"level":"info","message":"GET getPlant for número enlace: 123652361 /username: admin","timestamp":"2024-02-22 10:25:52"}
{"level":"info","message":"GET getCompanies from database/username: admin","timestamp":"2024-02-22 10:32:25"}
{"level":"info","message":"GET getParameters from database/username: admin","timestamp":"2024-02-22 10:32:25"}
{"level":"info","message":"GET getUnits from database/username: admin","timestamp":"2024-02-22 10:32:25"}
{"level":"info","message":"GET getNroEnlaces for a company name /username: admin","timestamp":"2024-02-22 10:32:26"}
{"level":"info","message":"GET getNroEnlaces for a company name /username: admin","timestamp":"2024-02-22 10:32:29"}
{"level":"info","message":"GET getNroEnlaces for a company name /username: admin","timestamp":"2024-02-22 10:32:30"}
{"level":"info","message":"GET getPlant for número enlace: 123652361 /username: admin","timestamp":"2024-02-22 10:32:30"}
{"level":"info","message":"GET getCompanies from database/username: admin","timestamp":"2024-02-22 10:33:12"}
{"level":"info","message":"GET getParameters from database/username: admin","timestamp":"2024-02-22 10:33:12"}
{"level":"info","message":"GET getUnits from database/username: admin","timestamp":"2024-02-22 10:33:12"}
{"level":"info","message":"GET getNroEnlaces for a company name /username: admin","timestamp":"2024-02-22 10:33:13"}
{"level":"info","message":"GET getNroEnlaces for a company name /username: admin","timestamp":"2024-02-22 10:33:17"}
{"level":"info","message":"GET getNroEnlaces for a company name /username: admin","timestamp":"2024-02-22 10:33:19"}
{"level":"info","message":"GET getPlant for número enlace: 123652361 /username: admin","timestamp":"2024-02-22 10:33:20"}
{"level":"info","message":"GET getCompanies from database/username: admin","timestamp":"2024-02-22 10:35:48"}
{"level":"info","message":"GET getUnits from database/username: admin","timestamp":"2024-02-22 10:35:48"}
{"level":"info","message":"GET getParameters from database/username: admin","timestamp":"2024-02-22 10:35:48"}
{"level":"info","message":"GET getNroEnlaces for a company name /username: admin","timestamp":"2024-02-22 10:35:49"}
{"level":"info","message":"GET getNroEnlaces for a company name /username: admin","timestamp":"2024-02-22 10:35:52"}
{"level":"info","message":"GET getNroEnlaces for a company name /username: admin","timestamp":"2024-02-22 10:35:54"}
{"level":"info","message":"GET getPlant for número enlace: 123652361 /username: admin","timestamp":"2024-02-22 10:35:54"}
{"level":"info","message":"GET getCompanies from database/username: admin","timestamp":"2024-02-22 10:38:15"}
{"level":"info","message":"GET getParameters from database/username: admin","timestamp":"2024-02-22 10:38:15"}
{"level":"info","message":"GET getUnits from database/username: admin","timestamp":"2024-02-22 10:38:15"}
{"level":"info","message":"GET getNroEnlaces for a company name /username: admin","timestamp":"2024-02-22 10:38:16"}
{"level":"info","message":"GET getNroEnlaces for a company name /username: admin","timestamp":"2024-02-22 10:38:19"}
{"level":"info","message":"GET getNroEnlaces for a company name /username: admin","timestamp":"2024-02-22 10:38:20"}
{"level":"info","message":"GET getPlant for número enlace: 123652361 /username: admin","timestamp":"2024-02-22 10:38:20"}
{"level":"info","message":"GET getCompanies from database/username: admin","timestamp":"2024-02-22 10:39:56"}
{"level":"info","message":"GET getUnits from database/username: admin","timestamp":"2024-02-22 10:39:56"}
{"level":"info","message":"GET getParameters from database/username: admin","timestamp":"2024-02-22 10:39:56"}
{"level":"info","message":"GET getNroEnlaces for a company name /username: admin","timestamp":"2024-02-22 10:39:57"}
{"level":"info","message":"GET getNroEnlaces for a company name /username: admin","timestamp":"2024-02-22 10:40:00"}
{"level":"info","message":"GET getNroEnlaces for a company name /username: admin","timestamp":"2024-02-22 10:40:00"}
{"level":"info","message":"GET getPlant for número enlace: 123652361 /username: admin","timestamp":"2024-02-22 10:40:01"}
{"level":"info","message":"GET getCompanies from database/username: admin","timestamp":"2024-02-22 10:40:38"}
{"level":"info","message":"GET getUnits from database/username: admin","timestamp":"2024-02-22 10:40:38"}
{"level":"info","message":"GET getParameters from database/username: admin","timestamp":"2024-02-22 10:40:38"}
{"level":"info","message":"GET getNroEnlaces for a company name /username: admin","timestamp":"2024-02-22 10:40:39"}
{"level":"info","message":"GET getNroEnlaces for a company name /username: admin","timestamp":"2024-02-22 10:40:42"}
{"level":"info","message":"GET getNroEnlaces for a company name /username: admin","timestamp":"2024-02-22 10:40:43"}
{"level":"info","message":"GET getPlant for número enlace: 123652361 /username: admin","timestamp":"2024-02-22 10:40:43"}
{"level":"info","message":"GET getCompanies from database/username: admin","timestamp":"2024-02-22 10:43:02"}
{"level":"info","message":"GET getParameters from database/username: admin","timestamp":"2024-02-22 10:43:02"}
{"level":"info","message":"GET getUnits from database/username: admin","timestamp":"2024-02-22 10:43:02"}
{"level":"info","message":"GET getNroEnlaces for a company name /username: admin","timestamp":"2024-02-22 10:43:06"}
{"level":"info","message":"GET getNroEnlaces for a company name /username: admin","timestamp":"2024-02-22 10:43:12"}
{"level":"info","message":"GET getNroEnlaces for a company name /username: admin","timestamp":"2024-02-22 10:43:13"}
{"level":"info","message":"GET getPlant for número enlace: 123652361 /username: admin","timestamp":"2024-02-22 10:43:13"}
{"level":"info","message":"GET getCompanies from database/username: admin","timestamp":"2024-02-22 10:46:44"}
{"level":"info","message":"GET getParameters from database/username: admin","timestamp":"2024-02-22 10:46:44"}
{"level":"info","message":"GET getUnits from database/username: admin","timestamp":"2024-02-22 10:46:44"}
{"level":"info","message":"GET getNroEnlaces for a company name /username: admin","timestamp":"2024-02-22 10:46:46"}
{"level":"info","message":"GET getNroEnlaces for a company name /username: admin","timestamp":"2024-02-22 10:46:53"}
{"level":"info","message":"GET getPlant for número enlace: 123652361 /username: admin","timestamp":"2024-02-22 10:46:53"}
{"level":"info","message":"GET getCompanies from database/username: admin","timestamp":"2024-02-22 12:30:43"}
{"level":"info","message":"GET getParameters from database/username: admin","timestamp":"2024-02-22 12:30:43"}
{"level":"info","message":"GET getUnits from database/username: admin","timestamp":"2024-02-22 12:30:43"}
{"level":"info","message":"GET getNroEnlaces for a company name /username: admin","timestamp":"2024-02-22 12:30:46"}
{"level":"info","message":"GET getNroEnlaces for a company name /username: admin","timestamp":"2024-02-22 12:30:48"}
{"level":"info","message":"GET getNroEnlaces for a company name /username: admin","timestamp":"2024-02-22 12:30:49"}
{"level":"info","message":"GET getPlant for número enlace: 123652361 /username: admin","timestamp":"2024-02-22 12:30:50"}
{"level":"info","message":"GET getCompanies from database/username: admin","timestamp":"2024-02-22 13:51:47"}
{"level":"info","message":"GET getParameters from database/username: admin","timestamp":"2024-02-22 13:51:47"}
{"level":"info","message":"GET getUnits from database/username: admin","timestamp":"2024-02-22 13:51:47"}
{"level":"info","message":"GET getCompanies from database/username: admin","timestamp":"2024-02-22 14:12:44"}
{"level":"info","message":"GET getParameters from database/username: admin","timestamp":"2024-02-22 14:12:44"}
{"level":"info","message":"GET getUnits from database/username: admin","timestamp":"2024-02-22 14:12:44"}
{"level":"info","message":"GET getNroEnlaces for a company name /username: admin","timestamp":"2024-02-22 14:12:46"}
{"level":"info","message":"GET getNroEnlaces for a company name /username: admin","timestamp":"2024-02-22 14:12:49"}
{"level":"info","message":"GET getNroEnlaces for a company name /username: admin","timestamp":"2024-02-22 14:12:50"}
{"level":"info","message":"GET getPlant for número enlace: 123652361 /username: admin","timestamp":"2024-02-22 14:12:50"}
{"level":"info","message":"GET getCompanies from database/username: admin","timestamp":"2024-02-22 14:41:01"}
{"level":"info","message":"GET getParameters from database/username: admin","timestamp":"2024-02-22 14:41:01"}
{"level":"info","message":"GET getUnits from database/username: admin","timestamp":"2024-02-22 14:41:01"}
{"level":"info","message":"GET getNroEnlaces for a company name /username: admin","timestamp":"2024-02-22 14:41:03"}
{"level":"info","message":"GET getNroEnlaces for a company name /username: admin","timestamp":"2024-02-22 14:41:06"}
{"level":"info","message":"GET getNroEnlaces for a company name /username: admin","timestamp":"2024-02-22 14:41:07"}
{"level":"info","message":"GET getPlant for número enlace: 123652361 /username: admin","timestamp":"2024-02-22 14:41:07"}
{"level":"info","message":"GET getCompanies from database/username: admin","timestamp":"2024-02-22 14:42:30"}
{"level":"info","message":"GET getParameters from database/username: admin","timestamp":"2024-02-22 14:42:30"}
{"level":"info","message":"GET getUnits from database/username: admin","timestamp":"2024-02-22 14:42:30"}
{"level":"info","message":"GET getNroEnlaces for a company name /username: admin","timestamp":"2024-02-22 14:42:31"}
{"level":"info","message":"GET getNroEnlaces for a company name /username: admin","timestamp":"2024-02-22 14:42:34"}
{"level":"info","message":"GET getPlant for número enlace: 123652361 /username: admin","timestamp":"2024-02-22 14:42:35"}
{"level":"info","message":"GET getCompanies from database/username: admin","timestamp":"2024-02-22 14:44:19"}
{"level":"info","message":"GET getCompanies from database/username: admin","timestamp":"2024-02-22 14:44:20"}
{"level":"info","message":"GET getParameters from database/username: admin","timestamp":"2024-02-22 14:44:20"}
{"level":"info","message":"GET getUnits from database/username: admin","timestamp":"2024-02-22 14:44:20"}
{"level":"info","message":"GET getNroEnlaces for a company name /username: admin","timestamp":"2024-02-22 14:44:21"}
{"level":"info","message":"GET getNroEnlaces for a company name /username: admin","timestamp":"2024-02-22 14:44:23"}
{"level":"info","message":"GET getNroEnlaces for a company name /username: admin","timestamp":"2024-02-22 14:44:24"}
{"level":"info","message":"GET getPlant for número enlace: 123652361 /username: admin","timestamp":"2024-02-22 14:44:24"}
{"level":"info","message":"GET getCompanies from database/username: admin","timestamp":"2024-02-22 14:46:00"}
{"level":"info","message":"GET getNroEnlaces for a company name /username: admin","timestamp":"2024-02-22 14:46:01"}
{"level":"info","message":"GET getAireReportByCity report/city/Canelones from database  /username: admin","timestamp":"2024-02-22 14:46:09"}
{"level":"info","message":"GET getCompanies from database/username: admin","timestamp":"2024-02-22 14:47:41"}
{"level":"info","message":"GET getParameters from database/username: admin","timestamp":"2024-02-22 14:47:41"}
{"level":"info","message":"GET getUnits from database/username: admin","timestamp":"2024-02-22 14:47:41"}
{"level":"info","message":"GET getNroEnlaces for a company name /username: admin","timestamp":"2024-02-22 14:47:42"}
{"level":"info","message":"GET getNroEnlaces for a company name /username: admin","timestamp":"2024-02-22 14:47:45"}
{"level":"info","message":"GET getNroEnlaces for a company name /username: admin","timestamp":"2024-02-22 14:47:45"}
{"level":"info","message":"GET getPlant for número enlace: 123652361 /username: admin","timestamp":"2024-02-22 14:47:46"}
{"level":"info","message":"GET getCompanies from database/username: admin","timestamp":"2024-02-22 14:50:30"}
{"level":"info","message":"GET getParameters from database/username: admin","timestamp":"2024-02-22 14:50:30"}
{"level":"info","message":"GET getUnits from database/username: admin","timestamp":"2024-02-22 14:50:30"}
{"level":"info","message":"GET getNroEnlaces for a company name /username: admin","timestamp":"2024-02-22 14:50:31"}
{"level":"info","message":"GET getNroEnlaces for a company name /username: admin","timestamp":"2024-02-22 14:50:36"}
{"level":"info","message":"GET getPlant for número enlace: 123652361 /username: admin","timestamp":"2024-02-22 14:50:38"}
{"level":"info","message":"GET getCompanies from database/username: admin","timestamp":"2024-02-22 15:23:30"}
{"level":"info","message":"GET getParameters from database/username: admin","timestamp":"2024-02-22 15:23:30"}
{"level":"info","message":"GET getUnits from database/username: admin","timestamp":"2024-02-22 15:23:30"}
{"level":"info","message":"GET getNroEnlaces for a company name /username: admin","timestamp":"2024-02-22 15:23:31"}
{"level":"info","message":"GET getNroEnlaces for a company name /username: admin","timestamp":"2024-02-22 15:23:34"}
{"level":"info","message":"GET getNroEnlaces for a company name /username: admin","timestamp":"2024-02-22 15:23:35"}
{"level":"info","message":"GET getPlant for número enlace: 123652361 /username: admin","timestamp":"2024-02-22 15:23:36"}
