{"level":"info","message":"GET getCompanys from database/username: admin","timestamp":"2023-06-07 09:03:15"}
{"level":"info","message":"GET getCompanys from database/username: admin","timestamp":"2023-06-07 09:15:52"}
{"level":"info","message":"GET getCompanys from database/username: admin","timestamp":"2023-06-07 09:15:55"}
{"level":"info","message":"GET getCompanys from database/username: admin","timestamp":"2023-06-07 09:15:58"}
{"level":"info","message":"GET getCompanys from database/username: admin","timestamp":"2023-06-07 09:16:01"}
{"level":"info","message":"GET getCompanys from database/username: admin","timestamp":"2023-06-07 09:16:04"}
{"level":"info","message":"GET getCompanys from database/username: admin","timestamp":"2023-06-07 09:16:08"}
{"level":"info","message":"GET getCompanys from database/username: admin","timestamp":"2023-06-07 09:16:14"}
{"level":"info","message":"GET getCompanys from database/username: admin","timestamp":"2023-06-07 09:16:22"}
{"level":"info","message":"GET getPlants from database/username: admin","timestamp":"2023-06-07 09:16:43"}
{"level":"info","message":"GET getAllNroEnlaces  /username: admin","timestamp":"2023-06-07 09:16:43"}
{"level":"info","message":"GET getCompanys from database/username: admin","timestamp":"2023-06-07 09:16:43"}
{"level":"info","message":"GET getCompanys from database/username: admin","timestamp":"2023-06-07 09:16:44"}
{"level":"info","message":"GET getCompanys from database/username: admin","timestamp":"2023-06-07 09:39:40"}
{"level":"info","message":"GET getCompanys from database/username: admin","timestamp":"2023-06-07 09:40:28"}
{"level":"info","message":"GET getCompanys from database/username: admin","timestamp":"2023-06-07 09:40:53"}
{"level":"info","message":"GET getCompanys from database/username: admin","timestamp":"2023-06-07 09:40:55"}
{"level":"info","message":"GET getCompanys from database/username: admin","timestamp":"2023-06-07 09:41:00"}
{"level":"info","message":"GET getCompanys from database/username: admin","timestamp":"2023-06-07 09:41:01"}
{"level":"info","message":"GET getCompanys from database/username: admin","timestamp":"2023-06-07 09:41:53"}
{"level":"info","message":"GET getCompanys from database/username: admin","timestamp":"2023-06-07 09:42:02"}
{"level":"info","message":"GET getCompanys from database/username: admin","timestamp":"2023-06-07 09:42:06"}
{"level":"info","message":"GET getCompanys from database/username: admin","timestamp":"2023-06-07 09:52:12"}
{"level":"info","message":"GET getCompanys from database/username: admin","timestamp":"2023-06-07 09:52:16"}
{"level":"info","message":"GET getCompanys from database/username: admin","timestamp":"2023-06-07 09:52:25"}
{"level":"info","message":"GET getPlants from database/username: admin","timestamp":"2023-06-07 09:52:25"}
{"level":"info","message":"GET getAllNroEnlaces  /username: admin","timestamp":"2023-06-07 09:52:25"}
{"level":"info","message":"GET getCompanys from database/username: admin","timestamp":"2023-06-07 09:52:26"}
{"level":"info","message":"GET existRUTCompany from database /username: admin","timestamp":"2023-06-07 09:52:39"}
{"level":"info","message":"GET existRUTCompany from database /username: admin","timestamp":"2023-06-07 09:52:49"}
{"level":"info","message":"GET getCompanys from database/username: admin","timestamp":"2023-06-07 09:53:08"}
{"level":"info","message":"GET getCompanys from database/username: admin","timestamp":"2023-06-07 09:53:14"}
{"level":"info","message":"GET existRUTCompany from database /username: admin","timestamp":"2023-06-07 09:53:20"}
{"level":"info","message":"GET getCompanys from database/username: admin","timestamp":"2023-06-07 09:53:54"}
{"level":"info","message":"GET existRUTCompany from database /username: admin","timestamp":"2023-06-07 09:54:03"}
{"level":"info","message":"GET existRUTCompany from database /username: admin","timestamp":"2023-06-07 09:54:07"}
{"level":"info","message":"GET existRUTCompany from database /username: admin","timestamp":"2023-06-07 09:54:27"}
{"level":"info","message":"GET existRUTCompany from database /username: admin","timestamp":"2023-06-07 09:54:29"}
{"level":"info","message":"GET existRUTCompany from database /username: admin","timestamp":"2023-06-07 09:54:37"}
{"level":"info","message":"GET existRUTCompany from database /username: admin","timestamp":"2023-06-07 09:54:39"}
{"level":"info","message":"GET getCompanys from database/username: admin","timestamp":"2023-06-07 09:56:09"}
{"level":"info","message":"GET getCompanys from database/username: admin","timestamp":"2023-06-07 09:56:14"}
{"level":"info","message":"GET getCompanys from database/username: admin","timestamp":"2023-06-07 09:56:19"}
{"level":"info","message":"GET existRUTCompany from database /username: admin","timestamp":"2023-06-07 09:56:24"}
{"level":"info","message":"GET existRUTCompany from database /username: admin","timestamp":"2023-06-07 09:56:27"}
{"level":"info","message":"GET existRUTCompany from database /username: admin","timestamp":"2023-06-07 09:56:27"}
{"level":"info","message":"GET existRUTCompany from database /username: admin","timestamp":"2023-06-07 09:56:30"}
{"level":"info","message":"GET existRUTCompany from database /username: admin","timestamp":"2023-06-07 09:56:34"}
{"level":"info","message":"GET existRUTCompany from database /username: admin","timestamp":"2023-06-07 09:56:37"}
{"level":"info","message":"GET existRUTCompany from database /username: admin","timestamp":"2023-06-07 09:57:13"}
{"level":"info","message":"GET existRUTCompany from database /username: admin","timestamp":"2023-06-07 09:57:16"}
{"level":"info","message":"GET getCompanys from database/username: admin","timestamp":"2023-06-07 09:57:50"}
{"level":"info","message":"GET getAllNroEnlaces  /username: admin","timestamp":"2023-06-07 10:04:59"}
{"level":"info","message":"GET getCompanys from database/username: admin","timestamp":"2023-06-07 10:04:59"}
{"level":"info","message":"GET getPlants from database/username: admin","timestamp":"2023-06-07 10:04:59"}
{"level":"info","message":"GET getCompanys from database/username: admin","timestamp":"2023-06-07 10:05:00"}
{"level":"info","message":"GET getCompanys from database/username: admin","timestamp":"2023-06-07 10:05:30"}
{"level":"info","message":"GET getCompanys from database/username: admin","timestamp":"2023-06-07 10:05:33"}
{"level":"info","message":"GET getCompanys from database/username: admin","timestamp":"2023-06-07 10:05:39"}
{"level":"info","message":"GET getCompanys from database/username: admin","timestamp":"2023-06-07 10:06:44"}
{"level":"info","message":"GET getCompanys from database/username: admin","timestamp":"2023-06-07 10:07:00"}
{"level":"info","message":"GET getCompanys from database/username: admin","timestamp":"2023-06-07 10:07:02"}
{"level":"info","message":"GET getCompanys from database/username: admin","timestamp":"2023-06-07 10:10:21"}
{"level":"info","message":"GET getCompanys from database/username: admin","timestamp":"2023-06-07 10:10:27"}
{"level":"info","message":"GET getCompanys from database/username: admin","timestamp":"2023-06-07 10:10:30"}
{"level":"info","message":"GET getCompanys from database/username: admin","timestamp":"2023-06-07 10:10:51"}
{"level":"info","message":"GET getCompanys from database/username: admin","timestamp":"2023-06-07 10:10:56"}
{"level":"info","message":"GET getCompanys from database/username: admin","timestamp":"2023-06-07 10:12:34"}
{"level":"info","message":"GET getCompanys from database/username: admin","timestamp":"2023-06-07 10:12:36"}
{"level":"info","message":"GET getCompanys from database/username: admin","timestamp":"2023-06-07 10:12:51"}
{"level":"info","message":"GET getAllNroEnlaces  /username: admin","timestamp":"2023-06-07 10:12:51"}
{"level":"info","message":"GET getPlants from database/username: admin","timestamp":"2023-06-07 10:12:51"}
{"level":"info","message":"GET getCompanys from database/username: admin","timestamp":"2023-06-07 10:13:11"}
{"level":"info","message":"GET getAllNroEnlaces  /username: admin","timestamp":"2023-06-07 10:13:15"}
{"level":"info","message":"GET getCompanys from database/username: admin","timestamp":"2023-06-07 10:13:15"}
{"level":"info","message":"GET getPlants from database/username: admin","timestamp":"2023-06-07 10:13:15"}
{"level":"info","message":"GET getPlants from database/username: admin","timestamp":"2023-06-07 10:14:09"}
{"level":"info","message":"GET getAllNroEnlaces  /username: admin","timestamp":"2023-06-07 10:14:09"}
{"level":"info","message":"GET getCompanys from database/username: admin","timestamp":"2023-06-07 10:14:09"}
{"level":"info","message":"GET getAllNroEnlaces  /username: admin","timestamp":"2023-06-07 10:14:38"}
{"level":"info","message":"GET getCompanys from database/username: admin","timestamp":"2023-06-07 10:14:38"}
{"level":"info","message":"GET getPlants from database/username: admin","timestamp":"2023-06-07 10:14:38"}
{"level":"info","message":"GET getCompanys from database/username: admin","timestamp":"2023-06-07 10:17:28"}
{"level":"info","message":"GET getAllNroEnlaces  /username: admin","timestamp":"2023-06-07 10:17:28"}
{"level":"info","message":"GET getPlants from database/username: admin","timestamp":"2023-06-07 10:17:28"}
{"level":"info","message":"GET getAllNroEnlaces  /username: admin","timestamp":"2023-06-07 10:18:30"}
{"level":"info","message":"GET getCompanys from database/username: admin","timestamp":"2023-06-07 10:18:30"}
{"level":"info","message":"GET getPlants from database/username: admin","timestamp":"2023-06-07 10:18:30"}
{"level":"info","message":"GET getPlants from database/username: admin","timestamp":"2023-06-07 10:18:32"}
{"level":"info","message":"GET getAllNroEnlaces  /username: admin","timestamp":"2023-06-07 10:18:32"}
{"level":"info","message":"GET getCompanys from database/username: admin","timestamp":"2023-06-07 10:18:32"}
{"level":"info","message":"GET getCompanys from database/username: admin","timestamp":"2023-06-07 10:18:54"}
{"level":"info","message":"GET getAllNroEnlaces  /username: admin","timestamp":"2023-06-07 10:18:54"}
{"level":"info","message":"GET getPlants from database/username: admin","timestamp":"2023-06-07 10:18:54"}
{"level":"info","message":"GET getCompanys from database/username: admin","timestamp":"2023-06-07 10:19:05"}
{"level":"info","message":"GET getAllNroEnlaces  /username: admin","timestamp":"2023-06-07 10:19:05"}
{"level":"info","message":"GET getPlants from database/username: admin","timestamp":"2023-06-07 10:19:05"}
{"level":"info","message":"GET getAllNroEnlaces  /username: admin","timestamp":"2023-06-07 10:19:09"}
{"level":"info","message":"GET getPlants from database/username: admin","timestamp":"2023-06-07 10:19:09"}
{"level":"info","message":"GET getCompanys from database/username: admin","timestamp":"2023-06-07 10:19:09"}
{"level":"info","message":"GET getAllNroEnlaces  /username: admin","timestamp":"2023-06-07 10:19:13"}
{"level":"info","message":"GET getPlants from database/username: admin","timestamp":"2023-06-07 10:19:13"}
{"level":"info","message":"GET getCompanys from database/username: admin","timestamp":"2023-06-07 10:19:13"}
{"level":"info","message":"GET getCompanys from database/username: admin","timestamp":"2023-06-07 10:20:53"}
{"level":"info","message":"GET getCompanys from database/username: admin","timestamp":"2023-06-07 10:21:27"}
{"level":"info","message":"GET getCompanys from database/username: admin","timestamp":"2023-06-07 10:21:30"}
{"level":"info","message":"GET getCompanys from database/username: admin","timestamp":"2023-06-07 10:22:21"}
{"level":"info","message":"GET getCompanys from database/username: admin","timestamp":"2023-06-07 10:22:22"}
{"level":"info","message":"GET getNroEnlaces for a company name /username: admin","timestamp":"2023-06-07 10:22:25"}
{"level":"info","message":"GET getNroEnlaces for a company name /username: admin","timestamp":"2023-06-07 10:22:41"}
{"level":"info","message":"GET getNroEnlaces for a company name /username: admin","timestamp":"2023-06-07 10:23:02"}
{"level":"info","message":"GET getNroEnlaces for a company name /username: admin","timestamp":"2023-06-07 10:23:02"}
{"level":"info","message":"GET getNroEnlaces for a company name /username: admin","timestamp":"2023-06-07 10:23:03"}
{"level":"info","message":"GET getNroEnlaces for a company name /username: admin","timestamp":"2023-06-07 10:23:19"}
{"level":"info","message":"GET getNroEnlaces for a company name /username: admin","timestamp":"2023-06-07 10:23:20"}
{"level":"info","message":"GET getNroEnlaces for a company name /username: admin","timestamp":"2023-06-07 10:23:34"}
{"level":"info","message":"GET getNroEnlaces for a company name /username: admin","timestamp":"2023-06-07 10:23:35"}
{"level":"info","message":"GET getNroEnlaces for a company name /username: admin","timestamp":"2023-06-07 10:23:38"}
{"level":"info","message":"GET getNroEnlaces for a company name /username: admin","timestamp":"2023-06-07 10:23:42"}
{"level":"info","message":"GET getNroEnlaces for a company name /username: admin","timestamp":"2023-06-07 10:23:42"}
{"level":"info","message":"GET getNroEnlaces for a company name /username: admin","timestamp":"2023-06-07 10:23:46"}
{"level":"info","message":"GET getNroEnlaces for a company name /username: admin","timestamp":"2023-06-07 10:23:47"}
{"level":"info","message":"GET getPlant for número enlace: 2000034 /username: admin","timestamp":"2023-06-07 10:23:48"}
{"level":"info","message":"GET getCompanys from database/username: admin","timestamp":"2023-06-07 10:25:18"}
{"level":"info","message":"GET getCompanys from database/username: admin","timestamp":"2023-06-07 10:25:22"}
{"level":"info","message":"GET getNroEnlaces for a company name /username: admin","timestamp":"2023-06-07 10:25:24"}
{"level":"info","message":"GET getNroEnlaces for a company name /username: admin","timestamp":"2023-06-07 10:25:26"}
{"level":"info","message":"GET getNroEnlaces for a company name /username: admin","timestamp":"2023-06-07 10:25:27"}
{"level":"info","message":"GET getCompanys from database/username: admin","timestamp":"2023-06-07 10:25:52"}
{"level":"info","message":"GET getCompanys from database/username: admin","timestamp":"2023-06-07 10:25:54"}
{"level":"info","message":"GET getCompanys from database/username: admin","timestamp":"2023-06-07 10:25:56"}
{"level":"info","message":"GET getCompanys from database/username: admin","timestamp":"2023-06-07 10:25:56"}
{"level":"info","message":"GET getCompanys from database/username: admin","timestamp":"2023-06-07 10:26:03"}
{"level":"info","message":"GET getCompanys from database/username: admin","timestamp":"2023-06-07 10:26:16"}
{"level":"info","message":"GET getCompanys from database/username: admin","timestamp":"2023-06-07 10:26:25"}
{"level":"info","message":"GET getNroEnlaces for a company name /username: admin","timestamp":"2023-06-07 10:26:28"}
{"level":"info","message":"GET getNroEnlaces for a company name /username: admin","timestamp":"2023-06-07 10:26:31"}
{"level":"info","message":"GET getNroEnlaces for a company name /username: admin","timestamp":"2023-06-07 10:26:31"}
{"level":"info","message":"GET getNroEnlaces for a company name /username: admin","timestamp":"2023-06-07 10:26:38"}
{"level":"info","message":"GET getNroEnlaces for a company name /username: admin","timestamp":"2023-06-07 10:26:46"}
{"level":"info","message":"GET getCompanys from database/username: admin","timestamp":"2023-06-07 10:27:18"}
{"level":"info","message":"GET getCompanys from database/username: admin","timestamp":"2023-06-07 10:27:20"}
{"level":"info","message":"GET getNroEnlaces for a company name /username: admin","timestamp":"2023-06-07 10:27:26"}
{"level":"info","message":"GET getNroEnlaces for a company name /username: admin","timestamp":"2023-06-07 10:27:37"}
{"level":"info","message":"GET getNroEnlaces for a company name /username: admin","timestamp":"2023-06-07 10:27:39"}
{"level":"info","message":"GET getNroEnlaces for a company name /username: admin","timestamp":"2023-06-07 10:27:39"}
{"level":"info","message":"GET getPlant for número enlace: 2000034 /username: admin","timestamp":"2023-06-07 10:27:41"}
{"level":"info","message":"GET getCompanys from database/username: admin","timestamp":"2023-06-07 10:29:47"}
{"level":"info","message":"GET getCompanys from database/username: admin","timestamp":"2023-06-07 10:29:59"}
{"level":"info","message":"GET getCompanys from database/username: admin","timestamp":"2023-06-07 10:31:09"}
{"level":"info","message":"GET getCompanys from database/username: admin","timestamp":"2023-06-07 10:31:13"}
{"level":"info","message":"GET getCompanys from database/username: admin","timestamp":"2023-06-07 10:31:19"}
{"level":"info","message":"GET getCompanys from database/username: admin","timestamp":"2023-06-07 10:31:32"}
{"level":"info","message":"GET getCompanys from database/username: admin","timestamp":"2023-06-07 10:31:33"}
{"level":"info","message":"GET getCompanys from database/username: admin","timestamp":"2023-06-07 10:31:36"}
{"level":"info","message":"GET getCompanys from database/username: admin","timestamp":"2023-06-07 10:31:40"}
{"level":"info","message":"GET getCompanys from database/username: admin","timestamp":"2023-06-07 10:31:50"}
{"level":"info","message":"GET getNroEnlaces for a company name /username: admin","timestamp":"2023-06-07 10:31:58"}
{"level":"info","message":"GET getNroEnlaces for a company name /username: admin","timestamp":"2023-06-07 10:32:00"}
{"level":"info","message":"GET getNroEnlaces for a company name /username: admin","timestamp":"2023-06-07 10:32:00"}
{"level":"info","message":"GET getPlant for número enlace: 2000034 /username: admin","timestamp":"2023-06-07 10:32:01"}
{"level":"info","message":"GET getCompanys from database/username: admin","timestamp":"2023-06-07 10:33:55"}
{"level":"info","message":"GET getNroEnlaces for a company name /username: admin","timestamp":"2023-06-07 10:34:05"}
{"level":"info","message":"GET getCompanys from database/username: admin","timestamp":"2023-06-07 10:34:05"}
{"level":"info","message":"GET getNroEnlaces for a company name /username: admin","timestamp":"2023-06-07 10:34:06"}
{"level":"info","message":"GET getNroEnlaces for a company name /username: admin","timestamp":"2023-06-07 10:34:10"}
{"level":"info","message":"GET getPlant for número enlace: 2000034 /username: admin","timestamp":"2023-06-07 10:34:11"}
{"level":"info","message":"GET getCompanys from database/username: admin","timestamp":"2023-06-07 10:35:20"}
{"level":"info","message":"GET getCompanys from database/username: admin","timestamp":"2023-06-07 10:35:25"}
{"level":"info","message":"GET getCompanys from database/username: admin","timestamp":"2023-06-07 10:35:40"}
{"level":"info","message":"GET getCompanys from database/username: admin","timestamp":"2023-06-07 10:35:45"}
{"level":"info","message":"GET getCompanys from database/username: admin","timestamp":"2023-06-07 10:35:49"}
{"level":"info","message":"GET getCompanys from database/username: admin","timestamp":"2023-06-07 10:35:51"}
{"level":"info","message":"GET getCompanys from database/username: admin","timestamp":"2023-06-07 10:35:55"}
{"level":"info","message":"GET getCompanys from database/username: admin","timestamp":"2023-06-07 10:35:58"}
{"level":"info","message":"GET getCompanys from database/username: admin","timestamp":"2023-06-07 10:36:01"}
{"level":"info","message":"GET getCompanys from database/username: admin","timestamp":"2023-06-07 10:36:04"}
{"level":"info","message":"GET getCompanys from database/username: admin","timestamp":"2023-06-07 10:36:10"}
{"level":"info","message":"GET getCompanys from database/username: admin","timestamp":"2023-06-07 10:36:15"}
{"level":"info","message":"GET getCompanys from database/username: admin","timestamp":"2023-06-07 10:36:21"}
{"level":"info","message":"GET getCompanys from database/username: admin","timestamp":"2023-06-07 10:36:25"}
{"level":"info","message":"GET getCompanys from database/username: admin","timestamp":"2023-06-07 10:36:28"}
{"level":"info","message":"GET getCompanys from database/username: admin","timestamp":"2023-06-07 10:36:32"}
{"level":"info","message":"GET getCompanys from database/username: admin","timestamp":"2023-06-07 10:36:43"}
{"level":"info","message":"GET getCompanys from database/username: admin","timestamp":"2023-06-07 10:36:44"}
{"level":"info","message":"GET getCompanys from database/username: admin","timestamp":"2023-06-07 10:36:47"}
{"level":"info","message":"GET getCompanys from database/username: admin","timestamp":"2023-06-07 10:36:51"}
{"level":"info","message":"GET getCompanys from database/username: admin","timestamp":"2023-06-07 10:36:54"}
{"level":"info","message":"GET getCompanys from database/username: admin","timestamp":"2023-06-07 10:44:07"}
{"level":"info","message":"GET getCompanys from database/username: admin","timestamp":"2023-06-07 10:44:09"}
{"level":"info","message":"GET getCompanys from database/username: admin","timestamp":"2023-06-07 10:44:34"}
{"level":"info","message":"GET getCompanys from database/username: admin","timestamp":"2023-06-07 10:44:36"}
{"level":"info","message":"GET getCompanys from database/username: admin","timestamp":"2023-06-07 10:45:39"}
{"level":"info","message":"GET getCompanys from database/username: admin","timestamp":"2023-06-07 10:45:44"}
{"level":"info","message":"GET getCompanys from database/username: admin","timestamp":"2023-06-07 10:45:47"}
{"level":"info","message":"GET getNroEnlaces for a company name /username: admin","timestamp":"2023-06-07 10:45:48"}
{"level":"info","message":"GET getCompanys from database/username: admin","timestamp":"2023-06-07 10:45:53"}
{"level":"info","message":"GET getCompanys from database/username: admin","timestamp":"2023-06-07 10:45:55"}
{"level":"info","message":"GET getNroEnlaces for a company name /username: admin","timestamp":"2023-06-07 10:45:56"}
{"level":"info","message":"GET getNroEnlaces for a company name /username: admin","timestamp":"2023-06-07 10:45:58"}
{"level":"info","message":"GET getPlant for número enlace: 2000034 /username: admin","timestamp":"2023-06-07 10:46:00"}
{"level":"info","message":"GET getCompanys from database/username: admin","timestamp":"2023-06-07 10:46:29"}
{"level":"info","message":"GET getCompanys from database/username: admin","timestamp":"2023-06-07 10:46:38"}
{"level":"info","message":"GET getCompanys from database/username: admin","timestamp":"2023-06-07 10:46:42"}
{"level":"info","message":"GET getCompanys from database/username: admin","timestamp":"2023-06-07 10:46:43"}
{"level":"info","message":"GET getCompanys from database/username: admin","timestamp":"2023-06-07 10:46:45"}
{"level":"info","message":"GET getCompanys from database/username: admin","timestamp":"2023-06-07 10:46:48"}
{"level":"info","message":"GET getCompanys from database/username: admin","timestamp":"2023-06-07 10:46:50"}
{"level":"info","message":"GET getCompanys from database/username: admin","timestamp":"2023-06-07 10:47:12"}
{"level":"info","message":"GET getCompanys from database/username: admin","timestamp":"2023-06-07 10:47:14"}
{"level":"info","message":"GET getCompanys from database/username: admin","timestamp":"2023-06-07 10:47:20"}
{"level":"info","message":"GET getCompanys from database/username: admin","timestamp":"2023-06-07 10:47:23"}
{"level":"info","message":"GET getNroEnlaces for a company name /username: admin","timestamp":"2023-06-07 10:47:39"}
{"level":"info","message":"GET getNroEnlaces for a company name /username: admin","timestamp":"2023-06-07 10:47:41"}
{"level":"info","message":"GET getNroEnlaces for a company name /username: admin","timestamp":"2023-06-07 10:47:41"}
{"level":"info","message":"GET getPlant for número enlace: 2000034 /username: admin","timestamp":"2023-06-07 10:47:42"}
{"level":"info","message":"GET getCompanys from database/username: admin","timestamp":"2023-06-07 10:48:04"}
{"level":"info","message":"GET getCompanys from database/username: admin","timestamp":"2023-06-07 10:48:05"}
{"level":"info","message":"GET getCompanys from database/username: admin","timestamp":"2023-06-07 10:49:03"}
{"level":"info","message":"GET getCompanys from database/username: admin","timestamp":"2023-06-07 10:49:15"}
{"level":"info","message":"GET getCompanys from database/username: admin","timestamp":"2023-06-07 10:49:21"}
{"level":"info","message":"GET getCompanys from database/username: admin","timestamp":"2023-06-07 10:49:22"}
{"level":"info","message":"GET getCompanys from database/username: admin","timestamp":"2023-06-07 10:49:25"}
{"level":"info","message":"GET getCompanys from database/username: admin","timestamp":"2023-06-07 10:49:28"}
{"level":"info","message":"GET getNroEnlaces for a company name /username: admin","timestamp":"2023-06-07 10:49:31"}
{"level":"info","message":"GET getCompanys from database/username: admin","timestamp":"2023-06-07 10:50:54"}
{"level":"info","message":"GET getCompanys from database/username: admin","timestamp":"2023-06-07 10:51:31"}
{"level":"info","message":"GET getCompanys from database/username: admin","timestamp":"2023-06-07 10:51:38"}
{"level":"info","message":"GET getCompanys from database/username: admin","timestamp":"2023-06-07 10:51:59"}
{"level":"info","message":"GET getCompanys from database/username: admin","timestamp":"2023-06-07 10:52:08"}
{"level":"info","message":"GET getCompanys from database/username: admin","timestamp":"2023-06-07 13:49:40"}
{"level":"info","message":"GET getAireReportByCity report/city/Montevideo from database  /username: admin","timestamp":"2023-06-07 13:49:46"}
{"level":"info","message":"GET getCompanys from database/username: admin","timestamp":"2023-06-07 13:52:27"}
{"level":"info","message":"GET getNroEnlaces for a company name /username: admin","timestamp":"2023-06-07 13:52:28"}
{"level":"info","message":"GET getNroEnlaces for a company name /username: admin","timestamp":"2023-06-07 13:52:29"}
{"level":"info","message":"GET getNroEnlaces for a company name /username: admin","timestamp":"2023-06-07 13:52:30"}
{"level":"info","message":"GET getPlant for número enlace: 2000034 /username: admin","timestamp":"2023-06-07 13:52:31"}
{"level":"info","message":"GET getCompanys from database/username: admin","timestamp":"2023-06-07 13:52:41"}
{"level":"info","message":"GET getAireReportByCity report/city/Montevideo from database  /username: admin","timestamp":"2023-06-07 13:53:11"}
{"level":"info","message":"GET getCompanys from database/username: admin","timestamp":"2023-06-07 13:54:54"}
{"level":"info","message":"GET getCompanys from database/username: admin","timestamp":"2023-06-07 13:55:15"}
{"level":"info","message":"GET getCompanys from database/username: admin","timestamp":"2023-06-07 13:55:45"}
{"level":"info","message":"GET getCompanys from database/username: admin","timestamp":"2023-06-07 13:55:48"}
{"level":"info","message":"GET getCompanys from database/username: admin","timestamp":"2023-06-07 13:55:51"}
{"level":"info","message":"GET getCompanys from database/username: admin","timestamp":"2023-06-07 13:55:54"}
{"level":"info","message":"GET getAireReportByCity report/city/Cerro Largo from database  /username: admin","timestamp":"2023-06-07 13:56:06"}
{"level":"info","message":"GET getCompanys from database/username: admin","timestamp":"2023-06-07 13:57:01"}
{"level":"info","message":"GET getCompanys from database/username: admin","timestamp":"2023-06-07 13:57:02"}
{"level":"info","message":"GET getAireReportByCity report/city/Montevideo from database  /username: admin","timestamp":"2023-06-07 13:57:11"}
{"level":"info","message":"GET getCompanys from database/username: admin","timestamp":"2023-06-07 13:57:45"}
{"level":"info","message":"GET getCompanys from database/username: admin","timestamp":"2023-06-07 13:57:47"}
{"level":"info","message":"GET getCompanys from database/username: admin","timestamp":"2023-06-07 13:57:49"}
{"level":"info","message":"GET getCompanys from database/username: admin","timestamp":"2023-06-07 13:57:55"}
{"level":"info","message":"GET getCompanys from database/username: admin","timestamp":"2023-06-07 13:58:01"}
{"level":"info","message":"GET getCompanys from database/username: admin","timestamp":"2023-06-07 13:58:44"}
{"level":"info","message":"GET getAireReportByCity report/city/Montevideo from database  /username: admin","timestamp":"2023-06-07 13:58:58"}
{"level":"info","message":"GET getCompanys from database/username: admin","timestamp":"2023-06-07 13:59:55"}
{"level":"info","message":"GET getCompanys from database/username: admin","timestamp":"2023-06-07 14:00:52"}
{"level":"info","message":"GET getCompanys from database/username: admin","timestamp":"2023-06-07 14:00:58"}
{"level":"info","message":"GET getCompanys from database/username: admin","timestamp":"2023-06-07 14:01:00"}
{"level":"info","message":"GET getNroEnlaces for a company name /username: admin","timestamp":"2023-06-07 14:01:02"}
{"level":"info","message":"GET getAireReportByCity report/city/Montevideo from database  /username: admin","timestamp":"2023-06-07 14:01:06"}
{"level":"info","message":"GET getCompanys from database/username: admin","timestamp":"2023-06-07 14:01:17"}
{"level":"info","message":"GET getCompanys from database/username: admin","timestamp":"2023-06-07 14:01:21"}
{"level":"info","message":"GET getCompanys from database/username: admin","timestamp":"2023-06-07 14:01:24"}
{"level":"info","message":"GET getAireReportByCity report/city/Montevideo from database  /username: admin","timestamp":"2023-06-07 14:01:28"}
{"level":"info","message":"GET getCompanys from database/username: admin","timestamp":"2023-06-07 14:01:49"}
{"level":"info","message":"GET getCompanys from database/username: admin","timestamp":"2023-06-07 14:01:55"}
