{"level":"info","message":"GET getCompanies from database/username: admin","timestamp":"2024-02-19 14:49:47"}
{"level":"info","message":"GET getParameters from database/username: admin","timestamp":"2024-02-19 14:49:47"}
{"level":"info","message":"GET getUnits from database/username: admin","timestamp":"2024-02-19 14:49:47"}
{"level":"info","message":"GET getNroEnlaces for a company name /username: admin","timestamp":"2024-02-19 14:51:22"}
{"level":"info","message":"GET getNroEnlaces for a company name /username: admin","timestamp":"2024-02-19 14:51:27"}
{"level":"info","message":"GET getNroEnlaces for a company name /username: admin","timestamp":"2024-02-19 14:51:30"}
{"level":"info","message":"GET getNroEnlaces for a company name /username: admin","timestamp":"2024-02-19 14:51:31"}
{"level":"info","message":"GET getPlant for número enlace: 2019089 /username: admin","timestamp":"2024-02-19 14:51:32"}
{"level":"info","message":"GET getNroEnlaces for a company name /username: admin","timestamp":"2024-02-19 14:54:15"}
{"level":"info","message":"GET getNroEnlaces for a company name /username: admin","timestamp":"2024-02-19 14:54:18"}
{"level":"info","message":"GET getNroEnlaces for a company name /username: admin","timestamp":"2024-02-19 14:54:19"}
{"level":"info","message":"GET getPlant for número enlace: 2019089 /username: admin","timestamp":"2024-02-19 14:54:20"}
{"level":"info","message":"GET getNroEnlaces for a company name /username: admin","timestamp":"2024-02-19 14:54:20"}
{"level":"info","message":"GET getCompanies from database/username: admin","timestamp":"2024-02-19 14:54:22"}
{"level":"info","message":"GET getCompanies from database/username: admin","timestamp":"2024-02-19 14:54:33"}
{"level":"info","message":"GET getCompanies from database/username: admin","timestamp":"2024-02-19 14:54:35"}
{"level":"info","message":"GET getUnits from database/username: admin","timestamp":"2024-02-19 14:54:35"}
{"level":"info","message":"GET getParameters from database/username: admin","timestamp":"2024-02-19 14:54:35"}
{"level":"info","message":"GET getNroEnlaces for a company name /username: admin","timestamp":"2024-02-19 14:54:37"}
{"level":"info","message":"GET getNroEnlaces for a company name /username: admin","timestamp":"2024-02-19 14:54:49"}
{"level":"info","message":"GET getNroEnlaces for a company name /username: admin","timestamp":"2024-02-19 14:54:50"}
{"level":"info","message":"GET getPlant for número enlace: 8727 /username: admin","timestamp":"2024-02-19 14:54:50"}
{"level":"info","message":"GET getCompanies from database/username: admin","timestamp":"2024-02-19 14:55:59"}
{"level":"info","message":"GET getCompanies from database/username: admin","timestamp":"2024-02-19 14:56:02"}
{"level":"info","message":"GET getParameters from database/username: admin","timestamp":"2024-02-19 14:56:02"}
{"level":"info","message":"GET getUnits from database/username: admin","timestamp":"2024-02-19 14:56:02"}
{"level":"info","message":"GET getNroEnlaces for a company name /username: admin","timestamp":"2024-02-19 14:56:03"}
{"level":"info","message":"GET getNroEnlaces for a company name /username: admin","timestamp":"2024-02-19 14:56:11"}
{"level":"info","message":"GET getNroEnlaces for a company name /username: admin","timestamp":"2024-02-19 14:56:11"}
{"level":"info","message":"GET getCompanies from database/username: admin","timestamp":"2024-02-19 14:56:16"}
{"level":"info","message":"GET getCompanies from database/username: admin","timestamp":"2024-02-19 14:56:17"}
{"level":"info","message":"GET getUnits from database/username: admin","timestamp":"2024-02-19 14:56:17"}
{"level":"info","message":"GET getParameters from database/username: admin","timestamp":"2024-02-19 14:56:17"}
{"level":"info","message":"GET getNroEnlaces for a company name /username: admin","timestamp":"2024-02-19 14:56:18"}
{"level":"info","message":"GET getCompanies from database/username: admin","timestamp":"2024-02-19 14:56:22"}
{"level":"info","message":"GET getCompanies from database/username: admin","timestamp":"2024-02-19 14:56:25"}
{"level":"info","message":"GET getParameters from database/username: admin","timestamp":"2024-02-19 14:56:25"}
{"level":"info","message":"GET getUnits from database/username: admin","timestamp":"2024-02-19 14:56:25"}
{"level":"info","message":"GET getNroEnlaces for a company name /username: admin","timestamp":"2024-02-19 14:56:27"}
{"level":"info","message":"GET getNroEnlaces for a company name /username: admin","timestamp":"2024-02-19 14:56:42"}
{"level":"info","message":"GET getNroEnlaces for a company name /username: admin","timestamp":"2024-02-19 14:56:43"}
{"level":"info","message":"GET getPlant for número enlace: 2005029 /username: admin","timestamp":"2024-02-19 14:56:44"}
{"level":"info","message":"GET getCompanies from database/username: admin","timestamp":"2024-02-19 14:58:14"}
{"level":"info","message":"GET getCompanies from database/username: admin","timestamp":"2024-02-19 14:58:16"}
{"level":"info","message":"GET getUnits from database/username: admin","timestamp":"2024-02-19 14:58:16"}
{"level":"info","message":"GET getParameters from database/username: admin","timestamp":"2024-02-19 14:58:16"}
{"level":"info","message":"GET getNroEnlaces for a company name /username: admin","timestamp":"2024-02-19 14:58:17"}
{"level":"info","message":"GET getNroEnlaces for a company name /username: admin","timestamp":"2024-02-19 14:58:23"}
{"level":"info","message":"GET getPlant for número enlace: 2019089 /username: admin","timestamp":"2024-02-19 14:58:28"}
{"level":"info","message":"GET getCompanies from database/username: admin","timestamp":"2024-02-19 14:58:48"}
{"level":"info","message":"GET getCompanies from database/username: admin","timestamp":"2024-02-19 14:58:49"}
{"level":"info","message":"GET getParameters from database/username: admin","timestamp":"2024-02-19 14:58:49"}
{"level":"info","message":"GET getUnits from database/username: admin","timestamp":"2024-02-19 14:58:49"}
{"level":"info","message":"GET getNroEnlaces for a company name /username: admin","timestamp":"2024-02-19 14:59:12"}
{"level":"info","message":"GET getNroEnlaces for a company name /username: admin","timestamp":"2024-02-19 14:59:17"}
{"level":"info","message":"GET getNroEnlaces for a company name /username: admin","timestamp":"2024-02-19 14:59:18"}
{"level":"info","message":"GET getPlant for número enlace: 2019089 /username: admin","timestamp":"2024-02-19 14:59:18"}
{"level":"info","message":"GET getCompanies from database/username: admin","timestamp":"2024-02-19 14:59:38"}
{"level":"info","message":"GET getParameters from database/username: admin","timestamp":"2024-02-19 14:59:38"}
{"level":"info","message":"GET getUnits from database/username: admin","timestamp":"2024-02-19 14:59:38"}
{"level":"info","message":"GET getNroEnlaces for a company name /username: admin","timestamp":"2024-02-19 14:59:39"}
{"level":"info","message":"GET getCompanies from database/username: admin","timestamp":"2024-02-19 15:00:44"}
{"level":"info","message":"GET getUnits from database/username: admin","timestamp":"2024-02-19 15:00:44"}
{"level":"info","message":"GET getParameters from database/username: admin","timestamp":"2024-02-19 15:00:44"}
{"level":"info","message":"GET getNroEnlaces for a company name /username: admin","timestamp":"2024-02-19 15:00:46"}
{"level":"info","message":"GET getNroEnlaces for a company name /username: admin","timestamp":"2024-02-19 15:00:51"}
{"level":"info","message":"GET getNroEnlaces for a company name /username: admin","timestamp":"2024-02-19 15:00:52"}
{"level":"info","message":"GET getPlant for número enlace: 2019089 /username: admin","timestamp":"2024-02-19 15:00:53"}
{"level":"info","message":"GET getCompanies from database/username: admin","timestamp":"2024-02-19 15:01:12"}
{"level":"info","message":"GET getParameters from database/username: admin","timestamp":"2024-02-19 15:01:12"}
{"level":"info","message":"GET getUnits from database/username: admin","timestamp":"2024-02-19 15:01:12"}
{"level":"info","message":"GET getNroEnlaces for a company name /username: admin","timestamp":"2024-02-19 15:01:14"}
{"level":"info","message":"GET getNroEnlaces for a company name /username: admin","timestamp":"2024-02-19 15:01:21"}
{"level":"info","message":"GET getNroEnlaces for a company name /username: admin","timestamp":"2024-02-19 15:01:22"}
{"level":"info","message":"GET getNroEnlaces for a company name /username: admin","timestamp":"2024-02-19 15:01:23"}
{"level":"info","message":"GET getNroEnlaces for a company name /username: admin","timestamp":"2024-02-19 15:01:31"}
{"level":"info","message":"GET getCompanies from database/username: admin","timestamp":"2024-02-19 15:01:36"}
{"level":"info","message":"GET getParameters from database/username: admin","timestamp":"2024-02-19 15:01:36"}
{"level":"info","message":"GET getUnits from database/username: admin","timestamp":"2024-02-19 15:01:36"}
{"level":"info","message":"GET getNroEnlaces for a company name /username: admin","timestamp":"2024-02-19 15:02:35"}
{"level":"info","message":"GET getNroEnlaces for a company name /username: admin","timestamp":"2024-02-19 15:02:50"}
{"level":"info","message":"GET getNroEnlaces for a company name /username: admin","timestamp":"2024-02-19 15:02:52"}
{"level":"info","message":"GET getPlant for número enlace: 8182 /username: admin","timestamp":"2024-02-19 15:02:53"}
{"level":"info","message":"GET getCompanies from database/username: admin","timestamp":"2024-02-19 15:12:57"}
{"level":"info","message":"GET getUnits from database/username: admin","timestamp":"2024-02-19 15:12:57"}
{"level":"info","message":"GET getParameters from database/username: admin","timestamp":"2024-02-19 15:12:57"}
{"level":"info","message":"GET getCompanies from database/username: admin","timestamp":"2024-02-19 15:13:36"}
{"level":"info","message":"GET getParameters from database/username: admin","timestamp":"2024-02-19 15:13:36"}
{"level":"info","message":"GET getUnits from database/username: admin","timestamp":"2024-02-19 15:13:36"}
{"level":"info","message":"GET getNroEnlaces for a company name /username: admin","timestamp":"2024-02-19 15:13:38"}
{"level":"info","message":"GET getNroEnlaces for a company name /username: admin","timestamp":"2024-02-19 15:13:41"}
{"level":"info","message":"GET getNroEnlaces for a company name /username: admin","timestamp":"2024-02-19 15:13:41"}
{"level":"info","message":"GET getPlant for número enlace: 2019089 /username: admin","timestamp":"2024-02-19 15:13:42"}
{"level":"info","message":"GET getCompanies from database/username: admin","timestamp":"2024-02-19 15:19:55"}
{"level":"info","message":"GET getParameters from database/username: admin","timestamp":"2024-02-19 15:19:55"}
{"level":"info","message":"GET getUnits from database/username: admin","timestamp":"2024-02-19 15:19:55"}
{"level":"info","message":"GET getNroEnlaces for a company name /username: admin","timestamp":"2024-02-19 15:19:58"}
{"level":"info","message":"GET getNroEnlaces for a company name /username: admin","timestamp":"2024-02-19 15:20:03"}
{"level":"info","message":"GET getNroEnlaces for a company name /username: admin","timestamp":"2024-02-19 15:20:04"}
{"level":"info","message":"GET getPlant for número enlace: 2019089 /username: admin","timestamp":"2024-02-19 15:20:04"}
{"level":"info","message":"GET getCompanies from database/username: admin","timestamp":"2024-02-19 15:21:34"}
{"level":"info","message":"GET getParameters from database/username: admin","timestamp":"2024-02-19 15:21:34"}
{"level":"info","message":"GET getUnits from database/username: admin","timestamp":"2024-02-19 15:21:34"}
{"level":"info","message":"GET getNroEnlaces for a company name /username: admin","timestamp":"2024-02-19 15:21:36"}
{"level":"info","message":"GET getNroEnlaces for a company name /username: admin","timestamp":"2024-02-19 15:21:39"}
{"level":"info","message":"GET getPlant for número enlace: 2019089 /username: admin","timestamp":"2024-02-19 15:21:40"}
{"level":"info","message":"GET getCompanies from database/username: admin","timestamp":"2024-02-19 15:21:53"}
{"level":"info","message":"GET getParameters from database/username: admin","timestamp":"2024-02-19 15:21:53"}
{"level":"info","message":"GET getUnits from database/username: admin","timestamp":"2024-02-19 15:21:53"}
{"level":"info","message":"GET getNroEnlaces for a company name /username: admin","timestamp":"2024-02-19 15:21:55"}
{"level":"info","message":"GET getNroEnlaces for a company name /username: admin","timestamp":"2024-02-19 15:22:00"}
{"level":"info","message":"GET getNroEnlaces for a company name /username: admin","timestamp":"2024-02-19 15:22:01"}
{"level":"info","message":"GET getCompanies from database/username: admin","timestamp":"2024-02-19 15:22:07"}
{"level":"info","message":"GET getParameters from database/username: admin","timestamp":"2024-02-19 15:22:07"}
{"level":"info","message":"GET getUnits from database/username: admin","timestamp":"2024-02-19 15:22:07"}
{"level":"info","message":"GET getNroEnlaces for a company name /username: admin","timestamp":"2024-02-19 15:22:08"}
{"level":"info","message":"GET getNroEnlaces for a company name /username: admin","timestamp":"2024-02-19 15:22:11"}
{"level":"info","message":"GET getNroEnlaces for a company name /username: admin","timestamp":"2024-02-19 15:22:12"}
{"level":"info","message":"GET getPlant for número enlace: 2010023 /username: admin","timestamp":"2024-02-19 15:22:12"}
{"level":"info","message":"GET getCompanies from database/username: admin","timestamp":"2024-02-19 15:23:40"}
{"level":"info","message":"GET getParameters from database/username: admin","timestamp":"2024-02-19 15:23:40"}
{"level":"info","message":"GET getUnits from database/username: admin","timestamp":"2024-02-19 15:23:40"}
{"level":"info","message":"GET getNroEnlaces for a company name /username: admin","timestamp":"2024-02-19 15:23:42"}
{"level":"info","message":"GET getNroEnlaces for a company name /username: admin","timestamp":"2024-02-19 15:23:45"}
{"level":"info","message":"GET getNroEnlaces for a company name /username: admin","timestamp":"2024-02-19 15:23:46"}
{"level":"info","message":"GET getCompanies from database/username: admin","timestamp":"2024-02-19 15:23:49"}
{"level":"info","message":"GET getParameters from database/username: admin","timestamp":"2024-02-19 15:23:49"}
{"level":"info","message":"GET getUnits from database/username: admin","timestamp":"2024-02-19 15:23:49"}
{"level":"info","message":"GET getNroEnlaces for a company name /username: admin","timestamp":"2024-02-19 15:23:50"}
{"level":"info","message":"GET getNroEnlaces for a company name /username: admin","timestamp":"2024-02-19 15:23:55"}
{"level":"info","message":"GET getNroEnlaces for a company name /username: admin","timestamp":"2024-02-19 15:23:56"}
{"level":"info","message":"GET getPlant for número enlace: 2010023 /username: admin","timestamp":"2024-02-19 15:23:56"}
{"level":"info","message":"GET getCompanies from database/username: admin","timestamp":"2024-02-19 15:25:48"}
{"level":"info","message":"GET getParameters from database/username: admin","timestamp":"2024-02-19 15:25:48"}
{"level":"info","message":"GET getUnits from database/username: admin","timestamp":"2024-02-19 15:25:48"}
{"level":"info","message":"GET getNroEnlaces for a company name /username: admin","timestamp":"2024-02-19 15:25:48"}
{"level":"info","message":"GET getNroEnlaces for a company name /username: admin","timestamp":"2024-02-19 15:25:53"}
{"level":"info","message":"GET getPlant for número enlace: 2010023 /username: admin","timestamp":"2024-02-19 15:25:54"}
