{"level":"info","message":"GET getCompanies from database/username: admin","timestamp":"2024-08-02 08:51:20"}
{"level":"info","message":"GET getParameters from database/username: admin","timestamp":"2024-08-02 08:51:20"}
{"level":"info","message":"GET getUnits from database/username: admin","timestamp":"2024-08-02 08:51:20"}
{"level":"info","message":"GET getNroEnlaces for a company name /username: admin","timestamp":"2024-08-02 08:51:22"}
{"level":"info","message":"GET getNroEnlaces for a company name /username: admin","timestamp":"2024-08-02 08:51:32"}
{"level":"info","message":"GET getNroEnlaces for a company name /username: admin","timestamp":"2024-08-02 08:51:35"}
{"level":"info","message":"GET getNroEnlaces for a company name /username: admin","timestamp":"2024-08-02 08:51:36"}
{"level":"info","message":"GET getNroEnlaces for a company name /username: admin","timestamp":"2024-08-02 08:51:39"}
{"level":"info","message":"GET getCompanies from database/username: admin","timestamp":"2024-08-02 08:51:41"}
{"level":"info","message":"GET getNroEnlaces for a company name /username: admin","timestamp":"2024-08-02 08:51:42"}
{"level":"info","message":"GET getNroEnlaces for a company name /username: admin","timestamp":"2024-08-02 08:51:45"}
{"level":"info","message":"GET getNroEnlaces for a company name /username: admin","timestamp":"2024-08-02 08:51:46"}
{"level":"info","message":"GET getCompanies from database/username: admin","timestamp":"2024-08-02 08:51:55"}
{"level":"info","message":"GET getUnits from database/username: admin","timestamp":"2024-08-02 08:51:55"}
{"level":"info","message":"GET getParameters from database/username: admin","timestamp":"2024-08-02 08:51:55"}
{"level":"info","message":"GET getNroEnlaces for a company name /username: admin","timestamp":"2024-08-02 08:51:56"}
{"level":"info","message":"GET getCompanies from database/username: admin","timestamp":"2024-08-02 08:51:57"}
{"level":"info","message":"GET getStations from database/username: admin","timestamp":"2024-08-02 08:52:01"}
{"level":"info","message":"GET getDepartaments from database/username: admin","timestamp":"2024-08-02 08:56:46"}
{"level":"info","message":"GET getInstitutes from database/username: admin","timestamp":"2024-08-02 08:56:46"}
{"level":"info","message":"GET getPeriods from database/username: admin","timestamp":"2024-08-02 08:56:46"}
{"level":"info","message":"GET getParameters from database/username: admin","timestamp":"2024-08-02 08:56:46"}
{"level":"info","message":"GET getCompanies from database/username: admin","timestamp":"2024-08-02 08:56:55"}
{"level":"info","message":"GET getParameters from database/username: admin","timestamp":"2024-08-02 08:56:55"}
{"level":"info","message":"GET getUnits from database/username: admin","timestamp":"2024-08-02 08:56:55"}
{"level":"info","message":"GET getStations from database/username: admin","timestamp":"2024-08-02 08:56:56"}
{"level":"info","message":"GET getStations from database/username: admin","timestamp":"2024-08-02 08:56:57"}
{"level":"info","message":"GET getCompanies from database/username: admin","timestamp":"2024-08-02 08:57:01"}
{"level":"info","message":"GET getUnits from database/username: admin","timestamp":"2024-08-02 08:57:01"}
{"level":"info","message":"GET getParameters from database/username: admin","timestamp":"2024-08-02 08:57:01"}
{"level":"info","message":"GET getNroEnlaces for a company name /username: admin","timestamp":"2024-08-02 08:57:03"}
{"level":"info","message":"GET getNroEnlaces for a company name /username: admin","timestamp":"2024-08-02 08:57:07"}
{"level":"info","message":"GET getPlant for número enlace: 123652361 /username: admin","timestamp":"2024-08-02 08:57:08"}
{"level":"info","message":"GET getCompanies from database/username: admin","timestamp":"2024-08-02 13:48:03"}
{"level":"info","message":"GET getCompanies from database/username: admin","timestamp":"2024-08-02 13:48:04"}
{"level":"info","message":"GET getParameters from database/username: admin","timestamp":"2024-08-02 13:48:04"}
{"level":"info","message":"GET getUnits from database/username: admin","timestamp":"2024-08-02 13:48:05"}
