{"level":"info","message":"GET getStations from database/username: admin","timestamp":"2024-03-05 14:17:16"}
{"level":"info","message":"GET getInstitutes from database/username: admin","timestamp":"2024-03-05 14:27:35"}
{"level":"info","message":"GET getPeriods from database/username: admin","timestamp":"2024-03-05 14:27:35"}
{"level":"info","message":"GET getDepartaments from database/username: admin","timestamp":"2024-03-05 14:27:35"}
{"level":"info","message":"GET getParameters from database/username: admin","timestamp":"2024-03-05 14:27:35"}
{"level":"info","message":"GET getPeriods from database/username: admin","timestamp":"2024-03-05 14:39:11"}
{"level":"info","message":"GET getInstitutes from database/username: admin","timestamp":"2024-03-05 14:39:11"}
{"level":"info","message":"GET getDepartaments from database/username: admin","timestamp":"2024-03-05 14:39:11"}
{"level":"info","message":"GET getParameters from database/username: admin","timestamp":"2024-03-05 14:39:12"}
{"level":"info","message":"GET getCompanies from database/username: admin","timestamp":"2024-03-05 15:04:39"}
{"level":"info","message":"GET getCompanies from database/username: admin","timestamp":"2024-03-05 15:04:43"}
{"level":"info","message":"GET getParameters from database/username: admin","timestamp":"2024-03-05 15:04:43"}
{"level":"info","message":"GET getUnits from database/username: admin","timestamp":"2024-03-05 15:04:43"}
{"level":"info","message":"GET getCompanies from database/username: admin","timestamp":"2024-03-05 15:25:22"}
{"level":"info","message":"GET getUnits from database/username: admin","timestamp":"2024-03-05 15:25:22"}
{"level":"info","message":"GET getParameters from database/username: admin","timestamp":"2024-03-05 15:25:22"}
{"level":"info","message":"GET getStations from database/username: admin","timestamp":"2024-03-05 15:25:23"}
{"level":"info","message":"GET getInstitutes from database/username: admin","timestamp":"2024-03-05 15:25:28"}
{"level":"info","message":"GET getDepartaments from database/username: admin","timestamp":"2024-03-05 15:25:28"}
{"level":"info","message":"GET getPeriods from database/username: admin","timestamp":"2024-03-05 15:25:28"}
{"level":"info","message":"GET getParameters from database/username: admin","timestamp":"2024-03-05 15:25:28"}
