{"level":"info","message":"GET getStations from database/username: admin","timestamp":"2024-02-28 11:14:03"}
{"level":"info","message":"GET getStations from database/username: admin","timestamp":"2024-02-28 11:14:05"}
{"level":"info","message":"GET getStations from database/username: admin","timestamp":"2024-02-28 11:14:28"}
{"level":"info","message":"GET getStations from database/username: admin","timestamp":"2024-02-28 11:30:05"}
{"level":"info","message":"GET getStations from database/username: admin","timestamp":"2024-02-28 11:30:05"}
{"level":"info","message":"POST addStationReport/codigo/I-BA-D-MC-CLRB03/username: admin","timestamp":"2024-02-28 11:30:24"}
{"level":"info","message":"GET getStations from database/username: admin","timestamp":"2024-02-28 11:33:26"}
{"level":"info","message":"GET getStations from database/username: admin","timestamp":"2024-02-28 11:33:29"}
{"level":"info","message":"POST addStationReport/codigo/I-VI-D-MC-SODO01/username: admin","timestamp":"2024-02-28 11:33:51"}
{"level":"info","message":"GET getStations from database/username: admin","timestamp":"2024-02-28 11:37:38"}
{"level":"info","message":"GET getStations from database/username: admin","timestamp":"2024-02-28 11:37:39"}
{"level":"info","message":"POST addStationReport/codigo/I-BA-D-MC-CAVO01/username: admin","timestamp":"2024-02-28 11:38:00"}
{"level":"info","message":"GET getStations from database/username: admin","timestamp":"2024-02-28 11:39:59"}
{"level":"info","message":"GET getStations from database/username: admin","timestamp":"2024-02-28 11:40:00"}
{"level":"info","message":"POST addStationReport/codigo/I-BA-D-MC-CAVO01/username: admin","timestamp":"2024-02-28 11:40:12"}
{"level":"info","message":"GET getStations from database/username: admin","timestamp":"2024-02-28 11:40:48"}
{"level":"info","message":"GET getStations from database/username: admin","timestamp":"2024-02-28 11:40:50"}
{"level":"info","message":"POST addStationReport/codigo/I-BA-D-MC-CAVO01/username: admin","timestamp":"2024-02-28 11:41:04"}
{"level":"info","message":"GET getStations from database/username: admin","timestamp":"2024-02-28 11:43:13"}
{"level":"info","message":"GET getStations from database/username: admin","timestamp":"2024-02-28 11:43:13"}
{"level":"info","message":"POST addStationReport/codigo/I-BA-D-MC-CAVO01/username: admin","timestamp":"2024-02-28 11:43:24"}
{"level":"info","message":"GET getCompanies from database/username: admin","timestamp":"2024-02-28 11:46:25"}
{"level":"info","message":"GET getStations from database/username: admin","timestamp":"2024-02-28 11:46:29"}
{"level":"info","message":"GET getStations from database/username: admin","timestamp":"2024-02-28 11:46:30"}
{"level":"info","message":"POST addStationReport/codigo/I-VI-D-MC-SODO01/username: admin","timestamp":"2024-02-28 11:46:46"}
{"level":"info","message":"GET getCompanies from database/username: admin","timestamp":"2024-02-28 11:47:19"}
{"level":"info","message":"GET getParameters from database/username: admin","timestamp":"2024-02-28 11:47:21"}
{"level":"info","message":"GET getUnits from database/username: admin","timestamp":"2024-02-28 11:47:21"}
{"level":"info","message":"GET getStations from database/username: admin","timestamp":"2024-02-28 11:47:22"}
{"level":"info","message":"GET getStations from database/username: admin","timestamp":"2024-02-28 11:47:23"}
{"level":"info","message":"POST addStationReport/codigo/I-BA-D-MC-CLRB03/username: admin","timestamp":"2024-02-28 11:47:34"}
{"level":"info","message":"POST addStationReport/codigo/I-BA-D-MC-CLRB03/username: admin","timestamp":"2024-02-28 11:47:43"}
{"level":"info","message":"GET getParameters from database/username: admin","timestamp":"2024-02-28 11:53:32"}
{"level":"info","message":"GET getUnits from database/username: admin","timestamp":"2024-02-28 11:53:32"}
{"level":"info","message":"GET getCompanies from database/username: admin","timestamp":"2024-02-28 11:53:32"}
{"level":"info","message":"GET getCompanies from database/username: admin","timestamp":"2024-02-28 11:53:34"}
{"level":"info","message":"GET getCompanies from database/username: admin","timestamp":"2024-02-28 11:55:56"}
{"level":"info","message":"GET getParameters from database/username: admin","timestamp":"2024-02-28 11:55:56"}
{"level":"info","message":"GET getUnits from database/username: admin","timestamp":"2024-02-28 11:55:56"}
{"level":"info","message":"GET getCompanies from database/username: admin","timestamp":"2024-02-28 11:55:57"}
{"level":"info","message":"GET getNroEnlaces for a company name /username: admin","timestamp":"2024-02-28 11:56:06"}
{"level":"info","message":"GET getStations from database/username: admin","timestamp":"2024-02-28 11:56:11"}
{"level":"info","message":"GET getStations from database/username: admin","timestamp":"2024-02-28 11:56:12"}
{"level":"info","message":"GET getCompanies from database/username: admin","timestamp":"2024-02-28 11:56:15"}
{"level":"info","message":"GET getStations from database/username: admin","timestamp":"2024-02-28 11:56:24"}
{"level":"info","message":"GET getStations from database/username: admin","timestamp":"2024-02-28 11:56:25"}
{"level":"info","message":"GET getCompanies from database/username: admin","timestamp":"2024-02-28 11:56:31"}
{"level":"info","message":"GET getParameters from database/username: admin","timestamp":"2024-02-28 11:56:31"}
{"level":"info","message":"GET getUnits from database/username: admin","timestamp":"2024-02-28 11:56:31"}
{"level":"info","message":"GET getCompanies from database/username: admin","timestamp":"2024-02-28 11:56:32"}
{"level":"info","message":"GET getNroEnlaces for a company name /username: admin","timestamp":"2024-02-28 11:56:36"}
{"level":"info","message":"GET getCompanies from database/username: admin","timestamp":"2024-02-28 12:00:55"}
{"level":"info","message":"GET getParameters from database/username: admin","timestamp":"2024-02-28 12:00:55"}
{"level":"info","message":"GET getUnits from database/username: admin","timestamp":"2024-02-28 12:00:55"}
{"level":"info","message":"GET getCompanies from database/username: admin","timestamp":"2024-02-28 12:00:56"}
{"level":"info","message":"GET getCompanies from database/username: admin","timestamp":"2024-02-28 12:02:16"}
{"level":"info","message":"GET getUnits from database/username: admin","timestamp":"2024-02-28 12:02:17"}
{"level":"info","message":"GET getParameters from database/username: admin","timestamp":"2024-02-28 12:02:17"}
{"level":"info","message":"GET getCompanies from database/username: admin","timestamp":"2024-02-28 12:02:19"}
{"level":"info","message":"GET getNroEnlaces for a company name /username: admin","timestamp":"2024-02-28 12:02:22"}
{"level":"info","message":"GET getNroEnlaces for a company name /username: admin","timestamp":"2024-02-28 12:02:25"}
{"level":"info","message":"GET getPlant for número enlace: 123652361 /username: admin","timestamp":"2024-02-28 12:02:26"}
{"level":"info","message":"GET getAireReport report/idPlant/33010 from database  /username: admin","timestamp":"2024-02-28 12:02:27"}
{"level":"info","message":"GET getCompanies from database/username: admin","timestamp":"2024-02-28 12:03:51"}
{"level":"info","message":"GET getParameters from database/username: admin","timestamp":"2024-02-28 12:03:51"}
{"level":"info","message":"GET getUnits from database/username: admin","timestamp":"2024-02-28 12:03:51"}
{"level":"info","message":"GET getCompanies from database/username: admin","timestamp":"2024-02-28 12:03:52"}
{"level":"info","message":"GET getCompanies from database/username: admin","timestamp":"2024-02-28 12:13:14"}
{"level":"info","message":"GET getParameters from database/username: admin","timestamp":"2024-02-28 12:13:15"}
{"level":"info","message":"GET getUnits from database/username: admin","timestamp":"2024-02-28 12:13:15"}
{"level":"info","message":"GET getCompanies from database/username: admin","timestamp":"2024-02-28 12:13:18"}
