{"level":"info","message":"GET getCompanies from database/username: admin","timestamp":"2024-02-26 10:39:10"}
{"level":"info","message":"GET getParameters from database/username: admin","timestamp":"2024-02-26 10:39:10"}
{"level":"info","message":"GET getUnits from database/username: admin","timestamp":"2024-02-26 10:39:10"}
{"level":"info","message":"GET getNroEnlaces for a company name /username: admin","timestamp":"2024-02-26 10:39:13"}
{"level":"info","message":"GET getNroEnlaces for a company name /username: admin","timestamp":"2024-02-26 10:39:15"}
{"level":"info","message":"GET getNroEnlaces for a company name /username: admin","timestamp":"2024-02-26 10:39:16"}
{"level":"info","message":"GET getPlant for número enlace: 123652361 /username: admin","timestamp":"2024-02-26 10:39:17"}
{"level":"info","message":"GET getCompanies from database/username: admin","timestamp":"2024-02-26 10:46:29"}
{"level":"info","message":"GET getParameters from database/username: admin","timestamp":"2024-02-26 10:46:29"}
{"level":"info","message":"GET getUnits from database/username: admin","timestamp":"2024-02-26 10:46:29"}
{"level":"info","message":"GET getNroEnlaces for a company name /username: admin","timestamp":"2024-02-26 10:46:31"}
{"level":"info","message":"GET getNroEnlaces for a company name /username: admin","timestamp":"2024-02-26 10:46:33"}
{"level":"info","message":"GET getNroEnlaces for a company name /username: admin","timestamp":"2024-02-26 10:46:34"}
{"level":"info","message":"GET getPlant for número enlace: 123652361 /username: admin","timestamp":"2024-02-26 10:46:34"}
{"level":"info","message":"GET getCompanies from database/username: admin","timestamp":"2024-02-26 10:49:45"}
{"level":"info","message":"GET getUnits from database/username: admin","timestamp":"2024-02-26 10:49:45"}
{"level":"info","message":"GET getParameters from database/username: admin","timestamp":"2024-02-26 10:49:45"}
{"level":"info","message":"GET getNroEnlaces for a company name /username: admin","timestamp":"2024-02-26 10:49:47"}
{"level":"info","message":"GET getNroEnlaces for a company name /username: admin","timestamp":"2024-02-26 10:49:53"}
{"level":"info","message":"GET getPlant for número enlace: 123652361 /username: admin","timestamp":"2024-02-26 10:49:54"}
{"level":"error","message":"Error getLatLongPunto/TypeError: Cannot read properties of undefined (reading 'nombrePunto')/username: admin","timestamp":"2024-02-26 10:49:57"}
{"level":"info","message":"GET getCompanies from database/username: admin","timestamp":"2024-02-26 10:52:39"}
{"level":"info","message":"GET getParameters from database/username: admin","timestamp":"2024-02-26 10:52:40"}
{"level":"info","message":"GET getUnits from database/username: admin","timestamp":"2024-02-26 10:52:40"}
{"level":"info","message":"GET getNroEnlaces for a company name /username: admin","timestamp":"2024-02-26 10:52:41"}
{"level":"info","message":"GET getNroEnlaces for a company name /username: admin","timestamp":"2024-02-26 10:52:48"}
{"level":"info","message":"GET getPlant for número enlace: 123652361 /username: admin","timestamp":"2024-02-26 10:52:49"}
{"level":"info","message":"GET getCompanies from database/username: admin","timestamp":"2024-02-26 10:53:41"}
{"level":"info","message":"GET getCompanies from database/username: admin","timestamp":"2024-02-26 10:57:11"}
{"level":"info","message":"GET getCompanies from database/username: admin","timestamp":"2024-02-26 10:57:11"}
{"level":"info","message":"GET getParameters from database/username: admin","timestamp":"2024-02-26 10:57:12"}
{"level":"info","message":"GET getUnits from database/username: admin","timestamp":"2024-02-26 10:57:12"}
{"level":"info","message":"GET getNroEnlaces for a company name /username: admin","timestamp":"2024-02-26 10:57:13"}
{"level":"info","message":"GET getNroEnlaces for a company name /username: admin","timestamp":"2024-02-26 10:57:16"}
{"level":"info","message":"GET getNroEnlaces for a company name /username: admin","timestamp":"2024-02-26 10:57:16"}
{"level":"info","message":"GET getPlant for número enlace: 123652361 /username: admin","timestamp":"2024-02-26 10:57:17"}
{"level":"info","message":"GET getCompanies from database/username: admin","timestamp":"2024-02-26 11:11:00"}
{"level":"info","message":"GET getParameters from database/username: admin","timestamp":"2024-02-26 11:11:00"}
{"level":"info","message":"GET getUnits from database/username: admin","timestamp":"2024-02-26 11:11:00"}
{"level":"info","message":"GET getNroEnlaces for a company name /username: admin","timestamp":"2024-02-26 11:11:02"}
{"level":"info","message":"GET getNroEnlaces for a company name /username: admin","timestamp":"2024-02-26 11:11:07"}
{"level":"info","message":"GET getNroEnlaces for a company name /username: admin","timestamp":"2024-02-26 11:11:08"}
{"level":"info","message":"GET getPlant for número enlace: 123652361 /username: admin","timestamp":"2024-02-26 11:11:08"}
{"level":"info","message":"GET getCompanies from database/username: admin","timestamp":"2024-02-26 11:17:08"}
{"level":"info","message":"GET getParameters from database/username: admin","timestamp":"2024-02-26 11:17:08"}
{"level":"info","message":"GET getUnits from database/username: admin","timestamp":"2024-02-26 11:17:08"}
{"level":"info","message":"GET getNroEnlaces for a company name /username: admin","timestamp":"2024-02-26 11:17:10"}
{"level":"info","message":"GET getNroEnlaces for a company name /username: admin","timestamp":"2024-02-26 11:17:14"}
{"level":"info","message":"GET getNroEnlaces for a company name /username: admin","timestamp":"2024-02-26 11:17:14"}
{"level":"info","message":"GET getNroEnlaces for a company name /username: admin","timestamp":"2024-02-26 11:17:15"}
{"level":"info","message":"GET getPlant for número enlace: 123652361 /username: admin","timestamp":"2024-02-26 11:17:16"}
{"level":"error","message":"Error getLatLongPunto/TypeError: Assignment to constant variable./username: admin","timestamp":"2024-02-26 11:17:18"}
{"level":"info","message":"GET getCompanies from database/username: admin","timestamp":"2024-02-26 11:19:19"}
{"level":"info","message":"GET getParameters from database/username: admin","timestamp":"2024-02-26 11:19:19"}
{"level":"info","message":"GET getUnits from database/username: admin","timestamp":"2024-02-26 11:19:19"}
{"level":"info","message":"GET getNroEnlaces for a company name /username: admin","timestamp":"2024-02-26 11:19:20"}
{"level":"info","message":"GET getNroEnlaces for a company name /username: admin","timestamp":"2024-02-26 11:19:23"}
{"level":"info","message":"GET getPlant for número enlace: 123652361 /username: admin","timestamp":"2024-02-26 11:19:24"}
