
{"level":"info","message":"GET getAllNroEnlaces  /username: admin","timestamp":"2024-08-12 13:53:34"}
{"level":"info","message":"GET getPlants from database/username: admin","timestamp":"2024-08-12 13:53:34"}
{"level":"info","message":"GET getCompanies from database/username: admin","timestamp":"2024-08-12 13:53:35"}
{"level":"info","message":"GET getStations from database/username: admin","timestamp":"2024-08-12 13:53:40"}
{"level":"info","message":"GET getDepartaments from database/username: admin","timestamp":"2024-08-12 13:53:43"}
{"level":"info","message":"GET getInstitutes from database/username: admin","timestamp":"2024-08-12 13:53:43"}
{"level":"info","message":"GET getPeriods from database/username: admin","timestamp":"2024-08-12 13:53:43"}
{"level":"info","message":"GET getParameters from database/username: admin","timestamp":"2024-08-12 13:53:43"}
{"level":"info","message":"GET getDepartaments from database/username: admin","timestamp":"2024-08-12 13:53:58"}
{"level":"info","message":"GET getInstitutes from database/username: admin","timestamp":"2024-08-12 13:53:58"}
{"level":"info","message":"GET getPeriods from database/username: admin","timestamp":"2024-08-12 13:53:58"}
{"level":"info","message":"GET getParameters from database/username: admin","timestamp":"2024-08-12 13:53:58"}
{"level":"info","message":"GET getInstitutes from database/username: admin","timestamp":"2024-08-12 13:59:12"}
{"level":"info","message":"GET getPeriods from database/username: admin","timestamp":"2024-08-12 13:59:12"}
{"level":"info","message":"GET getDepartaments from database/username: admin","timestamp":"2024-08-12 13:59:12"}
{"level":"info","message":"GET getParameters from database/username: admin","timestamp":"2024-08-12 13:59:12"}
{"level":"info","message":"PUT updateParameterStation/codigo/I-VI-D-MC-SODO01","timestamp":"2024-08-12 14:01:16"}
{"level":"info","message":"PUT updatePeriodStation/codigo/I-VI-D-MC-SODO01","timestamp":"2024-08-12 14:01:16"}
{"level":"info","message":"PUT updateStationAire/codigo/I-VI-D-MC-SODO01/username: admin","timestamp":"2024-08-12 14:01:16"}
{"level":"info","message":"GET getStations from database/username: admin","timestamp":"2024-08-12 14:01:18"}
{"level":"info","message":"GET getDepartaments from database/username: admin","timestamp":"2024-08-12 14:01:59"}
{"level":"info","message":"GET getInstitutes from database/username: admin","timestamp":"2024-08-12 14:01:59"}
{"level":"info","message":"GET getPeriods from database/username: admin","timestamp":"2024-08-12 14:01:59"}
{"level":"info","message":"GET getParameters from database/username: admin","timestamp":"2024-08-12 14:01:59"}
{"level":"info","message":"PUT updateParameterStation/codigo/I-BA-D-MC-CAVO01","timestamp":"2024-08-12 14:02:04"}
{"level":"info","message":"PUT updatePeriodStation/codigo/I-BA-D-MC-CAVO01","timestamp":"2024-08-12 14:02:04"}
{"level":"info","message":"PUT updateStationAire/codigo/I-BA-D-MC-CAVO01/username: admin","timestamp":"2024-08-12 14:02:04"}
{"level":"info","message":"GET getStations from database/username: admin","timestamp":"2024-08-12 14:02:05"}
{"level":"info","message":"GET getCompanies from database/username: admin","timestamp":"2024-08-12 14:02:28"}
{"level":"info","message":"GET getAllNroEnlaces  /username: admin","timestamp":"2024-08-12 14:02:28"}
{"level":"info","message":"GET getPlants from database/username: admin","timestamp":"2024-08-12 14:02:28"}
{"level":"info","message":"GET getCompanies from database/username: admin","timestamp":"2024-08-12 14:02:32"}
{"level":"info","message":"GET getCompanies from database/username: admin","timestamp":"2024-08-12 14:02:35"}
{"level":"info","message":"GET getParameters from database/username: admin","timestamp":"2024-08-12 14:02:35"}
{"level":"info","message":"GET getUnits from database/username: admin","timestamp":"2024-08-12 14:02:35"}
{"level":"info","message":"GET getCompanies from database/username: admin","timestamp":"2024-08-12 14:02:36"}
{"level":"info","message":"GET getNroEnlaces for a company name /username: admin","timestamp":"2024-08-12 14:02:37"}
{"level":"info","message":"GET getNroEnlaces for a company name /username: admin","timestamp":"2024-08-12 14:02:42"}
{"level":"info","message":"GET getPlant for número enlace: 123652361 /username: admin","timestamp":"2024-08-12 14:02:46"}
{"level":"info","message":"GET getAireReport report/idPlant/33010 from database  /username: admin","timestamp":"2024-08-12 14:02:47"}
{"level":"info","message":"GET getCompanies from database/username: admin","timestamp":"2024-08-12 14:05:31"}
{"level":"info","message":"GET getParameters from database/username: admin","timestamp":"2024-08-12 14:05:31"}
{"level":"info","message":"GET getUnits from database/username: admin","timestamp":"2024-08-12 14:05:31"}
{"level":"info","message":"GET getStations from database/username: admin","timestamp":"2024-08-12 14:05:33"}

