{"level":"info","message":"GET getStations from database/username: admin","timestamp":"2024-04-02 08:51:19"}
{"level":"info","message":"GET getStations from database/username: admin","timestamp":"2024-04-02 08:51:20"}
{"level":"info","message":"GET getReportsStation/codigo/I-BA-D-MC-CAVO01/username: admin","timestamp":"2024-04-02 08:51:24"}
{"level":"info","message":"GET getStations from database/username: admin","timestamp":"2024-04-02 08:52:49"}
{"level":"info","message":"GET getStations from database/username: admin","timestamp":"2024-04-02 08:52:50"}
{"level":"info","message":"GET getReportsStation/codigo/I-BA-D-MC-CAVO01/username: admin","timestamp":"2024-04-02 08:52:54"}
{"level":"info","message":"GET getStations from database/username: admin","timestamp":"2024-04-02 08:55:31"}
{"level":"info","message":"GET getStations from database/username: admin","timestamp":"2024-04-02 08:55:32"}
{"level":"info","message":"GET getReportsStation/codigo/I-BA-D-MC-CAVO01/username: admin","timestamp":"2024-04-02 08:55:35"}
{"level":"info","message":"GET getStations from database/username: admin","timestamp":"2024-04-02 08:57:13"}
{"level":"info","message":"GET getStations from database/username: admin","timestamp":"2024-04-02 08:57:14"}
{"level":"info","message":"GET getReportsStation/codigo/I-BA-D-MC-CAVO01/username: admin","timestamp":"2024-04-02 08:57:17"}
{"level":"info","message":"GET getStations from database/username: admin","timestamp":"2024-04-02 08:57:46"}
{"level":"info","message":"GET getStations from database/username: admin","timestamp":"2024-04-02 08:57:48"}
{"level":"info","message":"GET getReportsStation/codigo/I-BA-D-MC-CAVO01/username: admin","timestamp":"2024-04-02 08:57:52"}
{"level":"info","message":"GET getStations from database/username: admin","timestamp":"2024-04-02 08:58:46"}
{"level":"info","message":"GET getStations from database/username: admin","timestamp":"2024-04-02 08:58:48"}
{"level":"info","message":"GET getReportsStation/codigo/I-BA-D-MC-CAVO01/username: admin","timestamp":"2024-04-02 08:58:51"}
{"level":"info","message":"GET getStations from database/username: admin","timestamp":"2024-04-02 09:01:55"}
{"level":"info","message":"GET getStations from database/username: admin","timestamp":"2024-04-02 09:01:56"}
{"level":"info","message":"GET getReportsStation/codigo/I-BA-D-MC-CAVO01/username: admin","timestamp":"2024-04-02 09:01:58"}
{"level":"info","message":"GET getStations from database/username: admin","timestamp":"2024-04-02 09:03:38"}
{"level":"info","message":"GET getStations from database/username: admin","timestamp":"2024-04-02 09:03:39"}
{"level":"info","message":"GET getReportsStation/codigo/I-BA-D-MC-CAVO01/username: admin","timestamp":"2024-04-02 09:03:41"}
{"level":"info","message":"GET getCompanies from database/username: admin","timestamp":"2024-04-02 09:03:56"}
{"level":"info","message":"GET getParameters from database/username: admin","timestamp":"2024-04-02 09:03:56"}
{"level":"info","message":"GET getUnits from database/username: admin","timestamp":"2024-04-02 09:03:56"}
{"level":"info","message":"GET getStations from database/username: admin","timestamp":"2024-04-02 09:03:57"}
{"level":"info","message":"GET getStations from database/username: admin","timestamp":"2024-04-02 09:03:58"}
{"level":"info","message":"GET getReportsStation/codigo/I-BA-D-MC-CAVO01/username: admin","timestamp":"2024-04-02 09:04:01"}
{"level":"info","message":"GET getReportsStation/codigo/I-BA-D-MC-CAVO01/username: admin","timestamp":"2024-04-02 09:04:05"}
{"level":"info","message":"GET getStations from database/username: admin","timestamp":"2024-04-02 09:05:49"}
{"level":"info","message":"GET getStations from database/username: admin","timestamp":"2024-04-02 09:20:41"}
{"level":"info","message":"GET getStations from database/username: admin","timestamp":"2024-04-02 09:20:42"}
{"level":"info","message":"GET getReportsStation/codigo/I-BA-D-MC-CAVO01/username: admin","timestamp":"2024-04-02 09:20:45"}
{"level":"info","message":"GET getReportsStation/codigo/I-BA-D-MC-CAVO01/username: admin","timestamp":"2024-04-02 09:20:57"}
{"level":"info","message":"GET getStations from database/username: admin","timestamp":"2024-04-02 09:31:23"}
{"level":"info","message":"GET getStations from database/username: admin","timestamp":"2024-04-02 09:31:24"}
{"level":"info","message":"GET getReportsStation/codigo/I-BA-D-MC-CAVO01/username: admin","timestamp":"2024-04-02 09:31:28"}
{"level":"info","message":"GET getStations from database/username: admin","timestamp":"2024-04-02 09:35:45"}
{"level":"info","message":"GET getStations from database/username: admin","timestamp":"2024-04-02 09:35:46"}
{"level":"info","message":"GET getReportsStation/codigo/I-BA-D-MC-CAVO01/username: admin","timestamp":"2024-04-02 09:35:48"}
{"level":"info","message":"GET getStations from database/username: admin","timestamp":"2024-04-02 09:40:14"}
{"level":"info","message":"GET getStations from database/username: admin","timestamp":"2024-04-02 09:40:15"}
{"level":"info","message":"GET getReportsStation/codigo/I-BA-D-MC-CAVO01/username: admin","timestamp":"2024-04-02 09:40:21"}
{"level":"info","message":"GET getReportsStation/codigo/I-BA-D-MC-CAVO01/username: admin","timestamp":"2024-04-02 09:40:43"}
{"level":"info","message":"GET getReportsStation/codigo/I-BA-D-MC-CAVO01/username: admin","timestamp":"2024-04-02 09:41:50"}
{"level":"info","message":"GET getStations from database/username: admin","timestamp":"2024-04-02 09:48:10"}
{"level":"info","message":"GET getStations from database/username: admin","timestamp":"2024-04-02 09:48:11"}
{"level":"info","message":"GET getReportsStation/codigo/I-BA-D-MC-CAVO01/username: admin","timestamp":"2024-04-02 09:48:14"}
{"level":"info","message":"GET getStations from database/username: admin","timestamp":"2024-04-02 09:51:21"}
{"level":"info","message":"GET getStations from database/username: admin","timestamp":"2024-04-02 09:51:22"}
{"level":"info","message":"GET getReportsStation/codigo/I-BA-D-MC-CAVO01/username: admin","timestamp":"2024-04-02 09:51:24"}
{"level":"info","message":"GET getStations from database/username: admin","timestamp":"2024-04-02 09:53:10"}
{"level":"info","message":"GET getStations from database/username: admin","timestamp":"2024-04-02 09:53:11"}
{"level":"info","message":"GET getReportsStation/codigo/I-BA-D-MC-CAVO01/username: admin","timestamp":"2024-04-02 09:53:14"}
{"level":"info","message":"GET getStations from database/username: admin","timestamp":"2024-04-02 09:56:58"}
{"level":"info","message":"GET getStations from database/username: admin","timestamp":"2024-04-02 09:56:59"}
{"level":"info","message":"GET getReportsStation/codigo/I-BA-D-MC-CAVO01/username: admin","timestamp":"2024-04-02 09:57:02"}
{"level":"info","message":"GET getStations from database/username: admin","timestamp":"2024-04-02 09:57:38"}
{"level":"info","message":"GET getStations from database/username: admin","timestamp":"2024-04-02 09:57:39"}
{"level":"info","message":"GET getReportsStation/codigo/I-BA-D-MC-CAVO01/username: admin","timestamp":"2024-04-02 09:57:42"}
{"level":"info","message":"GET getStations from database/username: admin","timestamp":"2024-04-02 09:59:38"}
{"level":"info","message":"GET getStations from database/username: admin","timestamp":"2024-04-02 09:59:39"}
{"level":"info","message":"GET getReportsStation/codigo/I-BA-D-MC-CAVO01/username: admin","timestamp":"2024-04-02 09:59:41"}
{"level":"info","message":"GET getStations from database/username: admin","timestamp":"2024-04-02 10:00:12"}
{"level":"info","message":"GET getStations from database/username: admin","timestamp":"2024-04-02 10:00:13"}
{"level":"info","message":"GET getReportsStation/codigo/I-BA-D-MC-CAVO01/username: admin","timestamp":"2024-04-02 10:00:17"}
{"level":"info","message":"GET getCompanies from database/username: admin","timestamp":"2024-04-02 10:02:29"}
{"level":"info","message":"GET getStations from database/username: admin","timestamp":"2024-04-02 10:02:30"}
{"level":"info","message":"GET getStations from database/username: admin","timestamp":"2024-04-02 10:02:31"}
{"level":"info","message":"GET getReportsStation/codigo/I-BA-D-MC-CAVO01/username: admin","timestamp":"2024-04-02 10:02:36"}
{"level":"info","message":"GET getStations from database/username: admin","timestamp":"2024-04-02 10:04:14"}
{"level":"info","message":"GET getStations from database/username: admin","timestamp":"2024-04-02 10:04:18"}
{"level":"info","message":"GET getReportsStation/codigo/I-BA-D-MC-CAVO01/username: admin","timestamp":"2024-04-02 10:04:22"}
{"level":"info","message":"GET getStations from database/username: admin","timestamp":"2024-04-02 10:05:41"}
{"level":"info","message":"GET getStations from database/username: admin","timestamp":"2024-04-02 10:05:42"}
{"level":"info","message":"GET getReportsStation/codigo/I-BA-D-MC-CAVO01/username: admin","timestamp":"2024-04-02 10:05:44"}
{"level":"info","message":"GET getStations from database/username: admin","timestamp":"2024-04-02 10:07:49"}
{"level":"info","message":"GET getStations from database/username: admin","timestamp":"2024-04-02 10:07:50"}
{"level":"info","message":"GET getReportsStation/codigo/I-BA-D-MC-CAVO01/username: admin","timestamp":"2024-04-02 10:07:55"}
{"level":"info","message":"GET getStations from database/username: admin","timestamp":"2024-04-02 10:13:39"}
{"level":"info","message":"GET getStations from database/username: admin","timestamp":"2024-04-02 10:13:42"}
{"level":"info","message":"GET getReportsStation/codigo/I-BA-D-MC-CAVO01/username: admin","timestamp":"2024-04-02 10:13:44"}
{"level":"info","message":"GET getStations from database/username: admin","timestamp":"2024-04-02 10:20:37"}
{"level":"info","message":"GET getStations from database/username: admin","timestamp":"2024-04-02 10:20:39"}
{"level":"info","message":"GET getReportsStation/codigo/I-BA-D-MC-CAVO01/username: admin","timestamp":"2024-04-02 10:20:42"}
{"level":"info","message":"GET getStations from database/username: admin","timestamp":"2024-04-02 10:28:44"}
{"level":"info","message":"GET getStations from database/username: admin","timestamp":"2024-04-02 10:28:48"}
{"level":"info","message":"GET getReportsStation/codigo/I-BA-D-MC-CAVO01/username: admin","timestamp":"2024-04-02 10:28:52"}
{"level":"info","message":"GET getStations from database/username: admin","timestamp":"2024-04-02 10:38:41"}
{"level":"info","message":"GET getStations from database/username: admin","timestamp":"2024-04-02 10:38:42"}
{"level":"info","message":"GET getReportsStation/codigo/I-BA-D-MC-CAVO01/username: admin","timestamp":"2024-04-02 10:38:45"}
{"level":"info","message":"GET getStations from database/username: admin","timestamp":"2024-04-02 10:40:23"}
{"level":"info","message":"GET getStations from database/username: admin","timestamp":"2024-04-02 10:40:24"}
{"level":"info","message":"GET getReportsStation/codigo/I-BA-D-MC-CAVO01/username: admin","timestamp":"2024-04-02 10:40:26"}
{"level":"info","message":"GET getStations from database/username: admin","timestamp":"2024-04-02 10:42:21"}
{"level":"info","message":"GET getStations from database/username: admin","timestamp":"2024-04-02 10:42:22"}
{"level":"info","message":"GET getReportsStation/codigo/I-BA-D-MC-CAVO01/username: admin","timestamp":"2024-04-02 10:42:24"}
{"level":"info","message":"GET getStations from database/username: admin","timestamp":"2024-04-02 10:47:36"}
{"level":"info","message":"GET getStations from database/username: admin","timestamp":"2024-04-02 10:47:37"}
{"level":"info","message":"GET getReportsStation/codigo/I-BA-D-MC-CAVO01/username: admin","timestamp":"2024-04-02 10:47:40"}
{"level":"info","message":"GET getStations from database/username: admin","timestamp":"2024-04-02 10:49:48"}
{"level":"info","message":"GET getStations from database/username: admin","timestamp":"2024-04-02 10:49:50"}
{"level":"info","message":"GET getReportsStation/codigo/I-BA-D-MC-CLRB03/username: admin","timestamp":"2024-04-02 10:49:53"}
{"level":"info","message":"UPDATE deleteDataStation/idData/11520/username: admin","timestamp":"2024-04-02 10:50:08"}
{"level":"info","message":"GET getReportsStation/codigo/I-BA-D-MC-CLRB03/username: admin","timestamp":"2024-04-02 10:50:11"}
{"level":"info","message":"GET getStations from database/username: admin","timestamp":"2024-04-02 10:51:10"}
{"level":"info","message":"GET getStations from database/username: admin","timestamp":"2024-04-02 10:51:11"}
{"level":"info","message":"GET getReportsStation/codigo/I-BA-D-MC-CAVO01/username: admin","timestamp":"2024-04-02 10:51:13"}
{"level":"info","message":"GET getStations from database/username: admin","timestamp":"2024-04-02 10:55:45"}
{"level":"info","message":"GET getStations from database/username: admin","timestamp":"2024-04-02 10:55:47"}
{"level":"info","message":"GET getReportsStation/codigo/I-BA-D-MC-CAVO01/username: admin","timestamp":"2024-04-02 10:55:49"}
{"level":"info","message":"GET getStations from database/username: admin","timestamp":"2024-04-02 11:22:10"}
{"level":"info","message":"GET getStations from database/username: admin","timestamp":"2024-04-02 11:22:13"}
{"level":"info","message":"GET getReportsStation/codigo/I-BA-D-MC-CAVO01/username: admin","timestamp":"2024-04-02 11:22:17"}
{"level":"info","message":"GET getStations from database/username: admin","timestamp":"2024-04-02 11:26:35"}
{"level":"info","message":"GET getStations from database/username: admin","timestamp":"2024-04-02 11:26:36"}
{"level":"info","message":"GET getReportsStation/codigo/I-BA-D-MC-CAVO01/username: admin","timestamp":"2024-04-02 11:26:40"}
{"level":"info","message":"GET getStations from database/username: admin","timestamp":"2024-04-02 11:31:49"}
{"level":"info","message":"GET getStations from database/username: admin","timestamp":"2024-04-02 11:31:50"}
{"level":"info","message":"GET getReportsStation/codigo/I-BA-D-MC-CAVO01/username: admin","timestamp":"2024-04-02 11:31:53"}
{"level":"info","message":"GET getStations from database/username: admin","timestamp":"2024-04-02 11:32:30"}
{"level":"info","message":"GET getStations from database/username: admin","timestamp":"2024-04-02 11:32:32"}
{"level":"info","message":"GET getReportsStation/codigo/I-BA-D-MC-CAVO01/username: admin","timestamp":"2024-04-02 11:32:35"}
{"level":"info","message":"GET getStations from database/username: admin","timestamp":"2024-04-02 11:32:57"}
{"level":"info","message":"GET getStations from database/username: admin","timestamp":"2024-04-02 11:32:58"}
{"level":"info","message":"GET getReportsStation/codigo/I-BA-D-MC-CAVO01/username: admin","timestamp":"2024-04-02 11:33:01"}
{"level":"info","message":"GET getStations from database/username: admin","timestamp":"2024-04-02 11:34:08"}
{"level":"info","message":"GET getStations from database/username: admin","timestamp":"2024-04-02 11:34:10"}
{"level":"info","message":"GET getReportsStation/codigo/I-BA-D-MC-CAVO01/username: admin","timestamp":"2024-04-02 11:34:13"}
{"level":"info","message":"GET getStations from database/username: admin","timestamp":"2024-04-02 11:35:23"}
{"level":"info","message":"GET getStations from database/username: admin","timestamp":"2024-04-02 11:35:24"}
{"level":"info","message":"GET getReportsStation/codigo/I-BA-D-MC-CAVO01/username: admin","timestamp":"2024-04-02 11:35:27"}
{"level":"info","message":"GET getStations from database/username: admin","timestamp":"2024-04-02 11:38:42"}
{"level":"info","message":"GET getStations from database/username: admin","timestamp":"2024-04-02 11:38:43"}
{"level":"info","message":"GET getReportsStation/codigo/I-BA-D-MC-CAVO01/username: admin","timestamp":"2024-04-02 11:38:46"}
{"level":"info","message":"GET getStations from database/username: admin","timestamp":"2024-04-02 11:40:19"}
{"level":"info","message":"GET getStations from database/username: admin","timestamp":"2024-04-02 11:40:20"}
{"level":"info","message":"GET getReportsStation/codigo/I-BA-D-MC-CAVO01/username: admin","timestamp":"2024-04-02 11:40:24"}
{"level":"info","message":"GET getStations from database/username: admin","timestamp":"2024-04-02 11:41:37"}
{"level":"info","message":"GET getDepartaments from database/username: admin","timestamp":"2024-04-02 11:41:39"}
{"level":"info","message":"GET getInstitutes from database/username: admin","timestamp":"2024-04-02 11:41:39"}
{"level":"info","message":"GET getPeriods from database/username: admin","timestamp":"2024-04-02 11:41:39"}
{"level":"info","message":"GET getParameters from database/username: admin","timestamp":"2024-04-02 11:41:39"}
{"level":"info","message":"GET getStations from database/username: admin","timestamp":"2024-04-02 11:43:18"}
{"level":"info","message":"GET getStations from database/username: admin","timestamp":"2024-04-02 11:43:19"}
{"level":"info","message":"GET getReportsStation/codigo/I-BA-D-MC-CAVO01/username: admin","timestamp":"2024-04-02 11:43:22"}
{"level":"info","message":"GET getStations from database/username: admin","timestamp":"2024-04-02 11:46:46"}
{"level":"info","message":"GET getStations from database/username: admin","timestamp":"2024-04-02 11:46:47"}
{"level":"info","message":"GET getReportsStation/codigo/I-BA-D-MC-CAVO01/username: admin","timestamp":"2024-04-02 11:46:51"}
{"level":"info","message":"GET getPeriods from database/username: admin","timestamp":"2024-04-02 11:46:52"}
{"level":"info","message":"GET getParameters from database/username: admin","timestamp":"2024-04-02 11:46:52"}
{"level":"info","message":"GET getStations from database/username: admin","timestamp":"2024-04-02 11:48:55"}
{"level":"info","message":"GET getStations from database/username: admin","timestamp":"2024-04-02 11:48:56"}
{"level":"info","message":"GET getReportsStation/codigo/I-BA-D-MC-CAVO01/username: admin","timestamp":"2024-04-02 11:48:58"}
{"level":"info","message":"GET getPeriods from database/username: admin","timestamp":"2024-04-02 11:48:59"}
{"level":"info","message":"GET getParameters from database/username: admin","timestamp":"2024-04-02 11:48:59"}
{"level":"info","message":"GET getStations from database/username: admin","timestamp":"2024-04-02 11:53:18"}
{"level":"info","message":"GET getStations from database/username: admin","timestamp":"2024-04-02 11:53:19"}
{"level":"info","message":"GET getReportsStation/codigo/I-BA-D-MC-CAVO01/username: admin","timestamp":"2024-04-02 11:53:21"}
{"level":"info","message":"GET getPeriods from database/username: admin","timestamp":"2024-04-02 11:53:22"}
{"level":"info","message":"GET getParameters from database/username: admin","timestamp":"2024-04-02 11:53:22"}
{"level":"info","message":"GET getPeriods from database/username: admin","timestamp":"2024-04-02 11:53:35"}
{"level":"info","message":"GET getParameters from database/username: admin","timestamp":"2024-04-02 11:53:35"}
{"level":"info","message":"GET getStations from database/username: admin","timestamp":"2024-04-02 11:54:17"}
{"level":"info","message":"GET getStations from database/username: admin","timestamp":"2024-04-02 11:54:18"}
{"level":"info","message":"GET getReportsStation/codigo/I-BA-D-MC-CLRB03/username: admin","timestamp":"2024-04-02 11:54:21"}
{"level":"info","message":"GET getParameters from database/username: admin","timestamp":"2024-04-02 11:54:23"}
{"level":"info","message":"GET getPeriods from database/username: admin","timestamp":"2024-04-02 11:54:23"}
{"level":"info","message":"GET getStations from database/username: admin","timestamp":"2024-04-02 11:54:47"}
{"level":"info","message":"GET getStations from database/username: admin","timestamp":"2024-04-02 11:54:48"}
{"level":"info","message":"GET getReportsStation/codigo/I-BA-D-MC-CAVO01/username: admin","timestamp":"2024-04-02 11:54:52"}
{"level":"info","message":"GET getPeriods from database/username: admin","timestamp":"2024-04-02 11:54:53"}
{"level":"info","message":"GET getParameters from database/username: admin","timestamp":"2024-04-02 11:54:53"}
{"level":"info","message":"GET getStations from database/username: admin","timestamp":"2024-04-02 12:01:07"}
{"level":"info","message":"GET getStations from database/username: admin","timestamp":"2024-04-02 12:01:08"}
{"level":"info","message":"GET getReportsStation/codigo/I-BA-D-MC-CAVO01/username: admin","timestamp":"2024-04-02 12:01:11"}
{"level":"info","message":"GET getPeriods from database/username: admin","timestamp":"2024-04-02 12:01:12"}
{"level":"info","message":"GET getParameters from database/username: admin","timestamp":"2024-04-02 12:01:12"}
{"level":"info","message":"GET getStations from database/username: admin","timestamp":"2024-04-02 12:01:49"}
{"level":"info","message":"GET getStations from database/username: admin","timestamp":"2024-04-02 12:01:50"}
{"level":"info","message":"GET getReportsStation/codigo/I-BA-D-MC-CAVO01/username: admin","timestamp":"2024-04-02 12:01:53"}
{"level":"info","message":"GET getPeriods from database/username: admin","timestamp":"2024-04-02 12:01:54"}
{"level":"info","message":"GET getParameters from database/username: admin","timestamp":"2024-04-02 12:01:54"}
{"level":"info","message":"GET getStations from database/username: admin","timestamp":"2024-04-02 12:02:19"}
{"level":"info","message":"GET getStations from database/username: admin","timestamp":"2024-04-02 12:02:20"}
{"level":"info","message":"GET getReportsStation/codigo/I-BA-D-MC-CAVO01/username: admin","timestamp":"2024-04-02 12:02:23"}
{"level":"info","message":"GET getPeriods from database/username: admin","timestamp":"2024-04-02 12:02:23"}
{"level":"info","message":"GET getParameters from database/username: admin","timestamp":"2024-04-02 12:02:23"}
{"level":"info","message":"GET getStations from database/username: admin","timestamp":"2024-04-02 12:04:10"}
{"level":"info","message":"GET getStations from database/username: admin","timestamp":"2024-04-02 12:04:11"}
{"level":"info","message":"GET getReportsStation/codigo/I-BA-D-MC-CAVO01/username: admin","timestamp":"2024-04-02 12:04:13"}
{"level":"info","message":"GET getPeriods from database/username: admin","timestamp":"2024-04-02 12:04:14"}
{"level":"info","message":"GET getParameters from database/username: admin","timestamp":"2024-04-02 12:04:14"}
{"level":"info","message":"GET getStations from database/username: admin","timestamp":"2024-04-02 12:04:41"}
{"level":"info","message":"GET getStations from database/username: admin","timestamp":"2024-04-02 12:04:42"}
{"level":"info","message":"GET getReportsStation/codigo/I-BA-D-MC-CAVO01/username: admin","timestamp":"2024-04-02 12:04:44"}
{"level":"info","message":"GET getPeriods from database/username: admin","timestamp":"2024-04-02 12:04:45"}
{"level":"info","message":"GET getParameters from database/username: admin","timestamp":"2024-04-02 12:04:45"}
{"level":"info","message":"GET getStations from database/username: admin","timestamp":"2024-04-02 12:07:54"}
{"level":"info","message":"GET getStations from database/username: admin","timestamp":"2024-04-02 12:07:56"}
{"level":"info","message":"GET getReportsStation/codigo/I-BA-D-MC-CAVO01/username: admin","timestamp":"2024-04-02 12:08:00"}
{"level":"info","message":"GET getParameters from database/username: admin","timestamp":"2024-04-02 12:08:01"}
{"level":"info","message":"GET getPeriods from database/username: admin","timestamp":"2024-04-02 12:08:01"}
{"level":"info","message":"GET getStations from database/username: admin","timestamp":"2024-04-02 12:19:42"}
{"level":"info","message":"GET getStations from database/username: admin","timestamp":"2024-04-02 12:19:43"}
{"level":"info","message":"GET getReportsStation/codigo/I-BA-D-MC-CAVO01/username: admin","timestamp":"2024-04-02 12:19:46"}
{"level":"info","message":"GET getParameters from database/username: admin","timestamp":"2024-04-02 12:19:46"}
{"level":"info","message":"GET getPeriods from database/username: admin","timestamp":"2024-04-02 12:19:46"}
{"level":"info","message":"GET getStations from database/username: admin","timestamp":"2024-04-02 12:20:41"}
{"level":"info","message":"GET getStations from database/username: admin","timestamp":"2024-04-02 12:20:42"}
{"level":"info","message":"GET getReportsStation/codigo/I-BA-D-MC-CAVO01/username: admin","timestamp":"2024-04-02 12:20:45"}
{"level":"info","message":"GET getPeriods from database/username: admin","timestamp":"2024-04-02 12:20:46"}
{"level":"info","message":"GET getParameters from database/username: admin","timestamp":"2024-04-02 12:20:46"}
{"level":"info","message":"GET getStations from database/username: admin","timestamp":"2024-04-02 13:22:07"}
{"level":"info","message":"GET getStations from database/username: admin","timestamp":"2024-04-02 13:22:09"}
{"level":"info","message":"GET getReportsStation/codigo/I-BA-D-MC-CAVO01/username: admin","timestamp":"2024-04-02 13:22:12"}
{"level":"info","message":"GET getPeriods from database/username: admin","timestamp":"2024-04-02 13:22:14"}
{"level":"info","message":"GET getParameters from database/username: admin","timestamp":"2024-04-02 13:22:14"}
{"level":"info","message":"GET getStations from database/username: admin","timestamp":"2024-04-02 13:30:01"}
{"level":"info","message":"GET getStations from database/username: admin","timestamp":"2024-04-02 13:30:02"}
{"level":"info","message":"GET getReportsStation/codigo/I-BA-D-MC-CLRB03/username: admin","timestamp":"2024-04-02 13:30:06"}
{"level":"info","message":"GET getPeriods from database/username: admin","timestamp":"2024-04-02 13:30:07"}
{"level":"info","message":"GET getParameters from database/username: admin","timestamp":"2024-04-02 13:30:07"}
{"level":"info","message":"GET getStations from database/username: admin","timestamp":"2024-04-02 13:30:58"}
{"level":"info","message":"GET getStations from database/username: admin","timestamp":"2024-04-02 13:30:59"}
{"level":"info","message":"GET getPeriods from database/username: admin","timestamp":"2024-04-02 13:31:01"}
{"level":"info","message":"GET getInstitutes from database/username: admin","timestamp":"2024-04-02 13:31:01"}
{"level":"info","message":"GET getDepartaments from database/username: admin","timestamp":"2024-04-02 13:31:01"}
{"level":"info","message":"GET getParameters from database/username: admin","timestamp":"2024-04-02 13:31:01"}
{"level":"info","message":"GET getStations from database/username: admin","timestamp":"2024-04-02 13:31:59"}
{"level":"info","message":"GET getStations from database/username: admin","timestamp":"2024-04-02 13:32:00"}
{"level":"info","message":"GET getReportsStation/codigo/I-BA-D-MC-CAVO01/username: admin","timestamp":"2024-04-02 13:32:04"}
{"level":"info","message":"GET getPeriods from database/username: admin","timestamp":"2024-04-02 13:32:05"}
{"level":"info","message":"GET getParameters from database/username: admin","timestamp":"2024-04-02 13:32:05"}
{"level":"info","message":"GET getStations from database/username: admin","timestamp":"2024-04-02 13:36:51"}
{"level":"info","message":"GET getStations from database/username: admin","timestamp":"2024-04-02 13:36:52"}
{"level":"info","message":"GET getReportsStation/codigo/I-BA-D-MC-CAVO01/username: admin","timestamp":"2024-04-02 13:36:56"}
