{"level":"info","message":"GET getStations from database/username: admin","timestamp":"2024-03-12 08:57:02"}
{"level":"info","message":"GET getStations from database/username: admin","timestamp":"2024-03-12 08:57:05"}
{"level":"info","message":"GET getReportsStation/codigo/I-BA-D-MC-CAVO01/username: admin","timestamp":"2024-03-12 08:57:08"}
{"level":"info","message":"GET getStations from database/username: admin","timestamp":"2024-03-12 08:57:49"}
{"level":"info","message":"GET getStations from database/username: admin","timestamp":"2024-03-12 08:57:50"}
{"level":"info","message":"GET getReportsStation/codigo/I-BA-D-MC-CAVO01/username: admin","timestamp":"2024-03-12 08:57:53"}
{"level":"info","message":"GET getStations from database/username: admin","timestamp":"2024-03-12 09:02:16"}
{"level":"info","message":"GET getStations from database/username: admin","timestamp":"2024-03-12 09:02:17"}
{"level":"info","message":"GET getReportsStation/codigo/I-BA-D-MC-CAVO01/username: admin","timestamp":"2024-03-12 09:02:20"}
{"level":"info","message":"GET getStations from database/username: admin","timestamp":"2024-03-12 09:03:27"}
{"level":"info","message":"GET getStations from database/username: admin","timestamp":"2024-03-12 09:03:28"}
{"level":"info","message":"GET getReportsStation/codigo/I-BA-D-MC-CAVO01/username: admin","timestamp":"2024-03-12 09:03:32"}
{"level":"info","message":"GET getStations from database/username: admin","timestamp":"2024-03-12 09:04:00"}
{"level":"info","message":"GET getStations from database/username: admin","timestamp":"2024-03-12 09:04:01"}
{"level":"info","message":"GET getReportsStation/codigo/I-BA-D-MC-CAVO01/username: admin","timestamp":"2024-03-12 09:04:04"}
{"level":"info","message":"GET getStations from database/username: admin","timestamp":"2024-03-12 09:05:24"}
{"level":"info","message":"GET getStations from database/username: admin","timestamp":"2024-03-12 09:05:25"}
{"level":"info","message":"GET getReportsStation/codigo/I-BA-D-MC-CAVO01/username: admin","timestamp":"2024-03-12 09:05:29"}
{"level":"info","message":"GET getStations from database/username: admin","timestamp":"2024-03-12 09:05:55"}
{"level":"info","message":"GET getStations from database/username: admin","timestamp":"2024-03-12 09:05:57"}
{"level":"info","message":"GET getReportsStation/codigo/I-BA-D-MC-CAVO01/username: admin","timestamp":"2024-03-12 09:06:01"}
{"level":"info","message":"GET getStations from database/username: admin","timestamp":"2024-03-12 09:07:02"}
{"level":"info","message":"GET getStations from database/username: admin","timestamp":"2024-03-12 09:07:03"}
{"level":"info","message":"GET getReportsStation/codigo/I-BA-D-MC-CAVO01/username: admin","timestamp":"2024-03-12 09:07:06"}
{"level":"info","message":"GET getStations from database/username: admin","timestamp":"2024-03-12 09:07:27"}
{"level":"info","message":"GET getStations from database/username: admin","timestamp":"2024-03-12 09:07:30"}
{"level":"info","message":"GET getReportsStation/codigo/I-BA-D-MC-CAVO01/username: admin","timestamp":"2024-03-12 09:07:33"}
{"level":"info","message":"GET getStations from database/username: admin","timestamp":"2024-03-12 09:14:08"}
{"level":"info","message":"GET getStations from database/username: admin","timestamp":"2024-03-12 09:14:09"}
{"level":"info","message":"GET getReportsStation/codigo/I-BA-D-MC-CAVO01/username: admin","timestamp":"2024-03-12 09:14:12"}
{"level":"info","message":"GET getStations from database/username: admin","timestamp":"2024-03-12 09:21:43"}
{"level":"info","message":"GET getStations from database/username: admin","timestamp":"2024-03-12 09:21:44"}
{"level":"info","message":"GET getReportsStation/codigo/I-BA-D-MC-CAVO01/username: admin","timestamp":"2024-03-12 09:21:47"}
{"level":"info","message":"GET getStations from database/username: admin","timestamp":"2024-03-12 09:22:22"}
{"level":"info","message":"GET getStations from database/username: admin","timestamp":"2024-03-12 09:22:24"}
{"level":"info","message":"GET getReportsStation/codigo/I-BA-D-MC-CAVO01/username: admin","timestamp":"2024-03-12 09:22:27"}
{"level":"info","message":"GET getStations from database/username: admin","timestamp":"2024-03-12 09:24:14"}
{"level":"info","message":"GET getStations from database/username: admin","timestamp":"2024-03-12 09:24:16"}
{"level":"info","message":"GET getReportsStation/codigo/I-BA-D-MC-CAVO01/username: admin","timestamp":"2024-03-12 09:24:29"}
{"level":"info","message":"GET getStations from database/username: admin","timestamp":"2024-03-12 09:25:05"}
{"level":"info","message":"GET getStations from database/username: admin","timestamp":"2024-03-12 09:25:06"}
{"level":"info","message":"GET getInstitutes from database/username: admin","timestamp":"2024-03-12 09:25:08"}
{"level":"info","message":"GET getPeriods from database/username: admin","timestamp":"2024-03-12 09:25:08"}
{"level":"info","message":"GET getDepartaments from database/username: admin","timestamp":"2024-03-12 09:25:08"}
{"level":"info","message":"GET getParameters from database/username: admin","timestamp":"2024-03-12 09:25:08"}
{"level":"info","message":"GET getStations from database/username: admin","timestamp":"2024-03-12 09:25:19"}
{"level":"info","message":"GET getReportsStation/codigo/I-BA-D-MC-CAVO01/username: admin","timestamp":"2024-03-12 09:25:21"}
{"level":"info","message":"GET getStations from database/username: admin","timestamp":"2024-03-12 10:29:55"}
{"level":"info","message":"GET getStations from database/username: admin","timestamp":"2024-03-12 10:29:55"}
{"level":"info","message":"GET getReportsStation/codigo/I-BA-D-MC-CAVO01/username: admin","timestamp":"2024-03-12 10:29:59"}
{"level":"info","message":"GET getStations from database/username: admin","timestamp":"2024-03-12 10:34:13"}
{"level":"info","message":"GET getStations from database/username: admin","timestamp":"2024-03-12 10:34:15"}
{"level":"info","message":"GET getReportsStation/codigo/I-BA-D-MC-CAVO01/username: admin","timestamp":"2024-03-12 10:34:18"}
{"level":"info","message":"GET getStations from database/username: admin","timestamp":"2024-03-12 10:40:18"}
{"level":"info","message":"GET getStations from database/username: admin","timestamp":"2024-03-12 10:40:19"}
{"level":"info","message":"GET getReportsStation/codigo/I-BA-D-MC-CAVO01/username: admin","timestamp":"2024-03-12 10:40:21"}
{"level":"info","message":"GET getStations from database/username: admin","timestamp":"2024-03-12 10:41:09"}
{"level":"info","message":"GET getStations from database/username: admin","timestamp":"2024-03-12 10:41:10"}
{"level":"info","message":"GET getReportsStation/codigo/I-BA-D-MC-CAVO01/username: admin","timestamp":"2024-03-12 10:41:13"}
{"level":"info","message":"GET getCompanies from database/username: admin","timestamp":"2024-03-12 10:42:44"}
{"level":"info","message":"GET getStations from database/username: admin","timestamp":"2024-03-12 10:42:48"}
{"level":"info","message":"GET getStations from database/username: admin","timestamp":"2024-03-12 10:42:50"}
{"level":"info","message":"GET getReportsStation/codigo/I-BA-D-MC-CAVO01/username: admin","timestamp":"2024-03-12 10:42:52"}
{"level":"info","message":"GET getReportsStation/codigo/I-BA-D-MC-CAVO01/username: admin","timestamp":"2024-03-12 10:42:53"}
{"level":"info","message":"GET getStations from database/username: admin","timestamp":"2024-03-12 10:44:34"}
{"level":"info","message":"GET getStations from database/username: admin","timestamp":"2024-03-12 10:44:35"}
{"level":"info","message":"GET getReportsStation/codigo/I-BA-D-MC-CAVO01/username: admin","timestamp":"2024-03-12 10:44:38"}
{"level":"info","message":"GET getStations from database/username: admin","timestamp":"2024-03-12 10:45:29"}
{"level":"info","message":"GET getStations from database/username: admin","timestamp":"2024-03-12 10:45:31"}
{"level":"info","message":"GET getReportsStation/codigo/I-BA-D-MC-CAVO01/username: admin","timestamp":"2024-03-12 10:45:35"}
{"level":"info","message":"GET getStations from database/username: admin","timestamp":"2024-03-12 10:45:59"}
{"level":"info","message":"GET getStations from database/username: admin","timestamp":"2024-03-12 10:46:00"}
{"level":"info","message":"GET getReportsStation/codigo/I-BA-D-MC-CAVO01/username: admin","timestamp":"2024-03-12 10:46:02"}
{"level":"info","message":"GET getStations from database/username: admin","timestamp":"2024-03-12 11:40:04"}
{"level":"info","message":"GET getStations from database/username: admin","timestamp":"2024-03-12 11:40:06"}
{"level":"info","message":"GET getReportsStation/codigo/I-BA-D-MC-CAVO01/username: admin","timestamp":"2024-03-12 11:40:09"}
