{"level":"info","message":"GET getStations from database/username: admin","timestamp":"2024-03-14 10:33:49"}
{"level":"info","message":"GET getStations from database/username: admin","timestamp":"2024-03-14 10:43:15"}
{"level":"info","message":"GET getStations from database/username: admin","timestamp":"2024-03-14 10:43:16"}
{"level":"info","message":"GET getReportsStation/codigo/I-BA-D-MC-CAVO01/username: admin","timestamp":"2024-03-14 10:43:19"}
{"level":"info","message":"GET getReportsStation/codigo/I-BA-D-MC-CAVO01/username: admin","timestamp":"2024-03-14 10:54:49"}
{"level":"info","message":"GET getStations from database/username: admin","timestamp":"2024-03-14 10:58:59"}
{"level":"info","message":"GET getDepartaments from database/username: admin","timestamp":"2024-03-14 10:59:03"}
{"level":"info","message":"GET getInstitutes from database/username: admin","timestamp":"2024-03-14 10:59:03"}
{"level":"info","message":"GET getPeriods from database/username: admin","timestamp":"2024-03-14 10:59:03"}
{"level":"info","message":"GET getParameters from database/username: admin","timestamp":"2024-03-14 10:59:03"}
{"level":"info","message":"GET getStations from database/username: admin","timestamp":"2024-03-14 10:59:10"}
{"level":"info","message":"GET getStations from database/username: admin","timestamp":"2024-03-14 10:59:12"}
{"level":"info","message":"GET getReportsStation/codigo/I-BA-D-MC-CAVO01/username: admin","timestamp":"2024-03-14 10:59:16"}
{"level":"info","message":"UPDATE deleteDataStation/idData/11550/username: admin","timestamp":"2024-03-14 10:59:29"}
{"level":"info","message":"GET getReportsStation/codigo/I-BA-D-MC-CAVO01/username: admin","timestamp":"2024-03-14 10:59:32"}
{"level":"info","message":"GET getStations from database/username: admin","timestamp":"2024-03-14 11:05:46"}
{"level":"info","message":"GET getStations from database/username: admin","timestamp":"2024-03-14 11:05:47"}
{"level":"info","message":"GET getReportsStation/codigo/I-BA-D-MC-CAVO01/username: admin","timestamp":"2024-03-14 11:05:50"}
{"level":"info","message":"GET getStations from database/username: admin","timestamp":"2024-03-14 11:06:56"}
{"level":"info","message":"GET getStations from database/username: admin","timestamp":"2024-03-14 11:06:57"}
{"level":"info","message":"GET getReportsStation/codigo/I-BA-D-MC-CAVO01/username: admin","timestamp":"2024-03-14 11:07:01"}
{"level":"info","message":"GET getCompanies from database/username: admin","timestamp":"2024-03-14 11:07:59"}
{"level":"info","message":"GET getParameters from database/username: admin","timestamp":"2024-03-14 11:07:59"}
{"level":"info","message":"GET getUnits from database/username: admin","timestamp":"2024-03-14 11:08:00"}
{"level":"info","message":"GET getStations from database/username: admin","timestamp":"2024-03-14 11:08:00"}
{"level":"info","message":"GET getStations from database/username: admin","timestamp":"2024-03-14 11:08:01"}
{"level":"info","message":"GET getReportsStation/codigo/I-BA-D-MC-CAVO01/username: admin","timestamp":"2024-03-14 11:08:03"}
{"level":"info","message":"GET getStations from database/username: admin","timestamp":"2024-03-14 11:10:21"}
{"level":"info","message":"GET getStations from database/username: admin","timestamp":"2024-03-14 11:10:23"}
{"level":"info","message":"GET getStations from database/username: admin","timestamp":"2024-03-14 11:10:24"}
{"level":"info","message":"GET getReportsStation/codigo/I-BA-D-MC-CAVO01/username: admin","timestamp":"2024-03-14 11:10:27"}
{"level":"info","message":"GET getStations from database/username: admin","timestamp":"2024-03-14 11:12:45"}
{"level":"info","message":"GET getStations from database/username: admin","timestamp":"2024-03-14 11:12:46"}
{"level":"info","message":"GET getReportsStation/codigo/I-BA-D-MC-CAVO01/username: admin","timestamp":"2024-03-14 11:12:51"}
{"level":"info","message":"GET getStations from database/username: admin","timestamp":"2024-03-14 11:13:44"}
{"level":"info","message":"GET getStations from database/username: admin","timestamp":"2024-03-14 11:13:45"}
{"level":"info","message":"GET getReportsStation/codigo/I-BA-D-MC-CAVO01/username: admin","timestamp":"2024-03-14 11:13:49"}
{"level":"info","message":"GET getStations from database/username: admin","timestamp":"2024-03-14 11:14:52"}
{"level":"info","message":"GET getStations from database/username: admin","timestamp":"2024-03-14 11:14:54"}
{"level":"info","message":"GET getReportsStation/codigo/I-BA-D-MC-CAVO01/username: admin","timestamp":"2024-03-14 11:15:00"}
{"level":"info","message":"GET getStations from database/username: admin","timestamp":"2024-03-14 11:15:35"}
{"level":"info","message":"GET getStations from database/username: admin","timestamp":"2024-03-14 11:15:36"}
{"level":"info","message":"GET getReportsStation/codigo/I-BA-D-MC-CAVO01/username: admin","timestamp":"2024-03-14 11:15:39"}
{"level":"info","message":"GET getStations from database/username: admin","timestamp":"2024-03-14 11:16:32"}
{"level":"info","message":"GET getStations from database/username: admin","timestamp":"2024-03-14 11:16:33"}
{"level":"info","message":"GET getReportsStation/codigo/I-BA-D-MC-CAVO01/username: admin","timestamp":"2024-03-14 11:16:37"}
{"level":"info","message":"GET getStations from database/username: admin","timestamp":"2024-03-14 11:17:15"}
{"level":"info","message":"GET getStations from database/username: admin","timestamp":"2024-03-14 11:17:16"}
{"level":"info","message":"GET getReportsStation/codigo/I-BA-D-MC-CAVO01/username: admin","timestamp":"2024-03-14 11:17:18"}
{"level":"info","message":"GET getStations from database/username: admin","timestamp":"2024-03-14 11:18:14"}
{"level":"info","message":"GET getStations from database/username: admin","timestamp":"2024-03-14 11:18:15"}
{"level":"info","message":"GET getReportsStation/codigo/I-BA-D-MC-CAVO01/username: admin","timestamp":"2024-03-14 11:18:17"}
{"level":"info","message":"GET getStations from database/username: admin","timestamp":"2024-03-14 11:19:25"}
{"level":"info","message":"GET getStations from database/username: admin","timestamp":"2024-03-14 11:19:27"}
{"level":"info","message":"GET getReportsStation/codigo/I-BA-D-MC-CAVO01/username: admin","timestamp":"2024-03-14 11:19:30"}
{"level":"info","message":"GET getStations from database/username: admin","timestamp":"2024-03-14 11:19:55"}
{"level":"info","message":"GET getStations from database/username: admin","timestamp":"2024-03-14 11:19:56"}
{"level":"info","message":"GET getReportsStation/codigo/I-BA-D-MC-CAVO01/username: admin","timestamp":"2024-03-14 11:19:59"}
{"level":"info","message":"GET getStations from database/username: admin","timestamp":"2024-03-14 11:20:38"}
{"level":"info","message":"GET getStations from database/username: admin","timestamp":"2024-03-14 11:20:39"}
{"level":"info","message":"GET getReportsStation/codigo/I-BA-D-MC-CAVO01/username: admin","timestamp":"2024-03-14 11:20:43"}
{"level":"info","message":"GET getStations from database/username: admin","timestamp":"2024-03-14 11:21:48"}
{"level":"info","message":"GET getStations from database/username: admin","timestamp":"2024-03-14 11:21:49"}
{"level":"info","message":"GET getStations from database/username: admin","timestamp":"2024-03-14 11:21:50"}
{"level":"info","message":"GET getReportsStation/codigo/I-BA-D-MC-CAVO01/username: admin","timestamp":"2024-03-14 11:21:52"}
{"level":"info","message":"GET getStations from database/username: admin","timestamp":"2024-03-14 11:23:56"}
{"level":"info","message":"GET getStations from database/username: admin","timestamp":"2024-03-14 11:23:57"}
{"level":"info","message":"GET getReportsStation/codigo/I-BA-D-MC-CAVO01/username: admin","timestamp":"2024-03-14 11:24:00"}
{"level":"info","message":"GET getStations from database/username: admin","timestamp":"2024-03-14 11:25:17"}
{"level":"info","message":"GET getStations from database/username: admin","timestamp":"2024-03-14 11:25:17"}
{"level":"info","message":"GET getReportsStation/codigo/I-BA-D-MC-CAVO01/username: admin","timestamp":"2024-03-14 11:25:20"}
{"level":"info","message":"GET getStations from database/username: admin","timestamp":"2024-03-14 11:25:59"}
{"level":"info","message":"GET getStations from database/username: admin","timestamp":"2024-03-14 11:26:00"}
{"level":"info","message":"GET getReportsStation/codigo/I-BA-D-MC-CAVO01/username: admin","timestamp":"2024-03-14 11:26:04"}
{"level":"info","message":"GET getStations from database/username: admin","timestamp":"2024-03-14 11:26:25"}
{"level":"info","message":"GET getStations from database/username: admin","timestamp":"2024-03-14 11:26:26"}
{"level":"info","message":"GET getStations from database/username: admin","timestamp":"2024-03-14 11:26:27"}
{"level":"info","message":"GET getReportsStation/codigo/I-BA-D-MC-CAVO01/username: admin","timestamp":"2024-03-14 11:26:29"}
{"level":"info","message":"GET getStations from database/username: admin","timestamp":"2024-03-14 11:27:29"}
{"level":"info","message":"GET getStations from database/username: admin","timestamp":"2024-03-14 11:27:30"}
{"level":"info","message":"GET getReportsStation/codigo/I-BA-D-MC-CAVO01/username: admin","timestamp":"2024-03-14 11:27:33"}
{"level":"info","message":"GET getCompanies from database/username: admin","timestamp":"2024-03-14 11:28:48"}
{"level":"info","message":"GET getParameters from database/username: admin","timestamp":"2024-03-14 11:28:48"}
{"level":"info","message":"GET getUnits from database/username: admin","timestamp":"2024-03-14 11:28:48"}
{"level":"info","message":"GET getStations from database/username: admin","timestamp":"2024-03-14 11:28:49"}
{"level":"info","message":"GET getStations from database/username: admin","timestamp":"2024-03-14 11:28:49"}
{"level":"info","message":"GET getReportsStation/codigo/I-BA-D-MC-CAVO01/username: admin","timestamp":"2024-03-14 11:28:52"}
{"level":"info","message":"GET getStations from database/username: admin","timestamp":"2024-03-14 11:56:25"}
{"level":"info","message":"GET getStations from database/username: admin","timestamp":"2024-03-14 11:56:26"}
{"level":"info","message":"GET getReportsStation/codigo/I-BA-D-MC-CAVO01/username: admin","timestamp":"2024-03-14 11:56:29"}
{"level":"info","message":"GET getStations from database/username: admin","timestamp":"2024-03-14 13:24:28"}
{"level":"info","message":"GET getStations from database/username: admin","timestamp":"2024-03-14 13:24:29"}
{"level":"info","message":"GET getReportsStation/codigo/I-BA-D-MC-CAVO01/username: admin","timestamp":"2024-03-14 13:24:36"}
{"level":"info","message":"UPDATE deleteDataStation/idData/11567/username: admin","timestamp":"2024-03-14 13:26:30"}
{"level":"info","message":"GET getReportsStation/codigo/I-BA-D-MC-CAVO01/username: admin","timestamp":"2024-03-14 13:26:32"}
