{"level":"info","message":"GET getCompanies from database/username: admin","timestamp":"2023-10-30 08:56:40"}
{"level":"info","message":"GET getUnits from database/username: admin","timestamp":"2023-10-30 08:56:40"}
{"level":"info","message":"GET getParameters from database/username: admin","timestamp":"2023-10-30 08:56:40"}
{"level":"info","message":"GET getStations from database/username: admin","timestamp":"2023-10-30 08:56:41"}
{"level":"info","message":"GET getStations from database/username: admin","timestamp":"2023-10-30 08:56:43"}
{"level":"info","message":"GET getStations from database/username: admin","timestamp":"2023-10-30 08:56:45"}
{"level":"info","message":"GET getCompanies from database/username: admin","timestamp":"2023-10-30 08:56:48"}
{"level":"info","message":"GET getParameters from database/username: admin","timestamp":"2023-10-30 08:56:48"}
{"level":"info","message":"GET getUnits from database/username: admin","timestamp":"2023-10-30 08:56:48"}
{"level":"info","message":"GET getStations from database/username: admin","timestamp":"2023-10-30 08:56:50"}
{"level":"info","message":"GET getStations from database/username: admin","timestamp":"2023-10-30 08:56:51"}
{"level":"info","message":"GET getStations from database/username: admin","timestamp":"2023-10-30 08:56:54"}
{"level":"info","message":"GET getReportsStation/codigo/I-BA-D-MC-CACC01/username: admin","timestamp":"2023-10-30 08:56:58"}
{"level":"info","message":"GET getReportsStation/codigo/I-VI-D-MC-SODO01/username: admin","timestamp":"2023-10-30 08:57:04"}
{"level":"info","message":"GET getCompanies from database/username: admin","timestamp":"2023-10-30 08:57:06"}
{"level":"info","message":"GET getPlants from database/username: admin","timestamp":"2023-10-30 08:57:07"}
{"level":"info","message":"GET getCompanies from database/username: admin","timestamp":"2023-10-30 08:57:07"}
{"level":"info","message":"GET getAllNroEnlaces  /username: admin","timestamp":"2023-10-30 08:57:07"}
{"level":"info","message":"GET getAllNroEnlaces  /username: admin","timestamp":"2023-10-30 08:57:09"}
{"level":"info","message":"GET getDepartaments from database/username: admin","timestamp":"2023-10-30 08:57:09"}
{"level":"info","message":"GET getCompanies from database/username: admin","timestamp":"2023-10-30 08:57:09"}
{"level":"info","message":"GET getCompanies from database/username: admin","timestamp":"2023-10-30 08:57:13"}
{"level":"info","message":"GET getStations from database/username: admin","timestamp":"2023-10-30 08:57:17"}
{"level":"info","message":"GET getCompanies from database/username: admin","timestamp":"2023-10-30 08:57:18"}
{"level":"info","message":"GET getParameters from database/username: admin","timestamp":"2023-10-30 08:57:18"}
{"level":"info","message":"GET getUnits from database/username: admin","timestamp":"2023-10-30 08:57:18"}
{"level":"info","message":"GET getCompanies from database/username: admin","timestamp":"2023-10-30 08:57:20"}
{"level":"info","message":"GET getCompanies from database/username: admin","timestamp":"2023-10-30 08:57:21"}
{"level":"info","message":"GET getUnits from database/username: admin","timestamp":"2023-10-30 08:57:21"}
{"level":"info","message":"GET getParameters from database/username: admin","timestamp":"2023-10-30 08:57:21"}
