{"level":"info","message":"GET getAllNroEnlaces  /username: admin","timestamp":"2023-10-31 09:17:28"}
{"level":"info","message":"GET getCompanies from database/username: admin","timestamp":"2023-10-31 09:17:28"}
{"level":"info","message":"GET getPlants from database/username: admin","timestamp":"2023-10-31 09:17:28"}
{"level":"info","message":"GET getAllNroEnlaces  /username: admin","timestamp":"2023-10-31 09:17:35"}
{"level":"info","message":"GET getPlants from database/username: admin","timestamp":"2023-10-31 09:17:35"}
{"level":"info","message":"GET getCompanies from database/username: admin","timestamp":"2023-10-31 09:17:35"}
{"level":"info","message":"GET getCompanies from database/username: admin","timestamp":"2023-10-31 09:21:01"}
{"level":"info","message":"GET getPlants from database/username: admin","timestamp":"2023-10-31 09:21:01"}
{"level":"info","message":"GET getAllNroEnlaces  /username: admin","timestamp":"2023-10-31 09:21:01"}
{"level":"info","message":"GET getAllNroEnlaces  /username: admin","timestamp":"2023-10-31 09:21:20"}
{"level":"info","message":"GET getCompanies from database/username: admin","timestamp":"2023-10-31 09:21:20"}
{"level":"info","message":"GET getPlants from database/username: admin","timestamp":"2023-10-31 09:21:20"}
{"level":"info","message":"GET getAllNroEnlaces  /username: admin","timestamp":"2023-10-31 09:22:15"}
{"level":"info","message":"GET getCompanies from database/username: admin","timestamp":"2023-10-31 09:22:15"}
{"level":"info","message":"GET getPlants from database/username: admin","timestamp":"2023-10-31 09:22:15"}
{"level":"info","message":"GET getAllNroEnlaces  /username: admin","timestamp":"2023-10-31 09:24:36"}
{"level":"info","message":"GET getCompanies from database/username: admin","timestamp":"2023-10-31 09:24:36"}
{"level":"info","message":"GET getPlants from database/username: admin","timestamp":"2023-10-31 09:24:36"}
{"level":"info","message":"GET getCompanies from database/username: admin","timestamp":"2023-10-31 09:25:31"}
{"level":"info","message":"GET getPlants from database/username: admin","timestamp":"2023-10-31 09:25:31"}
{"level":"info","message":"GET getAllNroEnlaces  /username: admin","timestamp":"2023-10-31 09:25:31"}
{"level":"info","message":"GET getAllNroEnlaces  /username: admin","timestamp":"2023-10-31 09:26:26"}
{"level":"info","message":"GET getCompanies from database/username: admin","timestamp":"2023-10-31 09:26:26"}
{"level":"info","message":"GET getPlants from database/username: admin","timestamp":"2023-10-31 09:26:26"}
{"level":"info","message":"GET getAllNroEnlaces  /username: admin","timestamp":"2023-10-31 09:26:27"}
{"level":"info","message":"GET getCompanies from database/username: admin","timestamp":"2023-10-31 09:26:27"}
{"level":"info","message":"GET getPlants from database/username: admin","timestamp":"2023-10-31 09:26:27"}
{"level":"info","message":"GET getAllNroEnlaces  /username: admin","timestamp":"2023-10-31 09:26:29"}
{"level":"info","message":"GET getPlants from database/username: admin","timestamp":"2023-10-31 09:26:29"}
{"level":"info","message":"GET getCompanies from database/username: admin","timestamp":"2023-10-31 09:26:29"}
{"level":"info","message":"GET getAllNroEnlaces  /username: admin","timestamp":"2023-10-31 09:29:12"}
{"level":"info","message":"GET getCompanies from database/username: admin","timestamp":"2023-10-31 09:29:12"}
{"level":"info","message":"GET getPlants from database/username: admin","timestamp":"2023-10-31 09:29:12"}
{"level":"info","message":"GET getAllNroEnlaces  /username: admin","timestamp":"2023-10-31 09:29:17"}
{"level":"info","message":"GET getCompanies from database/username: admin","timestamp":"2023-10-31 09:29:17"}
{"level":"info","message":"GET getPlants from database/username: admin","timestamp":"2023-10-31 09:29:17"}
{"level":"info","message":"GET getCompanies from database/username: admin","timestamp":"2023-10-31 09:29:31"}
{"level":"info","message":"GET getPlants from database/username: admin","timestamp":"2023-10-31 09:29:31"}
{"level":"info","message":"GET getAllNroEnlaces  /username: admin","timestamp":"2023-10-31 09:29:31"}
{"level":"info","message":"GET getAllNroEnlaces  /username: admin","timestamp":"2023-10-31 09:29:37"}
{"level":"info","message":"GET getCompanies from database/username: admin","timestamp":"2023-10-31 09:29:37"}
{"level":"info","message":"GET getPlants from database/username: admin","timestamp":"2023-10-31 09:29:37"}
{"level":"info","message":"GET getAllNroEnlaces  /username: admin","timestamp":"2023-10-31 09:32:24"}
{"level":"info","message":"GET getCompanies from database/username: admin","timestamp":"2023-10-31 09:32:24"}
{"level":"info","message":"GET getPlants from database/username: admin","timestamp":"2023-10-31 09:32:24"}
{"level":"info","message":"GET getAllNroEnlaces  /username: admin","timestamp":"2023-10-31 09:32:52"}
{"level":"info","message":"GET getCompanies from database/username: admin","timestamp":"2023-10-31 09:32:52"}
{"level":"info","message":"GET getPlants from database/username: admin","timestamp":"2023-10-31 09:32:52"}
{"level":"info","message":"GET getCompanies from database/username: admin","timestamp":"2023-10-31 11:18:16"}
{"level":"info","message":"GET getCompanies from database/username: admin","timestamp":"2023-10-31 11:19:00"}
{"level":"info","message":"GET getCompanies from database/username: admin","timestamp":"2023-10-31 11:19:00"}
{"level":"info","message":"GET getCompanies from database/username: admin","timestamp":"2023-10-31 11:20:29"}
{"level":"info","message":"GET getCompanies from database/username: admin","timestamp":"2023-10-31 11:20:52"}
{"level":"info","message":"GET getCompanies from database/username: admin","timestamp":"2023-10-31 11:26:37"}
{"level":"info","message":"GET getCompanies from database/username: admin","timestamp":"2023-10-31 11:26:40"}
{"level":"info","message":"GET getCompanies from database/username: admin","timestamp":"2023-10-31 11:26:44"}
{"level":"info","message":"GET getCompanies from database/username: admin","timestamp":"2023-10-31 11:26:53"}
{"level":"info","message":"GET getCompanies from database/username: admin","timestamp":"2023-10-31 11:27:24"}
{"level":"info","message":"GET getCompanies from database/username: admin","timestamp":"2023-10-31 11:28:18"}
{"level":"info","message":"GET getCompanies from database/username: admin","timestamp":"2023-10-31 11:29:35"}
{"level":"info","message":"GET getCompanies from database/username: admin","timestamp":"2023-10-31 11:29:37"}
{"level":"info","message":"GET getCompanies from database/username: admin","timestamp":"2023-10-31 11:29:42"}
{"level":"info","message":"GET getCompanies from database/username: admin","timestamp":"2023-10-31 11:29:45"}
{"level":"info","message":"GET getCompanies from database/username: admin","timestamp":"2023-10-31 11:29:47"}
{"level":"info","message":"GET getCompanies from database/username: admin","timestamp":"2023-10-31 11:30:08"}
{"level":"info","message":"GET getCompanies from database/username: admin","timestamp":"2023-10-31 11:30:11"}
{"level":"info","message":"GET getCompanies from database/username: admin","timestamp":"2023-10-31 11:30:12"}
{"level":"info","message":"GET getCompanies from database/username: admin","timestamp":"2023-10-31 11:31:37"}
{"level":"info","message":"GET getCompanies from database/username: admin","timestamp":"2023-10-31 11:35:04"}
{"level":"info","message":"GET getCompanies from database/username: admin","timestamp":"2023-10-31 11:35:12"}
{"level":"info","message":"GET getCompanies from database/username: admin","timestamp":"2023-10-31 11:35:15"}
{"level":"info","message":"GET getCompanies from database/username: admin","timestamp":"2023-10-31 11:35:18"}
{"level":"info","message":"GET getCompanies from database/username: admin","timestamp":"2023-10-31 11:36:01"}
{"level":"info","message":"GET getCompanies from database/username: admin","timestamp":"2023-10-31 11:36:12"}
{"level":"info","message":"GET getCompanies from database/username: admin","timestamp":"2023-10-31 11:39:17"}
{"level":"info","message":"GET getCompanies from database/username: admin","timestamp":"2023-10-31 11:39:42"}
{"level":"info","message":"GET getCompanies from database/username: admin","timestamp":"2023-10-31 11:40:20"}
{"level":"info","message":"GET getCompanies from database/username: admin","timestamp":"2023-10-31 11:45:07"}
{"level":"info","message":"GET getAllNroEnlaces  /username: admin","timestamp":"2023-10-31 11:45:09"}
{"level":"info","message":"GET getCompanies from database/username: admin","timestamp":"2023-10-31 11:45:09"}
{"level":"info","message":"GET getPlants from database/username: admin","timestamp":"2023-10-31 11:45:09"}
{"level":"info","message":"GET getCompanies from database/username: admin","timestamp":"2023-10-31 11:45:19"}
{"level":"info","message":"GET getAllNroEnlaces  /username: admin","timestamp":"2023-10-31 11:45:21"}
{"level":"info","message":"GET getPlants from database/username: admin","timestamp":"2023-10-31 11:45:21"}
{"level":"info","message":"GET getCompanies from database/username: admin","timestamp":"2023-10-31 11:45:21"}
{"level":"info","message":"GET getCompanies from database/username: admin","timestamp":"2023-10-31 11:45:23"}
{"level":"info","message":"GET getCompanies from database/username: admin","timestamp":"2023-10-31 11:45:26"}
{"level":"info","message":"GET getPlants from database/username: admin","timestamp":"2023-10-31 11:45:26"}
{"level":"info","message":"GET getAllNroEnlaces  /username: admin","timestamp":"2023-10-31 11:45:26"}
{"level":"info","message":"GET getCompanies from database/username: admin","timestamp":"2023-10-31 11:45:29"}
{"level":"info","message":"GET getCompanies from database/username: admin","timestamp":"2023-10-31 11:46:13"}
{"level":"info","message":"GET getCompanies from database/username: admin","timestamp":"2023-10-31 11:46:18"}
{"level":"info","message":"GET getCompanies from database/username: admin","timestamp":"2023-10-31 11:48:55"}
{"level":"info","message":"GET getCompanies from database/username: admin","timestamp":"2023-10-31 11:49:07"}
{"level":"info","message":"GET getCompanies from database/username: admin","timestamp":"2023-10-31 11:49:34"}
{"level":"info","message":"GET getCompanies from database/username: admin","timestamp":"2023-10-31 11:49:43"}
{"level":"info","message":"GET getPlants from database/username: admin","timestamp":"2023-10-31 11:49:43"}
{"level":"info","message":"GET getAllNroEnlaces  /username: admin","timestamp":"2023-10-31 11:49:43"}
{"level":"info","message":"GET getCompanies from database/username: admin","timestamp":"2023-10-31 11:49:45"}
{"level":"info","message":"GET getParameters from database/username: admin","timestamp":"2023-10-31 11:49:45"}
{"level":"info","message":"GET getUnits from database/username: admin","timestamp":"2023-10-31 11:49:45"}
{"level":"info","message":"GET getCompanies from database/username: admin","timestamp":"2023-10-31 11:49:50"}
{"level":"info","message":"GET getCompanies from database/username: admin","timestamp":"2023-10-31 11:49:53"}
{"level":"info","message":"GET getParameters from database/username: admin","timestamp":"2023-10-31 11:49:53"}
{"level":"info","message":"GET getUnits from database/username: admin","timestamp":"2023-10-31 11:49:53"}
{"level":"info","message":"GET getStations from database/username: admin","timestamp":"2023-10-31 11:53:08"}
{"level":"info","message":"GET getStations from database/username: admin","timestamp":"2023-10-31 11:53:11"}
{"level":"info","message":"GET getStations from database/username: admin","timestamp":"2023-10-31 11:53:12"}
{"level":"info","message":"GET getStations from database/username: admin","timestamp":"2023-10-31 11:53:13"}
{"level":"info","message":"GET getCompanies from database/username: admin","timestamp":"2023-10-31 11:53:14"}
{"level":"info","message":"GET getParameters from database/username: admin","timestamp":"2023-10-31 11:53:14"}
{"level":"info","message":"GET getUnits from database/username: admin","timestamp":"2023-10-31 11:53:14"}
{"level":"info","message":"GET getCompanies from database/username: admin","timestamp":"2023-10-31 11:53:23"}
{"level":"info","message":"GET getStations from database/username: admin","timestamp":"2023-10-31 11:53:26"}
{"level":"info","message":"GET getStations from database/username: admin","timestamp":"2023-10-31 11:53:27"}
{"level":"info","message":"GET getReportsStation/codigo/I-BA-D-MC-CACC01/username: admin","timestamp":"2023-10-31 11:53:36"}
{"level":"info","message":"GET getCompanies from database/username: admin","timestamp":"2023-10-31 11:53:42"}
{"level":"info","message":"GET getParameters from database/username: admin","timestamp":"2023-10-31 11:53:42"}
{"level":"info","message":"GET getUnits from database/username: admin","timestamp":"2023-10-31 11:53:42"}
{"level":"info","message":"GET getCompanies from database/username: admin","timestamp":"2023-10-31 11:53:44"}
{"level":"info","message":"GET getNroEnlaces for a company name /username: admin","timestamp":"2023-10-31 11:53:45"}
{"level":"info","message":"GET getNroEnlaces for a company name /username: admin","timestamp":"2023-10-31 11:53:47"}
{"level":"info","message":"GET getNroEnlaces for a company name /username: admin","timestamp":"2023-10-31 11:53:48"}
{"level":"info","message":"GET getPlant for número enlace: 2000034 /username: admin","timestamp":"2023-10-31 11:53:49"}
{"level":"info","message":"GET getAireReport report/idPlant/31490 from database  /username: admin","timestamp":"2023-10-31 11:53:50"}
{"level":"info","message":"GET getNroEnlaces for a company name /username: admin","timestamp":"2023-10-31 11:53:55"}
{"level":"info","message":"GET getNroEnlaces for a company name /username: admin","timestamp":"2023-10-31 11:53:58"}
{"level":"info","message":"GET getPlant for número enlace: 2000034 /username: admin","timestamp":"2023-10-31 11:53:58"}
{"level":"info","message":"GET getNroEnlaces for a company name /username: admin","timestamp":"2023-10-31 11:53:59"}
{"level":"info","message":"GET getPlant for número enlace: 2019089 /username: admin","timestamp":"2023-10-31 11:53:59"}
{"level":"info","message":"GET getAireReport report/idPlant/31382 from database  /username: admin","timestamp":"2023-10-31 11:54:00"}
{"level":"info","message":"GET getAireReportByCity report/city/Montevideo from database  /username: admin","timestamp":"2023-10-31 11:54:23"}
{"level":"info","message":"GET getCompanies from database/username: admin","timestamp":"2023-10-31 11:54:31"}
{"level":"info","message":"GET getStations from database/username: admin","timestamp":"2023-10-31 11:54:36"}
{"level":"info","message":"GET getStations from database/username: admin","timestamp":"2023-10-31 11:54:41"}
{"level":"info","message":"GET getStations from database/username: admin","timestamp":"2023-10-31 11:54:43"}
{"level":"info","message":"GET getStations from database/username: admin","timestamp":"2023-10-31 11:54:45"}
{"level":"info","message":"GET getCompanies from database/username: admin","timestamp":"2023-10-31 11:54:47"}
{"level":"info","message":"GET getAllNroEnlaces  /username: admin","timestamp":"2023-10-31 11:55:07"}
{"level":"info","message":"GET getCompanies from database/username: admin","timestamp":"2023-10-31 11:55:07"}
{"level":"info","message":"GET getPlants from database/username: admin","timestamp":"2023-10-31 11:55:07"}
{"level":"info","message":"GET getPlants from database/username: admin","timestamp":"2023-10-31 11:55:39"}
{"level":"info","message":"GET getAllNroEnlaces  /username: admin","timestamp":"2023-10-31 11:55:39"}
{"level":"info","message":"GET getCompanies from database/username: admin","timestamp":"2023-10-31 11:55:39"}
{"level":"info","message":"GET getAllNroEnlaces  /username: admin","timestamp":"2023-10-31 11:55:48"}
{"level":"info","message":"GET getDepartaments from database/username: admin","timestamp":"2023-10-31 11:55:48"}
{"level":"info","message":"GET getCompanies from database/username: admin","timestamp":"2023-10-31 11:55:48"}
{"level":"info","message":"GET getCompanies from database/username: admin","timestamp":"2023-10-31 11:55:54"}
{"level":"info","message":"GET getAllNroEnlaces  /username: admin","timestamp":"2023-10-31 11:56:06"}
{"level":"info","message":"GET getCompanies from database/username: admin","timestamp":"2023-10-31 11:56:06"}
{"level":"info","message":"GET getPlants from database/username: admin","timestamp":"2023-10-31 11:56:06"}
{"level":"info","message":"GET getCompanies from database/username: admin","timestamp":"2023-10-31 11:56:19"}
{"level":"info","message":"GET getUnits from database/username: admin","timestamp":"2023-10-31 11:56:19"}
{"level":"info","message":"GET getParameters from database/username: admin","timestamp":"2023-10-31 11:56:19"}
{"level":"info","message":"GET getCompanies from database/username: admin","timestamp":"2023-10-31 11:56:22"}
{"level":"info","message":"GET getAllNroEnlaces  /username: admin","timestamp":"2023-10-31 11:56:24"}
{"level":"info","message":"GET getCompanies from database/username: admin","timestamp":"2023-10-31 11:56:24"}
{"level":"info","message":"GET getPlants from database/username: admin","timestamp":"2023-10-31 11:56:24"}
{"level":"info","message":"GET getCompanies from database/username: admin","timestamp":"2023-10-31 11:56:32"}
{"level":"info","message":"GET getParameters from database/username: admin","timestamp":"2023-10-31 11:56:32"}
{"level":"info","message":"GET getUnits from database/username: admin","timestamp":"2023-10-31 11:56:32"}
{"level":"info","message":"GET getCompanies from database/username: admin","timestamp":"2023-10-31 11:57:42"}
{"level":"info","message":"GET getParameters from database/username: admin","timestamp":"2023-10-31 11:57:42"}
{"level":"info","message":"GET getUnits from database/username: admin","timestamp":"2023-10-31 11:57:43"}
{"level":"info","message":"GET getCompanies from database/username: admin","timestamp":"2023-10-31 11:58:00"}
{"level":"info","message":"GET getUnits from database/username: admin","timestamp":"2023-10-31 11:58:00"}
{"level":"info","message":"GET getParameters from database/username: admin","timestamp":"2023-10-31 11:58:00"}
{"level":"info","message":"GET getCompanies from database/username: admin","timestamp":"2023-10-31 11:58:04"}
{"level":"info","message":"GET getCompanies from database/username: admin","timestamp":"2023-10-31 11:58:11"}
{"level":"info","message":"GET getUnits from database/username: admin","timestamp":"2023-10-31 11:58:11"}
{"level":"info","message":"GET getParameters from database/username: admin","timestamp":"2023-10-31 11:58:11"}
{"level":"info","message":"GET getCompanies from database/username: admin","timestamp":"2023-10-31 11:58:16"}
{"level":"info","message":"GET getParameters from database/username: admin","timestamp":"2023-10-31 11:58:16"}
{"level":"info","message":"GET getUnits from database/username: admin","timestamp":"2023-10-31 11:58:16"}
{"level":"info","message":"GET getCompanies from database/username: admin","timestamp":"2023-10-31 11:58:39"}
{"level":"info","message":"GET getCompanies from database/username: admin","timestamp":"2023-10-31 11:58:49"}
{"level":"info","message":"GET getParameters from database/username: admin","timestamp":"2023-10-31 11:58:49"}
{"level":"info","message":"GET getUnits from database/username: admin","timestamp":"2023-10-31 11:58:49"}
{"level":"info","message":"GET getCompanies from database/username: admin","timestamp":"2023-10-31 11:58:50"}
{"level":"info","message":"GET getNroEnlaces for a company name /username: admin","timestamp":"2023-10-31 11:59:50"}
{"level":"info","message":"GET getNroEnlaces for a company name /username: admin","timestamp":"2023-10-31 11:59:53"}
{"level":"info","message":"GET getNroEnlaces for a company name /username: admin","timestamp":"2023-10-31 11:59:53"}
{"level":"info","message":"GET getPlant for número enlace: 2000034 /username: admin","timestamp":"2023-10-31 11:59:54"}
{"level":"info","message":"GET getAireReport report/idPlant/31490 from database  /username: admin","timestamp":"2023-10-31 11:59:55"}
{"level":"info","message":"GET getCompanies from database/username: admin","timestamp":"2023-10-31 12:00:27"}
{"level":"info","message":"GET getParameters from database/username: admin","timestamp":"2023-10-31 12:00:27"}
{"level":"info","message":"GET getUnits from database/username: admin","timestamp":"2023-10-31 12:00:27"}
{"level":"info","message":"GET getCompanies from database/username: admin","timestamp":"2023-10-31 12:00:29"}
{"level":"info","message":"GET getUnits from database/username: admin","timestamp":"2023-10-31 12:00:29"}
{"level":"info","message":"GET getParameters from database/username: admin","timestamp":"2023-10-31 12:00:29"}
{"level":"info","message":"GET getCompanies from database/username: admin","timestamp":"2023-10-31 12:00:33"}
{"level":"info","message":"GET getParameters from database/username: admin","timestamp":"2023-10-31 12:00:33"}
{"level":"info","message":"GET getUnits from database/username: admin","timestamp":"2023-10-31 12:00:33"}
{"level":"info","message":"GET getCompanies from database/username: admin","timestamp":"2023-10-31 12:00:33"}
{"level":"info","message":"GET getCompanies from database/username: admin","timestamp":"2023-10-31 12:00:44"}
{"level":"info","message":"GET getUnits from database/username: admin","timestamp":"2023-10-31 12:00:44"}
{"level":"info","message":"GET getParameters from database/username: admin","timestamp":"2023-10-31 12:00:44"}
{"level":"info","message":"GET getCompanies from database/username: admin","timestamp":"2023-10-31 12:00:45"}
{"level":"info","message":"GET getAireReportByCity report/city/Montevideo from database  /username: admin","timestamp":"2023-10-31 12:00:51"}
{"level":"info","message":"GET getAireReportByCity report/city/Maldonado from database  /username: admin","timestamp":"2023-10-31 12:00:56"}
{"level":"info","message":"GET getAireReportByCity report/city/Montevideo from database  /username: admin","timestamp":"2023-10-31 12:01:03"}
{"level":"info","message":"GET getCompanies from database/username: admin","timestamp":"2023-10-31 12:01:17"}
{"level":"info","message":"GET getParameters from database/username: admin","timestamp":"2023-10-31 12:01:17"}
{"level":"info","message":"GET getUnits from database/username: admin","timestamp":"2023-10-31 12:01:17"}
{"level":"info","message":"GET getCompanies from database/username: admin","timestamp":"2023-10-31 12:01:19"}
{"level":"info","message":"GET getUnits from database/username: admin","timestamp":"2023-10-31 12:01:19"}
{"level":"info","message":"GET getParameters from database/username: admin","timestamp":"2023-10-31 12:01:19"}
{"level":"info","message":"GET getCompanies from database/username: admin","timestamp":"2023-10-31 12:01:21"}
{"level":"info","message":"GET getParameters from database/username: admin","timestamp":"2023-10-31 12:01:21"}
{"level":"info","message":"GET getUnits from database/username: admin","timestamp":"2023-10-31 12:01:21"}
{"level":"info","message":"GET getCompanies from database/username: admin","timestamp":"2023-10-31 12:01:22"}
{"level":"info","message":"GET getCompanies from database/username: admin","timestamp":"2023-10-31 12:01:28"}
{"level":"info","message":"GET getParameters from database/username: admin","timestamp":"2023-10-31 12:01:28"}
{"level":"info","message":"GET getUnits from database/username: admin","timestamp":"2023-10-31 12:01:28"}
{"level":"info","message":"GET getCompanies from database/username: admin","timestamp":"2023-10-31 12:01:29"}
{"level":"info","message":"GET getCompanies from database/username: admin","timestamp":"2023-10-31 12:01:40"}
{"level":"info","message":"GET getParameters from database/username: admin","timestamp":"2023-10-31 12:01:40"}
{"level":"info","message":"GET getUnits from database/username: admin","timestamp":"2023-10-31 12:01:40"}
{"level":"info","message":"GET getCompanies from database/username: admin","timestamp":"2023-10-31 12:01:41"}
{"level":"info","message":"GET getCompanies from database/username: admin","timestamp":"2023-10-31 12:02:11"}
{"level":"info","message":"GET getParameters from database/username: admin","timestamp":"2023-10-31 12:02:11"}
{"level":"info","message":"GET getUnits from database/username: admin","timestamp":"2023-10-31 12:02:11"}
{"level":"info","message":"GET getCompanies from database/username: admin","timestamp":"2023-10-31 12:02:12"}
{"level":"info","message":"GET getCompanies from database/username: admin","timestamp":"2023-10-31 12:02:19"}
{"level":"info","message":"GET getParameters from database/username: admin","timestamp":"2023-10-31 12:02:19"}
{"level":"info","message":"GET getUnits from database/username: admin","timestamp":"2023-10-31 12:02:19"}
{"level":"info","message":"GET getCompanies from database/username: admin","timestamp":"2023-10-31 12:02:22"}
{"level":"info","message":"GET getCompanies from database/username: admin","timestamp":"2023-10-31 12:04:19"}
{"level":"info","message":"GET getParameters from database/username: admin","timestamp":"2023-10-31 12:04:19"}
{"level":"info","message":"GET getUnits from database/username: admin","timestamp":"2023-10-31 12:04:19"}
{"level":"info","message":"GET getCompanies from database/username: admin","timestamp":"2023-10-31 12:04:21"}
{"level":"info","message":"GET getCompanies from database/username: admin","timestamp":"2023-10-31 12:04:32"}
{"level":"info","message":"GET getParameters from database/username: admin","timestamp":"2023-10-31 12:04:32"}
{"level":"info","message":"GET getUnits from database/username: admin","timestamp":"2023-10-31 12:04:33"}
{"level":"info","message":"GET getCompanies from database/username: admin","timestamp":"2023-10-31 12:04:39"}
{"level":"info","message":"GET getCompanies from database/username: admin","timestamp":"2023-10-31 12:04:41"}
{"level":"info","message":"GET getAllNroEnlaces  /username: admin","timestamp":"2023-10-31 12:04:52"}
{"level":"info","message":"GET getCompanies from database/username: admin","timestamp":"2023-10-31 12:04:52"}
{"level":"info","message":"GET getPlants from database/username: admin","timestamp":"2023-10-31 12:04:52"}
{"level":"info","message":"GET getAllNroEnlaces  /username: admin","timestamp":"2023-10-31 12:04:56"}
{"level":"info","message":"GET getCompanies from database/username: admin","timestamp":"2023-10-31 12:04:56"}
{"level":"info","message":"GET getDepartaments from database/username: admin","timestamp":"2023-10-31 12:04:56"}
{"level":"info","message":"GET getCompanies from database/username: admin","timestamp":"2023-10-31 12:05:05"}
{"level":"info","message":"GET getUnits from database/username: admin","timestamp":"2023-10-31 12:05:06"}
{"level":"info","message":"GET getParameters from database/username: admin","timestamp":"2023-10-31 12:05:06"}
{"level":"info","message":"GET getCompanies from database/username: admin","timestamp":"2023-10-31 12:05:09"}
{"level":"info","message":"GET getCompanies from database/username: admin","timestamp":"2023-10-31 12:05:10"}
{"level":"info","message":"GET getUnits from database/username: admin","timestamp":"2023-10-31 12:05:10"}
{"level":"info","message":"GET getParameters from database/username: admin","timestamp":"2023-10-31 12:05:10"}
{"level":"info","message":"GET getCompanies from database/username: admin","timestamp":"2023-10-31 12:05:41"}
{"level":"info","message":"GET getParameters from database/username: admin","timestamp":"2023-10-31 12:05:41"}
{"level":"info","message":"GET getUnits from database/username: admin","timestamp":"2023-10-31 12:05:41"}
{"level":"info","message":"GET getCompanies from database/username: admin","timestamp":"2023-10-31 12:05:44"}
{"level":"info","message":"GET getParameters from database/username: admin","timestamp":"2023-10-31 12:05:44"}
{"level":"info","message":"GET getUnits from database/username: admin","timestamp":"2023-10-31 12:05:44"}
{"level":"info","message":"GET getCompanies from database/username: admin","timestamp":"2023-10-31 12:05:55"}
{"level":"info","message":"GET getParameters from database/username: admin","timestamp":"2023-10-31 12:05:55"}
{"level":"info","message":"GET getUnits from database/username: admin","timestamp":"2023-10-31 12:05:55"}
{"level":"info","message":"GET getCompanies from database/username: admin","timestamp":"2023-10-31 12:06:30"}
{"level":"info","message":"GET getParameters from database/username: admin","timestamp":"2023-10-31 12:06:30"}
{"level":"info","message":"GET getUnits from database/username: admin","timestamp":"2023-10-31 12:06:30"}
{"level":"info","message":"GET getCompanies from database/username: admin","timestamp":"2023-10-31 12:07:32"}
{"level":"info","message":"GET getParameters from database/username: admin","timestamp":"2023-10-31 12:07:32"}
{"level":"info","message":"GET getUnits from database/username: admin","timestamp":"2023-10-31 12:07:32"}
{"level":"info","message":"GET getCompanies from database/username: admin","timestamp":"2023-10-31 12:07:39"}
{"level":"info","message":"GET getCompanies from database/username: admin","timestamp":"2023-10-31 12:07:46"}
{"level":"info","message":"GET getUnits from database/username: admin","timestamp":"2023-10-31 12:07:46"}
{"level":"info","message":"GET getParameters from database/username: admin","timestamp":"2023-10-31 12:07:46"}
{"level":"info","message":"GET getNroEnlaces for a company name /username: admin","timestamp":"2023-10-31 12:07:48"}
{"level":"info","message":"GET getAllNroEnlaces  /username: admin","timestamp":"2023-10-31 12:07:50"}
{"level":"info","message":"GET getCompanies from database/username: admin","timestamp":"2023-10-31 12:07:50"}
{"level":"info","message":"GET getPlants from database/username: admin","timestamp":"2023-10-31 12:07:50"}
{"level":"info","message":"GET getCompanies from database/username: admin","timestamp":"2023-10-31 12:07:53"}
{"level":"info","message":"GET getCompanies from database/username: admin","timestamp":"2023-10-31 12:07:58"}
{"level":"info","message":"GET getParameters from database/username: admin","timestamp":"2023-10-31 12:07:58"}
{"level":"info","message":"GET getUnits from database/username: admin","timestamp":"2023-10-31 12:07:58"}
{"level":"info","message":"GET getCompanies from database/username: admin","timestamp":"2023-10-31 12:08:01"}
{"level":"info","message":"GET getCompanies from database/username: admin","timestamp":"2023-10-31 12:08:03"}
{"level":"info","message":"GET getParameters from database/username: admin","timestamp":"2023-10-31 12:08:03"}
{"level":"info","message":"GET getUnits from database/username: admin","timestamp":"2023-10-31 12:08:03"}
{"level":"info","message":"GET getCompanies from database/username: admin","timestamp":"2023-10-31 12:08:39"}
{"level":"info","message":"GET getUnits from database/username: admin","timestamp":"2023-10-31 12:08:39"}
{"level":"info","message":"GET getParameters from database/username: admin","timestamp":"2023-10-31 12:08:39"}
{"level":"info","message":"GET getCompanies from database/username: admin","timestamp":"2023-10-31 12:08:41"}
{"level":"info","message":"GET getParameters from database/username: admin","timestamp":"2023-10-31 12:08:41"}
{"level":"info","message":"GET getUnits from database/username: admin","timestamp":"2023-10-31 12:08:41"}
{"level":"info","message":"GET getCompanies from database/username: admin","timestamp":"2023-10-31 12:08:43"}
{"level":"info","message":"GET getParameters from database/username: admin","timestamp":"2023-10-31 12:08:43"}
{"level":"info","message":"GET getUnits from database/username: admin","timestamp":"2023-10-31 12:08:43"}
{"level":"info","message":"GET getCompanies from database/username: admin","timestamp":"2023-10-31 12:08:46"}
{"level":"info","message":"GET getUnits from database/username: admin","timestamp":"2023-10-31 12:08:46"}
{"level":"info","message":"GET getParameters from database/username: admin","timestamp":"2023-10-31 12:08:46"}
{"level":"info","message":"GET getCompanies from database/username: admin","timestamp":"2023-10-31 12:08:55"}
{"level":"info","message":"GET getParameters from database/username: admin","timestamp":"2023-10-31 12:08:55"}
{"level":"info","message":"GET getUnits from database/username: admin","timestamp":"2023-10-31 12:08:55"}
{"level":"info","message":"GET getCompanies from database/username: admin","timestamp":"2023-10-31 12:09:00"}
{"level":"info","message":"GET getParameters from database/username: admin","timestamp":"2023-10-31 12:09:00"}
{"level":"info","message":"GET getUnits from database/username: admin","timestamp":"2023-10-31 12:09:00"}
{"level":"info","message":"GET getCompanies from database/username: admin","timestamp":"2023-10-31 12:53:54"}
{"level":"info","message":"GET getCompanies from database/username: admin","timestamp":"2023-10-31 12:56:45"}
{"level":"info","message":"GET getParameters from database/username: admin","timestamp":"2023-10-31 12:56:45"}
{"level":"info","message":"GET getUnits from database/username: admin","timestamp":"2023-10-31 12:56:45"}
{"level":"info","message":"GET getStations from database/username: admin","timestamp":"2023-10-31 12:56:46"}
{"level":"info","message":"GET getCompanies from database/username: admin","timestamp":"2023-10-31 12:56:48"}
{"level":"info","message":"GET getParameters from database/username: admin","timestamp":"2023-10-31 12:56:48"}
{"level":"info","message":"GET getUnits from database/username: admin","timestamp":"2023-10-31 12:56:48"}
{"level":"info","message":"GET getCompanies from database/username: admin","timestamp":"2023-10-31 13:00:39"}
{"level":"info","message":"GET getCompanies from database/username: admin","timestamp":"2023-10-31 13:00:41"}
{"level":"info","message":"GET getParameters from database/username: admin","timestamp":"2023-10-31 13:00:41"}
{"level":"info","message":"GET getUnits from database/username: admin","timestamp":"2023-10-31 13:00:41"}
{"level":"info","message":"GET getCompanies from database/username: admin","timestamp":"2023-10-31 13:00:46"}
{"level":"info","message":"GET getCompanies from database/username: admin","timestamp":"2023-10-31 13:00:47"}
{"level":"info","message":"GET getParameters from database/username: admin","timestamp":"2023-10-31 13:00:47"}
{"level":"info","message":"GET getUnits from database/username: admin","timestamp":"2023-10-31 13:00:47"}
{"level":"info","message":"GET getCompanies from database/username: admin","timestamp":"2023-10-31 13:00:52"}
{"level":"info","message":"GET getCompanies from database/username: admin","timestamp":"2023-10-31 13:00:53"}
{"level":"info","message":"GET getParameters from database/username: admin","timestamp":"2023-10-31 13:00:53"}
{"level":"info","message":"GET getUnits from database/username: admin","timestamp":"2023-10-31 13:00:53"}
{"level":"info","message":"GET getStations from database/username: admin","timestamp":"2023-10-31 13:01:54"}
{"level":"info","message":"GET getCompanies from database/username: admin","timestamp":"2023-10-31 13:01:55"}
{"level":"info","message":"GET getParameters from database/username: admin","timestamp":"2023-10-31 13:01:55"}
{"level":"info","message":"GET getUnits from database/username: admin","timestamp":"2023-10-31 13:01:55"}
{"level":"info","message":"GET getCompanies from database/username: admin","timestamp":"2023-10-31 13:01:57"}
{"level":"info","message":"GET getCompanies from database/username: admin","timestamp":"2023-10-31 13:02:35"}
{"level":"info","message":"GET getCompanies from database/username: admin","timestamp":"2023-10-31 13:02:36"}
{"level":"info","message":"GET getCompanies from database/username: admin","timestamp":"2023-10-31 13:02:38"}
{"level":"info","message":"GET getCompanies from database/username: admin","timestamp":"2023-10-31 13:02:41"}
{"level":"info","message":"GET getCompanies from database/username: admin","timestamp":"2023-10-31 13:02:43"}
{"level":"info","message":"GET getCompanies from database/username: admin","timestamp":"2023-10-31 13:02:45"}
{"level":"info","message":"GET getCompanies from database/username: admin","timestamp":"2023-10-31 13:03:54"}
{"level":"info","message":"GET getStations from database/username: admin","timestamp":"2023-10-31 13:11:18"}
{"level":"info","message":"GET getStations from database/username: admin","timestamp":"2023-10-31 13:11:20"}
{"level":"info","message":"GET getStations from database/username: admin","timestamp":"2023-10-31 13:11:21"}
{"level":"info","message":"GET getStations from database/username: admin","timestamp":"2023-10-31 13:11:23"}
{"level":"info","message":"GET getCompanies from database/username: admin","timestamp":"2023-10-31 13:11:24"}
{"level":"info","message":"GET getParameters from database/username: admin","timestamp":"2023-10-31 13:11:24"}
{"level":"info","message":"GET getUnits from database/username: admin","timestamp":"2023-10-31 13:11:24"}
{"level":"info","message":"GET getCompanies from database/username: admin","timestamp":"2023-10-31 13:11:26"}
{"level":"info","message":"GET getCompanies from database/username: admin","timestamp":"2023-10-31 13:11:32"}
{"level":"info","message":"GET getAllNroEnlaces  /username: admin","timestamp":"2023-10-31 13:11:36"}
{"level":"info","message":"GET getCompanies from database/username: admin","timestamp":"2023-10-31 13:11:36"}
{"level":"info","message":"GET getPlants from database/username: admin","timestamp":"2023-10-31 13:11:36"}
{"level":"info","message":"GET getCompanies from database/username: admin","timestamp":"2023-10-31 13:58:37"}
{"level":"info","message":"GET getParameters from database/username: admin","timestamp":"2023-10-31 13:58:37"}
{"level":"info","message":"GET getUnits from database/username: admin","timestamp":"2023-10-31 13:58:37"}
