{"level":"info","message":"GET getStations from database/username: admin","timestamp":"2023-10-26 09:05:28"}
{"level":"info","message":"GET getInstitutes from database/username: admin","timestamp":"2023-10-26 09:05:31"}
{"level":"info","message":"GET getDepartaments from database/username: admin","timestamp":"2023-10-26 09:05:31"}
{"level":"info","message":"GET getDepartaments from database/username: admin","timestamp":"2023-10-26 09:06:13"}
{"level":"info","message":"GET getInstitutes from database/username: admin","timestamp":"2023-10-26 09:06:13"}
{"level":"info","message":"GET getStations from database/username: admin","timestamp":"2023-10-26 09:09:28"}
{"level":"info","message":"GET getStations from database/username: admin","timestamp":"2023-10-26 09:09:30"}
{"level":"info","message":"GET getInstitutes from database/username: admin","timestamp":"2023-10-26 09:10:57"}
{"level":"info","message":"GET getDepartaments from database/username: admin","timestamp":"2023-10-26 09:10:57"}
{"level":"info","message":"GET getInstitutes from database/username: admin","timestamp":"2023-10-26 09:11:29"}
{"level":"info","message":"GET getDepartaments from database/username: admin","timestamp":"2023-10-26 09:11:29"}
{"level":"info","message":"GET getAllNroEnlaces  /username: admin","timestamp":"2023-10-26 09:11:32"}
{"level":"info","message":"GET getCompanies from database/username: admin","timestamp":"2023-10-26 09:11:32"}
{"level":"info","message":"GET getPlants from database/username: admin","timestamp":"2023-10-26 09:11:32"}
{"level":"info","message":"GET getStations from database/username: admin","timestamp":"2023-10-26 09:11:34"}
{"level":"info","message":"GET getInstitutes from database/username: admin","timestamp":"2023-10-26 09:11:36"}
{"level":"info","message":"GET getDepartaments from database/username: admin","timestamp":"2023-10-26 09:11:36"}
{"level":"info","message":"GET getStations from database/username: admin","timestamp":"2023-10-26 09:12:03"}
{"level":"info","message":"GET getStations from database/username: admin","timestamp":"2023-10-26 09:12:31"}
{"level":"info","message":"GET getDepartaments from database/username: admin","timestamp":"2023-10-26 09:12:34"}
{"level":"info","message":"GET getInstitutes from database/username: admin","timestamp":"2023-10-26 09:12:34"}
{"level":"info","message":"GET getInstitutes from database/username: admin","timestamp":"2023-10-26 09:12:34"}
{"level":"info","message":"GET getStations from database/username: admin","timestamp":"2023-10-26 09:13:04"}
{"level":"info","message":"GET getInstitutes from database/username: admin","timestamp":"2023-10-26 09:13:06"}
{"level":"info","message":"GET getDepartaments from database/username: admin","timestamp":"2023-10-26 09:13:06"}
{"level":"info","message":"GET getInstitutes from database/username: admin","timestamp":"2023-10-26 09:13:06"}
{"level":"info","message":"GET getStations from database/username: admin","timestamp":"2023-10-26 09:16:41"}
{"level":"info","message":"GET getStations from database/username: admin","timestamp":"2023-10-26 09:16:42"}
{"level":"info","message":"GET getDepartaments from database/username: admin","timestamp":"2023-10-26 09:16:48"}
{"level":"info","message":"GET getInstitutes from database/username: admin","timestamp":"2023-10-26 09:16:48"}
{"level":"info","message":"GET getInstitutes from database/username: admin","timestamp":"2023-10-26 09:16:48"}
{"level":"info","message":"GET getStations from database/username: admin","timestamp":"2023-10-26 09:17:04"}
{"level":"info","message":"GET getStations from database/username: admin","timestamp":"2023-10-26 09:17:10"}
{"level":"info","message":"GET getDepartaments from database/username: admin","timestamp":"2023-10-26 09:17:13"}
{"level":"info","message":"GET getInstitutes from database/username: admin","timestamp":"2023-10-26 09:17:13"}
{"level":"info","message":"GET getPeriods from database/username: admin","timestamp":"2023-10-26 09:17:13"}
{"level":"info","message":"GET getStations from database/username: admin","timestamp":"2023-10-26 09:17:29"}
{"level":"info","message":"GET getStations from database/username: admin","timestamp":"2023-10-26 09:17:31"}
{"level":"info","message":"GET getInstitutes from database/username: admin","timestamp":"2023-10-26 09:17:33"}
{"level":"info","message":"GET getPeriods from database/username: admin","timestamp":"2023-10-26 09:17:33"}
{"level":"info","message":"GET getDepartaments from database/username: admin","timestamp":"2023-10-26 09:17:33"}
{"level":"info","message":"GET getStations from database/username: admin","timestamp":"2023-10-26 09:27:49"}
{"level":"info","message":"GET getStations from database/username: admin","timestamp":"2023-10-26 09:27:52"}
{"level":"info","message":"GET getStations from database/username: admin","timestamp":"2023-10-26 09:28:12"}
{"level":"info","message":"GET getStations from database/username: admin","timestamp":"2023-10-26 09:28:18"}
{"level":"info","message":"GET getStations from database/username: admin","timestamp":"2023-10-26 09:28:22"}
{"level":"info","message":"GET getStations from database/username: admin","timestamp":"2023-10-26 09:28:26"}
{"level":"info","message":"GET getStations from database/username: admin","timestamp":"2023-10-26 09:28:36"}
{"level":"info","message":"GET getInstitutes from database/username: admin","timestamp":"2023-10-26 09:28:44"}
{"level":"info","message":"GET getDepartaments from database/username: admin","timestamp":"2023-10-26 09:28:44"}
{"level":"info","message":"GET getPeriods from database/username: admin","timestamp":"2023-10-26 09:28:44"}
{"level":"info","message":"GET getStations from database/username: admin","timestamp":"2023-10-26 09:29:09"}
{"level":"info","message":"GET getDepartaments from database/username: admin","timestamp":"2023-10-26 09:29:12"}
{"level":"info","message":"GET getInstitutes from database/username: admin","timestamp":"2023-10-26 09:29:12"}
{"level":"info","message":"GET getPeriods from database/username: admin","timestamp":"2023-10-26 09:29:12"}
{"level":"info","message":"GET getParameters from database/username: admin","timestamp":"2023-10-26 09:29:12"}
{"level":"info","message":"GET getStations from database/username: admin","timestamp":"2023-10-26 09:32:10"}
{"level":"info","message":"GET getDepartaments from database/username: admin","timestamp":"2023-10-26 09:32:12"}
{"level":"info","message":"GET getInstitutes from database/username: admin","timestamp":"2023-10-26 09:32:12"}
{"level":"info","message":"GET getPeriods from database/username: admin","timestamp":"2023-10-26 09:32:12"}
{"level":"info","message":"GET getParameters from database/username: admin","timestamp":"2023-10-26 09:32:12"}
{"level":"info","message":"GET getStations from database/username: admin","timestamp":"2023-10-26 09:33:09"}
{"level":"info","message":"GET getStations from database/username: admin","timestamp":"2023-10-26 09:33:18"}
{"level":"info","message":"GET getStations from database/username: admin","timestamp":"2023-10-26 09:33:30"}
{"level":"info","message":"GET getStations from database/username: admin","timestamp":"2023-10-26 09:33:33"}
{"level":"info","message":"GET getStations from database/username: admin","timestamp":"2023-10-26 09:33:34"}
{"level":"info","message":"GET getStations from database/username: admin","timestamp":"2023-10-26 09:33:37"}
{"level":"info","message":"GET getStations from database/username: admin","timestamp":"2023-10-26 09:33:37"}
{"level":"info","message":"GET getStations from database/username: admin","timestamp":"2023-10-26 09:35:21"}
{"level":"info","message":"GET getStations from database/username: admin","timestamp":"2023-10-26 09:35:26"}
{"level":"info","message":"GET getDepartaments from database/username: admin","timestamp":"2023-10-26 09:35:28"}
{"level":"info","message":"GET getInstitutes from database/username: admin","timestamp":"2023-10-26 09:35:28"}
{"level":"info","message":"GET getPeriods from database/username: admin","timestamp":"2023-10-26 09:35:28"}
{"level":"info","message":"GET getParameters from database/username: admin","timestamp":"2023-10-26 09:35:28"}
{"level":"info","message":"GET getStations from database/username: admin","timestamp":"2023-10-26 09:36:12"}
{"level":"info","message":"GET getDepartaments from database/username: admin","timestamp":"2023-10-26 09:36:13"}
{"level":"info","message":"GET getInstitutes from database/username: admin","timestamp":"2023-10-26 09:36:13"}
{"level":"info","message":"GET getPeriods from database/username: admin","timestamp":"2023-10-26 09:36:13"}
{"level":"info","message":"GET getParameters from database/username: admin","timestamp":"2023-10-26 09:36:13"}
{"level":"info","message":"GET getStations from database/username: admin","timestamp":"2023-10-26 09:36:49"}
{"level":"info","message":"GET getInstitutes from database/username: admin","timestamp":"2023-10-26 09:36:50"}
{"level":"info","message":"GET getDepartaments from database/username: admin","timestamp":"2023-10-26 09:36:50"}
{"level":"info","message":"GET getPeriods from database/username: admin","timestamp":"2023-10-26 09:36:50"}
{"level":"info","message":"GET getParameters from database/username: admin","timestamp":"2023-10-26 09:36:50"}
{"level":"error","message":"Error addPeriodoStation/SqlError: (conn=1152975, no: 1452, SQLState: 23000) Cannot add or update a child row: a foreign key constraint fails (`datos_discretos`.`estacion_aire_periodo`, CONSTRAINT `estacion_aire_periodo_FK_1` FOREIGN KEY (`idPeriodo`) REFERENCES `periodos_muestra` (`id`))\nsql: INSERT INTO estacion_aire_periodo\n       SET idEstacion = ?,\n           idPeriodo = ?  - parameters:[9134,0]","timestamp":"2023-10-26 09:37:45"}
{"level":"error","message":"Error addAireData/ReferenceError: res is not defined/username: admin","timestamp":"2023-10-26 09:37:45"}
{"level":"info","message":"GET getStations from database/username: admin","timestamp":"2023-10-26 09:39:19"}
{"level":"info","message":"GET getDepartaments from database/username: admin","timestamp":"2023-10-26 09:39:21"}
{"level":"info","message":"GET getInstitutes from database/username: admin","timestamp":"2023-10-26 09:39:21"}
{"level":"info","message":"GET getPeriods from database/username: admin","timestamp":"2023-10-26 09:39:21"}
{"level":"info","message":"GET getParameters from database/username: admin","timestamp":"2023-10-26 09:39:21"}
{"level":"info","message":"GET getStations from database/username: admin","timestamp":"2023-10-26 09:40:42"}
{"level":"info","message":"GET getDepartaments from database/username: admin","timestamp":"2023-10-26 09:40:59"}
{"level":"info","message":"GET getParameters from database/username: admin","timestamp":"2023-10-26 09:40:59"}
{"level":"info","message":"GET getInstitutes from database/username: admin","timestamp":"2023-10-26 09:40:59"}
{"level":"info","message":"GET getPeriods from database/username: admin","timestamp":"2023-10-26 09:40:59"}
{"level":"info","message":"GET getStations from database/username: admin","timestamp":"2023-10-26 09:41:20"}
{"level":"info","message":"GET getStations from database/username: admin","timestamp":"2023-10-26 09:41:25"}
{"level":"info","message":"GET getDepartaments from database/username: admin","timestamp":"2023-10-26 09:41:29"}
{"level":"info","message":"GET getInstitutes from database/username: admin","timestamp":"2023-10-26 09:41:29"}
{"level":"info","message":"GET getPeriods from database/username: admin","timestamp":"2023-10-26 09:41:29"}
{"level":"info","message":"GET getParameters from database/username: admin","timestamp":"2023-10-26 09:41:29"}
{"level":"info","message":"GET getStations from database/username: admin","timestamp":"2023-10-26 09:42:56"}
{"level":"info","message":"GET getStations from database/username: admin","timestamp":"2023-10-26 09:42:58"}
{"level":"info","message":"GET getDepartaments from database/username: admin","timestamp":"2023-10-26 09:43:24"}
{"level":"info","message":"GET getPeriods from database/username: admin","timestamp":"2023-10-26 09:43:24"}
{"level":"info","message":"GET getInstitutes from database/username: admin","timestamp":"2023-10-26 09:43:24"}
{"level":"info","message":"GET getParameters from database/username: admin","timestamp":"2023-10-26 09:43:24"}
{"level":"info","message":"GET getInstitutes from database/username: admin","timestamp":"2023-10-26 09:45:02"}
{"level":"info","message":"GET getDepartaments from database/username: admin","timestamp":"2023-10-26 09:45:02"}
{"level":"info","message":"GET getPeriods from database/username: admin","timestamp":"2023-10-26 09:45:02"}
{"level":"info","message":"GET getParameters from database/username: admin","timestamp":"2023-10-26 09:45:02"}
{"level":"info","message":"GET getStations from database/username: admin","timestamp":"2023-10-26 10:00:26"}
{"level":"info","message":"GET getStations from database/username: admin","timestamp":"2023-10-26 10:00:28"}
{"level":"info","message":"GET getPeriods from database/username: admin","timestamp":"2023-10-26 10:00:43"}
{"level":"info","message":"GET getDepartaments from database/username: admin","timestamp":"2023-10-26 10:00:43"}
{"level":"info","message":"GET getInstitutes from database/username: admin","timestamp":"2023-10-26 10:00:43"}
{"level":"info","message":"GET getParameters from database/username: admin","timestamp":"2023-10-26 10:00:43"}
{"level":"info","message":"GET getStations from database/username: admin","timestamp":"2023-10-26 10:01:51"}
{"level":"info","message":"GET getPeriods from database/username: admin","timestamp":"2023-10-26 10:01:56"}
{"level":"info","message":"GET getDepartaments from database/username: admin","timestamp":"2023-10-26 10:01:56"}
{"level":"info","message":"GET getInstitutes from database/username: admin","timestamp":"2023-10-26 10:01:56"}
{"level":"info","message":"GET getParameters from database/username: admin","timestamp":"2023-10-26 10:01:56"}
{"level":"info","message":"GET getStations from database/username: admin","timestamp":"2023-10-26 10:02:20"}
{"level":"info","message":"GET getDepartaments from database/username: admin","timestamp":"2023-10-26 10:02:21"}
{"level":"info","message":"GET getInstitutes from database/username: admin","timestamp":"2023-10-26 10:02:21"}
{"level":"info","message":"GET getParameters from database/username: admin","timestamp":"2023-10-26 10:02:21"}
{"level":"info","message":"GET getPeriods from database/username: admin","timestamp":"2023-10-26 10:02:21"}
{"level":"info","message":"GET getStations from database/username: admin","timestamp":"2023-10-26 10:04:50"}
{"level":"info","message":"GET getDepartaments from database/username: admin","timestamp":"2023-10-26 10:07:31"}
{"level":"info","message":"GET getPeriods from database/username: admin","timestamp":"2023-10-26 10:07:31"}
{"level":"info","message":"GET getInstitutes from database/username: admin","timestamp":"2023-10-26 10:07:31"}
{"level":"info","message":"GET getParameters from database/username: admin","timestamp":"2023-10-26 10:07:31"}
{"level":"info","message":"GET getStations from database/username: admin","timestamp":"2023-10-26 10:10:25"}
{"level":"info","message":"GET getStations from database/username: admin","timestamp":"2023-10-26 10:10:29"}
{"level":"info","message":"GET getDepartaments from database/username: admin","timestamp":"2023-10-26 10:10:32"}
{"level":"info","message":"GET getInstitutes from database/username: admin","timestamp":"2023-10-26 10:10:32"}
{"level":"info","message":"GET getPeriods from database/username: admin","timestamp":"2023-10-26 10:10:32"}
{"level":"info","message":"GET getParameters from database/username: admin","timestamp":"2023-10-26 10:10:32"}
{"level":"info","message":"GET getStations from database/username: admin","timestamp":"2023-10-26 10:10:54"}
{"level":"info","message":"GET getInstitutes from database/username: admin","timestamp":"2023-10-26 10:10:55"}
{"level":"info","message":"GET getPeriods from database/username: admin","timestamp":"2023-10-26 10:10:55"}
{"level":"info","message":"GET getDepartaments from database/username: admin","timestamp":"2023-10-26 10:10:55"}
{"level":"info","message":"GET getParameters from database/username: admin","timestamp":"2023-10-26 10:10:55"}
{"level":"info","message":"GET getStations from database/username: admin","timestamp":"2023-10-26 10:11:07"}
{"level":"info","message":"GET getInstitutes from database/username: admin","timestamp":"2023-10-26 10:11:07"}
{"level":"info","message":"GET getPeriods from database/username: admin","timestamp":"2023-10-26 10:11:07"}
{"level":"info","message":"GET getDepartaments from database/username: admin","timestamp":"2023-10-26 10:11:07"}
{"level":"info","message":"GET getParameters from database/username: admin","timestamp":"2023-10-26 10:11:07"}
{"level":"info","message":"GET getStations from database/username: admin","timestamp":"2023-10-26 10:11:18"}
{"level":"info","message":"GET getInstitutes from database/username: admin","timestamp":"2023-10-26 10:11:19"}
{"level":"info","message":"GET getPeriods from database/username: admin","timestamp":"2023-10-26 10:11:19"}
{"level":"info","message":"GET getDepartaments from database/username: admin","timestamp":"2023-10-26 10:11:19"}
{"level":"info","message":"GET getParameters from database/username: admin","timestamp":"2023-10-26 10:11:19"}
{"level":"info","message":"GET getStations from database/username: admin","timestamp":"2023-10-26 10:11:42"}
{"level":"info","message":"GET getDepartaments from database/username: admin","timestamp":"2023-10-26 10:11:43"}
{"level":"info","message":"GET getInstitutes from database/username: admin","timestamp":"2023-10-26 10:11:43"}
{"level":"info","message":"GET getPeriods from database/username: admin","timestamp":"2023-10-26 10:11:43"}
{"level":"info","message":"GET getParameters from database/username: admin","timestamp":"2023-10-26 10:11:43"}
{"level":"info","message":"GET getStations from database/username: admin","timestamp":"2023-10-26 10:12:10"}
{"level":"info","message":"GET getStations from database/username: admin","timestamp":"2023-10-26 10:12:19"}
{"level":"info","message":"GET getPeriods from database/username: admin","timestamp":"2023-10-26 10:12:19"}
{"level":"info","message":"GET getInstitutes from database/username: admin","timestamp":"2023-10-26 10:12:19"}
{"level":"info","message":"GET getDepartaments from database/username: admin","timestamp":"2023-10-26 10:12:19"}
{"level":"info","message":"GET getParameters from database/username: admin","timestamp":"2023-10-26 10:12:19"}
{"level":"info","message":"GET getStations from database/username: admin","timestamp":"2023-10-26 10:12:33"}
{"level":"info","message":"GET getDepartaments from database/username: admin","timestamp":"2023-10-26 10:12:34"}
{"level":"info","message":"GET getInstitutes from database/username: admin","timestamp":"2023-10-26 10:12:34"}
{"level":"info","message":"GET getParameters from database/username: admin","timestamp":"2023-10-26 10:12:34"}
{"level":"info","message":"GET getPeriods from database/username: admin","timestamp":"2023-10-26 10:12:34"}
{"level":"info","message":"GET getStations from database/username: admin","timestamp":"2023-10-26 10:13:09"}
{"level":"info","message":"GET getDepartaments from database/username: admin","timestamp":"2023-10-26 10:13:10"}
{"level":"info","message":"GET getInstitutes from database/username: admin","timestamp":"2023-10-26 10:13:10"}
{"level":"info","message":"GET getPeriods from database/username: admin","timestamp":"2023-10-26 10:13:10"}
{"level":"info","message":"GET getParameters from database/username: admin","timestamp":"2023-10-26 10:13:10"}
{"level":"info","message":"GET getStations from database/username: admin","timestamp":"2023-10-26 10:16:42"}
{"level":"info","message":"GET getInstitutes from database/username: admin","timestamp":"2023-10-26 10:16:46"}
{"level":"info","message":"GET getDepartaments from database/username: admin","timestamp":"2023-10-26 10:16:46"}
{"level":"info","message":"GET getPeriods from database/username: admin","timestamp":"2023-10-26 10:16:46"}
{"level":"info","message":"GET getParameters from database/username: admin","timestamp":"2023-10-26 10:16:46"}
{"level":"info","message":"GET getStations from database/username: admin","timestamp":"2023-10-26 10:16:59"}
{"level":"info","message":"GET getDepartaments from database/username: admin","timestamp":"2023-10-26 10:17:00"}
{"level":"info","message":"GET getInstitutes from database/username: admin","timestamp":"2023-10-26 10:17:00"}
{"level":"info","message":"GET getPeriods from database/username: admin","timestamp":"2023-10-26 10:17:00"}
{"level":"info","message":"GET getParameters from database/username: admin","timestamp":"2023-10-26 10:17:00"}
{"level":"info","message":"GET getStations from database/username: admin","timestamp":"2023-10-26 10:18:26"}
{"level":"info","message":"GET getInstitutes from database/username: admin","timestamp":"2023-10-26 10:18:29"}
{"level":"info","message":"GET getParameters from database/username: admin","timestamp":"2023-10-26 10:18:29"}
{"level":"info","message":"GET getDepartaments from database/username: admin","timestamp":"2023-10-26 10:18:29"}
{"level":"info","message":"GET getPeriods from database/username: admin","timestamp":"2023-10-26 10:18:29"}
{"level":"info","message":"GET getStations from database/username: admin","timestamp":"2023-10-26 10:18:58"}
{"level":"info","message":"GET getDepartaments from database/username: admin","timestamp":"2023-10-26 10:18:59"}
{"level":"info","message":"GET getInstitutes from database/username: admin","timestamp":"2023-10-26 10:18:59"}
{"level":"info","message":"GET getPeriods from database/username: admin","timestamp":"2023-10-26 10:18:59"}
{"level":"info","message":"GET getParameters from database/username: admin","timestamp":"2023-10-26 10:18:59"}
{"level":"info","message":"GET getStations from database/username: admin","timestamp":"2023-10-26 10:19:18"}
{"level":"info","message":"GET getStations from database/username: admin","timestamp":"2023-10-26 10:19:27"}
{"level":"info","message":"GET getStations from database/username: admin","timestamp":"2023-10-26 10:21:45"}
{"level":"info","message":"GET getDepartaments from database/username: admin","timestamp":"2023-10-26 10:21:48"}
{"level":"info","message":"GET getInstitutes from database/username: admin","timestamp":"2023-10-26 10:21:48"}
{"level":"info","message":"GET getPeriods from database/username: admin","timestamp":"2023-10-26 10:21:48"}
{"level":"info","message":"GET getParameters from database/username: admin","timestamp":"2023-10-26 10:21:48"}
{"level":"info","message":"GET getStations from database/username: admin","timestamp":"2023-10-26 10:21:59"}
{"level":"info","message":"GET getStations from database/username: admin","timestamp":"2023-10-26 10:22:11"}
{"level":"info","message":"GET getDepartaments from database/username: admin","timestamp":"2023-10-26 10:22:16"}
{"level":"info","message":"GET getPeriods from database/username: admin","timestamp":"2023-10-26 10:22:16"}
{"level":"info","message":"GET getInstitutes from database/username: admin","timestamp":"2023-10-26 10:22:16"}
{"level":"info","message":"GET getParameters from database/username: admin","timestamp":"2023-10-26 10:22:16"}
{"level":"info","message":"GET getStations from database/username: admin","timestamp":"2023-10-26 10:33:54"}
{"level":"info","message":"GET getStations from database/username: admin","timestamp":"2023-10-26 10:34:01"}
{"level":"info","message":"GET getPeriods from database/username: admin","timestamp":"2023-10-26 10:34:04"}
{"level":"info","message":"GET getDepartaments from database/username: admin","timestamp":"2023-10-26 10:34:04"}
{"level":"info","message":"GET getInstitutes from database/username: admin","timestamp":"2023-10-26 10:34:04"}
{"level":"info","message":"GET getParameters from database/username: admin","timestamp":"2023-10-26 10:34:04"}
{"level":"info","message":"GET getInstitutes from database/username: admin","timestamp":"2023-10-26 10:34:15"}
{"level":"info","message":"GET getDepartaments from database/username: admin","timestamp":"2023-10-26 10:34:15"}
{"level":"info","message":"GET getPeriods from database/username: admin","timestamp":"2023-10-26 10:34:15"}
{"level":"info","message":"GET getParameters from database/username: admin","timestamp":"2023-10-26 10:34:15"}
{"level":"info","message":"GET getDepartaments from database/username: admin","timestamp":"2023-10-26 10:35:02"}
{"level":"info","message":"GET getParameters from database/username: admin","timestamp":"2023-10-26 10:35:02"}
{"level":"info","message":"GET getInstitutes from database/username: admin","timestamp":"2023-10-26 10:35:02"}
{"level":"info","message":"GET getPeriods from database/username: admin","timestamp":"2023-10-26 10:35:02"}
{"level":"info","message":"GET getStations from database/username: admin","timestamp":"2023-10-26 11:21:00"}
{"level":"info","message":"GET getPeriods from database/username: admin","timestamp":"2023-10-26 11:21:01"}
{"level":"info","message":"GET getInstitutes from database/username: admin","timestamp":"2023-10-26 11:21:01"}
{"level":"info","message":"GET getDepartaments from database/username: admin","timestamp":"2023-10-26 11:21:01"}
{"level":"info","message":"GET getParameters from database/username: admin","timestamp":"2023-10-26 11:21:01"}
{"level":"info","message":"GET getDepartaments from database/username: admin","timestamp":"2023-10-26 11:21:17"}
{"level":"info","message":"GET getDepartaments from database/username: admin","timestamp":"2023-10-26 11:21:23"}
{"level":"info","message":"GET getDepartaments from database/username: admin","timestamp":"2023-10-26 11:21:31"}
{"level":"info","message":"GET getInstitutes from database/username: admin","timestamp":"2023-10-26 11:34:10"}
{"level":"info","message":"GET getDepartaments from database/username: admin","timestamp":"2023-10-26 11:34:10"}
{"level":"info","message":"GET getPeriods from database/username: admin","timestamp":"2023-10-26 11:34:10"}
{"level":"info","message":"GET getParameters from database/username: admin","timestamp":"2023-10-26 11:34:10"}
{"level":"info","message":"GET getStations from database/username: admin","timestamp":"2023-10-26 11:39:27"}
{"level":"info","message":"GET getPeriods from database/username: admin","timestamp":"2023-10-26 11:39:31"}
{"level":"info","message":"GET getInstitutes from database/username: admin","timestamp":"2023-10-26 11:39:31"}
{"level":"info","message":"GET getDepartaments from database/username: admin","timestamp":"2023-10-26 11:39:31"}
{"level":"info","message":"GET getParameters from database/username: admin","timestamp":"2023-10-26 11:39:31"}
{"level":"info","message":"GET getStations from database/username: admin","timestamp":"2023-10-26 11:46:36"}
{"level":"info","message":"GET getDepartaments from database/username: admin","timestamp":"2023-10-26 11:46:51"}
{"level":"info","message":"GET getInstitutes from database/username: admin","timestamp":"2023-10-26 11:46:51"}
{"level":"info","message":"GET getPeriods from database/username: admin","timestamp":"2023-10-26 11:46:51"}
{"level":"info","message":"GET getParameters from database/username: admin","timestamp":"2023-10-26 11:46:51"}
{"level":"info","message":"GET getStations from database/username: admin","timestamp":"2023-10-26 11:47:22"}
{"level":"info","message":"GET getStations from database/username: admin","timestamp":"2023-10-26 11:47:49"}
{"level":"info","message":"GET getDepartaments from database/username: admin","timestamp":"2023-10-26 11:47:52"}
{"level":"info","message":"GET getPeriods from database/username: admin","timestamp":"2023-10-26 11:47:52"}
{"level":"info","message":"GET getInstitutes from database/username: admin","timestamp":"2023-10-26 11:47:52"}
{"level":"info","message":"GET getParameters from database/username: admin","timestamp":"2023-10-26 11:47:52"}
{"level":"info","message":"GET getStations from database/username: admin","timestamp":"2023-10-26 11:48:04"}
{"level":"info","message":"GET getStations from database/username: admin","timestamp":"2023-10-26 11:48:32"}
{"level":"info","message":"GET getInstitutes from database/username: admin","timestamp":"2023-10-26 11:48:33"}
{"level":"info","message":"GET getDepartaments from database/username: admin","timestamp":"2023-10-26 11:48:33"}
{"level":"info","message":"GET getPeriods from database/username: admin","timestamp":"2023-10-26 11:48:33"}
{"level":"info","message":"GET getParameters from database/username: admin","timestamp":"2023-10-26 11:48:33"}
{"level":"info","message":"GET getStations from database/username: admin","timestamp":"2023-10-26 11:49:24"}
{"level":"info","message":"GET getDepartaments from database/username: admin","timestamp":"2023-10-26 12:02:25"}
{"level":"info","message":"GET getInstitutes from database/username: admin","timestamp":"2023-10-26 12:02:25"}
{"level":"info","message":"GET getPeriods from database/username: admin","timestamp":"2023-10-26 12:02:25"}
{"level":"info","message":"GET getParameters from database/username: admin","timestamp":"2023-10-26 12:02:25"}
{"level":"info","message":"GET getStations from database/username: admin","timestamp":"2023-10-26 13:04:29"}
{"level":"info","message":"GET getDepartaments from database/username: admin","timestamp":"2023-10-26 13:07:57"}
{"level":"info","message":"GET getPeriods from database/username: admin","timestamp":"2023-10-26 13:07:57"}
{"level":"info","message":"GET getInstitutes from database/username: admin","timestamp":"2023-10-26 13:07:57"}
{"level":"info","message":"GET getParameters from database/username: admin","timestamp":"2023-10-26 13:07:57"}
{"level":"info","message":"POST addPeriodoStation/codigo/12345","timestamp":"2023-10-26 13:08:56"}
{"level":"info","message":"POST addParameterStation/codigo/12345","timestamp":"2023-10-26 13:08:56"}
{"level":"info","message":"POST addStationAire/codigo/12345/username: admin","timestamp":"2023-10-26 13:08:56"}
{"level":"info","message":"GET getStations from database/username: admin","timestamp":"2023-10-26 13:08:57"}
{"level":"info","message":"DELETE deleteStationAire/codigo/12345/username: admin","timestamp":"2023-10-26 13:10:03"}
{"level":"info","message":"GET getStations from database/username: admin","timestamp":"2023-10-26 13:10:04"}
{"level":"info","message":"GET getDepartaments from database/username: admin","timestamp":"2023-10-26 13:14:03"}
{"level":"info","message":"GET getDepartaments from database/username: admin","timestamp":"2023-10-26 13:14:07"}
{"level":"info","message":"GET getInstitutes from database/username: admin","timestamp":"2023-10-26 13:14:09"}
{"level":"info","message":"GET getDepartaments from database/username: admin","timestamp":"2023-10-26 13:14:09"}
{"level":"info","message":"GET getPeriods from database/username: admin","timestamp":"2023-10-26 13:14:09"}
{"level":"info","message":"GET getParameters from database/username: admin","timestamp":"2023-10-26 13:14:09"}
{"level":"info","message":"GET getDepartaments from database/username: admin","timestamp":"2023-10-26 13:14:16"}
{"level":"info","message":"GET getInstitutes from database/username: admin","timestamp":"2023-10-26 13:14:16"}
{"level":"info","message":"GET getPeriods from database/username: admin","timestamp":"2023-10-26 13:14:16"}
{"level":"info","message":"GET getParameters from database/username: admin","timestamp":"2023-10-26 13:14:16"}
{"level":"error","message":"POST alreadyExist addStationAire/codigo/I-VI-D-MC-LVMI01/username: admin","timestamp":"2023-10-26 13:14:37"}
{"level":"error","message":"POST alreadyExist addStationAire/codigo/I-VI-D-MC-LVMI01/username: admin","timestamp":"2023-10-26 13:14:40"}
{"level":"info","message":"POST addPeriodoStation/codigo/12345","timestamp":"2023-10-26 13:14:45"}
{"level":"info","message":"POST addParameterStation/codigo/12345","timestamp":"2023-10-26 13:14:45"}
{"level":"info","message":"POST addStationAire/codigo/12345/username: admin","timestamp":"2023-10-26 13:14:45"}
{"level":"info","message":"GET getStations from database/username: admin","timestamp":"2023-10-26 13:14:47"}
{"level":"info","message":"GET getDepartaments from database/username: admin","timestamp":"2023-10-26 13:14:52"}
{"level":"info","message":"GET getStations from database/username: admin","timestamp":"2023-10-26 13:35:36"}
{"level":"info","message":"GET getDepartaments from database/username: admin","timestamp":"2023-10-26 13:37:15"}
{"level":"info","message":"GET getDepartaments from database/username: admin","timestamp":"2023-10-26 13:37:17"}
{"level":"info","message":"GET getDepartaments from database/username: admin","timestamp":"2023-10-26 13:37:45"}
{"level":"info","message":"GET getDepartaments from database/username: admin","timestamp":"2023-10-26 13:37:49"}
{"level":"info","message":"GET getDepartaments from database/username: admin","timestamp":"2023-10-26 13:37:53"}
{"level":"info","message":"GET getStations from database/username: admin","timestamp":"2023-10-26 13:38:06"}
{"level":"info","message":"GET getStations from database/username: admin","timestamp":"2023-10-26 13:38:08"}
{"level":"info","message":"GET getStations from database/username: admin","timestamp":"2023-10-26 13:39:20"}
{"level":"info","message":"GET getStations from database/username: admin","timestamp":"2023-10-26 13:40:02"}
{"level":"info","message":"GET getStations from database/username: admin","timestamp":"2023-10-26 13:40:04"}
{"level":"info","message":"GET getStations from database/username: admin","timestamp":"2023-10-26 13:40:06"}
{"level":"info","message":"GET getStations from database/username: admin","timestamp":"2023-10-26 13:40:07"}
{"level":"info","message":"GET getDepartaments from database/username: admin","timestamp":"2023-10-26 13:40:18"}
{"level":"info","message":"GET getStations from database/username: admin","timestamp":"2023-10-26 13:40:43"}
{"level":"info","message":"GET getDepartaments from database/username: admin","timestamp":"2023-10-26 13:47:56"}
{"level":"info","message":"GET getDepartaments from database/username: admin","timestamp":"2023-10-26 13:48:00"}
{"level":"info","message":"GET getStations from database/username: admin","timestamp":"2023-10-26 13:48:55"}
{"level":"info","message":"GET getInstitutes from database/username: admin","timestamp":"2023-10-26 13:49:30"}
{"level":"info","message":"GET getPeriods from database/username: admin","timestamp":"2023-10-26 13:49:30"}
{"level":"info","message":"GET getDepartaments from database/username: admin","timestamp":"2023-10-26 13:49:30"}
{"level":"info","message":"GET getParameters from database/username: admin","timestamp":"2023-10-26 13:49:30"}
{"level":"info","message":"GET getDepartaments from database/username: admin","timestamp":"2023-10-26 13:50:11"}
{"level":"info","message":"GET getStations from database/username: admin","timestamp":"2023-10-26 13:50:34"}
{"level":"info","message":"GET getStations from database/username: admin","timestamp":"2023-10-26 13:50:42"}
{"level":"info","message":"GET getDepartaments from database/username: admin","timestamp":"2023-10-26 13:50:44"}
{"level":"info","message":"GET getInstitutes from database/username: admin","timestamp":"2023-10-26 13:50:44"}
{"level":"info","message":"GET getPeriods from database/username: admin","timestamp":"2023-10-26 13:50:44"}
{"level":"info","message":"GET getParameters from database/username: admin","timestamp":"2023-10-26 13:50:44"}
{"level":"info","message":"GET getStations from database/username: admin","timestamp":"2023-10-26 13:51:51"}
{"level":"info","message":"GET getStations from database/username: admin","timestamp":"2023-10-26 13:51:55"}
{"level":"info","message":"GET getStations from database/username: admin","timestamp":"2023-10-26 13:52:00"}
{"level":"info","message":"GET getInstitutes from database/username: admin","timestamp":"2023-10-26 13:52:01"}
{"level":"info","message":"GET getPeriods from database/username: admin","timestamp":"2023-10-26 13:52:01"}
{"level":"info","message":"GET getDepartaments from database/username: admin","timestamp":"2023-10-26 13:52:01"}
{"level":"info","message":"GET getParameters from database/username: admin","timestamp":"2023-10-26 13:52:01"}
{"level":"info","message":"GET getInstitutes from database/username: admin","timestamp":"2023-10-26 13:52:04"}
{"level":"info","message":"GET getPeriods from database/username: admin","timestamp":"2023-10-26 13:52:04"}
{"level":"info","message":"GET getDepartaments from database/username: admin","timestamp":"2023-10-26 13:52:04"}
{"level":"info","message":"GET getParameters from database/username: admin","timestamp":"2023-10-26 13:52:04"}
{"level":"info","message":"GET getDepartaments from database/username: admin","timestamp":"2023-10-26 13:52:15"}
{"level":"info","message":"GET getPeriods from database/username: admin","timestamp":"2023-10-26 13:52:15"}
{"level":"info","message":"GET getInstitutes from database/username: admin","timestamp":"2023-10-26 13:52:15"}
{"level":"info","message":"GET getParameters from database/username: admin","timestamp":"2023-10-26 13:52:15"}
{"level":"info","message":"GET getDepartaments from database/username: admin","timestamp":"2023-10-26 13:52:41"}
{"level":"info","message":"GET getInstitutes from database/username: admin","timestamp":"2023-10-26 13:52:41"}
{"level":"info","message":"GET getPeriods from database/username: admin","timestamp":"2023-10-26 13:52:41"}
{"level":"info","message":"GET getParameters from database/username: admin","timestamp":"2023-10-26 13:52:41"}
{"level":"info","message":"GET getStations from database/username: admin","timestamp":"2023-10-26 13:53:10"}
{"level":"info","message":"GET getStations from database/username: admin","timestamp":"2023-10-26 13:53:30"}
{"level":"info","message":"GET getDepartaments from database/username: admin","timestamp":"2023-10-26 13:53:38"}
{"level":"info","message":"GET getPeriods from database/username: admin","timestamp":"2023-10-26 13:53:38"}
{"level":"info","message":"GET getInstitutes from database/username: admin","timestamp":"2023-10-26 13:53:38"}
{"level":"info","message":"GET getParameters from database/username: admin","timestamp":"2023-10-26 13:53:38"}
{"level":"info","message":"GET getStations from database/username: admin","timestamp":"2023-10-26 13:55:06"}
{"level":"info","message":"GET getStations from database/username: admin","timestamp":"2023-10-26 13:55:48"}
{"level":"error","message":"Error getStations/SqlError: (conn=1155402, no: 1064, SQLState: 42000) You have an error in your SQL syntax; check the manual that corresponds to your MariaDB server version for the right syntax to use near 'AS propietario,\n      o.nombre AS operador,\n      GROUP_CONCAT(DISTINCT p.nom...' at line 4\nsql: \n    SELECT\n      ea.id, ea.codigo, ea.identificacion, ea.latitud, ea.longitud, ea.estado,\n      JSON_OBJECT('nombre', d.dep_nombre, 'id', d.id_departamento) AS departamento,\n      pr.* AS propietario,\n      o.nombre AS operador,\n      GROUP_CONCAT(DISTINCT p.nombre_clave SEPARATOR ',') AS parametros,\n      GROUP_CONCAT(DISTINCT pm.tipo SEPARATOR ',') AS tipos\n    FROM estacion_aire ea\n      LEFT JOIN estacion_aire_parametro eapm ON ea.id = eapm.idEstacion\n      LEFT JOIN estacion_aire_periodo eap ON ea.id = eap.idEstacion\n      LEFT JOIN periodos_muestra pm ON eap.idPeriodo = pm.id\n      LEFT JOIN parametro p ON eapm.idParametro = p.id_parametro\n      LEFT JOIN departamento d ON ea.id_departamento = d.id_departamento\n      LEFT JOIN institucion pr ON ea.id_propietario = pr.id_institucion\n      LEFT JOIN institucion o ON ea.id_operador = o.id_institucion\n    GROUP BY ea.id;\n     - parameters:[]/username: admin","timestamp":"2023-10-26 13:57:20"}
{"level":"info","message":"GET getStations from database/username: admin","timestamp":"2023-10-26 13:59:01"}
{"level":"info","message":"GET getStations from database/username: admin","timestamp":"2023-10-26 13:59:53"}
