{"level":"info","message":"GET getCompanies from database/username: admin","timestamp":"2024-02-08 08:50:03"}
{"level":"info","message":"GET getParameters from database/username: admin","timestamp":"2024-02-08 08:50:03"}
{"level":"info","message":"GET getUnits from database/username: admin","timestamp":"2024-02-08 08:50:03"}
{"level":"info","message":"GET getNroEnlaces for a company name /username: admin","timestamp":"2024-02-08 08:50:08"}
{"level":"info","message":"GET getNroEnlaces for a company name /username: admin","timestamp":"2024-02-08 08:50:14"}
{"level":"info","message":"GET getPlant for número enlace: 2019089 /username: admin","timestamp":"2024-02-08 08:50:14"}
{"level":"info","message":"GET getCompanies from database/username: admin","timestamp":"2024-02-08 09:27:21"}
{"level":"info","message":"GET getParameters from database/username: admin","timestamp":"2024-02-08 09:27:21"}
{"level":"info","message":"GET getUnits from database/username: admin","timestamp":"2024-02-08 09:27:21"}
{"level":"info","message":"GET getNroEnlaces for a company name /username: admin","timestamp":"2024-02-08 09:27:36"}
{"level":"info","message":"GET getNroEnlaces for a company name /username: admin","timestamp":"2024-02-08 09:27:48"}
{"level":"info","message":"GET getPlant for número enlace: 2019089 /username: admin","timestamp":"2024-02-08 09:27:49"}
{"level":"info","message":"GET getPlant for número enlace: 2019089 /username: admin","timestamp":"2024-02-08 09:27:55"}
{"level":"info","message":"GET getNroEnlaces for a company name /username: admin","timestamp":"2024-02-08 09:27:55"}
{"level":"info","message":"GET getPlant for número enlace: 2019089 /username: admin","timestamp":"2024-02-08 09:27:56"}
{"level":"info","message":"GET getCompanies from database/username: admin","timestamp":"2024-02-08 09:28:32"}
{"level":"info","message":"GET getCompanies from database/username: admin","timestamp":"2024-02-08 09:28:33"}
{"level":"info","message":"GET getParameters from database/username: admin","timestamp":"2024-02-08 09:28:33"}
{"level":"info","message":"GET getUnits from database/username: admin","timestamp":"2024-02-08 09:28:33"}
{"level":"info","message":"GET getCompanies from database/username: admin","timestamp":"2024-02-08 09:28:44"}
{"level":"info","message":"GET getCompanies from database/username: admin","timestamp":"2024-02-08 09:28:45"}
{"level":"info","message":"GET getUnits from database/username: admin","timestamp":"2024-02-08 09:28:45"}
{"level":"info","message":"GET getParameters from database/username: admin","timestamp":"2024-02-08 09:28:45"}
{"level":"info","message":"GET getNroEnlaces for a company name /username: admin","timestamp":"2024-02-08 09:28:48"}
{"level":"info","message":"GET getNroEnlaces for a company name /username: admin","timestamp":"2024-02-08 09:28:52"}
{"level":"info","message":"GET getNroEnlaces for a company name /username: admin","timestamp":"2024-02-08 09:28:53"}
{"level":"info","message":"GET getPlant for número enlace: 2019089 /username: admin","timestamp":"2024-02-08 09:28:54"}
{"level":"info","message":"GET getCompanies from database/username: admin","timestamp":"2024-02-08 10:01:25"}
{"level":"info","message":"GET getParameters from database/username: admin","timestamp":"2024-02-08 10:01:26"}
{"level":"info","message":"GET getUnits from database/username: admin","timestamp":"2024-02-08 10:01:26"}
{"level":"info","message":"GET getNroEnlaces for a company name /username: admin","timestamp":"2024-02-08 10:01:48"}
{"level":"info","message":"GET getNroEnlaces for a company name /username: admin","timestamp":"2024-02-08 10:01:52"}
{"level":"info","message":"GET getNroEnlaces for a company name /username: admin","timestamp":"2024-02-08 10:01:52"}
{"level":"info","message":"GET getPlant for número enlace: 2019089 /username: admin","timestamp":"2024-02-08 10:01:54"}
{"level":"info","message":"GET getCompanies from database/username: admin","timestamp":"2024-02-08 10:07:31"}
{"level":"info","message":"GET getParameters from database/username: admin","timestamp":"2024-02-08 10:07:31"}
{"level":"info","message":"GET getUnits from database/username: admin","timestamp":"2024-02-08 10:07:31"}
{"level":"info","message":"GET getNroEnlaces for a company name /username: admin","timestamp":"2024-02-08 10:07:39"}
{"level":"info","message":"GET getCompanies from database/username: admin","timestamp":"2024-02-08 10:10:30"}
{"level":"info","message":"GET getParameters from database/username: admin","timestamp":"2024-02-08 10:10:30"}
{"level":"info","message":"GET getUnits from database/username: admin","timestamp":"2024-02-08 10:10:30"}
{"level":"info","message":"GET getNroEnlaces for a company name /username: admin","timestamp":"2024-02-08 10:10:33"}
{"level":"info","message":"GET getNroEnlaces for a company name /username: admin","timestamp":"2024-02-08 10:10:33"}
{"level":"info","message":"GET getNroEnlaces for a company name /username: admin","timestamp":"2024-02-08 10:10:39"}
{"level":"info","message":"GET getNroEnlaces for a company name /username: admin","timestamp":"2024-02-08 10:10:40"}
{"level":"info","message":"GET getPlant for número enlace: 2019089 /username: admin","timestamp":"2024-02-08 10:10:41"}
{"level":"info","message":"GET getCompanies from database/username: admin","timestamp":"2024-02-08 10:17:27"}
{"level":"info","message":"GET getParameters from database/username: admin","timestamp":"2024-02-08 10:17:27"}
{"level":"info","message":"GET getUnits from database/username: admin","timestamp":"2024-02-08 10:17:27"}
{"level":"info","message":"GET getCompanies from database/username: admin","timestamp":"2024-02-08 10:22:24"}
{"level":"info","message":"GET getParameters from database/username: admin","timestamp":"2024-02-08 10:22:24"}
{"level":"info","message":"GET getUnits from database/username: admin","timestamp":"2024-02-08 10:22:24"}
{"level":"info","message":"GET getCompanies from database/username: admin","timestamp":"2024-02-08 10:23:15"}
{"level":"info","message":"GET getParameters from database/username: admin","timestamp":"2024-02-08 10:23:15"}
{"level":"info","message":"GET getUnits from database/username: admin","timestamp":"2024-02-08 10:23:15"}
{"level":"info","message":"GET getCompanies from database/username: admin","timestamp":"2024-02-08 10:24:38"}
{"level":"info","message":"GET getCompanies from database/username: admin","timestamp":"2024-02-08 10:24:42"}
{"level":"info","message":"GET getParameters from database/username: admin","timestamp":"2024-02-08 10:24:42"}
{"level":"info","message":"GET getUnits from database/username: admin","timestamp":"2024-02-08 10:24:42"}
{"level":"error","message":"Error getNombresPuntos/TypeError: aireRepository.getNombresPuntos is not a function/username: admin","timestamp":"2024-02-08 10:24:42"}
{"level":"info","message":"GET getCompanies from database/username: admin","timestamp":"2024-02-08 10:26:29"}
{"level":"info","message":"GET getParameters from database/username: admin","timestamp":"2024-02-08 10:26:29"}
{"level":"info","message":"GET getUnits from database/username: admin","timestamp":"2024-02-08 10:26:29"}
{"level":"error","message":"Error getNombresPuntos/Error: Error al obtener los nombres de puntos./username: admin","timestamp":"2024-02-08 10:26:29"}
{"level":"info","message":"GET getCompanies from database/username: admin","timestamp":"2024-02-08 10:27:13"}
{"level":"info","message":"GET getParameters from database/username: admin","timestamp":"2024-02-08 10:27:13"}
{"level":"info","message":"GET getUnits from database/username: admin","timestamp":"2024-02-08 10:27:13"}
{"level":"info","message":"GET getNroEnlaces for a company name /username: admin","timestamp":"2024-02-08 10:27:19"}
{"level":"info","message":"GET getNroEnlaces for a company name /username: admin","timestamp":"2024-02-08 10:27:23"}
{"level":"info","message":"GET getNroEnlaces for a company name /username: admin","timestamp":"2024-02-08 10:27:23"}
{"level":"info","message":"GET getPlant for número enlace: 2019089 /username: admin","timestamp":"2024-02-08 10:27:24"}
{"level":"info","message":"GET getCompanies from database/username: admin","timestamp":"2024-02-08 10:31:56"}
{"level":"info","message":"GET getParameters from database/username: admin","timestamp":"2024-02-08 10:31:56"}
{"level":"info","message":"GET getUnits from database/username: admin","timestamp":"2024-02-08 10:31:56"}
{"level":"info","message":"GET getUnits from database/username: admin","timestamp":"2024-02-08 10:32:46"}
{"level":"info","message":"GET getCompanies from database/username: admin","timestamp":"2024-02-08 10:32:46"}
{"level":"info","message":"GET getParameters from database/username: admin","timestamp":"2024-02-08 10:32:46"}
{"level":"info","message":"GET getNroEnlaces for a company name /username: admin","timestamp":"2024-02-08 10:32:49"}
{"level":"info","message":"GET getNroEnlaces for a company name /username: admin","timestamp":"2024-02-08 10:32:52"}
{"level":"info","message":"GET getPlant for número enlace: 2019089 /username: admin","timestamp":"2024-02-08 10:32:54"}
{"level":"info","message":"GET getCompanies from database/username: admin","timestamp":"2024-02-08 10:35:43"}
{"level":"info","message":"GET getUnits from database/username: admin","timestamp":"2024-02-08 10:35:43"}
{"level":"info","message":"GET getParameters from database/username: admin","timestamp":"2024-02-08 10:35:43"}
{"level":"info","message":"GET getNroEnlaces for a company name /username: admin","timestamp":"2024-02-08 10:35:49"}
{"level":"info","message":"GET getNroEnlaces for a company name /username: admin","timestamp":"2024-02-08 10:35:51"}
{"level":"info","message":"GET getPlant for número enlace: 2019089 /username: admin","timestamp":"2024-02-08 10:35:53"}
{"level":"info","message":"GET getCompanies from database/username: admin","timestamp":"2024-02-08 10:36:37"}
{"level":"info","message":"GET getUnits from database/username: admin","timestamp":"2024-02-08 10:36:37"}
{"level":"info","message":"GET getParameters from database/username: admin","timestamp":"2024-02-08 10:36:37"}
{"level":"info","message":"GET getNroEnlaces for a company name /username: admin","timestamp":"2024-02-08 10:36:44"}
{"level":"info","message":"GET getNroEnlaces for a company name /username: admin","timestamp":"2024-02-08 10:36:46"}
{"level":"info","message":"GET getPlant for número enlace: 2019089 /username: admin","timestamp":"2024-02-08 10:36:48"}
{"level":"info","message":"GET getCompanies from database/username: admin","timestamp":"2024-02-08 10:38:06"}
{"level":"info","message":"GET getParameters from database/username: admin","timestamp":"2024-02-08 10:38:06"}
{"level":"info","message":"GET getUnits from database/username: admin","timestamp":"2024-02-08 10:38:06"}
{"level":"info","message":"GET getNroEnlaces for a company name /username: admin","timestamp":"2024-02-08 10:38:09"}
{"level":"info","message":"GET getNroEnlaces for a company name /username: admin","timestamp":"2024-02-08 10:38:16"}
{"level":"info","message":"GET getCompanies from database/username: admin","timestamp":"2024-02-08 10:46:32"}
{"level":"info","message":"GET getParameters from database/username: admin","timestamp":"2024-02-08 10:46:32"}
{"level":"info","message":"GET getUnits from database/username: admin","timestamp":"2024-02-08 10:46:32"}
{"level":"info","message":"GET getNroEnlaces for a company name /username: admin","timestamp":"2024-02-08 10:46:35"}
{"level":"info","message":"GET getNroEnlaces for a company name /username: admin","timestamp":"2024-02-08 10:46:41"}
{"level":"info","message":"GET getPlant for número enlace: 2019089 /username: admin","timestamp":"2024-02-08 10:46:42"}
{"level":"info","message":"GET getCompanies from database/username: admin","timestamp":"2024-02-08 10:47:25"}
{"level":"info","message":"GET getUnits from database/username: admin","timestamp":"2024-02-08 10:47:25"}
{"level":"info","message":"GET getParameters from database/username: admin","timestamp":"2024-02-08 10:47:26"}
{"level":"info","message":"GET getParameters from database/username: admin","timestamp":"2024-02-08 10:49:13"}
{"level":"info","message":"GET getCompanies from database/username: admin","timestamp":"2024-02-08 10:49:13"}
{"level":"info","message":"GET getUnits from database/username: admin","timestamp":"2024-02-08 10:49:13"}
{"level":"info","message":"GET getNroEnlaces for a company name /username: admin","timestamp":"2024-02-08 10:49:14"}
{"level":"info","message":"GET getNroEnlaces for a company name /username: admin","timestamp":"2024-02-08 10:49:18"}
{"level":"info","message":"GET getPlant for número enlace: 2019089 /username: admin","timestamp":"2024-02-08 10:49:19"}
{"level":"info","message":"GET getCompanies from database/username: admin","timestamp":"2024-02-08 10:52:15"}
{"level":"info","message":"GET getParameters from database/username: admin","timestamp":"2024-02-08 10:52:15"}
{"level":"info","message":"GET getUnits from database/username: admin","timestamp":"2024-02-08 10:52:15"}
{"level":"info","message":"GET getNroEnlaces for a company name /username: admin","timestamp":"2024-02-08 10:52:17"}
{"level":"info","message":"GET getNroEnlaces for a company name /username: admin","timestamp":"2024-02-08 10:52:20"}
{"level":"info","message":"GET getNroEnlaces for a company name /username: admin","timestamp":"2024-02-08 10:52:21"}
{"level":"info","message":"GET getPlant for número enlace: 2019089 /username: admin","timestamp":"2024-02-08 10:52:21"}
{"level":"info","message":"GET getCompanies from database/username: admin","timestamp":"2024-02-08 10:53:24"}
{"level":"info","message":"GET getUnits from database/username: admin","timestamp":"2024-02-08 10:53:24"}
{"level":"info","message":"GET getParameters from database/username: admin","timestamp":"2024-02-08 10:53:24"}
{"level":"info","message":"GET getNroEnlaces for a company name /username: admin","timestamp":"2024-02-08 10:53:29"}
{"level":"info","message":"GET getNroEnlaces for a company name /username: admin","timestamp":"2024-02-08 10:53:31"}
{"level":"info","message":"GET getNroEnlaces for a company name /username: admin","timestamp":"2024-02-08 10:53:32"}
{"level":"info","message":"GET getPlant for número enlace: 2019089 /username: admin","timestamp":"2024-02-08 10:53:32"}
{"level":"info","message":"GET getCompanies from database/username: admin","timestamp":"2024-02-08 10:57:39"}
{"level":"info","message":"GET getParameters from database/username: admin","timestamp":"2024-02-08 10:57:39"}
{"level":"info","message":"GET getUnits from database/username: admin","timestamp":"2024-02-08 10:57:39"}
{"level":"info","message":"GET getNroEnlaces for a company name /username: admin","timestamp":"2024-02-08 10:57:41"}
{"level":"info","message":"GET getNroEnlaces for a company name /username: admin","timestamp":"2024-02-08 10:57:44"}
{"level":"info","message":"GET getNroEnlaces for a company name /username: admin","timestamp":"2024-02-08 10:57:45"}
{"level":"info","message":"GET getPlant for número enlace: 2019089 /username: admin","timestamp":"2024-02-08 10:57:46"}
{"level":"info","message":"GET getCompanies from database/username: admin","timestamp":"2024-02-08 10:58:27"}
{"level":"info","message":"GET getCompanies from database/username: admin","timestamp":"2024-02-08 10:58:28"}
{"level":"info","message":"GET getParameters from database/username: admin","timestamp":"2024-02-08 10:58:28"}
{"level":"info","message":"GET getUnits from database/username: admin","timestamp":"2024-02-08 10:58:29"}
{"level":"info","message":"GET getNroEnlaces for a company name /username: admin","timestamp":"2024-02-08 10:58:29"}
{"level":"info","message":"GET getNroEnlaces for a company name /username: admin","timestamp":"2024-02-08 10:58:35"}
{"level":"info","message":"GET getPlant for número enlace: 2019089 /username: admin","timestamp":"2024-02-08 10:58:36"}
{"level":"info","message":"GET getCompanies from database/username: admin","timestamp":"2024-02-08 10:59:36"}
{"level":"info","message":"GET getUnits from database/username: admin","timestamp":"2024-02-08 10:59:36"}
{"level":"info","message":"GET getParameters from database/username: admin","timestamp":"2024-02-08 10:59:36"}
{"level":"info","message":"GET getCompanies from database/username: admin","timestamp":"2024-02-08 11:00:33"}
{"level":"info","message":"GET getParameters from database/username: admin","timestamp":"2024-02-08 11:00:33"}
{"level":"info","message":"GET getUnits from database/username: admin","timestamp":"2024-02-08 11:00:33"}
{"level":"info","message":"GET getNroEnlaces for a company name /username: admin","timestamp":"2024-02-08 11:00:35"}
{"level":"info","message":"GET getNroEnlaces for a company name /username: admin","timestamp":"2024-02-08 11:00:40"}
{"level":"info","message":"GET getPlant for número enlace: 2019089 /username: admin","timestamp":"2024-02-08 11:00:41"}
{"level":"info","message":"GET getCompanies from database/username: admin","timestamp":"2024-02-08 11:00:53"}
{"level":"info","message":"GET getCompanies from database/username: admin","timestamp":"2024-02-08 11:00:54"}
{"level":"info","message":"GET getParameters from database/username: admin","timestamp":"2024-02-08 11:00:54"}
{"level":"info","message":"GET getUnits from database/username: admin","timestamp":"2024-02-08 11:00:54"}
{"level":"info","message":"GET getNroEnlaces for a company name /username: admin","timestamp":"2024-02-08 11:00:56"}
{"level":"info","message":"GET getNroEnlaces for a company name /username: admin","timestamp":"2024-02-08 11:01:01"}
{"level":"info","message":"GET getNroEnlaces for a company name /username: admin","timestamp":"2024-02-08 11:01:02"}
{"level":"info","message":"GET getNroEnlaces for a company name /username: admin","timestamp":"2024-02-08 11:01:03"}
{"level":"info","message":"GET getNroEnlaces for a company name /username: admin","timestamp":"2024-02-08 11:01:09"}
{"level":"info","message":"GET getNroEnlaces for a company name /username: admin","timestamp":"2024-02-08 11:01:10"}
{"level":"info","message":"GET getPlant for número enlace: 2010023 /username: admin","timestamp":"2024-02-08 11:01:10"}
{"level":"info","message":"GET getCompanies from database/username: admin","timestamp":"2024-02-08 11:03:48"}
{"level":"info","message":"GET getCompanies from database/username: admin","timestamp":"2024-02-08 11:03:56"}
{"level":"info","message":"GET getParameters from database/username: admin","timestamp":"2024-02-08 11:03:56"}
{"level":"info","message":"GET getUnits from database/username: admin","timestamp":"2024-02-08 11:03:56"}
{"level":"info","message":"GET getNroEnlaces for a company name /username: admin","timestamp":"2024-02-08 11:03:58"}
{"level":"info","message":"GET getNroEnlaces for a company name /username: admin","timestamp":"2024-02-08 11:04:29"}
{"level":"info","message":"GET getNroEnlaces for a company name /username: admin","timestamp":"2024-02-08 11:04:34"}
{"level":"info","message":"GET getNroEnlaces for a company name /username: admin","timestamp":"2024-02-08 11:04:34"}
{"level":"info","message":"GET getPlant for número enlace: 8182 /username: admin","timestamp":"2024-02-08 11:04:35"}
{"level":"info","message":"GET getCompanies from database/username: admin","timestamp":"2024-02-08 11:40:26"}
{"level":"info","message":"GET getParameters from database/username: admin","timestamp":"2024-02-08 11:40:26"}
{"level":"info","message":"GET getUnits from database/username: admin","timestamp":"2024-02-08 11:40:26"}
{"level":"info","message":"GET getNroEnlaces for a company name /username: admin","timestamp":"2024-02-08 11:40:27"}
{"level":"info","message":"GET getNroEnlaces for a company name /username: admin","timestamp":"2024-02-08 11:40:31"}
{"level":"info","message":"GET getPlant for número enlace: 2019089 /username: admin","timestamp":"2024-02-08 11:40:33"}
{"level":"info","message":"GET getCompanies from database/username: admin","timestamp":"2024-02-08 11:42:14"}
{"level":"info","message":"GET getUnits from database/username: admin","timestamp":"2024-02-08 11:42:14"}
{"level":"info","message":"GET getParameters from database/username: admin","timestamp":"2024-02-08 11:42:14"}
{"level":"info","message":"GET getNroEnlaces for a company name /username: admin","timestamp":"2024-02-08 11:42:15"}
{"level":"info","message":"GET getNroEnlaces for a company name /username: admin","timestamp":"2024-02-08 11:42:19"}
{"level":"info","message":"GET getPlant for número enlace: 2019089 /username: admin","timestamp":"2024-02-08 11:42:20"}
{"level":"info","message":"GET getCompanies from database/username: admin","timestamp":"2024-02-08 11:43:35"}
{"level":"info","message":"GET getParameters from database/username: admin","timestamp":"2024-02-08 11:43:35"}
{"level":"info","message":"GET getUnits from database/username: admin","timestamp":"2024-02-08 11:43:35"}
{"level":"info","message":"GET getNroEnlaces for a company name /username: admin","timestamp":"2024-02-08 11:43:38"}
{"level":"info","message":"GET getNroEnlaces for a company name /username: admin","timestamp":"2024-02-08 11:43:42"}
{"level":"info","message":"GET getPlant for número enlace: 2019089 /username: admin","timestamp":"2024-02-08 11:43:43"}
{"level":"info","message":"GET getCompanies from database/username: admin","timestamp":"2024-02-08 11:44:45"}
{"level":"info","message":"GET getParameters from database/username: admin","timestamp":"2024-02-08 11:44:45"}
{"level":"info","message":"GET getUnits from database/username: admin","timestamp":"2024-02-08 11:44:45"}
{"level":"info","message":"GET getNroEnlaces for a company name /username: admin","timestamp":"2024-02-08 11:44:47"}
{"level":"info","message":"GET getNroEnlaces for a company name /username: admin","timestamp":"2024-02-08 11:44:50"}
{"level":"info","message":"GET getNroEnlaces for a company name /username: admin","timestamp":"2024-02-08 11:44:51"}
{"level":"info","message":"GET getPlant for número enlace: 2019089 /username: admin","timestamp":"2024-02-08 11:44:51"}
{"level":"info","message":"GET getCompanies from database/username: admin","timestamp":"2024-02-08 11:46:41"}
{"level":"info","message":"GET getParameters from database/username: admin","timestamp":"2024-02-08 11:46:41"}
{"level":"info","message":"GET getUnits from database/username: admin","timestamp":"2024-02-08 11:46:41"}
{"level":"info","message":"GET getNroEnlaces for a company name /username: admin","timestamp":"2024-02-08 11:46:43"}
{"level":"info","message":"GET getNroEnlaces for a company name /username: admin","timestamp":"2024-02-08 11:46:47"}
{"level":"info","message":"GET getNroEnlaces for a company name /username: admin","timestamp":"2024-02-08 11:46:48"}
{"level":"info","message":"GET getPlant for número enlace: 2019089 /username: admin","timestamp":"2024-02-08 11:46:49"}
{"level":"info","message":"GET getCompanies from database/username: admin","timestamp":"2024-02-08 11:47:05"}
{"level":"info","message":"GET getParameters from database/username: admin","timestamp":"2024-02-08 11:47:05"}
{"level":"info","message":"GET getUnits from database/username: admin","timestamp":"2024-02-08 11:47:05"}
{"level":"info","message":"GET getNroEnlaces for a company name /username: admin","timestamp":"2024-02-08 11:47:06"}
{"level":"info","message":"GET getNroEnlaces for a company name /username: admin","timestamp":"2024-02-08 11:47:12"}
{"level":"info","message":"GET getPlant for número enlace: 2019089 /username: admin","timestamp":"2024-02-08 11:47:12"}
{"level":"info","message":"GET getCompanies from database/username: admin","timestamp":"2024-02-08 11:49:08"}
{"level":"info","message":"GET getUnits from database/username: admin","timestamp":"2024-02-08 11:49:08"}
{"level":"info","message":"GET getParameters from database/username: admin","timestamp":"2024-02-08 11:49:08"}
{"level":"info","message":"GET getNroEnlaces for a company name /username: admin","timestamp":"2024-02-08 11:49:10"}
{"level":"info","message":"GET getNroEnlaces for a company name /username: admin","timestamp":"2024-02-08 11:49:17"}
{"level":"info","message":"GET getPlant for número enlace: 2019089 /username: admin","timestamp":"2024-02-08 11:49:17"}
{"level":"info","message":"GET getCompanies from database/username: admin","timestamp":"2024-02-08 11:50:29"}
{"level":"info","message":"GET getUnits from database/username: admin","timestamp":"2024-02-08 11:50:29"}
{"level":"info","message":"GET getParameters from database/username: admin","timestamp":"2024-02-08 11:50:29"}
{"level":"info","message":"GET getNroEnlaces for a company name /username: admin","timestamp":"2024-02-08 11:50:30"}
{"level":"info","message":"GET getNroEnlaces for a company name /username: admin","timestamp":"2024-02-08 11:50:34"}
{"level":"info","message":"GET getNroEnlaces for a company name /username: admin","timestamp":"2024-02-08 11:50:34"}
{"level":"info","message":"GET getPlant for número enlace: 2019089 /username: admin","timestamp":"2024-02-08 11:50:35"}
{"level":"info","message":"GET getCompanies from database/username: admin","timestamp":"2024-02-08 11:51:12"}
{"level":"info","message":"GET getParameters from database/username: admin","timestamp":"2024-02-08 11:51:12"}
{"level":"info","message":"GET getUnits from database/username: admin","timestamp":"2024-02-08 11:51:12"}
{"level":"info","message":"GET getNroEnlaces for a company name /username: admin","timestamp":"2024-02-08 11:51:13"}
{"level":"info","message":"GET getNroEnlaces for a company name /username: admin","timestamp":"2024-02-08 11:51:21"}
{"level":"info","message":"GET getPlant for número enlace: 2019089 /username: admin","timestamp":"2024-02-08 11:51:21"}
