{"level":"info","message":"GET getCompanies from database/username: admin","timestamp":"2024-07-29 10:38:51"}
{"level":"info","message":"GET getCompanies from database/username: admin","timestamp":"2024-07-29 10:38:51"}
{"level":"info","message":"GET getAllNroEnlaces  /username: admin","timestamp":"2024-07-29 10:38:51"}
{"level":"info","message":"GET getPlants from database/username: admin","timestamp":"2024-07-29 10:38:51"}
{"level":"info","message":"GET getCompanies from database/username: admin","timestamp":"2024-07-29 10:38:55"}
{"level":"info","message":"GET getStations from database/username: admin","timestamp":"2024-07-29 10:38:58"}
{"level":"info","message":"GET getDepartaments from database/username: admin","timestamp":"2024-07-29 10:41:00"}
{"level":"info","message":"GET getInstitutes from database/username: admin","timestamp":"2024-07-29 10:41:00"}
{"level":"info","message":"GET getPeriods from database/username: admin","timestamp":"2024-07-29 10:41:00"}
{"level":"info","message":"GET getParameters from database/username: admin","timestamp":"2024-07-29 10:41:00"}
{"level":"info","message":"GET getStations from database/username: admin","timestamp":"2024-07-29 10:41:10"}
{"level":"info","message":"GET getStations from database/username: admin","timestamp":"2024-07-29 10:42:40"}
{"level":"info","message":"GET getStations from database/username: admin","timestamp":"2024-07-29 10:42:46"}
{"level":"info","message":"GET getDepartaments from database/username: admin","timestamp":"2024-07-29 10:44:34"}
{"level":"info","message":"GET getInstitutes from database/username: admin","timestamp":"2024-07-29 10:44:34"}
{"level":"info","message":"GET getPeriods from database/username: admin","timestamp":"2024-07-29 10:44:34"}
{"level":"info","message":"GET getParameters from database/username: admin","timestamp":"2024-07-29 10:44:34"}
{"level":"info","message":"GET getStations from database/username: admin","timestamp":"2024-07-29 10:55:15"}
{"level":"info","message":"GET getStations from database/username: admin","timestamp":"2024-07-29 10:55:27"}
{"level":"info","message":"GET getInstitutes from database/username: admin","timestamp":"2024-07-29 10:55:30"}
{"level":"info","message":"GET getPeriods from database/username: admin","timestamp":"2024-07-29 10:55:30"}
{"level":"info","message":"GET getDepartaments from database/username: admin","timestamp":"2024-07-29 10:55:30"}
{"level":"info","message":"GET getParameters from database/username: admin","timestamp":"2024-07-29 10:55:30"}
{"level":"info","message":"GET getStations from database/username: admin","timestamp":"2024-07-29 10:55:34"}
{"level":"info","message":"GET getStations from database/username: admin","timestamp":"2024-07-29 10:55:45"}
{"level":"info","message":"GET getInstitutes from database/username: admin","timestamp":"2024-07-29 10:55:46"}
{"level":"info","message":"GET getDepartaments from database/username: admin","timestamp":"2024-07-29 10:55:46"}
{"level":"info","message":"GET getParameters from database/username: admin","timestamp":"2024-07-29 10:55:46"}
{"level":"info","message":"GET getPeriods from database/username: admin","timestamp":"2024-07-29 10:55:46"}
{"level":"info","message":"GET getDepartaments from database/username: admin","timestamp":"2024-07-29 11:57:10"}
{"level":"info","message":"GET getStations from database/username: admin","timestamp":"2024-07-29 12:27:40"}
