{"level":"info","message":"GET getStations from database/username: admin","timestamp":"2024-04-09 13:20:58"}
{"level":"info","message":"GET getStations from database/username: admin","timestamp":"2024-04-09 13:20:59"}
{"level":"info","message":"GET getReportsStation/codigo/I-BA-D-MC-CAVO01/username: admin","timestamp":"2024-04-09 13:21:02"}
{"level":"info","message":"GET getPeriods from database/username: admin","timestamp":"2024-04-09 13:21:05"}
{"level":"info","message":"GET getParameters from database/username: admin","timestamp":"2024-04-09 13:21:05"}
{"level":"error","message":"Error updateDataReport/ReferenceError: id is not defined/username: admin","timestamp":"2024-04-09 13:21:06"}
{"level":"info","message":"GET getStations from database/username: admin","timestamp":"2024-04-09 13:25:51"}
{"level":"info","message":"GET getStations from database/username: admin","timestamp":"2024-04-09 13:25:53"}
{"level":"info","message":"GET getReportsStation/codigo/I-BA-D-MC-CAVO01/username: admin","timestamp":"2024-04-09 13:25:55"}
{"level":"info","message":"GET getPeriods from database/username: admin","timestamp":"2024-04-09 13:25:56"}
{"level":"info","message":"GET getParameters from database/username: admin","timestamp":"2024-04-09 13:25:56"}
{"level":"error","message":"Error updateDataReport/ReferenceError: parametroEncontrado is not defined/username: admin","timestamp":"2024-04-09 13:25:57"}
{"level":"info","message":"GET getStations from database/username: admin","timestamp":"2024-04-09 13:28:41"}
{"level":"info","message":"GET getStations from database/username: admin","timestamp":"2024-04-09 13:28:42"}
{"level":"info","message":"GET getReportsStation/codigo/I-BA-D-MC-CAVO01/username: admin","timestamp":"2024-04-09 13:28:44"}
{"level":"info","message":"GET getPeriods from database/username: admin","timestamp":"2024-04-09 13:28:45"}
{"level":"info","message":"GET getParameters from database/username: admin","timestamp":"2024-04-09 13:28:45"}
{"level":"error","message":"Error updateDataReport/ReferenceError: parametroEncontrado is not defined/username: admin","timestamp":"2024-04-09 13:28:47"}
{"level":"info","message":"GET getStations from database/username: admin","timestamp":"2024-04-09 13:31:06"}
{"level":"info","message":"GET getStations from database/username: admin","timestamp":"2024-04-09 13:31:07"}
{"level":"info","message":"GET getReportsStation/codigo/I-BA-D-MC-CAVO01/username: admin","timestamp":"2024-04-09 13:31:11"}
{"level":"info","message":"GET getPeriods from database/username: admin","timestamp":"2024-04-09 13:31:12"}
{"level":"info","message":"GET getParameters from database/username: admin","timestamp":"2024-04-09 13:31:12"}
{"level":"info","message":"UPDATE updateDataReport/idData/11571/username: admin","timestamp":"2024-04-09 13:31:13"}
{"level":"info","message":"GET getStations from database/username: admin","timestamp":"2024-04-09 13:32:00"}
{"level":"info","message":"GET getStations from database/username: admin","timestamp":"2024-04-09 13:32:04"}
{"level":"info","message":"GET getReportsStation/codigo/I-BA-D-MC-CAVO01/username: admin","timestamp":"2024-04-09 13:32:07"}
{"level":"info","message":"GET getPeriods from database/username: admin","timestamp":"2024-04-09 13:32:08"}
{"level":"info","message":"GET getParameters from database/username: admin","timestamp":"2024-04-09 13:32:08"}
{"level":"info","message":"UPDATE updateDataReport/idData/11571/username: admin","timestamp":"2024-04-09 13:32:12"}
{"level":"info","message":"GET getStations from database/username: admin","timestamp":"2024-04-09 13:34:19"}
{"level":"info","message":"GET getStations from database/username: admin","timestamp":"2024-04-09 13:34:21"}
{"level":"info","message":"GET getReportsStation/codigo/I-BA-D-MC-CAVO01/username: admin","timestamp":"2024-04-09 13:34:24"}
{"level":"info","message":"GET getPeriods from database/username: admin","timestamp":"2024-04-09 13:34:25"}
{"level":"info","message":"GET getParameters from database/username: admin","timestamp":"2024-04-09 13:34:25"}
{"level":"error","message":"Error updateDataReport/SqlError: (conn=755230, no: 1452, SQLState: 23000) Cannot add or update a child row: a foreign key constraint fails (`discretos_test`.`estacion_aire_medicion`, CONSTRAINT `idParametro_FK` FOREIGN KEY (`idParametro`) REFERENCES `estacion_aire_parametro` (`id`))\nsql: \n      UPDATE estacion_aire_medicion\n      SET idParametro = ?, concentracion = ?, idPeriodo = ?\n      WHERE id = ?\n   - parameters:['PM10','50000',2,11571]/username: admin","timestamp":"2024-04-09 13:34:30"}
{"level":"info","message":"GET getStations from database/username: admin","timestamp":"2024-04-09 13:36:18"}
{"level":"info","message":"GET getStations from database/username: admin","timestamp":"2024-04-09 13:36:21"}
{"level":"info","message":"GET getStations from database/username: admin","timestamp":"2024-04-09 13:36:26"}
{"level":"info","message":"GET getStations from database/username: admin","timestamp":"2024-04-09 13:36:28"}
{"level":"info","message":"GET getReportsStation/codigo/I-BA-D-MC-CAVO01/username: admin","timestamp":"2024-04-09 13:36:31"}
{"level":"info","message":"GET getPeriods from database/username: admin","timestamp":"2024-04-09 13:36:32"}
{"level":"info","message":"GET getParameters from database/username: admin","timestamp":"2024-04-09 13:36:32"}
{"level":"error","message":"Error updateDataReport/SqlError: (conn=755269, no: 1452, SQLState: 23000) Cannot add or update a child row: a foreign key constraint fails (`discretos_test`.`estacion_aire_medicion`, CONSTRAINT `idParametro_FK` FOREIGN KEY (`idParametro`) REFERENCES `estacion_aire_parametro` (`id`))\nsql: \n      UPDATE estacion_aire_medicion\n      SET idParametro = ?, concentracion = ?, idPeriodo = ?\n      WHERE id = ?\n   - parameters:['PM10',50,2,11571]/username: admin","timestamp":"2024-04-09 13:36:34"}
{"level":"info","message":"GET getStations from database/username: admin","timestamp":"2024-04-09 13:37:35"}
{"level":"info","message":"GET getStations from database/username: admin","timestamp":"2024-04-09 13:37:36"}
{"level":"info","message":"GET getReportsStation/codigo/I-BA-D-MC-CAVO01/username: admin","timestamp":"2024-04-09 13:37:38"}
{"level":"info","message":"GET getPeriods from database/username: admin","timestamp":"2024-04-09 13:37:39"}
{"level":"info","message":"GET getParameters from database/username: admin","timestamp":"2024-04-09 13:37:39"}
{"level":"info","message":"UPDATE updateDataReport/idData/11571/username: admin","timestamp":"2024-04-09 13:37:47"}
{"level":"info","message":"GET getReportsStation/codigo/I-BA-D-MC-CAVO01/username: admin","timestamp":"2024-04-09 13:37:52"}
{"level":"info","message":"GET getParameters from database/username: admin","timestamp":"2024-04-09 13:38:20"}
{"level":"info","message":"GET getPeriods from database/username: admin","timestamp":"2024-04-09 13:38:20"}
{"level":"error","message":"Error updateDataReport/SqlError: (conn=755281, no: 1452, SQLState: 23000) Cannot add or update a child row: a foreign key constraint fails (`discretos_test`.`estacion_aire_medicion`, CONSTRAINT `idParametro_FK` FOREIGN KEY (`idParametro`) REFERENCES `estacion_aire_parametro` (`id`))\nsql: \n      UPDATE estacion_aire_medicion\n      SET idParametro = ?, concentracion = ?, idPeriodo = ?\n      WHERE id = ?\n   - parameters:[2014,50000,2,11571]/username: admin","timestamp":"2024-04-09 13:38:23"}
{"level":"info","message":"GET getStations from database/username: admin","timestamp":"2024-04-09 13:39:11"}
{"level":"info","message":"GET getStations from database/username: admin","timestamp":"2024-04-09 13:39:13"}
{"level":"info","message":"GET getReportsStation/codigo/I-BA-D-MC-CAVO01/username: admin","timestamp":"2024-04-09 13:39:16"}
{"level":"info","message":"GET getParameters from database/username: admin","timestamp":"2024-04-09 13:39:18"}
{"level":"info","message":"GET getPeriods from database/username: admin","timestamp":"2024-04-09 13:39:18"}
{"level":"error","message":"Error updateDataReport/SqlError: (conn=755281, no: 1452, SQLState: 23000) Cannot add or update a child row: a foreign key constraint fails (`discretos_test`.`estacion_aire_medicion`, CONSTRAINT `idParametro_FK` FOREIGN KEY (`idParametro`) REFERENCES `estacion_aire_parametro` (`id`))\nsql: \n      UPDATE estacion_aire_medicion\n      SET idParametro = ?, concentracion = ?, idPeriodo = ?\n      WHERE id = ?\n   - parameters:[2014,50,2,11541]/username: admin","timestamp":"2024-04-09 13:39:21"}
{"level":"info","message":"GET getStations from database/username: admin","timestamp":"2024-04-09 13:40:32"}
{"level":"info","message":"GET getStations from database/username: admin","timestamp":"2024-04-09 13:40:34"}
{"level":"info","message":"GET getReportsStation/codigo/I-VI-D-MC-SODO01/username: admin","timestamp":"2024-04-09 13:40:36"}
{"level":"info","message":"GET getPeriods from database/username: admin","timestamp":"2024-04-09 13:40:37"}
{"level":"info","message":"GET getParameters from database/username: admin","timestamp":"2024-04-09 13:40:37"}
{"level":"info","message":"UPDATE updateDataReport/idData/11564/username: admin","timestamp":"2024-04-09 13:40:40"}
{"level":"info","message":"GET getReportsStation/codigo/I-VI-D-MC-SODO01/username: admin","timestamp":"2024-04-09 13:40:45"}
{"level":"info","message":"GET getPeriods from database/username: admin","timestamp":"2024-04-09 13:40:51"}
{"level":"info","message":"GET getParameters from database/username: admin","timestamp":"2024-04-09 13:40:51"}
{"level":"info","message":"UPDATE updateDataReport/idData/11564/username: admin","timestamp":"2024-04-09 13:40:54"}
{"level":"info","message":"GET getReportsStation/codigo/I-VI-D-MC-SODO01/username: admin","timestamp":"2024-04-09 13:40:56"}
{"level":"info","message":"GET getReportsStation/codigo/I-VI-D-MC-SODO01/username: admin","timestamp":"2024-04-09 13:40:57"}
{"level":"info","message":"GET getPeriods from database/username: admin","timestamp":"2024-04-09 13:41:09"}
{"level":"info","message":"GET getParameters from database/username: admin","timestamp":"2024-04-09 13:41:09"}
{"level":"error","message":"Error updateDataReport/SqlError: (conn=755328, no: 1452, SQLState: 23000) Cannot add or update a child row: a foreign key constraint fails (`discretos_test`.`estacion_aire_medicion`, CONSTRAINT `idParametro_FK` FOREIGN KEY (`idParametro`) REFERENCES `estacion_aire_parametro` (`id`))\nsql: \n      UPDATE estacion_aire_medicion\n      SET idParametro = ?, concentracion = ?, idPeriodo = ?\n      WHERE id = ?\n   - parameters:[0,60,2,11564]/username: admin","timestamp":"2024-04-09 13:41:11"}
{"level":"info","message":"GET getStations from database/username: admin","timestamp":"2024-04-09 13:41:49"}
{"level":"info","message":"GET getStations from database/username: admin","timestamp":"2024-04-09 13:41:51"}
{"level":"info","message":"GET getReportsStation/codigo/I-VI-D-MC-SODO01/username: admin","timestamp":"2024-04-09 13:42:17"}
{"level":"info","message":"GET getStations from database/username: admin","timestamp":"2024-04-09 13:42:39"}
{"level":"info","message":"GET getStations from database/username: admin","timestamp":"2024-04-09 13:42:42"}
{"level":"info","message":"GET getReportsStation/codigo/I-VI-D-MC-SODO01/username: admin","timestamp":"2024-04-09 13:42:46"}
{"level":"info","message":"GET getPeriods from database/username: admin","timestamp":"2024-04-09 13:42:47"}
{"level":"info","message":"GET getParameters from database/username: admin","timestamp":"2024-04-09 13:42:47"}
{"level":"info","message":"GET getStations from database/username: admin","timestamp":"2024-04-09 13:53:26"}
{"level":"info","message":"GET getStations from database/username: admin","timestamp":"2024-04-09 13:53:27"}
{"level":"info","message":"GET getReportsStation/codigo/I-BA-D-MC-CAVO01/username: admin","timestamp":"2024-04-09 13:53:30"}
{"level":"info","message":"GET getParameters from database/username: admin","timestamp":"2024-04-09 13:53:31"}
{"level":"info","message":"GET getPeriods from database/username: admin","timestamp":"2024-04-09 13:53:31"}
{"level":"info","message":"GET getStations from database/username: admin","timestamp":"2024-04-09 13:58:44"}
{"level":"info","message":"GET getStations from database/username: admin","timestamp":"2024-04-09 13:58:45"}
{"level":"info","message":"GET getReportsStation/codigo/I-BA-D-MC-CAVO01/username: admin","timestamp":"2024-04-09 13:58:47"}
{"level":"error","message":"Error getParametersByStation/ReferenceError: codigo is not defined/username: admin","timestamp":"2024-04-09 13:58:48"}
{"level":"info","message":"GET getPeriods from database/username: admin","timestamp":"2024-04-09 13:58:48"}
{"level":"info","message":"GET getStations from database/username: admin","timestamp":"2024-04-09 13:59:55"}
{"level":"info","message":"GET getStations from database/username: admin","timestamp":"2024-04-09 13:59:56"}
{"level":"info","message":"GET getReportsStation/codigo/I-BA-D-MC-CAVO01/username: admin","timestamp":"2024-04-09 13:59:59"}
{"level":"info","message":"GET getPeriods from database/username: admin","timestamp":"2024-04-09 14:00:00"}
{"level":"info","message":"GET getStations from database/username: admin","timestamp":"2024-04-09 14:01:28"}
{"level":"info","message":"GET getStations from database/username: admin","timestamp":"2024-04-09 14:01:29"}
{"level":"info","message":"GET getReportsStation/codigo/I-BA-D-MC-CAVO01/username: admin","timestamp":"2024-04-09 14:01:31"}
{"level":"error","message":"Error getParametersByStation/TypeError: Cannot read properties of undefined (reading 'id')/username: admin","timestamp":"2024-04-09 14:01:32"}
{"level":"info","message":"GET getPeriods from database/username: admin","timestamp":"2024-04-09 14:01:32"}
{"level":"info","message":"GET getStations from database/username: admin","timestamp":"2024-04-09 14:02:33"}
{"level":"info","message":"GET getStations from database/username: admin","timestamp":"2024-04-09 14:02:34"}
{"level":"info","message":"GET getReportsStation/codigo/I-BA-D-MC-CAVO01/username: admin","timestamp":"2024-04-09 14:02:37"}
{"level":"info","message":"GET getPeriods from database/username: admin","timestamp":"2024-04-09 14:02:38"}
{"level":"error","message":"Error getParametersByStation/ReferenceError: codigo is not defined/username: admin","timestamp":"2024-04-09 14:02:38"}
{"level":"info","message":"GET getStations from database/username: admin","timestamp":"2024-04-09 14:03:03"}
{"level":"info","message":"GET getStations from database/username: admin","timestamp":"2024-04-09 14:03:04"}
{"level":"info","message":"GET getReportsStation/codigo/I-BA-D-MC-CAVO01/username: admin","timestamp":"2024-04-09 14:03:06"}
{"level":"info","message":"GET getPeriods from database/username: admin","timestamp":"2024-04-09 14:03:07"}
{"level":"error","message":"Error getParametersByStation/ReferenceError: codigo is not defined/username: admin","timestamp":"2024-04-09 14:03:07"}
{"level":"info","message":"GET getStations from database/username: admin","timestamp":"2024-04-09 14:03:57"}
{"level":"info","message":"GET getStations from database/username: admin","timestamp":"2024-04-09 14:03:58"}
{"level":"info","message":"GET getReportsStation/codigo/I-BA-D-MC-CAVO01/username: admin","timestamp":"2024-04-09 14:04:01"}
{"level":"info","message":"GET getPeriods from database/username: admin","timestamp":"2024-04-09 14:04:02"}
{"level":"info","message":"GET getParametersByStation/codigo/undefined/username: admin","timestamp":"2024-04-09 14:04:02"}
{"level":"info","message":"GET getStations from database/username: admin","timestamp":"2024-04-09 14:05:27"}
{"level":"info","message":"GET getStations from database/username: admin","timestamp":"2024-04-09 14:05:28"}
{"level":"info","message":"GET getReportsStation/codigo/I-BA-D-MC-CAVO01/username: admin","timestamp":"2024-04-09 14:05:32"}
{"level":"info","message":"GET getPeriods from database/username: admin","timestamp":"2024-04-09 14:05:33"}
{"level":"info","message":"GET getParametersByStation/codigo/[object Object]/username: admin","timestamp":"2024-04-09 14:05:33"}
{"level":"info","message":"GET getStations from database/username: admin","timestamp":"2024-04-09 14:06:09"}
{"level":"info","message":"GET getStations from database/username: admin","timestamp":"2024-04-09 14:06:10"}
{"level":"info","message":"GET getReportsStation/codigo/I-BA-D-MC-CAVO01/username: admin","timestamp":"2024-04-09 14:06:12"}
{"level":"info","message":"GET getParametersByStation/codigo/undefined/username: admin","timestamp":"2024-04-09 14:06:13"}
{"level":"info","message":"GET getPeriods from database/username: admin","timestamp":"2024-04-09 14:06:13"}
{"level":"info","message":"GET getCompanies from database/username: admin","timestamp":"2024-04-09 14:06:47"}
{"level":"info","message":"GET getStations from database/username: admin","timestamp":"2024-04-09 14:06:48"}
{"level":"info","message":"GET getStations from database/username: admin","timestamp":"2024-04-09 14:06:49"}
{"level":"info","message":"GET getReportsStation/codigo/I-BA-D-MC-CAVO01/username: admin","timestamp":"2024-04-09 14:06:51"}
{"level":"info","message":"GET getPeriods from database/username: admin","timestamp":"2024-04-09 14:06:53"}
{"level":"info","message":"GET getParametersByStation/codigo/undefined/username: admin","timestamp":"2024-04-09 14:06:53"}
{"level":"info","message":"GET getStations from database/username: admin","timestamp":"2024-04-09 14:08:20"}
{"level":"info","message":"GET getStations from database/username: admin","timestamp":"2024-04-09 14:08:21"}
{"level":"info","message":"GET getReportsStation/codigo/I-BA-D-MC-CAVO01/username: admin","timestamp":"2024-04-09 14:08:24"}
{"level":"info","message":"GET getPeriods from database/username: admin","timestamp":"2024-04-09 14:08:25"}
{"level":"info","message":"GET getParametersByStation/codigo/undefined/username: admin","timestamp":"2024-04-09 14:08:25"}
{"level":"info","message":"GET getStations from database/username: admin","timestamp":"2024-04-09 14:12:58"}
{"level":"info","message":"GET getStations from database/username: admin","timestamp":"2024-04-09 14:12:59"}
{"level":"info","message":"GET getReportsStation/codigo/I-BA-D-MC-CAVO01/username: admin","timestamp":"2024-04-09 14:13:01"}
{"level":"info","message":"GET getPeriods from database/username: admin","timestamp":"2024-04-09 14:13:02"}
{"level":"info","message":"GET getParametersByStation/codigo/undefined/username: admin","timestamp":"2024-04-09 14:13:02"}
