{"level":"info","message":"GET getStations from database/username: admin","timestamp":"2024-02-01 12:08:30"}
{"level":"info","message":"GET getStations from database/username: admin","timestamp":"2024-02-01 12:08:39"}
{"level":"info","message":"GET getCompanies from database/username: admin","timestamp":"2024-02-01 12:08:52"}
{"level":"info","message":"GET getCompanies from database/username: admin","timestamp":"2024-02-01 12:08:57"}
{"level":"info","message":"GET getParameters from database/username: admin","timestamp":"2024-02-01 12:08:57"}
{"level":"info","message":"GET getUnits from database/username: admin","timestamp":"2024-02-01 12:08:57"}
{"level":"info","message":"GET getCompanies from database/username: admin","timestamp":"2024-02-01 12:08:58"}
{"level":"info","message":"GET getCompanies from database/username: admin","timestamp":"2024-02-01 12:09:10"}
{"level":"info","message":"GET getUnits from database/username: admin","timestamp":"2024-02-01 12:09:10"}
{"level":"info","message":"GET getParameters from database/username: admin","timestamp":"2024-02-01 12:09:10"}
{"level":"info","message":"GET getCompanies from database/username: admin","timestamp":"2024-02-01 12:09:15"}
{"level":"info","message":"GET getCompanies from database/username: admin","timestamp":"2024-02-01 12:09:19"}
{"level":"info","message":"GET getParameters from database/username: admin","timestamp":"2024-02-01 12:09:19"}
{"level":"info","message":"GET getUnits from database/username: admin","timestamp":"2024-02-01 12:09:19"}
{"level":"info","message":"GET getStations from database/username: admin","timestamp":"2024-02-01 12:09:22"}
{"level":"info","message":"GET getStations from database/username: admin","timestamp":"2024-02-01 12:09:24"}
{"level":"info","message":"GET getStations from database/username: admin","timestamp":"2024-02-01 12:09:30"}
{"level":"info","message":"GET getCompanies from database/username: admin","timestamp":"2024-02-01 12:09:33"}
{"level":"info","message":"GET getParameters from database/username: admin","timestamp":"2024-02-01 12:09:33"}
{"level":"info","message":"GET getUnits from database/username: admin","timestamp":"2024-02-01 12:09:33"}
{"level":"info","message":"GET getCompanies from database/username: admin","timestamp":"2024-02-01 12:09:34"}
{"level":"info","message":"GET getStations from database/username: admin","timestamp":"2024-02-01 12:10:03"}
{"level":"info","message":"GET getStations from database/username: admin","timestamp":"2024-02-01 12:10:16"}
{"level":"info","message":"GET getStations from database/username: admin","timestamp":"2024-02-01 12:10:19"}
{"level":"info","message":"GET getReportsStation/codigo/I-BA-D-MC-CLRB03/username: admin","timestamp":"2024-02-01 12:10:23"}
{"level":"info","message":"GET getStations from database/username: admin","timestamp":"2024-02-01 12:10:29"}
{"level":"info","message":"GET getStations from database/username: admin","timestamp":"2024-02-01 12:10:30"}
{"level":"info","message":"GET getCompanies from database/username: admin","timestamp":"2024-02-01 12:11:24"}
{"level":"info","message":"GET getStations from database/username: admin","timestamp":"2024-02-01 12:11:25"}
