{"level":"info","message":"GET getCompanies from database/username: admin","timestamp":"2024-05-29 11:24:22"}
{"level":"info","message":"GET getAllNroEnlaces  /username: admin","timestamp":"2024-05-29 11:24:22"}
{"level":"info","message":"GET getPlants from database/username: admin","timestamp":"2024-05-29 11:24:23"}
{"level":"info","message":"GET getStations from database/username: admin","timestamp":"2024-05-29 11:24:27"}
{"level":"info","message":"GET getCompanies from database/username: admin","timestamp":"2024-05-29 11:39:17"}
{"level":"info","message":"GET getCompanies from database/username: admin","timestamp":"2024-05-29 11:39:19"}
{"level":"info","message":"GET getAllNroEnlaces  /username: admin","timestamp":"2024-05-29 11:39:19"}
{"level":"info","message":"GET getPlants from database/username: admin","timestamp":"2024-05-29 11:39:19"}
{"level":"info","message":"GET getCompanies from database/username: admin","timestamp":"2024-05-29 11:39:21"}
{"level":"info","message":"GET getParameters from database/username: admin","timestamp":"2024-05-29 11:39:21"}
{"level":"info","message":"GET getUnits from database/username: admin","timestamp":"2024-05-29 11:39:21"}
{"level":"info","message":"GET getStations from database/username: admin","timestamp":"2024-05-29 11:39:23"}
{"level":"info","message":"GET getCompanies from database/username: admin","timestamp":"2024-05-29 11:52:36"}
{"level":"info","message":"GET getCompanies from database/username: admin","timestamp":"2024-05-29 11:52:39"}
{"level":"info","message":"GET getParameters from database/username: admin","timestamp":"2024-05-29 11:52:39"}
{"level":"info","message":"GET getUnits from database/username: admin","timestamp":"2024-05-29 11:52:39"}
{"level":"info","message":"GET getStations from database/username: admin","timestamp":"2024-05-29 11:52:41"}
{"level":"info","message":"GET getCompanies from database/username: admin","timestamp":"2024-05-29 12:23:43"}
{"level":"info","message":"GET getPlants from database/username: admin","timestamp":"2024-05-29 12:23:43"}
{"level":"info","message":"GET getAllNroEnlaces  /username: admin","timestamp":"2024-05-29 12:23:43"}
{"level":"info","message":"GET getCompanies from database/username: admin","timestamp":"2024-05-29 12:23:51"}
{"level":"info","message":"GET getCompanies from database/username: admin","timestamp":"2024-05-29 12:23:52"}
{"level":"info","message":"GET getParameters from database/username: admin","timestamp":"2024-05-29 12:23:52"}
{"level":"info","message":"GET getUnits from database/username: admin","timestamp":"2024-05-29 12:23:52"}
{"level":"info","message":"GET getStations from database/username: admin","timestamp":"2024-05-29 12:23:54"}
{"level":"info","message":"GET getStations from database/username: admin","timestamp":"2024-05-29 12:24:19"}
{"level":"info","message":"GET getStations from database/username: admin","timestamp":"2024-05-29 12:27:41"}
{"level":"info","message":"GET getCompanies from database/username: admin","timestamp":"2024-05-29 13:19:49"}
{"level":"info","message":"GET getParameters from database/username: admin","timestamp":"2024-05-29 13:19:49"}
{"level":"info","message":"GET getUnits from database/username: admin","timestamp":"2024-05-29 13:19:49"}
{"level":"info","message":"GET getStations from database/username: admin","timestamp":"2024-05-29 13:19:50"}
{"level":"info","message":"GET getCompanies from database/username: admin","timestamp":"2024-05-29 13:22:29"}
{"level":"info","message":"GET getAllNroEnlaces  /username: admin","timestamp":"2024-05-29 13:22:31"}
{"level":"info","message":"GET getCompanies from database/username: admin","timestamp":"2024-05-29 13:22:31"}
{"level":"info","message":"GET getPlants from database/username: admin","timestamp":"2024-05-29 13:22:31"}
{"level":"info","message":"GET getCompanies from database/username: admin","timestamp":"2024-05-29 13:22:35"}
{"level":"info","message":"GET getParameters from database/username: admin","timestamp":"2024-05-29 13:22:35"}
{"level":"info","message":"GET getUnits from database/username: admin","timestamp":"2024-05-29 13:22:35"}
{"level":"info","message":"GET getStations from database/username: admin","timestamp":"2024-05-29 13:22:36"}
{"level":"info","message":"GET getCompanies from database/username: admin","timestamp":"2024-05-29 13:46:31"}
{"level":"info","message":"GET getStations from database/username: admin","timestamp":"2024-05-29 13:46:35"}
{"level":"info","message":"GET getStations from database/username: admin","timestamp":"2024-05-29 13:47:15"}
