{"level":"info","message":"Start migration aire report, every day at 6:05 am","timestamp":"2023-11-08 11:21:00"}
{"code":"ER_NO_REFERENCED_ROW_2","errno":1452,"fatal":false,"level":"error","message":"Error running task migration. (conn=1322791, no: 1452, SQLState: 23000) Cannot add or update a child row: a foreign key constraint fails (`datos_discretos`.`monitoreo_calidad_aire_iao`, CONSTRAINT `idUnidad_monitoreo_FK` FOREIGN KEY (`idUnidad`) REFERENCES `unidad` (`id_unidad`))\nsql: INSERT INTO monitoreo_calidad_aire_iao\n       SET nombrePunto = ?,\n           latitud  = ?,\n           longitud   = ?,\n           fechaInicio     = ?,\n           fechaFin     = ?,\n           idParametro     = ?,\n           idUnidad     = ?,\n           valo...","name":"SqlError","sql":"INSERT INTO monitoreo_calidad_aire_iao\n       SET nombrePunto = ?,\n           latitud  = ?,\n           longitud   = ?,\n           fechaInicio     = ?,\n           fechaFin     = ?,\n           idParametro     = ?,\n           idUnidad     = ?,\n           valo...","sqlMessage":"Cannot add or update a child row: a foreign key constraint fails (`datos_discretos`.`monitoreo_calidad_aire_iao`, CONSTRAINT `idUnidad_monitoreo_FK` FOREIGN KEY (`idUnidad`) REFERENCES `unidad` (`id_unidad`))","sqlState":"23000","stack":"SqlError: (conn=1322791, no: 1452, SQLState: 23000) Cannot add or update a child row: a foreign key constraint fails (`datos_discretos`.`monitoreo_calidad_aire_iao`, CONSTRAINT `idUnidad_monitoreo_FK` FOREIGN KEY (`idUnidad`) REFERENCES `unidad` (`id_unidad`))\nsql: INSERT INTO monitoreo_calidad_aire_iao\n       SET nombrePunto = ?,\n           latitud  = ?,\n           longitud   = ?,\n           fechaInicio     = ?,\n           fechaFin     = ?,\n           idParametro     = ?,\n           idUnidad     = ?,\n           valo...\n    at module.exports.createError (C:\\Users\\mauro.teixeira\\Documents\\Ambiente\\Backend\\shared\\connectionMariaDB\\node_modules\\mariadb\\lib\\misc\\errors.js:61:10)\n    at PacketNodeEncoded.readError (C:\\Users\\mauro.teixeira\\Documents\\Ambiente\\Backend\\shared\\connectionMariaDB\\node_modules\\mariadb\\lib\\io\\packet.js:572:19)\n    at Execute.readResponsePacket (C:\\Users\\mauro.teixeira\\Documents\\Ambiente\\Backend\\shared\\connectionMariaDB\\node_modules\\mariadb\\lib\\cmd\\parser.js:55:28)\n    at PacketInputStream.receivePacketBasic (C:\\Users\\mauro.teixeira\\Documents\\Ambiente\\Backend\\shared\\connectionMariaDB\\node_modules\\mariadb\\lib\\io\\packet-input-stream.js:82:9)\n    at PacketInputStream.onData (C:\\Users\\mauro.teixeira\\Documents\\Ambiente\\Backend\\shared\\connectionMariaDB\\node_modules\\mariadb\\lib\\io\\packet-input-stream.js:132:20)\n    at Socket.emit (node:events:513:28)\n    at addChunk (node:internal/streams/readable:324:12)\n    at readableAddChunk (node:internal/streams/readable:297:9)\n    at Readable.push (node:internal/streams/readable:234:10)\n    at TCP.onStreamRead (node:internal/stream_base_commons:190:23)","timestamp":"2023-11-08 11:23:27"}
{"level":"info","message":"Start migration aire report, every day at 6:05 am","timestamp":"2023-11-08 11:24:40"}
{"level":"info","message":"Start migration aire report, every day at 6:05 am","timestamp":"2023-11-08 11:27:40"}
{"level":"info","message":"Aire report migrated, idPlant: 31797 ,dateStartReport: \"2023-06-01\",\n          dateEndReport: \"2023-05-31\" ,nombrePunto: \"P1\" ,valor: 0 ","timestamp":"2023-11-08 11:28:04"}
{"level":"info","message":"Aire report migrated, idPlant: 31797 ,dateStartReport: \"2023-03-20\",\n          dateEndReport: \"2023-03-21\" ,nombrePunto: \"P1\" ,valor: \"-0.0002\" ","timestamp":"2023-11-08 11:28:11"}
{"level":"info","message":"Start migration aire report, every day at 6:05 am","timestamp":"2023-11-08 11:29:40"}
{"level":"info","message":"Start migration aire report, every day at 6:05 am","timestamp":"2023-11-08 11:36:30"}
{"level":"info","message":"Aire report migrated, idPlant: 31764 ,dateStartReport: \"2023-06-08\",\n          dateEndReport: \"2023-06-09\" ,nombrePunto: \"P2\" ,valor: \"21\" ","timestamp":"2023-11-08 11:39:29"}
{"level":"info","message":"Aire report migrated, idPlant: 31764 ,dateStartReport: \"2023-04-03\",\n          dateEndReport: \"2023-04-04\" ,nombrePunto: \"P3\" ,valor: \"15\" ","timestamp":"2023-11-08 11:39:29"}
{"level":"info","message":"Aire report migrated, idPlant: 31764 ,dateStartReport: \"2023-01-17\",\n          dateEndReport: \"2023-01-18\" ,nombrePunto: \"P3\" ,valor: \"60\" ","timestamp":"2023-11-08 11:39:29"}
{"level":"info","message":"Aire report migrated, idPlant: 31764 ,dateStartReport: \"2023-01-17\",\n          dateEndReport: \"2023-01-18\" ,nombrePunto: \"P3\" ,valor: \"8\" ","timestamp":"2023-11-08 11:39:29"}
{"level":"info","message":"Aire report migrated, idPlant: 31764 ,dateStartReport: \"2023-01-17\",\n          dateEndReport: \"2023-01-18\" ,nombrePunto: \"P3\" ,valor: \"4\" ","timestamp":"2023-11-08 11:39:29"}
{"level":"info","message":"Aire report migrated, idPlant: 31764 ,dateStartReport: \"2023-02-08\",\n          dateEndReport: \"2023-02-09\" ,nombrePunto: \"P1\" ,valor: \"20\" ","timestamp":"2023-11-08 11:39:29"}
{"level":"info","message":"Aire report migrated, idPlant: 31764 ,dateStartReport: \"2023-02-08\",\n          dateEndReport: \"2023-02-09\" ,nombrePunto: \"P1\" ,valor: \"34\" ","timestamp":"2023-11-08 11:39:29"}
{"level":"info","message":"Aire report migrated, idPlant: 31764 ,dateStartReport: \"2023-02-08\",\n          dateEndReport: \"2023-02-09\" ,nombrePunto: \"P2\" ,valor: \"22\" ","timestamp":"2023-11-08 11:39:29"}
{"level":"info","message":"Aire report migrated, idPlant: 31764 ,dateStartReport: \"2023-02-08\",\n          dateEndReport: \"2023-02-09\" ,nombrePunto: \"P2\" ,valor: \"15\" ","timestamp":"2023-11-08 11:39:29"}
{"level":"info","message":"Aire report migrated, idPlant: 31764 ,dateStartReport: \"2023-02-20\",\n          dateEndReport: \"2023-02-21\" ,nombrePunto: \"P3\" ,valor: \"25\" ","timestamp":"2023-11-08 11:39:29"}
{"level":"info","message":"Aire report migrated, idPlant: 31764 ,dateStartReport: \"2023-02-20\",\n          dateEndReport: \"2023-02-21\" ,nombrePunto: \"P3\" ,valor: \"18\" ","timestamp":"2023-11-08 11:39:29"}
{"level":"info","message":"Aire report migrated, idPlant: 31764 ,dateStartReport: \"2023-04-04\",\n          dateEndReport: \"2023-04-05\" ,nombrePunto: \"P1\" ,valor: \"49\" ","timestamp":"2023-11-08 11:39:29"}
{"level":"info","message":"Aire report migrated, idPlant: 31764 ,dateStartReport: \"2023-04-04\",\n          dateEndReport: \"2023-04-05\" ,nombrePunto: \"P1\" ,valor: \"15\" ","timestamp":"2023-11-08 11:39:29"}
{"level":"info","message":"Aire report migrated, idPlant: 31764 ,dateStartReport: \"2023-06-08\",\n          dateEndReport: \"2023-06-09\" ,nombrePunto: \"P1\" ,valor: \"32\" ","timestamp":"2023-11-08 11:39:29"}
{"level":"info","message":"Aire report migrated, idPlant: 31764 ,dateStartReport: \"2023-06-08\",\n          dateEndReport: \"2023-06-09\" ,nombrePunto: \"P1\" ,valor: \"20\" ","timestamp":"2023-11-08 11:39:29"}
{"level":"info","message":"Aire report migrated, idPlant: 31764 ,dateStartReport: \"2023-04-03\",\n          dateEndReport: \"2023-04-04\" ,nombrePunto: \"P2\" ,valor: \"45\" ","timestamp":"2023-11-08 11:39:29"}
{"level":"info","message":"Aire report migrated, idPlant: 31764 ,dateStartReport: \"2023-06-08\",\n          dateEndReport: \"2023-06-09\" ,nombrePunto: \"P3\" ,valor: \"43\" ","timestamp":"2023-11-08 11:39:29"}
{"level":"info","message":"Aire report migrated, idPlant: 31764 ,dateStartReport: \"2023-04-03\",\n          dateEndReport: \"2023-04-04\" ,nombrePunto: \"P2\" ,valor: \"30\" ","timestamp":"2023-11-08 11:39:29"}
{"level":"info","message":"Aire report migrated, idPlant: 31764 ,dateStartReport: \"2023-06-08\",\n          dateEndReport: \"2023-06-09\" ,nombrePunto: \"P2\" ,valor: \"29\" ","timestamp":"2023-11-08 11:39:29"}
{"level":"info","message":"Aire report migrated, idPlant: 31764 ,dateStartReport: \"2023-01-16\",\n          dateEndReport: \"2023-01-17\" ,nombrePunto: \"P1\" ,valor: \"500\" ","timestamp":"2023-11-08 11:39:30"}
{"level":"info","message":"Aire report migrated, idPlant: 31764 ,dateStartReport: \"2023-01-16\",\n          dateEndReport: \"2023-01-17\" ,nombrePunto: \"P1\" ,valor: \"200\" ","timestamp":"2023-11-08 11:39:30"}
{"level":"info","message":"Aire report migrated, idPlant: 31764 ,dateStartReport: \"2023-01-16\",\n          dateEndReport: \"2023-01-17\" ,nombrePunto: \"P1\" ,valor: \"30\" ","timestamp":"2023-11-08 11:39:30"}
{"level":"info","message":"Aire report migrated, idPlant: 31764 ,dateStartReport: \"2023-01-16\",\n          dateEndReport: \"2023-01-17\" ,nombrePunto: \"P1\" ,valor: \"10\" ","timestamp":"2023-11-08 11:39:30"}
{"level":"info","message":"Aire report migrated, idPlant: 31764 ,dateStartReport: \"2023-01-16\",\n          dateEndReport: \"2023-01-17\" ,nombrePunto: \"P1\" ,valor: \"3\" ","timestamp":"2023-11-08 11:39:30"}
{"level":"info","message":"Aire report migrated, idPlant: 31764 ,dateStartReport: \"2023-01-18\",\n          dateEndReport: \"2023-01-19\" ,nombrePunto: \"P2\" ,valor: \"250\" ","timestamp":"2023-11-08 11:39:30"}
{"level":"info","message":"Aire report migrated, idPlant: 31764 ,dateStartReport: \"2023-01-18\",\n          dateEndReport: \"2023-01-19\" ,nombrePunto: \"P2\" ,valor: \"3\" ","timestamp":"2023-11-08 11:39:30"}
{"level":"info","message":"Aire report migrated, idPlant: 31764 ,dateStartReport: \"2023-01-18\",\n          dateEndReport: \"2023-01-19\" ,nombrePunto: \"P2\" ,valor: \"10\" ","timestamp":"2023-11-08 11:39:30"}
{"level":"info","message":"Aire report migrated, idPlant: 31764 ,dateStartReport: \"2023-01-18\",\n          dateEndReport: \"2023-01-19\" ,nombrePunto: \"P2\" ,valor: \"100\" ","timestamp":"2023-11-08 11:39:30"}
{"level":"info","message":"Aire report migrated, idPlant: 31764 ,dateStartReport: \"2023-06-08\",\n          dateEndReport: \"2023-06-09\" ,nombrePunto: \"P3\" ,valor: \"31\" ","timestamp":"2023-11-08 11:39:30"}
{"level":"info","message":"Aire report migrated, idPlant: 31764 ,dateStartReport: \"2023-01-18\",\n          dateEndReport: \"2023-01-19\" ,nombrePunto: \"P2\" ,valor: \"5\" ","timestamp":"2023-11-08 11:39:30"}
{"level":"info","message":"Aire report migrated, idPlant: 31764 ,dateStartReport: \"2023-01-17\",\n          dateEndReport: \"2023-01-18\" ,nombrePunto: \"P3\" ,valor: \"1300\" ","timestamp":"2023-11-08 11:39:30"}
{"level":"info","message":"Aire report migrated, idPlant: 31764 ,dateStartReport: \"2023-01-17\",\n          dateEndReport: \"2023-01-18\" ,nombrePunto: \"P3\" ,valor: \"400\" ","timestamp":"2023-11-08 11:39:30"}
{"level":"info","message":"Aire report migrated, idPlant: 31764 ,dateStartReport: \"2023-01-17\",\n          dateEndReport: \"2023-01-18\" ,nombrePunto: \"P3\" ,valor: \"15\" ","timestamp":"2023-11-08 11:39:30"}
{"level":"info","message":"Aire report migrated, idPlant: 31764 ,dateStartReport: \"2023-01-17\",\n          dateEndReport: \"2023-01-18\" ,nombrePunto: \"P3\" ,valor: \"10\" ","timestamp":"2023-11-08 11:39:30"}
{"level":"info","message":"Aire report migrated, idPlant: 31764 ,dateStartReport: \"2022-08-09\",\n          dateEndReport: \"2022-08-10\" ,nombrePunto: \"P2\" ,valor: \"18\" ","timestamp":"2023-11-08 11:39:30"}
{"level":"info","message":"Aire report migrated, idPlant: 31764 ,dateStartReport: \"2022-08-10\",\n          dateEndReport: \"2022-08-11\" ,nombrePunto: \"P1\" ,valor: \"20\" ","timestamp":"2023-11-08 11:39:30"}
{"level":"info","message":"Aire report migrated, idPlant: 31764 ,dateStartReport: \"2022-08-09\",\n          dateEndReport: \"2022-08-10\" ,nombrePunto: \"P2\" ,valor: \"2500\" ","timestamp":"2023-11-08 11:39:30"}
{"level":"info","message":"Aire report migrated, idPlant: 31764 ,dateStartReport: \"2022-08-10\",\n          dateEndReport: \"2022-08-11\" ,nombrePunto: \"P1\" ,valor: \"30\" ","timestamp":"2023-11-08 11:39:30"}
{"level":"info","message":"Aire report migrated, idPlant: 31764 ,dateStartReport: \"2022-08-10\",\n          dateEndReport: \"2022-08-11\" ,nombrePunto: \"P1\" ,valor: \"450\" ","timestamp":"2023-11-08 11:39:30"}
{"level":"info","message":"Aire report migrated, idPlant: 31764 ,dateStartReport: \"2022-08-11\",\n          dateEndReport: \"2022-08-12\" ,nombrePunto: \"P3\" ,valor: \"10\" ","timestamp":"2023-11-08 11:39:30"}
{"level":"info","message":"Aire report migrated, idPlant: 31764 ,dateStartReport: \"2022-08-11\",\n          dateEndReport: \"2022-08-12\" ,nombrePunto: \"P3\" ,valor: \"15\" ","timestamp":"2023-11-08 11:39:30"}
{"level":"info","message":"Aire report migrated, idPlant: 31764 ,dateStartReport: \"2022-08-11\",\n          dateEndReport: \"2022-08-12\" ,nombrePunto: \"P3\" ,valor: \"90\" ","timestamp":"2023-11-08 11:39:30"}
{"level":"info","message":"Aire report migrated, idPlant: 31764 ,dateStartReport: \"2022-08-11\",\n          dateEndReport: \"2022-08-12\" ,nombrePunto: \"P3\" ,valor: \"20\" ","timestamp":"2023-11-08 11:39:30"}
{"level":"info","message":"Aire report migrated, idPlant: 31764 ,dateStartReport: \"2022-08-11\",\n          dateEndReport: \"2022-08-12\" ,nombrePunto: \"P3\" ,valor: \"27\" ","timestamp":"2023-11-08 11:39:30"}
{"level":"info","message":"Aire report migrated, idPlant: 31764 ,dateStartReport: \"2022-08-11\",\n          dateEndReport: \"2022-08-12\" ,nombrePunto: \"P3\" ,valor: \"950\" ","timestamp":"2023-11-08 11:39:30"}
{"level":"info","message":"Aire report migrated, idPlant: 31764 ,dateStartReport: \"2022-08-09\",\n          dateEndReport: \"2022-08-10\" ,nombrePunto: \"P2\" ,valor: \"45\" ","timestamp":"2023-11-08 11:39:30"}
{"level":"info","message":"Aire report migrated, idPlant: 31764 ,dateStartReport: \"2022-08-09\",\n          dateEndReport: \"2022-08-10\" ,nombrePunto: \"P2\" ,valor: \"180\" ","timestamp":"2023-11-08 11:39:31"}
{"level":"info","message":"Aire report migrated, idPlant: 31764 ,dateStartReport: \"2022-08-09\",\n          dateEndReport: \"2022-08-10\" ,nombrePunto: \"P2\" ,valor: \"20\" ","timestamp":"2023-11-08 11:39:31"}
{"level":"info","message":"Aire report migrated, idPlant: 31764 ,dateStartReport: \"2022-08-10\",\n          dateEndReport: \"2022-08-11\" ,nombrePunto: \"P1\" ,valor: \"10\" ","timestamp":"2023-11-08 11:39:31"}
{"level":"info","message":"Aire report migrated, idPlant: 31764 ,dateStartReport: \"2022-08-10\",\n          dateEndReport: \"2022-08-11\" ,nombrePunto: \"P1\" ,valor: \"15\" ","timestamp":"2023-11-08 11:39:31"}
{"level":"info","message":"Aire report migrated, idPlant: 31764 ,dateStartReport: \"2022-02-23\",\n          dateEndReport: \"2022-02-24\" ,nombrePunto: \"P3\" ,valor: \"20\" ","timestamp":"2023-11-08 11:39:31"}
{"level":"info","message":"Aire report migrated, idPlant: 31764 ,dateStartReport: \"2022-02-21\",\n          dateEndReport: \"2022-02-22\" ,nombrePunto: \"P1\" ,valor: \"1700\" ","timestamp":"2023-11-08 11:39:31"}
{"level":"info","message":"Aire report migrated, idPlant: 31764 ,dateStartReport: \"2022-02-22\",\n          dateEndReport: \"2022-02-23\" ,nombrePunto: \"P2\" ,valor: \"26\" ","timestamp":"2023-11-08 11:39:31"}
{"level":"info","message":"Aire report migrated, idPlant: 31764 ,dateStartReport: \"2022-02-22\",\n          dateEndReport: \"2022-02-23\" ,nombrePunto: \"P2\" ,valor: \"5\" ","timestamp":"2023-11-08 11:39:31"}
{"level":"info","message":"Aire report migrated, idPlant: 31764 ,dateStartReport: \"2022-02-22\",\n          dateEndReport: \"2022-02-23\" ,nombrePunto: \"P2\" ,valor: \"2\" ","timestamp":"2023-11-08 11:39:31"}
{"level":"info","message":"Aire report migrated, idPlant: 31764 ,dateStartReport: \"2022-02-22\",\n          dateEndReport: \"2022-02-23\" ,nombrePunto: \"P2\" ,valor: \"20\" ","timestamp":"2023-11-08 11:39:31"}
{"level":"info","message":"Aire report migrated, idPlant: 31764 ,dateStartReport: \"2022-02-22\",\n          dateEndReport: \"2022-02-23\" ,nombrePunto: \"P2\" ,valor: \"1800\" ","timestamp":"2023-11-08 11:39:31"}
{"level":"info","message":"Aire report migrated, idPlant: 31764 ,dateStartReport: \"2022-02-22\",\n          dateEndReport: \"2022-02-23\" ,nombrePunto: \"P2\" ,valor: \"15\" ","timestamp":"2023-11-08 11:39:31"}
{"level":"info","message":"Aire report migrated, idPlant: 31764 ,dateStartReport: \"2022-02-23\",\n          dateEndReport: \"2022-02-24\" ,nombrePunto: \"P3\" ,valor: \"15\" ","timestamp":"2023-11-08 11:39:31"}
{"level":"info","message":"Aire report migrated, idPlant: 31764 ,dateStartReport: \"2022-02-23\",\n          dateEndReport: \"2022-02-24\" ,nombrePunto: \"P3\" ,valor: \"5\" ","timestamp":"2023-11-08 11:39:31"}
{"level":"info","message":"Aire report migrated, idPlant: 31764 ,dateStartReport: \"2022-02-23\",\n          dateEndReport: \"2022-02-24\" ,nombrePunto: \"P3\" ,valor: \"2\" ","timestamp":"2023-11-08 11:39:31"}
{"level":"info","message":"Aire report migrated, idPlant: 31764 ,dateStartReport: \"2022-02-23\",\n          dateEndReport: \"2022-02-24\" ,nombrePunto: \"P3\" ,valor: \"2000\" ","timestamp":"2023-11-08 11:39:31"}
{"level":"info","message":"Aire report migrated, idPlant: 31764 ,dateStartReport: \"2022-02-21\",\n          dateEndReport: \"2022-02-22\" ,nombrePunto: \"P1\" ,valor: \"15\" ","timestamp":"2023-11-08 11:39:31"}
{"level":"info","message":"Aire report migrated, idPlant: 31764 ,dateStartReport: \"2022-02-21\",\n          dateEndReport: \"2022-02-22\" ,nombrePunto: \"P1\" ,valor: \"23\" ","timestamp":"2023-11-08 11:39:31"}
{"level":"info","message":"Aire report migrated, idPlant: 31764 ,dateStartReport: \"2022-02-21\",\n          dateEndReport: \"2022-02-22\" ,nombrePunto: \"P1\" ,valor: \"20\" ","timestamp":"2023-11-08 11:39:31"}
{"level":"info","message":"Aire report migrated, idPlant: 31764 ,dateStartReport: \"2022-02-21\",\n          dateEndReport: \"2022-02-22\" ,nombrePunto: \"P1\" ,valor: \"5\" ","timestamp":"2023-11-08 11:39:31"}
{"level":"info","message":"Aire report migrated, idPlant: 31764 ,dateStartReport: \"2022-02-21\",\n          dateEndReport: \"2022-02-22\" ,nombrePunto: \"P1\" ,valor: \"2\" ","timestamp":"2023-11-08 11:39:31"}
{"level":"info","message":"Aire report migrated, idPlant: 31764 ,dateStartReport: \"2021-12-27\",\n          dateEndReport: \"2021-12-28\" ,nombrePunto: \"P1\" ,valor: \"0.015\" ","timestamp":"2023-11-08 11:39:31"}
{"level":"info","message":"Aire report migrated, idPlant: 31764 ,dateStartReport: \"2021-10-12\",\n          dateEndReport: \"2021-10-13\" ,nombrePunto: \"P1\" ,valor: \"0.034\" ","timestamp":"2023-11-08 11:39:31"}
{"level":"info","message":"Aire report migrated, idPlant: 31764 ,dateStartReport: \"2021-10-12\",\n          dateEndReport: \"2021-10-13\" ,nombrePunto: \"P1\" ,valor: \"0.071\" ","timestamp":"2023-11-08 11:39:31"}
{"level":"info","message":"Aire report migrated, idPlant: 31764 ,dateStartReport: \"2021-08-24\",\n          dateEndReport: \"2021-08-25\" ,nombrePunto: \"P1\" ,valor: \"0.054\" ","timestamp":"2023-11-08 11:39:31"}
{"level":"info","message":"Aire report migrated, idPlant: 31764 ,dateStartReport: \"2021-12-27\",\n          dateEndReport: \"2021-12-28\" ,nombrePunto: \"P2\" ,valor: \"0.015\" ","timestamp":"2023-11-08 11:39:32"}
{"level":"info","message":"Aire report migrated, idPlant: 31764 ,dateStartReport: \"2021-12-27\",\n          dateEndReport: \"2021-12-28\" ,nombrePunto: \"P2\" ,valor: \"0.025\" ","timestamp":"2023-11-08 11:39:32"}
{"level":"info","message":"Aire report migrated, idPlant: 31764 ,dateStartReport: \"2021-10-12\",\n          dateEndReport: \"2021-10-13\" ,nombrePunto: \"P2\" ,valor: \"0.036\" ","timestamp":"2023-11-08 11:39:32"}
{"level":"info","message":"Aire report migrated, idPlant: 31764 ,dateStartReport: \"2021-10-12\",\n          dateEndReport: \"2021-10-13\" ,nombrePunto: \"P2\" ,valor: \"0.067\" ","timestamp":"2023-11-08 11:39:32"}
{"level":"info","message":"Aire report migrated, idPlant: 31764 ,dateStartReport: \"2021-08-26\",\n          dateEndReport: \"2021-08-27\" ,nombrePunto: \"P2\" ,valor: \"0.042\" ","timestamp":"2023-11-08 11:39:32"}
{"level":"info","message":"Aire report migrated, idPlant: 31764 ,dateStartReport: \"2021-08-26\",\n          dateEndReport: \"2021-08-27\" ,nombrePunto: \"P2\" ,valor: \"0.085\" ","timestamp":"2023-11-08 11:39:32"}
{"level":"info","message":"Aire report migrated, idPlant: 31764 ,dateStartReport: \"2021-07-06\",\n          dateEndReport: \"2021-07-07\" ,nombrePunto: \"P2\" ,valor: \"0.005\" ","timestamp":"2023-11-08 11:39:32"}
{"level":"info","message":"Aire report migrated, idPlant: 31764 ,dateStartReport: \"2021-07-07\",\n          dateEndReport: \"2021-07-08\" ,nombrePunto: \"P3\" ,valor: \"2.5\" ","timestamp":"2023-11-08 11:39:32"}
{"level":"info","message":"Aire report migrated, idPlant: 31764 ,dateStartReport: \"2021-07-05\",\n          dateEndReport: \"2021-07-06\" ,nombrePunto: \"P1\" ,valor: \"1\" ","timestamp":"2023-11-08 11:39:32"}
{"level":"info","message":"Aire report migrated, idPlant: 31764 ,dateStartReport: \"2021-07-07\",\n          dateEndReport: \"2021-07-08\" ,nombrePunto: \"P3\" ,valor: \"0.02\" ","timestamp":"2023-11-08 11:39:32"}
{"level":"info","message":"Aire report migrated, idPlant: 31764 ,dateStartReport: \"2021-07-07\",\n          dateEndReport: \"2021-07-08\" ,nombrePunto: \"P3\" ,valor: \"0.003\" ","timestamp":"2023-11-08 11:39:32"}
{"level":"info","message":"Aire report migrated, idPlant: 31764 ,dateStartReport: \"2021-07-07\",\n          dateEndReport: \"2021-07-08\" ,nombrePunto: \"P3\" ,valor: \"0.005\" ","timestamp":"2023-11-08 11:39:32"}
{"level":"info","message":"Aire report migrated, idPlant: 31764 ,dateStartReport: \"2021-08-26\",\n          dateEndReport: \"2021-08-27\" ,nombrePunto: \"P3\" ,valor: \"0.069\" ","timestamp":"2023-11-08 11:39:32"}
{"level":"info","message":"Aire report migrated, idPlant: 31764 ,dateStartReport: \"2021-08-26\",\n          dateEndReport: \"2021-08-27\" ,nombrePunto: \"P3\" ,valor: \"0.055\" ","timestamp":"2023-11-08 11:39:32"}
{"level":"info","message":"Aire report migrated, idPlant: 31764 ,dateStartReport: \"2021-10-13\",\n          dateEndReport: \"2021-10-14\" ,nombrePunto: \"P3\" ,valor: \"0.046\" ","timestamp":"2023-11-08 11:39:32"}
{"level":"info","message":"Aire report migrated, idPlant: 31764 ,dateStartReport: \"2021-10-13\",\n          dateEndReport: \"2021-10-14\" ,nombrePunto: \"P3\" ,valor: \"0.038\" ","timestamp":"2023-11-08 11:39:32"}
{"level":"info","message":"Aire report migrated, idPlant: 31764 ,dateStartReport: \"2021-12-27\",\n          dateEndReport: \"2021-12-28\" ,nombrePunto: \"P3\" ,valor: \"0.055\" ","timestamp":"2023-11-08 11:39:32"}
{"level":"info","message":"Aire report migrated, idPlant: 31764 ,dateStartReport: \"2021-12-27\",\n          dateEndReport: \"2021-12-28\" ,nombrePunto: \"P3\" ,valor: \"0.022\" ","timestamp":"2023-11-08 11:39:32"}
{"level":"info","message":"Aire report migrated, idPlant: 31764 ,dateStartReport: \"2021-07-05\",\n          dateEndReport: \"2021-07-06\" ,nombrePunto: \"P1\" ,valor: \"0.02\" ","timestamp":"2023-11-08 11:39:32"}
{"level":"info","message":"Aire report migrated, idPlant: 31764 ,dateStartReport: \"2021-07-05\",\n          dateEndReport: \"2021-07-06\" ,nombrePunto: \"P1\" ,valor: \"0.002\" ","timestamp":"2023-11-08 11:39:32"}
{"level":"info","message":"Aire report migrated, idPlant: 31764 ,dateStartReport: \"2021-07-05\",\n          dateEndReport: \"2021-07-06\" ,nombrePunto: \"P1\" ,valor: \"0.005\" ","timestamp":"2023-11-08 11:39:32"}
{"level":"info","message":"Aire report migrated, idPlant: 31764 ,dateStartReport: \"2021-08-24\",\n          dateEndReport: \"2021-08-25\" ,nombrePunto: \"P1\" ,valor: \"0.057\" ","timestamp":"2023-11-08 11:39:32"}
{"level":"info","message":"Aire report migrated, idPlant: 31764 ,dateStartReport: \"2021-07-06\",\n          dateEndReport: \"2021-07-07\" ,nombrePunto: \"P2\" ,valor: \"0.02\" ","timestamp":"2023-11-08 11:39:32"}
{"level":"info","message":"Aire report migrated, idPlant: 31764 ,dateStartReport: \"2021-07-06\",\n          dateEndReport: \"2021-07-07\" ,nombrePunto: \"P2\" ,valor: \"2\" ","timestamp":"2023-11-08 11:39:32"}
{"level":"info","message":"Aire report migrated, idPlant: 31764 ,dateStartReport: \"2021-06-09\",\n          dateEndReport: \"2021-06-10\" ,nombrePunto: \"P2\" ,valor: \"0.024\" ","timestamp":"2023-11-08 11:39:32"}
{"level":"info","message":"Aire report migrated, idPlant: 31764 ,dateStartReport: \"2021-01-20\",\n          dateEndReport: \"2021-01-21\" ,nombrePunto: \"P2\" ,valor: \"0.45\" ","timestamp":"2023-11-08 11:39:32"}
{"level":"info","message":"Aire report migrated, idPlant: 31764 ,dateStartReport: \"2021-01-20\",\n          dateEndReport: \"2021-01-21\" ,nombrePunto: \"P2\" ,valor: \"0.25\" ","timestamp":"2023-11-08 11:39:32"}
{"level":"info","message":"Aire report migrated, idPlant: 31764 ,dateStartReport: \"2021-01-19\",\n          dateEndReport: \"2021-01-20\" ,nombrePunto: \"P1\" ,valor: \"0.25\" ","timestamp":"2023-11-08 11:39:32"}
{"level":"info","message":"Aire report migrated, idPlant: 31764 ,dateStartReport: \"2021-04-05\",\n          dateEndReport: \"2021-04-06\" ,nombrePunto: \"P2\" ,valor: \"0.072\" ","timestamp":"2023-11-08 11:39:32"}
{"level":"info","message":"Aire report migrated, idPlant: 31764 ,dateStartReport: \"2021-04-05\",\n          dateEndReport: \"2021-04-06\" ,nombrePunto: \"P2\" ,valor: \"0.032\" ","timestamp":"2023-11-08 11:39:33"}
{"level":"info","message":"Aire report migrated, idPlant: 31764 ,dateStartReport: \"2021-01-21\",\n          dateEndReport: \"2021-01-22\" ,nombrePunto: \"P3\" ,valor: \"2.5\" ","timestamp":"2023-11-08 11:39:33"}
{"level":"info","message":"Aire report migrated, idPlant: 31764 ,dateStartReport: \"2021-01-21\",\n          dateEndReport: \"2021-01-22\" ,nombrePunto: \"P3\" ,valor: \"0.052\" ","timestamp":"2023-11-08 11:39:33"}
{"level":"info","message":"Aire report migrated, idPlant: 31764 ,dateStartReport: \"2021-01-21\",\n          dateEndReport: \"2021-01-22\" ,nombrePunto: \"P3\" ,valor: \"0.13\" ","timestamp":"2023-11-08 11:39:33"}
{"level":"info","message":"Aire report migrated, idPlant: 31764 ,dateStartReport: \"2021-02-25\",\n          dateEndReport: \"2021-02-26\" ,nombrePunto: \"P3\" ,valor: \"0.015\" ","timestamp":"2023-11-08 11:39:33"}
{"level":"info","message":"Aire report migrated, idPlant: 31764 ,dateStartReport: \"2021-04-05\",\n          dateEndReport: \"2021-04-06\" ,nombrePunto: \"P3\" ,valor: \"0.047\" ","timestamp":"2023-11-08 11:39:33"}
{"level":"info","message":"Aire report migrated, idPlant: 31764 ,dateStartReport: \"2021-04-05\",\n          dateEndReport: \"2021-04-06\" ,nombrePunto: \"P3\" ,valor: \"0.055\" ","timestamp":"2023-11-08 11:39:33"}
{"level":"info","message":"Aire report migrated, idPlant: 31764 ,dateStartReport: \"2021-01-19\",\n          dateEndReport: \"2021-01-20\" ,nombrePunto: \"P1\" ,valor: \"0.01\" ","timestamp":"2023-11-08 11:39:33"}
{"level":"info","message":"Aire report migrated, idPlant: 31764 ,dateStartReport: \"2021-01-19\",\n          dateEndReport: \"2021-01-20\" ,nombrePunto: \"P1\" ,valor: \"0.025\" ","timestamp":"2023-11-08 11:39:33"}
{"level":"info","message":"Aire report migrated, idPlant: 31764 ,dateStartReport: \"2021-01-19\",\n          dateEndReport: \"2021-01-20\" ,nombrePunto: \"P1\" ,valor: \"0.315\" ","timestamp":"2023-11-08 11:39:33"}
{"level":"info","message":"Aire report migrated, idPlant: 31764 ,dateStartReport: \"2021-04-06\",\n          dateEndReport: \"2021-04-07\" ,nombrePunto: \"P1\" ,valor: \"0.027\" ","timestamp":"2023-11-08 11:39:33"}
{"level":"info","message":"Aire report migrated, idPlant: 31764 ,dateStartReport: \"2021-04-06\",\n          dateEndReport: \"2021-04-07\" ,nombrePunto: \"P1\" ,valor: \"0.048\" ","timestamp":"2023-11-08 11:39:33"}
{"level":"info","message":"Aire report migrated, idPlant: 31764 ,dateStartReport: \"2021-02-24\",\n          dateEndReport: \"2021-02-25\" ,nombrePunto: \"P1\" ,valor: \"0.079\" ","timestamp":"2023-11-08 11:39:33"}
{"level":"info","message":"Aire report migrated, idPlant: 31764 ,dateStartReport: \"2021-02-24\",\n          dateEndReport: \"2021-02-25\" ,nombrePunto: \"P1\" ,valor: \"0.068\" ","timestamp":"2023-11-08 11:39:33"}
{"level":"info","message":"Aire report migrated, idPlant: 31764 ,dateStartReport: \"2021-01-20\",\n          dateEndReport: \"2021-01-21\" ,nombrePunto: \"P2\" ,valor: \"0.015\" ","timestamp":"2023-11-08 11:39:33"}
{"level":"info","message":"Aire report migrated, idPlant: 31764 ,dateStartReport: \"2021-01-20\",\n          dateEndReport: \"2021-01-21\" ,nombrePunto: \"P2\" ,valor: \"0.02\" ","timestamp":"2023-11-08 11:39:33"}
{"level":"info","message":"Aire report migrated, idPlant: 31764 ,dateStartReport: \"2021-02-24\",\n          dateEndReport: \"2021-02-25\" ,nombrePunto: \"P2\" ,valor: \"0.041\" ","timestamp":"2023-11-08 11:39:33"}
{"level":"info","message":"Aire report migrated, idPlant: 31764 ,dateStartReport: \"2021-02-24\",\n          dateEndReport: \"2021-02-25\" ,nombrePunto: \"P2\" ,valor: \"0.042\" ","timestamp":"2023-11-08 11:39:33"}
{"level":"info","message":"Aire report migrated, idPlant: 31764 ,dateStartReport: \"2021-06-11\",\n          dateEndReport: \"2021-06-12\" ,nombrePunto: \"P1\" ,valor: \"0.051\" ","timestamp":"2023-11-08 11:39:33"}
{"level":"info","message":"Aire report migrated, idPlant: 31764 ,dateStartReport: \"2021-06-11\",\n          dateEndReport: \"2021-06-12\" ,nombrePunto: \"P1\" ,valor: \"0.085\" ","timestamp":"2023-11-08 11:39:33"}
{"level":"info","message":"Aire report migrated, idPlant: 31764 ,dateStartReport: \"2021-02-24\",\n          dateEndReport: \"2021-02-25\" ,nombrePunto: \"P1\" ,valor: \"0.8\" ","timestamp":"2023-11-08 11:39:33"}
{"level":"info","message":"Aire report migrated, idPlant: 31764 ,dateStartReport: \"2021-02-24\",\n          dateEndReport: \"2021-02-25\" ,nombrePunto: \"P1\" ,valor: \"0.08\" ","timestamp":"2023-11-08 11:39:33"}
{"level":"info","message":"Aire report migrated, idPlant: 31764 ,dateStartReport: \"2021-02-24\",\n          dateEndReport: \"2021-02-25\" ,nombrePunto: \"P1\" ,valor: \"0.115\" ","timestamp":"2023-11-08 11:39:33"}
{"level":"info","message":"Aire report migrated, idPlant: 31764 ,dateStartReport: \"2021-02-24\",\n          dateEndReport: \"2021-02-25\" ,nombrePunto: \"P1\" ,valor: \"0.014\" ","timestamp":"2023-11-08 11:39:33"}
{"level":"info","message":"Aire report migrated, idPlant: 31764 ,dateStartReport: \"2021-06-09\",\n          dateEndReport: \"2021-06-10\" ,nombrePunto: \"P2\" ,valor: \"0.045\" ","timestamp":"2023-11-08 11:39:33"}
{"level":"info","message":"Aire report migrated, idPlant: 31764 ,dateStartReport: \"2021-01-21\",\n          dateEndReport: \"2021-01-22\" ,nombrePunto: \"P3\" ,valor: \"0.01\" ","timestamp":"2023-11-08 11:39:33"}
{"level":"info","message":"Aire report migrated, idPlant: 31764 ,dateStartReport: \"2021-06-10\",\n          dateEndReport: \"2021-06-11\" ,nombrePunto: \"P3\" ,valor: \"0.046\" ","timestamp":"2023-11-08 11:39:33"}
{"level":"info","message":"Aire report migrated, idPlant: 31764 ,dateStartReport: \"2021-06-10\",\n          dateEndReport: \"2021-06-11\" ,nombrePunto: \"P3\" ,valor: \"0.081\" ","timestamp":"2023-11-08 11:39:33"}
{"level":"info","message":"Aire report migrated, idPlant: 31764 ,dateStartReport: \"2020-02-03\",\n          dateEndReport: \"2020-02-04\" ,nombrePunto: \"P1\" ,valor: \"0.03\" ","timestamp":"2023-11-08 11:39:34"}
{"level":"info","message":"Aire report migrated, idPlant: 31764 ,dateStartReport: \"2020-10-05\",\n          dateEndReport: \"2020-10-06\" ,nombrePunto: \"P3\" ,valor: \"0.055\" ","timestamp":"2023-11-08 11:39:34"}
{"level":"info","message":"Aire report migrated, idPlant: 31764 ,dateStartReport: \"2020-12-09\",\n          dateEndReport: \"2020-12-10\" ,nombrePunto: \"P1\" ,valor: \"0.072\" ","timestamp":"2023-11-08 11:39:34"}
{"level":"info","message":"Aire report migrated, idPlant: 31764 ,dateStartReport: \"2020-12-09\",\n          dateEndReport: \"2020-12-10\" ,nombrePunto: \"P1\" ,valor: \"0.084\" ","timestamp":"2023-11-08 11:39:34"}
{"level":"info","message":"Aire report migrated, idPlant: 31764 ,dateStartReport: \"2020-12-08\",\n          dateEndReport: \"2020-12-09\" ,nombrePunto: \"P3\" ,valor: \"0.032\" ","timestamp":"2023-11-08 11:39:34"}
{"level":"info","message":"Aire report migrated, idPlant: 31764 ,dateStartReport: \"2020-12-08\",\n          dateEndReport: \"2020-12-09\" ,nombrePunto: \"P3\" ,valor: \"0.064\" ","timestamp":"2023-11-08 11:39:34"}
{"level":"info","message":"Aire report migrated, idPlant: 31764 ,dateStartReport: \"2020-07-14\",\n          dateEndReport: \"2020-07-15\" ,nombrePunto: \"P3\" ,valor: \"0.01\" ","timestamp":"2023-11-08 11:39:34"}
{"level":"info","message":"Aire report migrated, idPlant: 31764 ,dateStartReport: \"2020-12-08\",\n          dateEndReport: \"2020-12-09\" ,nombrePunto: \"P2\" ,valor: \"0.064\" ","timestamp":"2023-11-08 11:39:34"}
{"level":"info","message":"Aire report migrated, idPlant: 31764 ,dateStartReport: \"2020-12-08\",\n          dateEndReport: \"2020-12-09\" ,nombrePunto: \"P2\" ,valor: \"0.073\" ","timestamp":"2023-11-08 11:39:34"}
{"level":"info","message":"Aire report migrated, idPlant: 31764 ,dateStartReport: \"2020-10-07\",\n          dateEndReport: \"2020-10-08\" ,nombrePunto: \"P2\" ,valor: \"0.03\" ","timestamp":"2023-11-08 11:39:34"}
{"level":"info","message":"Aire report migrated, idPlant: 31764 ,dateStartReport: \"2020-07-13\",\n          dateEndReport: \"2020-07-14\" ,nombrePunto: \"P2\" ,valor: \"0.03\" ","timestamp":"2023-11-08 11:39:34"}
{"level":"info","message":"Aire report migrated, idPlant: 31764 ,dateStartReport: \"2020-07-13\",\n          dateEndReport: \"2020-07-14\" ,nombrePunto: \"P2\" ,valor: \"0.01\" ","timestamp":"2023-11-08 11:39:34"}
{"level":"info","message":"Aire report migrated, idPlant: 31764 ,dateStartReport: \"2020-07-15\",\n          dateEndReport: \"2020-07-16\" ,nombrePunto: \"P1\" ,valor: \"0.12\" ","timestamp":"2023-11-08 11:39:34"}
{"level":"info","message":"Aire report migrated, idPlant: 31764 ,dateStartReport: \"2020-10-06\",\n          dateEndReport: \"2020-10-07\" ,nombrePunto: \"P1\" ,valor: \"0.018\" ","timestamp":"2023-11-08 11:39:34"}
{"level":"info","message":"Aire report migrated, idPlant: 31764 ,dateStartReport: \"2020-10-06\",\n          dateEndReport: \"2020-10-07\" ,nombrePunto: \"P1\" ,valor: \"0.03\" ","timestamp":"2023-11-08 11:39:34"}
{"level":"info","message":"Aire report migrated, idPlant: 31764 ,dateStartReport: \"2020-07-15\",\n          dateEndReport: \"2020-07-16\" ,nombrePunto: \"P1\" ,valor: \"0.032\" ","timestamp":"2023-11-08 11:39:34"}
{"level":"info","message":"Aire report migrated, idPlant: 31764 ,dateStartReport: \"2020-07-15\",\n          dateEndReport: \"2020-07-16\" ,nombrePunto: \"P1\" ,valor: \"0.018\" ","timestamp":"2023-11-08 11:39:34"}
{"level":"info","message":"Aire report migrated, idPlant: 31764 ,dateStartReport: \"2020-07-15\",\n          dateEndReport: \"2020-07-16\" ,nombrePunto: \"P1\" ,valor: \"0.03\" ","timestamp":"2023-11-08 11:39:34"}
{"level":"info","message":"Aire report migrated, idPlant: 31764 ,dateStartReport: \"2020-07-15\",\n          dateEndReport: \"2020-07-16\" ,nombrePunto: \"P1\" ,valor: \"0.01\" ","timestamp":"2023-11-08 11:39:34"}
{"level":"info","message":"Aire report migrated, idPlant: 31764 ,dateStartReport: \"2020-07-15\",\n          dateEndReport: \"2020-07-16\" ,nombrePunto: \"P1\" ,valor: \"1.15\" ","timestamp":"2023-11-08 11:39:34"}
{"level":"info","message":"Aire report migrated, idPlant: 31764 ,dateStartReport: \"2020-04-15\",\n          dateEndReport: \"2020-04-16\" ,nombrePunto: \"P3\" ,valor: \"0.03\" ","timestamp":"2023-11-08 11:39:34"}
{"level":"info","message":"Aire report migrated, idPlant: 31764 ,dateStartReport: \"2020-02-03\",\n          dateEndReport: \"2020-02-04\" ,nombrePunto: \"P3\" ,valor: \"0.03\" ","timestamp":"2023-11-08 11:39:34"}
{"level":"info","message":"Aire report migrated, idPlant: 31764 ,dateStartReport: \"2020-01-13\",\n          dateEndReport: \"2020-01-14\" ,nombrePunto: \"P3\" ,valor: \"0.035\" ","timestamp":"2023-11-08 11:39:34"}
{"level":"info","message":"Aire report migrated, idPlant: 31764 ,dateStartReport: \"2020-04-16\",\n          dateEndReport: \"2020-04-17\" ,nombrePunto: \"P2\" ,valor: \"0.03\" ","timestamp":"2023-11-08 11:39:34"}
{"level":"info","message":"Aire report migrated, idPlant: 31764 ,dateStartReport: \"2020-04-16\",\n          dateEndReport: \"2020-04-17\" ,nombrePunto: \"P2\" ,valor: \"0.049\" ","timestamp":"2023-11-08 11:39:34"}
{"level":"info","message":"Aire report migrated, idPlant: 31764 ,dateStartReport: \"2020-02-04\",\n          dateEndReport: \"2020-02-05\" ,nombrePunto: \"P2\" ,valor: \"0.08\" ","timestamp":"2023-11-08 11:39:34"}
{"level":"info","message":"Aire report migrated, idPlant: 31764 ,dateStartReport: \"2020-02-04\",\n          dateEndReport: \"2020-02-05\" ,nombrePunto: \"P2\" ,valor: \"0.045\" ","timestamp":"2023-11-08 11:39:34"}
{"level":"info","message":"Aire report migrated, idPlant: 31764 ,dateStartReport: \"2020-01-17\",\n          dateEndReport: \"2020-01-18\" ,nombrePunto: \"P2\" ,valor: \"0.06\" ","timestamp":"2023-11-08 11:39:34"}
{"level":"info","message":"Aire report migrated, idPlant: 31764 ,dateStartReport: \"2020-01-17\",\n          dateEndReport: \"2020-01-18\" ,nombrePunto: \"P2\" ,valor: \"0.01\" ","timestamp":"2023-11-08 11:39:34"}
{"level":"info","message":"Aire report migrated, idPlant: 31764 ,dateStartReport: \"2020-01-17\",\n          dateEndReport: \"2020-01-18\" ,nombrePunto: \"P2\" ,valor: \"0.065\" ","timestamp":"2023-11-08 11:39:35"}
{"level":"info","message":"Aire report migrated, idPlant: 31764 ,dateStartReport: \"2020-01-17\",\n          dateEndReport: \"2020-01-18\" ,nombrePunto: \"P2\" ,valor: \"3.6\" ","timestamp":"2023-11-08 11:39:35"}
{"level":"info","message":"Aire report migrated, idPlant: 31764 ,dateStartReport: \"2020-01-13\",\n          dateEndReport: \"2020-01-14\" ,nombrePunto: \"P3\" ,valor: \"0.06\" ","timestamp":"2023-11-08 11:39:35"}
{"level":"info","message":"Aire report migrated, idPlant: 31764 ,dateStartReport: \"2020-01-13\",\n          dateEndReport: \"2020-01-14\" ,nombrePunto: \"P3\" ,valor: \"2.2\" ","timestamp":"2023-11-08 11:39:35"}
{"level":"info","message":"Aire report migrated, idPlant: 31764 ,dateStartReport: \"2020-07-14\",\n          dateEndReport: \"2020-07-15\" ,nombrePunto: \"P3\" ,valor: \"0.085\" ","timestamp":"2023-11-08 11:39:35"}
{"level":"info","message":"Aire report migrated, idPlant: 31764 ,dateStartReport: \"2020-07-14\",\n          dateEndReport: \"2020-07-15\" ,nombrePunto: \"P3\" ,valor: \"0.053\" ","timestamp":"2023-11-08 11:39:35"}
{"level":"info","message":"Aire report migrated, idPlant: 31764 ,dateStartReport: \"2020-07-14\",\n          dateEndReport: \"2020-07-15\" ,nombrePunto: \"P3\" ,valor: \"0.03\" ","timestamp":"2023-11-08 11:39:35"}
{"level":"info","message":"Aire report migrated, idPlant: 31764 ,dateStartReport: \"2020-07-13\",\n          dateEndReport: \"2020-07-14\" ,nombrePunto: \"P2\" ,valor: \"0.022\" ","timestamp":"2023-11-08 11:39:35"}
{"level":"info","message":"Aire report migrated, idPlant: 31764 ,dateStartReport: \"2020-10-07\",\n          dateEndReport: \"2020-10-08\" ,nombrePunto: \"P2\" ,valor: \"0.054\" ","timestamp":"2023-11-08 11:39:35"}
{"level":"info","message":"Aire report migrated, idPlant: 31764 ,dateStartReport: \"2020-07-13\",\n          dateEndReport: \"2020-07-14\" ,nombrePunto: \"P2\" ,valor: \"0.035\" ","timestamp":"2023-11-08 11:39:35"}
{"level":"info","message":"Aire report migrated, idPlant: 31764 ,dateStartReport: \"2020-10-05\",\n          dateEndReport: \"2020-10-06\" ,nombrePunto: \"P3\" ,valor: \"0.028\" ","timestamp":"2023-11-08 11:39:35"}
{"level":"info","message":"Aire report migrated, idPlant: 31764 ,dateStartReport: \"2020-07-14\",\n          dateEndReport: \"2020-07-15\" ,nombrePunto: \"P3\" ,valor: \"0.1\" ","timestamp":"2023-11-08 11:39:35"}
{"level":"info","message":"Aire report migrated, idPlant: 31764 ,dateStartReport: \"2020-01-16\",\n          dateEndReport: \"2020-01-17\" ,nombrePunto: \"P1\" ,valor: \"0.006\" ","timestamp":"2023-11-08 11:39:35"}
{"level":"info","message":"Aire report migrated, idPlant: 31764 ,dateStartReport: \"2020-01-16\",\n          dateEndReport: \"2020-01-17\" ,nombrePunto: \"P1\" ,valor: \"2.5\" ","timestamp":"2023-11-08 11:39:35"}
{"level":"info","message":"Aire report migrated, idPlant: 31764 ,dateStartReport: \"2020-07-14\",\n          dateEndReport: \"2020-07-15\" ,nombrePunto: \"P3\" ,valor: \"1.38\" ","timestamp":"2023-11-08 11:39:35"}
{"level":"info","message":"Aire report migrated, idPlant: 31764 ,dateStartReport: \"2020-07-13\",\n          dateEndReport: \"2020-07-14\" ,nombrePunto: \"P2\" ,valor: \"0.45\" ","timestamp":"2023-11-08 11:39:35"}
{"level":"info","message":"Aire report migrated, idPlant: 31764 ,dateStartReport: \"2020-04-17\",\n          dateEndReport: \"2020-04-18\" ,nombrePunto: \"P1\" ,valor: \"0.03\" ","timestamp":"2023-11-08 11:39:35"}
{"level":"info","message":"Aire report migrated, idPlant: 31764 ,dateStartReport: \"2020-04-17\",\n          dateEndReport: \"2020-04-18\" ,nombrePunto: \"P1\" ,valor: \"0.095\" ","timestamp":"2023-11-08 11:39:35"}
{"level":"info","message":"Aire report migrated, idPlant: 31764 ,dateStartReport: \"2020-02-03\",\n          dateEndReport: \"2020-02-04\" ,nombrePunto: \"P1\" ,valor: \"0.07\" ","timestamp":"2023-11-08 11:39:35"}
{"level":"info","message":"Aire report migrated, idPlant: 31764 ,dateStartReport: \"2020-01-13\",\n          dateEndReport: \"2020-01-14\" ,nombrePunto: \"P3\" ,valor: \"0.01\" ","timestamp":"2023-11-08 11:39:35"}
{"level":"info","message":"Aire report migrated, idPlant: 31764 ,dateStartReport: \"2020-02-03\",\n          dateEndReport: \"2020-02-04\" ,nombrePunto: \"P3\" ,valor: \"0.065\" ","timestamp":"2023-11-08 11:39:35"}
{"level":"info","message":"Aire report migrated, idPlant: 31764 ,dateStartReport: \"2020-01-16\",\n          dateEndReport: \"2020-01-17\" ,nombrePunto: \"P1\" ,valor: \"0.01\" ","timestamp":"2023-11-08 11:39:35"}
{"level":"info","message":"Aire report migrated, idPlant: 31764 ,dateStartReport: \"2020-01-16\",\n          dateEndReport: \"2020-01-17\" ,nombrePunto: \"P1\" ,valor: \"0.06\" ","timestamp":"2023-11-08 11:39:35"}
{"level":"info","message":"Aire report migrated, idPlant: 31764 ,dateStartReport: \"2019-12-03\",\n          dateEndReport: \"2019-12-04\" ,nombrePunto: \"P1\" ,valor: \"0.03\" ","timestamp":"2023-11-08 11:39:36"}
{"level":"info","message":"Aire report migrated, idPlant: 31764 ,dateStartReport: \"2019-07-02\",\n          dateEndReport: \"2019-07-03\" ,nombrePunto: \"P2\" ,valor: \"2.4\" ","timestamp":"2023-11-08 11:39:36"}
{"level":"info","message":"Aire report migrated, idPlant: 31764 ,dateStartReport: \"2019-08-13\",\n          dateEndReport: \"2019-08-14\" ,nombrePunto: \"P2\" ,valor: \"0.03\" ","timestamp":"2023-11-08 11:39:36"}
{"level":"info","message":"Aire report migrated, idPlant: 31764 ,dateStartReport: \"2019-07-01\",\n          dateEndReport: \"2019-07-02\" ,nombrePunto: \"P3\" ,valor: \"2.8\" ","timestamp":"2023-11-08 11:39:36"}
{"level":"info","message":"Aire report migrated, idPlant: 31764 ,dateStartReport: \"2019-10-07\",\n          dateEndReport: \"2019-10-07\" ,nombrePunto: \"P1\" ,valor: \"0.079\" ","timestamp":"2023-11-08 11:39:36"}
{"level":"info","message":"Aire report migrated, idPlant: 31764 ,dateStartReport: \"2019-10-07\",\n          dateEndReport: \"2019-10-07\" ,nombrePunto: \"P3\" ,valor: \"0.085\" ","timestamp":"2023-11-08 11:39:36"}
{"level":"info","message":"Aire report migrated, idPlant: 31764 ,dateStartReport: \"2019-10-07\",\n          dateEndReport: \"2019-10-07\" ,nombrePunto: \"P3\" ,valor: \"0.054\" ","timestamp":"2023-11-08 11:39:36"}
{"level":"info","message":"Aire report migrated, idPlant: 31764 ,dateStartReport: \"2019-12-02\",\n          dateEndReport: \"2019-12-03\" ,nombrePunto: \"P3\" ,valor: \"0.03\" ","timestamp":"2023-11-08 11:39:36"}
{"level":"info","message":"Aire report migrated, idPlant: 31764 ,dateStartReport: \"2019-07-02\",\n          dateEndReport: \"2019-07-03\" ,nombrePunto: \"P2\" ,valor: \"0.002\" ","timestamp":"2023-11-08 11:39:36"}
{"level":"info","message":"Aire report migrated, idPlant: 31764 ,dateStartReport: \"2019-07-02\",\n          dateEndReport: \"2019-07-03\" ,nombrePunto: \"P2\" ,valor: \"0.01\" ","timestamp":"2023-11-08 11:39:37"}
{"level":"info","message":"Aire report migrated, idPlant: 31764 ,dateStartReport: \"2019-07-01\",\n          dateEndReport: \"2019-07-02\" ,nombrePunto: \"P3\" ,valor: \"0.06\" ","timestamp":"2023-11-08 11:39:37"}
{"level":"info","message":"Aire report migrated, idPlant: 31764 ,dateStartReport: \"2019-07-01\",\n          dateEndReport: \"2019-07-02\" ,nombrePunto: \"P3\" ,valor: \"0.04\" ","timestamp":"2023-11-08 11:39:37"}
{"level":"info","message":"Aire report migrated, idPlant: 31764 ,dateStartReport: \"2019-07-01\",\n          dateEndReport: \"2019-07-02\" ,nombrePunto: \"P3\" ,valor: \"0.01\" ","timestamp":"2023-11-08 11:39:37"}
{"level":"info","message":"Aire report migrated, idPlant: 31764 ,dateStartReport: \"2019-08-13\",\n          dateEndReport: \"2019-08-14\" ,nombrePunto: \"P3\" ,valor: \"0.03\" ","timestamp":"2023-11-08 11:39:37"}
{"level":"info","message":"Aire report migrated, idPlant: 31764 ,dateStartReport: \"2019-08-12\",\n          dateEndReport: \"2019-08-13\" ,nombrePunto: \"P1\" ,valor: \"0.03\" ","timestamp":"2023-11-08 11:39:37"}
{"level":"info","message":"Aire report migrated, idPlant: 31764 ,dateStartReport: \"2019-07-02\",\n          dateEndReport: \"2019-07-03\" ,nombrePunto: \"P2\" ,valor: \"0.06\" ","timestamp":"2023-11-08 11:39:37"}
{"level":"info","message":"Aire report migrated, idPlant: 31764 ,dateStartReport: \"2019-10-08\",\n          dateEndReport: \"2019-10-08\" ,nombrePunto: \"P2\" ,valor: \"0.035\" ","timestamp":"2023-11-08 11:39:37"}
{"level":"info","message":"Aire report migrated, idPlant: 31764 ,dateStartReport: \"2019-07-03\",\n          dateEndReport: \"2019-07-04\" ,nombrePunto: \"P1\" ,valor: \"2.1\" ","timestamp":"2023-11-08 11:39:37"}
{"level":"info","message":"Aire report migrated, idPlant: 31764 ,dateStartReport: \"2019-07-03\",\n          dateEndReport: \"2019-07-04\" ,nombrePunto: \"P1\" ,valor: \"0.01\" ","timestamp":"2023-11-08 11:39:37"}
{"level":"info","message":"Aire report migrated, idPlant: 31764 ,dateStartReport: \"2019-07-03\",\n          dateEndReport: \"2019-07-04\" ,nombrePunto: \"P1\" ,valor: \"0.06\" ","timestamp":"2023-11-08 11:39:37"}
{"level":"info","message":"Aire report migrated, idPlant: 31764 ,dateStartReport: \"2019-10-08\",\n          dateEndReport: \"2019-10-08\" ,nombrePunto: \"P2\" ,valor: \"0.03\" ","timestamp":"2023-11-08 11:39:37"}
{"level":"info","message":"Aire report migrated, idPlant: 31764 ,dateStartReport: \"2019-10-07\",\n          dateEndReport: \"2019-10-07\" ,nombrePunto: \"P1\" ,valor: \"0.045\" ","timestamp":"2023-11-08 11:39:37"}
{"level":"info","message":"Aire report migrated, idPlant: 31764 ,dateStartReport: \"2019-12-03\",\n          dateEndReport: \"2019-12-04\" ,nombrePunto: \"P2\" ,valor: \"0.054\" ","timestamp":"2023-11-08 11:39:37"}
{"level":"info","message":"Aire report migrated, idPlant: 31764 ,dateStartReport: \"2019-12-03\",\n          dateEndReport: \"2019-12-04\" ,nombrePunto: \"P2\" ,valor: \"0.03\" ","timestamp":"2023-11-08 11:39:37"}
{"level":"info","message":"Aire report migrated, idPlant: 31764 ,dateStartReport: \"2018-08-01\",\n          dateEndReport: \"2018-08-02\" ,nombrePunto: \"P3\" ,valor: \"0.03\" ","timestamp":"2023-11-08 11:39:37"}
{"level":"info","message":"Aire report migrated, idPlant: 31764 ,dateStartReport: \"2019-02-06\",\n          dateEndReport: \"2019-02-07\" ,nombrePunto: \"P1\" ,valor: \"0.273\" ","timestamp":"2023-11-08 11:39:37"}
{"level":"info","message":"Aire report migrated, idPlant: 31764 ,dateStartReport: \"2019-02-06\",\n          dateEndReport: \"2019-02-07\" ,nombrePunto: \"P1\" ,valor: \"0.318\" ","timestamp":"2023-11-08 11:39:37"}
{"level":"info","message":"Aire report migrated, idPlant: 31764 ,dateStartReport: \"2019-01-10\",\n          dateEndReport: \"2019-01-11\" ,nombrePunto: \"P2\" ,valor: \"0.01\" ","timestamp":"2023-11-08 11:39:37"}
{"level":"info","message":"Aire report migrated, idPlant: 31764 ,dateStartReport: \"2019-01-10\",\n          dateEndReport: \"2019-01-11\" ,nombrePunto: \"P2\" ,valor: \"0.002\" ","timestamp":"2023-11-08 11:39:37"}
{"level":"info","message":"Aire report migrated, idPlant: 31764 ,dateStartReport: \"2019-01-10\",\n          dateEndReport: \"2019-01-11\" ,nombrePunto: \"P2\" ,valor: \"0.06\" ","timestamp":"2023-11-08 11:39:37"}
{"level":"info","message":"Aire report migrated, idPlant: 31764 ,dateStartReport: \"2019-01-08\",\n          dateEndReport: \"2019-01-09\" ,nombrePunto: \"P1\" ,valor: \"0.06\" ","timestamp":"2023-11-08 11:39:37"}
{"level":"info","message":"Aire report migrated, idPlant: 31764 ,dateStartReport: \"2019-01-08\",\n          dateEndReport: \"2019-01-09\" ,nombrePunto: \"P1\" ,valor: \"0.002\" ","timestamp":"2023-11-08 11:39:37"}
{"level":"info","message":"Aire report migrated, idPlant: 31764 ,dateStartReport: \"2019-01-08\",\n          dateEndReport: \"2019-01-09\" ,nombrePunto: \"P1\" ,valor: \"0.01\" ","timestamp":"2023-11-08 11:39:37"}
{"level":"info","message":"Aire report migrated, idPlant: 31764 ,dateStartReport: \"2019-01-08\",\n          dateEndReport: \"2019-01-09\" ,nombrePunto: \"P1\" ,valor: \"1.08\" ","timestamp":"2023-11-08 11:39:37"}
{"level":"info","message":"Aire report migrated, idPlant: 31764 ,dateStartReport: \"2019-06-10\",\n          dateEndReport: \"2019-06-11\" ,nombrePunto: \"P1\" ,valor: \"0.04\" ","timestamp":"2023-11-08 11:39:38"}
{"level":"info","message":"Aire report migrated, idPlant: 31764 ,dateStartReport: \"2019-06-10\",\n          dateEndReport: \"2019-06-11\" ,nombrePunto: \"P1\" ,valor: \"0.042\" ","timestamp":"2023-11-08 11:39:38"}
{"level":"info","message":"Aire report migrated, idPlant: 31764 ,dateStartReport: \"2019-04-01\",\n          dateEndReport: \"2019-04-02\" ,nombrePunto: \"P1\" ,valor: \"0.03\" ","timestamp":"2023-11-08 11:39:38"}
{"level":"info","message":"Aire report migrated, idPlant: 31764 ,dateStartReport: \"2019-06-10\",\n          dateEndReport: \"2019-06-11\" ,nombrePunto: \"P2\" ,valor: \"0.03\" ","timestamp":"2023-11-08 11:39:38"}
{"level":"info","message":"Aire report migrated, idPlant: 31764 ,dateStartReport: \"2019-04-04\",\n          dateEndReport: \"2019-04-05\" ,nombrePunto: \"P2\" ,valor: \"0.082\" ","timestamp":"2023-11-08 11:39:38"}
{"level":"info","message":"Aire report migrated, idPlant: 31764 ,dateStartReport: \"2019-02-04\",\n          dateEndReport: \"2019-02-05\" ,nombrePunto: \"P2\" ,valor: \"0.03\" ","timestamp":"2023-11-08 11:39:38"}
{"level":"info","message":"Aire report migrated, idPlant: 31764 ,dateStartReport: \"2019-01-10\",\n          dateEndReport: \"2019-01-11\" ,nombrePunto: \"P2\" ,valor: \"1.4\" ","timestamp":"2023-11-08 11:39:38"}
{"level":"info","message":"Aire report migrated, idPlant: 31764 ,dateStartReport: \"2019-04-01\",\n          dateEndReport: \"2019-04-02\" ,nombrePunto: \"P2\" ,valor: \"0.071\" ","timestamp":"2023-11-08 11:39:38"}
{"level":"info","message":"Aire report migrated, idPlant: 31764 ,dateStartReport: \"2019-01-09\",\n          dateEndReport: \"2019-01-10\" ,nombrePunto: \"P3\" ,valor: \"0.01\" ","timestamp":"2023-11-08 11:39:38"}
{"level":"info","message":"Aire report migrated, idPlant: 31764 ,dateStartReport: \"2019-01-09\",\n          dateEndReport: \"2019-01-10\" ,nombrePunto: \"P3\" ,valor: \"0.002\" ","timestamp":"2023-11-08 11:39:38"}
{"level":"info","message":"Aire report migrated, idPlant: 31764 ,dateStartReport: \"2019-01-09\",\n          dateEndReport: \"2019-01-10\" ,nombrePunto: \"P3\" ,valor: \"0.06\" ","timestamp":"2023-11-08 11:39:38"}
{"level":"info","message":"Aire report migrated, idPlant: 31764 ,dateStartReport: \"2019-01-09\",\n          dateEndReport: \"2019-01-10\" ,nombrePunto: \"P3\" ,valor: \"1.05\" ","timestamp":"2023-11-08 11:39:38"}
{"level":"info","message":"Aire report migrated, idPlant: 31764 ,dateStartReport: \"2019-06-11\",\n          dateEndReport: \"2019-06-12\" ,nombrePunto: \"P3\" ,valor: \"0.03\" ","timestamp":"2023-11-08 11:39:38"}
{"level":"info","message":"Aire report migrated, idPlant: 31764 ,dateStartReport: \"2019-04-02\",\n          dateEndReport: \"2019-04-03\" ,nombrePunto: \"P3\" ,valor: \"0.03\" ","timestamp":"2023-11-08 11:39:38"}
{"level":"info","message":"Aire report migrated, idPlant: 31764 ,dateStartReport: \"2019-02-05\",\n          dateEndReport: \"2019-02-06\" ,nombrePunto: \"P3\" ,valor: \"0.03\" ","timestamp":"2023-11-08 11:39:38"}
{"level":"info","message":"Aire report migrated, idPlant: 31764 ,dateStartReport: \"2018-12-04\",\n          dateEndReport: \"2018-12-05\" ,nombrePunto: \"P2\" ,valor: \"0.068\" ","timestamp":"2023-11-08 11:39:38"}
{"level":"info","message":"Aire report migrated, idPlant: 31764 ,dateStartReport: \"2018-12-04\",\n          dateEndReport: \"2018-12-05\" ,nombrePunto: \"P2\" ,valor: \"0.03\" ","timestamp":"2023-11-08 11:39:38"}
{"level":"info","message":"Aire report migrated, idPlant: 31764 ,dateStartReport: \"2018-09-04\",\n          dateEndReport: \"2018-09-05\" ,nombrePunto: \"P2\" ,valor: \"0.03\" ","timestamp":"2023-11-08 11:39:38"}
{"level":"info","message":"Aire report migrated, idPlant: 31764 ,dateStartReport: \"2018-08-02\",\n          dateEndReport: \"2018-08-03\" ,nombrePunto: \"P2\" ,valor: \"0.035\" ","timestamp":"2023-11-08 11:39:38"}
{"level":"info","message":"Aire report migrated, idPlant: 31764 ,dateStartReport: \"2018-08-02\",\n          dateEndReport: \"2018-08-03\" ,nombrePunto: \"P2\" ,valor: \"0.03\" ","timestamp":"2023-11-08 11:39:38"}
{"level":"info","message":"Aire report migrated, idPlant: 31764 ,dateStartReport: \"2018-07-12\",\n          dateEndReport: \"2018-07-13\" ,nombrePunto: \"P2\" ,valor: \"0.01\" ","timestamp":"2023-11-08 11:39:38"}
{"level":"info","message":"Aire report migrated, idPlant: 31764 ,dateStartReport: \"2018-07-12\",\n          dateEndReport: \"2018-07-13\" ,nombrePunto: \"P2\" ,valor: \"0.002\" ","timestamp":"2023-11-08 11:39:38"}
{"level":"info","message":"Aire report migrated, idPlant: 31764 ,dateStartReport: \"2018-07-12\",\n          dateEndReport: \"2018-07-13\" ,nombrePunto: \"P2\" ,valor: \"0.06\" ","timestamp":"2023-11-08 11:39:38"}
{"level":"info","message":"Aire report migrated, idPlant: 31764 ,dateStartReport: \"2018-07-12\",\n          dateEndReport: \"2018-07-13\" ,nombrePunto: \"P2\" ,valor: \"2\" ","timestamp":"2023-11-08 11:39:38"}
{"level":"info","message":"Aire report migrated, idPlant: 31764 ,dateStartReport: \"2018-07-13\",\n          dateEndReport: \"2018-07-14\" ,nombrePunto: \"P1\" ,valor: \"0.06\" ","timestamp":"2023-11-08 11:39:38"}
{"level":"info","message":"Aire report migrated, idPlant: 31764 ,dateStartReport: \"2018-07-13\",\n          dateEndReport: \"2018-07-14\" ,nombrePunto: \"P1\" ,valor: \"0.002\" ","timestamp":"2023-11-08 11:39:38"}
{"level":"info","message":"Aire report migrated, idPlant: 31764 ,dateStartReport: \"2018-07-13\",\n          dateEndReport: \"2018-07-14\" ,nombrePunto: \"P1\" ,valor: \"0.01\" ","timestamp":"2023-11-08 11:39:39"}
{"level":"info","message":"Aire report migrated, idPlant: 31764 ,dateStartReport: \"2018-07-13\",\n          dateEndReport: \"2018-07-14\" ,nombrePunto: \"P1\" ,valor: \"5.3\" ","timestamp":"2023-11-08 11:39:39"}
{"level":"info","message":"Aire report migrated, idPlant: 31764 ,dateStartReport: \"2018-12-04\",\n          dateEndReport: \"2018-12-05\" ,nombrePunto: \"P1\" ,valor: \"0.03\" ","timestamp":"2023-11-08 11:39:39"}
{"level":"info","message":"Aire report migrated, idPlant: 31764 ,dateStartReport: \"2018-12-04\",\n          dateEndReport: \"2018-12-05\" ,nombrePunto: \"P1\" ,valor: \"0.081\" ","timestamp":"2023-11-08 11:39:39"}
{"level":"info","message":"Aire report migrated, idPlant: 31764 ,dateStartReport: \"2018-09-05\",\n          dateEndReport: \"2018-09-06\" ,nombrePunto: \"P1\" ,valor: \"0.03\" ","timestamp":"2023-11-08 11:39:39"}
{"level":"info","message":"Aire report migrated, idPlant: 31764 ,dateStartReport: \"2018-08-03\",\n          dateEndReport: \"2018-08-04\" ,nombrePunto: \"P1\" ,valor: \"0.03\" ","timestamp":"2023-11-08 11:39:39"}
{"level":"info","message":"Aire report migrated, idPlant: 31764 ,dateStartReport: \"2018-08-03\",\n          dateEndReport: \"2018-08-04\" ,nombrePunto: \"P1\" ,valor: \"0.04\" ","timestamp":"2023-11-08 11:39:39"}
{"level":"info","message":"Aire report migrated, idPlant: 31764 ,dateStartReport: \"2018-07-11\",\n          dateEndReport: \"2018-07-12\" ,nombrePunto: \"P3\" ,valor: \"0.01\" ","timestamp":"2023-11-08 11:39:39"}
{"level":"info","message":"Aire report migrated, idPlant: 31764 ,dateStartReport: \"2018-07-11\",\n          dateEndReport: \"2018-07-12\" ,nombrePunto: \"P3\" ,valor: \"0.002\" ","timestamp":"2023-11-08 11:39:39"}
{"level":"info","message":"Aire report migrated, idPlant: 31764 ,dateStartReport: \"2018-07-11\",\n          dateEndReport: \"2018-07-12\" ,nombrePunto: \"P3\" ,valor: \"0.06\" ","timestamp":"2023-11-08 11:39:39"}
{"level":"info","message":"Aire report migrated, idPlant: 31764 ,dateStartReport: \"2018-07-11\",\n          dateEndReport: \"2018-07-12\" ,nombrePunto: \"P3\" ,valor: \"2.5\" ","timestamp":"2023-11-08 11:39:39"}
{"level":"info","message":"Aire report migrated, idPlant: 31764 ,dateStartReport: \"2018-12-03\",\n          dateEndReport: \"2018-12-04\" ,nombrePunto: \"P3\" ,valor: \"0.03\" ","timestamp":"2023-11-08 11:39:39"}
{"level":"info","message":"Aire report migrated, idPlant: 31764 ,dateStartReport: \"2018-09-05\",\n          dateEndReport: \"2018-09-06\" ,nombrePunto: \"P3\" ,valor: \"0.097\" ","timestamp":"2023-11-08 11:39:39"}
{"level":"info","message":"Aire report migrated, idPlant: 31764 ,dateStartReport: \"2018-09-05\",\n          dateEndReport: \"2018-09-06\" ,nombrePunto: \"P3\" ,valor: \"0.03\" ","timestamp":"2023-11-08 11:39:39"}
{"level":"info","message":"Aire report migrated, idPlant: 31764 ,dateStartReport: \"2018-01-25\",\n          dateEndReport: \"2018-01-26\" ,nombrePunto: \"P1\" ,valor: \"0.3\" ","timestamp":"2023-11-08 11:39:40"}
{"level":"info","message":"Aire report migrated, idPlant: 31764 ,dateStartReport: \"2018-06-04\",\n          dateEndReport: \"2018-06-05\" ,nombrePunto: \"P3\" ,valor: \"0.04\" ","timestamp":"2023-11-08 11:39:40"}
{"level":"info","message":"Aire report migrated, idPlant: 31764 ,dateStartReport: \"2018-06-04\",\n          dateEndReport: \"2018-06-05\" ,nombrePunto: \"P3\" ,valor: \"0.038\" ","timestamp":"2023-11-08 11:39:40"}
{"level":"info","message":"Aire report migrated, idPlant: 31764 ,dateStartReport: \"2018-04-04\",\n          dateEndReport: \"2018-04-05\" ,nombrePunto: \"P3\" ,valor: \"0.03\" ","timestamp":"2023-11-08 11:39:40"}
{"level":"info","message":"Aire report migrated, idPlant: 31764 ,dateStartReport: \"2018-02-06\",\n          dateEndReport: \"2018-02-07\" ,nombrePunto: \"P3\" ,valor: \"0.108\" ","timestamp":"2023-11-08 11:39:40"}
{"level":"info","message":"Aire report migrated, idPlant: 31764 ,dateStartReport: \"2018-04-04\",\n          dateEndReport: \"2018-04-05\" ,nombrePunto: \"P3\" ,valor: \"0.043\" ","timestamp":"2023-11-08 11:39:40"}
{"level":"info","message":"Aire report migrated, idPlant: 31764 ,dateStartReport: \"2018-02-06\",\n          dateEndReport: \"2018-02-07\" ,nombrePunto: \"P3\" ,valor: \"0.112\" ","timestamp":"2023-11-08 11:39:40"}
{"level":"info","message":"Aire report migrated, idPlant: 31764 ,dateStartReport: \"2018-01-24\",\n          dateEndReport: \"2018-01-25\" ,nombrePunto: \"P3\" ,valor: \"0.01\" ","timestamp":"2023-11-08 11:39:40"}
{"level":"info","message":"Aire report migrated, idPlant: 31764 ,dateStartReport: \"2018-01-24\",\n          dateEndReport: \"2018-01-25\" ,nombrePunto: \"P3\" ,valor: \"0.06\" ","timestamp":"2023-11-08 11:39:40"}
{"level":"info","message":"Aire report migrated, idPlant: 31764 ,dateStartReport: \"2018-01-24\",\n          dateEndReport: \"2018-01-25\" ,nombrePunto: \"P3\" ,valor: \"0.25\" ","timestamp":"2023-11-08 11:39:40"}
{"level":"info","message":"Aire report migrated, idPlant: 31764 ,dateStartReport: \"2018-01-25\",\n          dateEndReport: \"2018-01-26\" ,nombrePunto: \"P1\" ,valor: \"0.06\" ","timestamp":"2023-11-08 11:39:40"}
{"level":"info","message":"Aire report migrated, idPlant: 31764 ,dateStartReport: \"2018-01-25\",\n          dateEndReport: \"2018-01-26\" ,nombrePunto: \"P1\" ,valor: \"0.048\" ","timestamp":"2023-11-08 11:39:40"}
{"level":"info","message":"Aire report migrated, idPlant: 31764 ,dateStartReport: \"2018-01-25\",\n          dateEndReport: \"2018-01-26\" ,nombrePunto: \"P1\" ,valor: \"0.01\" ","timestamp":"2023-11-08 11:39:40"}
{"level":"info","message":"Aire report migrated, idPlant: 31764 ,dateStartReport: \"2018-06-06\",\n          dateEndReport: \"2018-06-07\" ,nombrePunto: \"P1\" ,valor: \"0.03\" ","timestamp":"2023-11-08 11:39:40"}
{"level":"info","message":"Aire report migrated, idPlant: 31764 ,dateStartReport: \"2018-06-06\",\n          dateEndReport: \"2018-06-07\" ,nombrePunto: \"P1\" ,valor: \"0.08\" ","timestamp":"2023-11-08 11:39:40"}
{"level":"info","message":"Aire report migrated, idPlant: 31764 ,dateStartReport: \"2018-04-05\",\n          dateEndReport: \"2018-04-06\" ,nombrePunto: \"P1\" ,valor: \"0.03\" ","timestamp":"2023-11-08 11:39:40"}
{"level":"info","message":"Aire report migrated, idPlant: 31764 ,dateStartReport: \"2018-02-05\",\n          dateEndReport: \"2018-02-06\" ,nombrePunto: \"P1\" ,valor: \"0.083\" ","timestamp":"2023-11-08 11:39:40"}
{"level":"info","message":"Aire report migrated, idPlant: 31764 ,dateStartReport: \"2018-02-05\",\n          dateEndReport: \"2018-02-06\" ,nombrePunto: \"P1\" ,valor: \"0.2\" ","timestamp":"2023-11-08 11:39:40"}
{"level":"info","message":"Aire report migrated, idPlant: 31764 ,dateStartReport: \"2018-06-05\",\n          dateEndReport: \"2018-06-06\" ,nombrePunto: \"P2\" ,valor: \"0.257\" ","timestamp":"2023-11-08 11:39:40"}
{"level":"info","message":"Aire report migrated, idPlant: 31764 ,dateStartReport: \"2018-06-05\",\n          dateEndReport: \"2018-06-06\" ,nombrePunto: \"P2\" ,valor: \"0.074\" ","timestamp":"2023-11-08 11:39:40"}
{"level":"info","message":"Aire report migrated, idPlant: 31764 ,dateStartReport: \"2018-04-05\",\n          dateEndReport: \"2018-04-06\" ,nombrePunto: \"P2\" ,valor: \"0.096\" ","timestamp":"2023-11-08 11:39:40"}
{"level":"info","message":"Aire report migrated, idPlant: 31764 ,dateStartReport: \"2018-02-07\",\n          dateEndReport: \"2018-02-08\" ,nombrePunto: \"P2\" ,valor: \"0.217\" ","timestamp":"2023-11-08 11:39:40"}
{"level":"info","message":"Aire report migrated, idPlant: 31764 ,dateStartReport: \"2018-04-05\",\n          dateEndReport: \"2018-04-06\" ,nombrePunto: \"P2\" ,valor: \"0.042\" ","timestamp":"2023-11-08 11:39:40"}
{"level":"info","message":"Aire report migrated, idPlant: 31764 ,dateStartReport: \"2018-02-07\",\n          dateEndReport: \"2018-02-08\" ,nombrePunto: \"P2\" ,valor: \"0.107\" ","timestamp":"2023-11-08 11:39:40"}
{"level":"info","message":"Aire report migrated, idPlant: 31764 ,dateStartReport: \"2018-01-23\",\n          dateEndReport: \"2018-01-24\" ,nombrePunto: \"P2\" ,valor: \"0.01\" ","timestamp":"2023-11-08 11:39:40"}
{"level":"info","message":"Aire report migrated, idPlant: 31764 ,dateStartReport: \"2018-01-23\",\n          dateEndReport: \"2018-01-24\" ,nombrePunto: \"P2\" ,valor: \"0.095\" ","timestamp":"2023-11-08 11:39:40"}
{"level":"info","message":"Aire report migrated, idPlant: 31764 ,dateStartReport: \"2018-01-23\",\n          dateEndReport: \"2018-01-24\" ,nombrePunto: \"P2\" ,valor: \"0.06\" ","timestamp":"2023-11-08 11:39:40"}
{"level":"info","message":"Aire report migrated, idPlant: 31764 ,dateStartReport: \"2018-01-23\",\n          dateEndReport: \"2018-01-24\" ,nombrePunto: \"P2\" ,valor: \"0.485\" ","timestamp":"2023-11-08 11:39:41"}
{"level":"info","message":"Aire report migrated, idPlant: 31764 ,dateStartReport: \"2017-07-20\",\n          dateEndReport: \"2017-07-21\" ,nombrePunto: \"P2\" ,valor: \"0.038\" ","timestamp":"2023-11-08 11:39:41"}
{"level":"info","message":"Aire report migrated, idPlant: 31764 ,dateStartReport: \"2017-07-19\",\n          dateEndReport: \"2017-07-20\" ,nombrePunto: \"P1\" ,valor: \"0.06\" ","timestamp":"2023-11-08 11:39:41"}
{"level":"info","message":"Aire report migrated, idPlant: 31764 ,dateStartReport: \"2017-07-19\",\n          dateEndReport: \"2017-07-20\" ,nombrePunto: \"P1\" ,valor: \"0.0075\" ","timestamp":"2023-11-08 11:39:41"}
{"level":"info","message":"Aire report migrated, idPlant: 31764 ,dateStartReport: \"2017-07-19\",\n          dateEndReport: \"2017-07-20\" ,nombrePunto: \"P1\" ,valor: \"0.01\" ","timestamp":"2023-11-08 11:39:41"}
{"level":"info","message":"Aire report migrated, idPlant: 31764 ,dateStartReport: \"2017-07-19\",\n          dateEndReport: \"2017-07-20\" ,nombrePunto: \"P1\" ,valor: \"5\" ","timestamp":"2023-11-08 11:39:41"}
{"level":"info","message":"Aire report migrated, idPlant: 31764 ,dateStartReport: \"2017-11-15\",\n          dateEndReport: \"2017-11-16\" ,nombrePunto: \"P3\" ,valor: \"0.03\" ","timestamp":"2023-11-08 11:39:41"}
{"level":"info","message":"Aire report migrated, idPlant: 31764 ,dateStartReport: \"2017-09-14\",\n          dateEndReport: \"2017-09-15\" ,nombrePunto: \"P3\" ,valor: \"0.03\" ","timestamp":"2023-11-08 11:39:41"}
{"level":"info","message":"Aire report migrated, idPlant: 31764 ,dateStartReport: \"2017-07-21\",\n          dateEndReport: \"2017-07-22\" ,nombrePunto: \"P3\" ,valor: \"0.05\" ","timestamp":"2023-11-08 11:39:41"}
{"level":"info","message":"Aire report migrated, idPlant: 31764 ,dateStartReport: \"2017-07-21\",\n          dateEndReport: \"2017-07-22\" ,nombrePunto: \"P3\" ,valor: \"0.093\" ","timestamp":"2023-11-08 11:39:41"}
{"level":"info","message":"Aire report migrated, idPlant: 31764 ,dateStartReport: \"2017-07-20\",\n          dateEndReport: \"2017-07-21\" ,nombrePunto: \"P2\" ,valor: \"0.042\" ","timestamp":"2023-11-08 11:39:41"}
{"level":"info","message":"Aire report migrated, idPlant: 31764 ,dateStartReport: \"2017-11-15\",\n          dateEndReport: \"2017-11-16\" ,nombrePunto: \"P2\" ,valor: \"0.03\" ","timestamp":"2023-11-08 11:39:41"}
{"level":"info","message":"Aire report migrated, idPlant: 31764 ,dateStartReport: \"2017-07-20\",\n          dateEndReport: \"2017-07-21\" ,nombrePunto: \"P2\" ,valor: \"0.06\" ","timestamp":"2023-11-08 11:39:41"}
{"level":"info","message":"Aire report migrated, idPlant: 31764 ,dateStartReport: \"2017-09-14\",\n          dateEndReport: \"2017-09-15\" ,nombrePunto: \"P2\" ,valor: \"0.03\" ","timestamp":"2023-11-08 11:39:41"}
{"level":"info","message":"Aire report migrated, idPlant: 31764 ,dateStartReport: \"2017-07-20\",\n          dateEndReport: \"2017-07-21\" ,nombrePunto: \"P2\" ,valor: \"3\" ","timestamp":"2023-11-08 11:39:41"}
{"level":"info","message":"Aire report migrated, idPlant: 31764 ,dateStartReport: \"2017-09-13\",\n          dateEndReport: \"2017-09-14\" ,nombrePunto: \"P1\" ,valor: \"0.03\" ","timestamp":"2023-11-08 11:39:41"}
{"level":"info","message":"Aire report migrated, idPlant: 31764 ,dateStartReport: \"2017-11-16\",\n          dateEndReport: \"2017-11-17\" ,nombrePunto: \"P1\" ,valor: \"0.03\" ","timestamp":"2023-11-08 11:39:41"}
{"level":"info","message":"Aire report migrated, idPlant: 31764 ,dateStartReport: \"2017-07-19\",\n          dateEndReport: \"2017-07-20\" ,nombrePunto: \"P1\" ,valor: \"0.039\" ","timestamp":"2023-11-08 11:39:41"}
{"level":"info","message":"Aire report migrated, idPlant: 31764 ,dateStartReport: \"2017-07-19\",\n          dateEndReport: \"2017-07-20\" ,nombrePunto: \"P1\" ,valor: \"0.057\" ","timestamp":"2023-11-08 11:39:41"}
{"level":"info","message":"Aire report migrated, idPlant: 31764 ,dateStartReport: \"2017-07-21\",\n          dateEndReport: \"2017-07-22\" ,nombrePunto: \"P3\" ,valor: \"0.023\" ","timestamp":"2023-11-08 11:39:41"}
{"level":"info","message":"Aire report migrated, idPlant: 31764 ,dateStartReport: \"2017-07-21\",\n          dateEndReport: \"2017-07-22\" ,nombrePunto: \"P3\" ,valor: \"0.017\" ","timestamp":"2023-11-08 11:39:41"}
{"level":"info","message":"Aire report migrated, idPlant: 31764 ,dateStartReport: \"2017-07-21\",\n          dateEndReport: \"2017-07-22\" ,nombrePunto: \"P3\" ,valor: \"0.06\" ","timestamp":"2023-11-08 11:39:41"}
{"level":"info","message":"Aire report migrated, idPlant: 31764 ,dateStartReport: \"2017-07-21\",\n          dateEndReport: \"2017-07-22\" ,nombrePunto: \"P3\" ,valor: \"2.6\" ","timestamp":"2023-11-08 11:39:41"}
{"level":"info","message":"Aire report migrated, idPlant: 31764 ,dateStartReport: \"2017-07-20\",\n          dateEndReport: \"2017-07-21\" ,nombrePunto: \"P2\" ,valor: \"0.01\" ","timestamp":"2023-11-08 11:39:41"}
{"level":"info","message":"Aire report migrated, idPlant: 31152 ,dateStartReport: \"2023-01-01\",\n          dateEndReport: \"2023-06-30\" ,nombrePunto: \"2-Estacin 1 Km\" ,valor: 0 ","timestamp":"2023-11-08 11:43:58"}
{"level":"info","message":"Aire report migrated, idPlant: 31152 ,dateStartReport: \"2020-07-01\",\n          dateEndReport: \"2020-12-31\" ,nombrePunto: \"-1\" ,valor: 0 ","timestamp":"2023-11-08 11:43:58"}
{"level":"info","message":"Aire report migrated, idPlant: 31152 ,dateStartReport: \"2023-01-01\",\n          dateEndReport: \"2023-06-30\" ,nombrePunto: \"1-Predio escuela Col\" ,valor: 0 ","timestamp":"2023-11-08 11:43:58"}
{"level":"info","message":"Aire report migrated, idPlant: 31152 ,dateStartReport: \"2022-07-01\",\n          dateEndReport: \"2022-12-31\" ,nombrePunto: \"Predio escuela Colon\" ,valor: 0 ","timestamp":"2023-11-08 11:43:58"}
{"level":"info","message":"Aire report migrated, idPlant: 31152 ,dateStartReport: \"2022-07-01\",\n          dateEndReport: \"2022-12-31\" ,nombrePunto: \"Estacin 1 Km\" ,valor: 0 ","timestamp":"2023-11-08 11:43:58"}
{"level":"info","message":"Aire report migrated, idPlant: 31152 ,dateStartReport: \"2020-07-01\",\n          dateEndReport: \"2020-07-01\" ,nombrePunto: \"Predio escuela Colon\" ,valor: \"-1\" ","timestamp":"2023-11-08 11:43:58"}
{"level":"info","message":"Aire report migrated, idPlant: 31152 ,dateStartReport: \"2020-07-01\",\n          dateEndReport: \"2020-07-01\" ,nombrePunto: \"Estacin 1 Km\" ,valor: \"-1\" ","timestamp":"2023-11-08 11:43:58"}
{"level":"info","message":"Aire report migrated, idPlant: 31152 ,dateStartReport: \"2020-01-01\",\n          dateEndReport: \"2020-01-01\" ,nombrePunto: \"-1\" ,valor: \"-1\" ","timestamp":"2023-11-08 11:43:58"}
{"level":"info","message":"Aire report migrated, idPlant: 31152 ,dateStartReport: \"2020-01-01\",\n          dateEndReport: \"2020-01-01\" ,nombrePunto: \"Predio escuela Colon\" ,valor: \"-1\" ","timestamp":"2023-11-08 11:43:58"}
{"level":"info","message":"Aire report migrated, idPlant: 31152 ,dateStartReport: \"2020-01-01\",\n          dateEndReport: \"2020-01-01\" ,nombrePunto: \"Estacin 1 Km\" ,valor: \"-1\" ","timestamp":"2023-11-08 11:43:58"}
{"level":"info","message":"Aire report migrated, idPlant: 31152 ,dateStartReport: \"2019-07-01\",\n          dateEndReport: \"2019-12-31\" ,nombrePunto: \"Estacin 1 Km\" ,valor: \"-1\" ","timestamp":"2023-11-08 11:43:58"}
{"level":"info","message":"Aire report migrated, idPlant: 31152 ,dateStartReport: \"2019-07-01\",\n          dateEndReport: \"2019-12-31\" ,nombrePunto: \"Predio escuela Colon\" ,valor: \"-1\" ","timestamp":"2023-11-08 11:43:58"}
{"level":"info","message":"Aire report migrated, idPlant: 31152 ,dateStartReport: \"2019-07-01\",\n          dateEndReport: \"2019-12-31\" ,nombrePunto: \"-1\" ,valor: 0 ","timestamp":"2023-11-08 11:43:58"}
{"level":"info","message":"Finish task migration aire report, totalAireReports: 6333 and totalMigrated: 318 ","timestamp":"2023-11-08 11:44:18"}
{"level":"info","message":"Start migration aire report, every day at 6:05 am","timestamp":"2023-11-08 11:47:50"}
{"level":"info","message":"Finish task migration aire report, totalAireReports: 6333 and totalMigrated: 0 ","timestamp":"2023-11-08 11:50:30"}
{"level":"info","message":"Start task migration for company and plants, every day at 6:05 am","timestamp":"2023-11-08 11:58:00"}
{"level":"info","message":"GET adapter/companys totalCompanys:1706","timestamp":"2023-11-08 11:58:01"}
{"level":"info","message":"GET adapter/plants totalPlants:1278","timestamp":"2023-11-08 11:58:08"}
{"level":"info","message":"Plant migrated, idCompany: 26101 ,nroEnlace: \"2019028\"","timestamp":"2023-11-08 11:58:17"}
{"level":"info","message":"Finish task migration companys from web service, totalCompanys: 1706 and totalMigrated: 0 ","timestamp":"2023-11-08 11:58:17"}
{"level":"info","message":"Finish task migration plants from web service, totalPlants: 1278 and totalMigrated: 1","timestamp":"2023-11-08 11:58:17"}
{"level":"info","message":"Migration daily for company and plants completed","timestamp":"2023-11-08 11:58:17"}
{"level":"info","message":"Start migration aire report, every day at 6:10 am","timestamp":"2023-11-08 11:59:00"}
{"level":"info","message":"Finish task migration aire report, totalAireReports: 6333 and totalMigrated: 0 ","timestamp":"2023-11-08 12:01:43"}
